[2021-04-20 09:26:42,913] - Logger.py[line:45] - fuc:__console- INFO: 开始执行用例test_weightwo_search
[2021-04-20 09:26:46,042] - Logger.py[line:45] - fuc:__console- INFO: 开始执行用例test_weightwo_net
[2021-04-20 09:27:30,541] - Logger.py[line:45] - fuc:__console- INFO: 开始执行用例test_weightwo_net
[2021-04-20 09:28:13,906] - Logger.py[line:45] - fuc:__console- INFO: 开始执行用例test_weightwo_net
[2021-04-20 09:29:22,635] - Logger.py[line:45] - fuc:__console- INFO: 开始执行用例test_weightwo_manual
[2021-04-20 09:29:56,917] - Logger.py[line:45] - fuc:__console- INFO: 开始执行用例test_weightwo_manual
[2021-04-20 09:30:31,447] - Logger.py[line:45] - fuc:__console- INFO: 开始执行用例test_weightwo_manual
[2021-04-20 09:31:05,743] - Logger.py[line:45] - fuc:__console- INFO: 开始执行用例test_weightwo_count
[2021-04-20 09:31:43,506] - Logger.py[line:45] - fuc:__console- INFO: 开始执行用例test_weightwo_lot_detail
[2021-04-20 09:32:00,331] - Logger.py[line:45] - fuc:__console- INFO: 开始执行用例test_weightwo_cancel_weight
[2021-04-20 09:32:13,022] - Logger.py[line:45] - fuc:__console- INFO: 开始执行用例test_weightwo_cancel_weight
[2021-04-20 09:32:31,404] - Logger.py[line:45] - fuc:__console- INFO: 开始执行用例test_weightwo_containerid_adnormal_001
[2021-04-20 09:32:32,827] - Logger.py[line:45] - fuc:__console- INFO: 开始执行用例test_weightwo_containerid_adnormal_002
[2021-04-20 09:36:22,384] - Logger.py[line:45] - fuc:__console- INFO: 开始执行用例test_weightwo_search
[2021-04-20 09:36:26,144] - Logger.py[line:45] - fuc:__console- INFO: 开始执行用例test_weightwo_net
[2021-04-20 09:37:11,708] - Logger.py[line:45] - fuc:__console- INFO: 开始执行用例test_weightwo_net
[2021-04-20 09:37:53,830] - Logger.py[line:45] - fuc:__console- INFO: 开始执行用例test_weightwo_net
[2021-04-20 09:38:36,454] - Logger.py[line:45] - fuc:__console- INFO: 开始执行用例test_weightwo_count
[2021-04-20 09:39:15,434] - Logger.py[line:45] - fuc:__console- INFO: 开始执行用例test_weightwo_lot_detail
[2021-04-20 09:39:32,395] - Logger.py[line:45] - fuc:__console- INFO: 开始执行用例test_weightwo_containerid_adnormal_001
[2021-04-20 09:39:33,812] - Logger.py[line:45] - fuc:__console- INFO: 开始执行用例test_weightwo_containerid_adnormal_002
[2021-04-20 09:49:45,798] - Logger.py[line:45] - fuc:__console- INFO: 开始执行用例test_weightwo_search
[2021-04-20 09:49:49,543] - Logger.py[line:45] - fuc:__console- INFO: 开始执行用例test_weightwo_net_001
[2021-04-20 09:50:24,733] - Logger.py[line:45] - fuc:__console- INFO: 开始执行用例test_weightwo_net_001
[2021-04-20 09:51:04,740] - Logger.py[line:45] - fuc:__console- INFO: 开始执行用例test_weightwo_net_002
[2021-04-20 09:52:01,431] - Logger.py[line:45] - fuc:__console- INFO: 开始执行用例test_weightwo_lot_detail
[2021-04-20 09:52:16,026] - Logger.py[line:45] - fuc:__console- INFO: 开始执行用例test_weightwo_containerid_adnormal_001
[2021-04-20 09:52:18,668] - Logger.py[line:45] - fuc:__console- INFO: 开始执行用例test_weightwo_containerid_adnormal_002
[2021-04-20 09:54:58,649] - Logger.py[line:45] - fuc:__console- INFO: 开始执行用例test_weightwo_search
[2021-04-20 09:55:02,412] - Logger.py[line:45] - fuc:__console- INFO: 开始执行用例test_weightwo_lot_detail
[2021-04-20 09:56:49,922] - Logger.py[line:45] - fuc:__console- INFO: 开始执行用例test_weightwo_search
[2021-04-20 09:56:53,571] - Logger.py[line:45] - fuc:__console- INFO: 开始执行用例test_weightwo_lot_detail
[2021-04-20 10:00:23,034] - Logger.py[line:45] - fuc:__console- INFO: 开始执行用例test_weightwo_search
[2021-04-20 10:00:26,739] - Logger.py[line:45] - fuc:__console- INFO: 开始执行用例test_weightwo_lot_detail
[2021-04-20 10:01:42,235] - Logger.py[line:45] - fuc:__console- INFO: 开始执行用例test_weightwo_search
[2021-04-20 10:01:45,900] - Logger.py[line:45] - fuc:__console- INFO: 开始执行用例test_weightwo_lot_detail
[2021-04-20 10:04:12,542] - Logger.py[line:45] - fuc:__console- INFO: 开始执行用例test_weightwo_search
[2021-04-20 10:04:16,253] - Logger.py[line:45] - fuc:__console- INFO: 开始执行用例test_weightwo_lot_detail
[2021-04-20 10:05:21,593] - Logger.py[line:45] - fuc:__console- INFO: 开始执行用例test_weightwo_search
[2021-04-20 10:05:25,395] - Logger.py[line:45] - fuc:__console- INFO: 开始执行用例test_weightwo_lot_detail
[2021-04-20 10:12:58,288] - Logger.py[line:45] - fuc:__console- INFO: 开始执行用例test_weightwo_search
[2021-04-20 10:13:01,939] - Logger.py[line:45] - fuc:__console- INFO: 开始执行用例test_weightwo_lot_detail
[2021-04-20 10:13:50,758] - Logger.py[line:45] - fuc:__console- INFO: 开始执行用例test_weightwo_search
[2021-04-20 10:13:54,479] - Logger.py[line:45] - fuc:__console- INFO: 开始执行用例test_weightwo_containerid_adnormal_001
[2021-04-20 10:13:57,090] - Logger.py[line:45] - fuc:__console- INFO: 开始执行用例test_weightwo_containerid_adnormal_002
[2021-04-20 10:14:40,551] - Logger.py[line:45] - fuc:__console- INFO: 开始执行用例test_weightwo_search
[2021-04-20 10:14:44,273] - Logger.py[line:45] - fuc:__console- INFO: 开始执行用例test_weightwo_containerid_adnormal_001
[2021-04-20 10:14:48,000] - Logger.py[line:45] - fuc:__console- INFO: 开始执行用例test_weightwo_containerid_adnormal_002
[2021-04-20 10:16:52,467] - Logger.py[line:45] - fuc:__console- INFO: 开始执行用例test_weightwo_search
[2021-04-20 10:16:56,238] - Logger.py[line:45] - fuc:__console- INFO: 开始执行用例test_weightwo_net_001
[2021-04-20 10:17:37,520] - Logger.py[line:45] - fuc:__console- INFO: 开始执行用例test_weightwo_net_002
[2021-04-20 10:18:16,201] - Logger.py[line:45] - fuc:__console- INFO: 开始执行用例test_weightwo_net_003
[2021-04-20 10:18:56,069] - Logger.py[line:45] - fuc:__console- INFO: 开始执行用例test_weightwo_containerid_adnormal_001
[2021-04-20 10:18:58,668] - Logger.py[line:45] - fuc:__console- INFO: 开始执行用例test_weightwo_containerid_adnormal_002
[2021-04-20 10:48:06,499] - Logger.py[line:45] - fuc:__console- INFO: 开始执行用例test_weightwo_search
[2021-04-20 10:48:10,137] - Logger.py[line:45] - fuc:__console- INFO: 开始执行用例test_weightwo_net_001
[2021-04-20 10:48:54,802] - Logger.py[line:45] - fuc:__console- INFO: 开始执行用例test_weightwo_net_002
[2021-04-20 10:49:34,029] - Logger.py[line:45] - fuc:__console- INFO: 开始执行用例test_weightwo_net_003
[2021-04-20 10:50:45,750] - Logger.py[line:45] - fuc:__console- INFO: 开始执行用例test_weightwo_search
[2021-04-20 10:50:49,482] - Logger.py[line:45] - fuc:__console- INFO: 开始执行用例test_weightwo_net_001
[2021-04-20 10:51:31,999] - Logger.py[line:45] - fuc:__console- INFO: 开始执行用例test_weightwo_net_002
[2021-04-20 10:52:09,033] - Logger.py[line:45] - fuc:__console- INFO: 开始执行用例test_weightwo_net_003
[2021-04-20 10:53:07,707] - Logger.py[line:45] - fuc:__console- INFO: 开始执行用例test_weightwo_search
[2021-04-20 10:53:11,328] - Logger.py[line:45] - fuc:__console- INFO: 开始执行用例test_weightwo_net_001
[2021-04-20 10:53:45,845] - Logger.py[line:45] - fuc:__console- INFO: 开始执行用例test_weightwo_net_002
[2021-04-20 10:54:19,057] - Logger.py[line:45] - fuc:__console- INFO: 开始执行用例test_weightwo_net_003
[2021-04-20 11:01:17,274] - Logger.py[line:45] - fuc:__console- INFO: 开始执行用例test_weightwo_count
[2021-04-20 11:01:54,344] - Logger.py[line:45] - fuc:__console- INFO: 开始执行用例test_weightwo_count
[2021-04-20 11:02:27,967] - Logger.py[line:45] - fuc:__console- INFO: 开始执行用例test_weightwo_count
[2021-04-20 11:35:45,555] - Logger.py[line:45] - fuc:__console- INFO: 开始执行用例test_weightwo_search
[2021-04-20 11:35:49,276] - Logger.py[line:45] - fuc:__console- INFO: 开始执行用例test_weightwo_remain
[2021-04-20 11:37:42,675] - Logger.py[line:45] - fuc:__console- INFO: 开始执行用例test_weightwo_search
[2021-04-20 11:37:46,400] - Logger.py[line:45] - fuc:__console- INFO: 开始执行用例test_weightwo_remain
[2021-04-20 11:41:56,654] - Logger.py[line:45] - fuc:__console- INFO: 开始执行用例test_weightwo_search
[2021-04-20 11:42:00,393] - Logger.py[line:45] - fuc:__console- INFO: 开始执行用例test_weightwo_remain
[2021-04-20 11:43:54,895] - Logger.py[line:45] - fuc:__console- INFO: 开始执行用例test_weightwo_search
[2021-04-20 11:43:58,565] - Logger.py[line:45] - fuc:__console- INFO: 开始执行用例test_weightwo_remain
[2021-04-20 13:38:50,148] - Logger.py[line:45] - fuc:__console- INFO: 开始执行用例test_weightwo_search
[2021-04-20 13:38:53,802] - Logger.py[line:45] - fuc:__console- INFO: 开始执行用例test_weightwo_remain
[2021-04-20 13:50:42,392] - Logger.py[line:45] - fuc:__console- INFO: 开始执行用例test_weightwo_search
[2021-04-20 13:50:46,118] - Logger.py[line:45] - fuc:__console- INFO: 开始执行用例test_weightwo_remain
[2021-04-20 13:54:01,526] - Logger.py[line:45] - fuc:__console- INFO: 开始执行用例test_weightwo_search
[2021-04-20 13:54:05,176] - Logger.py[line:45] - fuc:__console- INFO: 开始执行用例test_weightwo_remain
[2021-04-20 13:55:11,565] - Logger.py[line:45] - fuc:__console- INFO: 开始执行用例test_weightwo_search
[2021-04-20 13:55:15,290] - Logger.py[line:45] - fuc:__console- INFO: 开始执行用例test_weightwo_remain
[2021-04-20 14:06:53,961] - Logger.py[line:45] - fuc:__console- INFO: 开始执行用例test_weightwo_search
[2021-04-20 14:06:57,617] - Logger.py[line:45] - fuc:__console- INFO: 开始执行用例test_weightwo_manual_remain
[2021-04-20 15:11:00,760] - Logger.py[line:45] - fuc:__console- INFO: 开始执行用例test_weightwo_search
[2021-04-20 15:11:04,587] - Logger.py[line:45] - fuc:__console- INFO: 开始执行用例test_weightwo_net_netvalue
[2021-04-20 15:17:19,137] - Logger.py[line:45] - fuc:__console- INFO: 开始执行用例test_weightwo_search
[2021-04-20 15:17:22,931] - Logger.py[line:45] - fuc:__console- INFO: 开始执行用例test_weightwo_net_netvalue
[2021-04-20 15:20:28,550] - Logger.py[line:45] - fuc:__console- INFO: 开始执行用例test_weightwo_search
[2021-04-20 15:20:32,224] - Logger.py[line:45] - fuc:__console- INFO: 开始执行用例test_weightwo_net_netvalue
[2021-04-20 16:20:01,775] - Logger.py[line:45] - fuc:__console- INFO: 开始执行用例test_weightwo_search
[2021-04-20 16:20:05,565] - Logger.py[line:45] - fuc:__console- INFO: 开始执行用例test_weightwo_net_netvalue
[2021-04-20 16:20:38,698] - Logger.py[line:45] - fuc:__console- INFO: 开始执行用例test_weightwo_net_tarevalue
[2021-04-20 16:39:42,467] - Logger.py[line:45] - fuc:__console- INFO: 开始执行用例test_standardcontainer_add
[2021-04-20 16:39:52,660] - Logger.py[line:45] - fuc:__console- INFO: 开始执行用例test_standarcontainer_search
[2021-04-20 16:39:55,424] - Logger.py[line:45] - fuc:__console- INFO: 开始执行用例test_standardcontainer_edit
[2021-04-20 16:40:11,690] - Logger.py[line:45] - fuc:__console- INFO: 开始执行用例test_standardcontainer_delete
[2021-04-20 16:40:15,593] - Logger.py[line:45] - fuc:__console- INFO: 开始执行用例test_standarcontainer_search_clear
[2021-04-20 16:41:36,745] - Logger.py[line:45] - fuc:__console- INFO: 开始执行用例test_standardcontainer_add
[2021-04-20 16:41:46,973] - Logger.py[line:45] - fuc:__console- INFO: 开始执行用例test_standarcontainer_search
[2021-04-20 16:41:49,666] - Logger.py[line:45] - fuc:__console- INFO: 开始执行用例test_standardcontainer_edit
[2021-04-20 16:42:02,280] - Logger.py[line:45] - fuc:__console- INFO: 开始执行用例test_standardcontainer_delete
[2021-04-20 16:42:29,980] - Logger.py[line:45] - fuc:__console- INFO: 开始执行用例test_standarcontainer_search_clear
[2021-04-20 16:47:15,436] - Logger.py[line:45] - fuc:__console- INFO: 开始执行用例test_standardcontainer_add
[2021-04-20 16:47:25,843] - Logger.py[line:45] - fuc:__console- INFO: 开始执行用例test_standarcontainer_search
[2021-04-20 16:47:28,559] - Logger.py[line:45] - fuc:__console- INFO: 开始执行用例test_standardcontainer_edit
[2021-04-20 16:47:45,094] - Logger.py[line:45] - fuc:__console- INFO: 开始执行用例test_standarcontainer_search_clear
[2021-04-20 16:47:57,751] - Logger.py[line:45] - fuc:__console- INFO: 开始执行用例test_standardcontainer_delete
[2021-04-20 16:48:02,214] - Logger.py[line:45] - fuc:__console- INFO: 开始执行用例test_standarcontainer_search_clear_001
[2021-04-20 16:50:00,366] - Logger.py[line:45] - fuc:__console- INFO: 开始执行用例test_standardcontainer_add
[2021-04-20 16:50:10,644] - Logger.py[line:45] - fuc:__console- INFO: 开始执行用例test_standarcontainer_search
[2021-04-20 16:50:13,361] - Logger.py[line:45] - fuc:__console- INFO: 开始执行用例test_standardcontainer_edit
[2021-04-20 16:50:28,696] - Logger.py[line:45] - fuc:__console- INFO: 开始执行用例test_standardcontainer_delete
[2021-04-20 16:50:33,057] - Logger.py[line:45] - fuc:__console- INFO: 开始执行用例test_standarcontainer_search_clear
[2021-04-20 17:01:58,171] - Logger.py[line:45] - fuc:__console- INFO: 开始执行用例test_container_add_abmoral_001
[2021-04-20 17:02:08,505] - Logger.py[line:45] - fuc:__console- INFO: 开始执行用例test_container_add_abmoral_002
[2021-04-20 17:02:21,804] - Logger.py[line:45] - fuc:__console- INFO: 开始执行用例test_container_add_abmoral_003
[2021-04-20 17:02:33,541] - Logger.py[line:45] - fuc:__console- INFO: 开始执行用例test_container_add_abmoral_004
[2021-04-20 17:12:15,815] - Logger.py[line:45] - fuc:__console- INFO: 开始执行用例test_container_add_abmoral_001
[2021-04-20 17:12:24,499] - Logger.py[line:45] - fuc:__console- INFO: 开始执行用例test_container_add_abmoral_002
[2021-04-20 17:12:33,636] - Logger.py[line:45] - fuc:__console- INFO: 开始执行用例test_container_add_abmoral_003
[2021-04-20 17:12:42,914] - Logger.py[line:45] - fuc:__console- INFO: 开始执行用例test_container_add_abmoral_004
[2021-04-20 17:12:51,767] - Logger.py[line:45] - fuc:__console- INFO: 开始执行用例test_container_edit_adnomal_001
[2021-04-20 17:13:03,577] - Logger.py[line:45] - fuc:__console- INFO: 开始执行用例test_container_edit_adnomal_002
[2021-04-20 17:13:15,116] - Logger.py[line:45] - fuc:__console- INFO: 开始执行用例test_container_edit_adnomal_003
[2021-04-20 17:13:26,405] - Logger.py[line:45] - fuc:__console- INFO: 开始执行用例test_container_edit_adnomal_004
[2021-04-20 17:41:57,104] - Logger.py[line:45] - fuc:__console- INFO: 开始执行用例test_container_add_abmoral_001
[2021-04-20 17:42:06,483] - Logger.py[line:45] - fuc:__console- INFO: 开始执行用例test_container_add_abmoral_002
[2021-04-20 17:42:14,655] - Logger.py[line:45] - fuc:__console- INFO: 开始执行用例test_container_add_abmoral_003
[2021-04-20 17:42:22,535] - Logger.py[line:45] - fuc:__console- INFO: 开始执行用例test_container_add_abmoral_004
[2021-04-20 17:42:31,290] - Logger.py[line:45] - fuc:__console- INFO: 开始执行用例test_container_add_abmoral_005
[2021-04-20 17:42:39,401] - Logger.py[line:45] - fuc:__console- INFO: 开始执行用例test_container_add_abmoral_006
[2021-04-20 17:42:47,533] - Logger.py[line:45] - fuc:__console- INFO: 开始执行用例test_container_add_abmoral_007
[2021-04-20 17:42:56,853] - Logger.py[line:45] - fuc:__console- INFO: 开始执行用例test_container_add_abmoral_008
[2021-04-20 17:43:04,994] - Logger.py[line:45] - fuc:__console- INFO: 开始执行用例test_container_add_abmoral_009
[2021-04-20 17:43:13,182] - Logger.py[line:45] - fuc:__console- INFO: 开始执行用例test_container_add_abmoral_010
[2021-04-20 17:43:21,127] - Logger.py[line:45] - fuc:__console- INFO: 开始执行用例test_container_add_abmoral_011
[2021-04-20 17:43:29,194] - Logger.py[line:45] - fuc:__console- INFO: 开始执行用例test_container_add_abmoral_012
[2021-04-20 17:43:37,056] - Logger.py[line:45] - fuc:__console- INFO: 开始执行用例test_container_add_abmoral_013
[2021-04-20 17:43:45,346] - Logger.py[line:45] - fuc:__console- INFO: 开始执行用例test_container_add_abmoral_014
[2021-04-20 17:43:53,707] - Logger.py[line:45] - fuc:__console- INFO: 开始执行用例test_container_add_abmoral_015
[2021-04-20 17:44:02,081] - Logger.py[line:45] - fuc:__console- INFO: 开始执行用例test_container_add_abmoral_016
[2021-04-20 17:44:10,219] - Logger.py[line:45] - fuc:__console- INFO: 开始执行用例test_container_add_abmoral_017
[2021-04-20 17:44:18,244] - Logger.py[line:45] - fuc:__console- INFO: 开始执行用例test_container_add_abmoral_018
[2021-04-20 17:44:27,535] - Logger.py[line:45] - fuc:__console- INFO: 开始执行用例test_container_add_abmoral_019
[2021-04-20 17:44:35,777] - Logger.py[line:45] - fuc:__console- INFO: 开始执行用例test_container_add_abmoral_020
[2021-04-20 17:44:43,919] - Logger.py[line:45] - fuc:__console- INFO: 开始执行用例test_container_add_abmoral_021
[2021-04-20 17:44:52,227] - Logger.py[line:45] - fuc:__console- INFO: 开始执行用例test_container_add_abmoral_022
[2021-04-20 17:45:00,512] - Logger.py[line:45] - fuc:__console- INFO: 开始执行用例test_container_add_abmoral_023
[2021-04-20 17:45:08,663] - Logger.py[line:45] - fuc:__console- INFO: 开始执行用例test_container_add_abmoral_024
[2021-04-20 17:45:16,759] - Logger.py[line:45] - fuc:__console- INFO: 开始执行用例test_container_edit_adnomal_001
[2021-04-20 17:45:28,239] - Logger.py[line:45] - fuc:__console- INFO: 开始执行用例test_container_edit_adnomal_002
[2021-04-20 17:45:39,785] - Logger.py[line:45] - fuc:__console- INFO: 开始执行用例test_container_edit_adnomal_003
[2021-04-20 17:45:51,305] - Logger.py[line:45] - fuc:__console- INFO: 开始执行用例test_container_edit_adnomal_004
