[2021-04-21 09:30:49,186] - Logger.py[line:45] - fuc:__console- INFO: 开始执行用例test_container_add_abmoral_001
[2021-04-21 09:30:58,456] - Logger.py[line:45] - fuc:__console- INFO: 开始执行用例test_container_add_abmoral_002
[2021-04-21 09:31:07,564] - Logger.py[line:45] - fuc:__console- INFO: 开始执行用例test_container_add_abmoral_003
[2021-04-21 09:31:15,728] - Logger.py[line:45] - fuc:__console- INFO: 开始执行用例test_container_add_abmoral_004
[2021-04-21 09:31:25,662] - Logger.py[line:45] - fuc:__console- INFO: 开始执行用例test_container_add_abmoral_005
[2021-04-21 09:31:33,857] - Logger.py[line:45] - fuc:__console- INFO: 开始执行用例test_container_add_abmoral_006
[2021-04-21 09:31:41,972] - Logger.py[line:45] - fuc:__console- INFO: 开始执行用例test_container_add_abmoral_007
[2021-04-21 09:31:51,173] - Logger.py[line:45] - fuc:__console- INFO: 开始执行用例test_container_add_abmoral_008
[2021-04-21 09:31:59,292] - Logger.py[line:45] - fuc:__console- INFO: 开始执行用例test_container_add_abmoral_009
[2021-04-21 09:32:07,440] - Logger.py[line:45] - fuc:__console- INFO: 开始执行用例test_container_add_abmoral_010
[2021-04-21 09:32:15,524] - Logger.py[line:45] - fuc:__console- INFO: 开始执行用例test_container_add_abmoral_011
[2021-04-21 09:32:23,501] - Logger.py[line:45] - fuc:__console- INFO: 开始执行用例test_container_add_abmoral_012
[2021-04-21 09:32:32,654] - Logger.py[line:45] - fuc:__console- INFO: 开始执行用例test_container_add_abmoral_013
[2021-04-21 09:32:40,891] - Logger.py[line:45] - fuc:__console- INFO: 开始执行用例test_container_add_abmoral_014
[2021-04-21 09:32:48,796] - Logger.py[line:45] - fuc:__console- INFO: 开始执行用例test_container_add_abmoral_015
[2021-04-21 09:32:56,927] - Logger.py[line:45] - fuc:__console- INFO: 开始执行用例test_container_add_abmoral_016
[2021-04-21 09:33:05,090] - Logger.py[line:45] - fuc:__console- INFO: 开始执行用例test_container_add_abmoral_017
[2021-04-21 09:33:13,225] - Logger.py[line:45] - fuc:__console- INFO: 开始执行用例test_container_add_abmoral_018
[2021-04-21 09:33:21,369] - Logger.py[line:45] - fuc:__console- INFO: 开始执行用例test_container_add_abmoral_019
[2021-04-21 09:33:30,620] - Logger.py[line:45] - fuc:__console- INFO: 开始执行用例test_container_add_abmoral_020
[2021-04-21 09:33:38,831] - Logger.py[line:45] - fuc:__console- INFO: 开始执行用例test_container_add_abmoral_021
[2021-04-21 09:33:46,963] - Logger.py[line:45] - fuc:__console- INFO: 开始执行用例test_container_add_abmoral_022
[2021-04-21 09:33:55,188] - Logger.py[line:45] - fuc:__console- INFO: 开始执行用例test_container_add_abmoral_023
[2021-04-21 09:34:03,400] - Logger.py[line:45] - fuc:__console- INFO: 开始执行用例test_container_add_abmoral_024
[2021-04-21 09:34:11,592] - Logger.py[line:45] - fuc:__console- INFO: 开始执行用例test_container_add_abmoral_025
[2021-04-21 09:34:21,131] - Logger.py[line:45] - fuc:__console- INFO: 开始执行用例test_container_add_abmoral_026
[2021-04-21 09:34:29,417] - Logger.py[line:45] - fuc:__console- INFO: 开始执行用例test_container_add_abmoral_027
[2021-04-21 09:34:37,601] - Logger.py[line:45] - fuc:__console- INFO: 开始执行用例test_container_add_abmoral_028
[2021-04-21 09:34:45,588] - Logger.py[line:45] - fuc:__console- INFO: 开始执行用例test_container_edit_adnomal_001
[2021-04-21 09:34:57,079] - Logger.py[line:45] - fuc:__console- INFO: 开始执行用例test_container_edit_adnomal_002
[2021-04-21 09:35:08,746] - Logger.py[line:45] - fuc:__console- INFO: 开始执行用例test_container_edit_adnomal_003
[2021-04-21 09:35:20,113] - Logger.py[line:45] - fuc:__console- INFO: 开始执行用例test_container_edit_adnomal_004
[2021-04-21 09:35:32,100] - Logger.py[line:45] - fuc:__console- INFO: 开始执行用例test_container_edit_abmoral_005
[2021-04-21 09:35:43,518] - Logger.py[line:45] - fuc:__console- INFO: 开始执行用例test_container_edit_abmoral_006
[2021-04-21 09:35:55,223] - Logger.py[line:45] - fuc:__console- INFO: 开始执行用例test_container_edit_abmoral_007
[2021-04-21 09:36:06,675] - Logger.py[line:45] - fuc:__console- INFO: 开始执行用例test_container_edit_abmoral_008
[2021-04-21 09:36:18,257] - Logger.py[line:45] - fuc:__console- INFO: 开始执行用例test_container_edit_abmoral_009
[2021-04-21 09:36:29,587] - Logger.py[line:45] - fuc:__console- INFO: 开始执行用例test_container_edit_abmoral_010
[2021-04-21 09:36:41,164] - Logger.py[line:45] - fuc:__console- INFO: 开始执行用例test_container_edit_abmoral_011
[2021-04-21 09:36:52,699] - Logger.py[line:45] - fuc:__console- INFO: 开始执行用例test_container_edit_abmoral_012
[2021-04-21 09:37:04,142] - Logger.py[line:45] - fuc:__console- INFO: 开始执行用例test_container_edit_abmoral_013
[2021-04-21 09:37:15,514] - Logger.py[line:45] - fuc:__console- INFO: 开始执行用例test_container_edit_abmoral_014
[2021-04-21 09:37:27,092] - Logger.py[line:45] - fuc:__console- INFO: 开始执行用例test_container_edit_abmoral_015
[2021-04-21 09:37:38,839] - Logger.py[line:45] - fuc:__console- INFO: 开始执行用例test_container_edit_abmoral_016
[2021-04-21 09:37:50,496] - Logger.py[line:45] - fuc:__console- INFO: 开始执行用例test_container_edit_abmoral_017
[2021-04-21 09:38:02,017] - Logger.py[line:45] - fuc:__console- INFO: 开始执行用例test_container_edit_abmoral_018
[2021-04-21 09:38:13,599] - Logger.py[line:45] - fuc:__console- INFO: 开始执行用例test_container_edit_abmoral_019
[2021-04-21 09:38:25,228] - Logger.py[line:45] - fuc:__console- INFO: 开始执行用例test_container_edit_abmoral_020
[2021-04-21 09:38:36,862] - Logger.py[line:45] - fuc:__console- INFO: 开始执行用例test_container_edit_abmoral_021
[2021-04-21 09:38:48,191] - Logger.py[line:45] - fuc:__console- INFO: 开始执行用例test_container_edit_abmoral_022
[2021-04-21 09:38:59,773] - Logger.py[line:45] - fuc:__console- INFO: 开始执行用例test_container_edit_abmoral_023
[2021-04-21 09:39:11,183] - Logger.py[line:45] - fuc:__console- INFO: 开始执行用例test_container_edit_abmoral_024
[2021-04-21 09:39:22,726] - Logger.py[line:45] - fuc:__console- INFO: 开始执行用例test_container_edit_abmoral_025
[2021-04-21 09:39:34,469] - Logger.py[line:45] - fuc:__console- INFO: 开始执行用例test_container_edit_abmoral_026
[2021-04-21 09:39:46,082] - Logger.py[line:45] - fuc:__console- INFO: 开始执行用例test_container_edit_abmoral_027
[2021-04-21 09:39:57,572] - Logger.py[line:45] - fuc:__console- INFO: 开始执行用例test_container_edit_abmoral_028
[2021-04-21 10:30:43,080] - Logger.py[line:45] - fuc:__console- INFO: 开始执行用例test_add_stdpallet
[2021-04-21 10:30:56,386] - Logger.py[line:45] - fuc:__console- INFO: 开始执行用例test_search_stdpallet
[2021-04-21 10:31:05,615] - Logger.py[line:45] - fuc:__console- INFO: 开始执行用例test_edit_stdpallet
[2021-04-21 10:31:18,889] - Logger.py[line:45] - fuc:__console- INFO: 开始执行用例test_delete_stdpallet
[2021-04-21 11:31:32,707] - Logger.py[line:45] - fuc:__console- INFO: 开始执行用例test_add_stdpallet
[2021-04-21 11:31:47,109] - Logger.py[line:45] - fuc:__console- INFO: 开始执行用例test_search_stdpallet
[2021-04-21 11:31:58,840] - Logger.py[line:45] - fuc:__console- INFO: 开始执行用例test_edit_stdpallet
[2021-04-21 11:32:02,719] - Logger.py[line:45] - fuc:__console- INFO: 开始执行用例test_delete_stdpallet
[2021-04-21 11:34:06,748] - Logger.py[line:45] - fuc:__console- INFO: 开始执行用例test_add_name_abnormal_001
[2021-04-21 11:34:48,759] - Logger.py[line:45] - fuc:__console- INFO: 开始执行用例test_add_name_abnormal_001
[2021-04-21 11:42:34,988] - Logger.py[line:45] - fuc:__console- INFO: 开始执行用例test_add_name_abnormal_001
[2021-04-21 11:42:45,502] - Logger.py[line:45] - fuc:__console- INFO: 开始执行用例test_add_name_abnormal_001
[2021-04-21 11:42:55,940] - Logger.py[line:45] - fuc:__console- INFO: 开始执行用例test_add_name_abnormal_002
[2021-04-21 11:43:06,293] - Logger.py[line:45] - fuc:__console- INFO: 开始执行用例test_add_name_abnormal_003
[2021-04-21 11:43:21,483] - Logger.py[line:45] - fuc:__console- INFO: 开始执行用例test_add_qty_abnormal_001
[2021-04-21 11:43:51,517] - Logger.py[line:45] - fuc:__console- INFO: 开始执行用例test_add_qty_abnormal_002
[2021-04-21 11:44:02,898] - Logger.py[line:45] - fuc:__console- INFO: 开始执行用例test_add_qty_abnormal_002
[2021-04-21 11:44:13,308] - Logger.py[line:45] - fuc:__console- INFO: 开始执行用例test_add_qty_abnormal_002
[2021-04-21 11:44:23,927] - Logger.py[line:45] - fuc:__console- INFO: 开始执行用例test_add_high_abnormal_001
[2021-04-21 11:44:34,414] - Logger.py[line:45] - fuc:__console- INFO: 开始执行用例test_add_high_abnormal_002
[2021-04-21 11:44:44,681] - Logger.py[line:45] - fuc:__console- INFO: 开始执行用例test_add_high_abnormal_002
[2021-04-21 11:44:55,187] - Logger.py[line:45] - fuc:__console- INFO: 开始执行用例test_add_high_abnormal_002
[2021-04-21 11:45:08,662] - Logger.py[line:45] - fuc:__console- INFO: 开始执行用例test_add_width_abnormal_001
[2021-04-21 11:45:19,153] - Logger.py[line:45] - fuc:__console- INFO: 开始执行用例test_add_width_abnormal_002
[2021-04-21 11:45:29,540] - Logger.py[line:45] - fuc:__console- INFO: 开始执行用例test_add_width_abnormal_002
[2021-04-21 11:45:39,918] - Logger.py[line:45] - fuc:__console- INFO: 开始执行用例test_add_width_abnormal_002
[2021-04-21 11:45:50,438] - Logger.py[line:45] - fuc:__console- INFO: 开始执行用例test_edit_stdpallet
[2021-04-21 13:52:57,475] - Logger.py[line:45] - fuc:__console- INFO: 开始执行用例test_add_name_abnormal_001
[2021-04-21 13:53:07,917] - Logger.py[line:45] - fuc:__console- INFO: 开始执行用例test_add_name_abnormal_001
[2021-04-21 13:53:18,351] - Logger.py[line:45] - fuc:__console- INFO: 开始执行用例test_add_name_abnormal_002
[2021-04-21 13:53:28,671] - Logger.py[line:45] - fuc:__console- INFO: 开始执行用例test_add_name_abnormal_003
[2021-04-21 13:53:39,429] - Logger.py[line:45] - fuc:__console- INFO: 开始执行用例test_add_qty_abnormal_001
[2021-04-21 13:53:49,833] - Logger.py[line:45] - fuc:__console- INFO: 开始执行用例test_add_qty_abnormal_002
[2021-04-21 13:54:00,345] - Logger.py[line:45] - fuc:__console- INFO: 开始执行用例test_add_qty_abnormal_002
[2021-04-21 13:54:10,748] - Logger.py[line:45] - fuc:__console- INFO: 开始执行用例test_add_qty_abnormal_002
[2021-04-21 13:54:21,126] - Logger.py[line:45] - fuc:__console- INFO: 开始执行用例test_add_high_abnormal_001
[2021-04-21 13:54:31,606] - Logger.py[line:45] - fuc:__console- INFO: 开始执行用例test_add_high_abnormal_002
[2021-04-21 13:54:41,928] - Logger.py[line:45] - fuc:__console- INFO: 开始执行用例test_add_high_abnormal_002
[2021-04-21 13:54:52,351] - Logger.py[line:45] - fuc:__console- INFO: 开始执行用例test_add_high_abnormal_002
[2021-04-21 13:55:02,637] - Logger.py[line:45] - fuc:__console- INFO: 开始执行用例test_add_long_abnormal_001
[2021-04-21 13:55:13,066] - Logger.py[line:45] - fuc:__console- INFO: 开始执行用例test_add_long_abnormal_002
[2021-04-21 13:55:23,349] - Logger.py[line:45] - fuc:__console- INFO: 开始执行用例test_add_long_abnormal_002
[2021-04-21 13:55:33,536] - Logger.py[line:45] - fuc:__console- INFO: 开始执行用例test_add_long_abnormal_002
[2021-04-21 13:55:43,941] - Logger.py[line:45] - fuc:__console- INFO: 开始执行用例test_add_width_abnormal_001
[2021-04-21 13:55:54,417] - Logger.py[line:45] - fuc:__console- INFO: 开始执行用例test_add_width_abnormal_002
[2021-04-21 13:56:04,774] - Logger.py[line:45] - fuc:__console- INFO: 开始执行用例test_add_width_abnormal_002
[2021-04-21 13:56:15,135] - Logger.py[line:45] - fuc:__console- INFO: 开始执行用例test_add_width_abnormal_002
[2021-04-21 13:56:25,583] - Logger.py[line:45] - fuc:__console- INFO: 开始执行用例test_edit_name_abnormal_001
[2021-04-21 13:57:06,053] - Logger.py[line:45] - fuc:__console- INFO: 开始执行用例test_edit_name_abnormal_001
[2021-04-21 13:57:17,246] - Logger.py[line:45] - fuc:__console- INFO: 开始执行用例test_edit_name_abnormal_002
[2021-04-21 13:57:28,391] - Logger.py[line:45] - fuc:__console- INFO: 开始执行用例test_edit_name_abnormal_003
[2021-04-21 13:57:39,959] - Logger.py[line:45] - fuc:__console- INFO: 开始执行用例test_edit_qty_abnormal_001
[2021-04-21 13:57:51,189] - Logger.py[line:45] - fuc:__console- INFO: 开始执行用例test_add_edit_abnormal_002
[2021-04-21 13:58:02,306] - Logger.py[line:45] - fuc:__console- INFO: 开始执行用例test_add_edit_abnormal_002
[2021-04-21 13:58:13,683] - Logger.py[line:45] - fuc:__console- INFO: 开始执行用例test_add_edit_abnormal_002
[2021-04-21 13:58:24,885] - Logger.py[line:45] - fuc:__console- INFO: 开始执行用例test_edit_high_abnormal_001
[2021-04-21 13:58:35,926] - Logger.py[line:45] - fuc:__console- INFO: 开始执行用例test_edit_high_abnormal_002
[2021-04-21 13:58:47,047] - Logger.py[line:45] - fuc:__console- INFO: 开始执行用例test_edit_high_abnormal_002
[2021-04-21 13:58:58,129] - Logger.py[line:45] - fuc:__console- INFO: 开始执行用例test_edit_high_abnormal_002
[2021-04-21 13:59:09,333] - Logger.py[line:45] - fuc:__console- INFO: 开始执行用例test_edit_long_abnormal_001
[2021-04-21 13:59:20,502] - Logger.py[line:45] - fuc:__console- INFO: 开始执行用例test_edit_long_abnormal_002
[2021-04-21 13:59:31,572] - Logger.py[line:45] - fuc:__console- INFO: 开始执行用例test_edit_long_abnormal_002
[2021-04-21 13:59:42,704] - Logger.py[line:45] - fuc:__console- INFO: 开始执行用例test_edit_long_abnormal_002
[2021-04-21 13:59:53,893] - Logger.py[line:45] - fuc:__console- INFO: 开始执行用例test_edit_width_abnormal_001
[2021-04-21 14:00:04,909] - Logger.py[line:45] - fuc:__console- INFO: 开始执行用例test_edit_width_abnormal_002
[2021-04-21 14:00:15,793] - Logger.py[line:45] - fuc:__console- INFO: 开始执行用例test_edit_width_abnormal_002
[2021-04-21 14:00:26,935] - Logger.py[line:45] - fuc:__console- INFO: 开始执行用例test_edit_width_abnormal_002
[2021-04-21 14:13:19,933] - Logger.py[line:45] - fuc:__console- INFO: 开始执行用例test_add_name_abnormal_001
[2021-04-21 14:13:30,356] - Logger.py[line:45] - fuc:__console- INFO: 开始执行用例test_add_name_abnormal_001
[2021-04-21 14:13:40,758] - Logger.py[line:45] - fuc:__console- INFO: 开始执行用例test_add_name_abnormal_002
[2021-04-21 14:13:51,091] - Logger.py[line:45] - fuc:__console- INFO: 开始执行用例test_add_name_abnormal_003
[2021-04-21 14:14:01,785] - Logger.py[line:45] - fuc:__console- INFO: 开始执行用例test_add_qty_abnormal_001
[2021-04-21 14:14:11,983] - Logger.py[line:45] - fuc:__console- INFO: 开始执行用例test_add_qty_abnormal_002
[2021-04-21 14:14:22,412] - Logger.py[line:45] - fuc:__console- INFO: 开始执行用例test_add_qty_abnormal_002
[2021-04-21 14:14:32,733] - Logger.py[line:45] - fuc:__console- INFO: 开始执行用例test_add_qty_abnormal_002
[2021-04-21 14:14:42,999] - Logger.py[line:45] - fuc:__console- INFO: 开始执行用例test_add_high_abnormal_001
[2021-04-21 14:14:53,322] - Logger.py[line:45] - fuc:__console- INFO: 开始执行用例test_add_high_abnormal_002
[2021-04-21 14:15:03,619] - Logger.py[line:45] - fuc:__console- INFO: 开始执行用例test_add_high_abnormal_002
[2021-04-21 14:15:14,028] - Logger.py[line:45] - fuc:__console- INFO: 开始执行用例test_add_high_abnormal_002
[2021-04-21 14:15:24,359] - Logger.py[line:45] - fuc:__console- INFO: 开始执行用例test_add_long_abnormal_001
[2021-04-21 14:15:35,846] - Logger.py[line:45] - fuc:__console- INFO: 开始执行用例test_add_long_abnormal_002
[2021-04-21 14:15:46,194] - Logger.py[line:45] - fuc:__console- INFO: 开始执行用例test_add_long_abnormal_002
[2021-04-21 14:15:56,594] - Logger.py[line:45] - fuc:__console- INFO: 开始执行用例test_add_long_abnormal_002
[2021-04-21 14:16:06,999] - Logger.py[line:45] - fuc:__console- INFO: 开始执行用例test_add_width_abnormal_001
[2021-04-21 14:16:17,370] - Logger.py[line:45] - fuc:__console- INFO: 开始执行用例test_add_width_abnormal_002
[2021-04-21 14:16:27,709] - Logger.py[line:45] - fuc:__console- INFO: 开始执行用例test_add_width_abnormal_002
[2021-04-21 14:16:38,295] - Logger.py[line:45] - fuc:__console- INFO: 开始执行用例test_add_width_abnormal_002
[2021-04-21 14:16:48,849] - Logger.py[line:45] - fuc:__console- INFO: 开始执行用例test_add_ratio_abnormal_001
[2021-04-21 14:16:59,503] - Logger.py[line:45] - fuc:__console- INFO: 开始执行用例test_add_ratio_abnormal_002
[2021-04-21 14:17:10,090] - Logger.py[line:45] - fuc:__console- INFO: 开始执行用例test_add_ratio_abnormal_002
[2021-04-21 14:17:21,650] - Logger.py[line:45] - fuc:__console- INFO: 开始执行用例test_add_ratio_abnormal_002
[2021-04-21 14:17:33,301] - Logger.py[line:45] - fuc:__console- INFO: 开始执行用例test_add_tare_abnormal_001
[2021-04-21 14:17:43,670] - Logger.py[line:45] - fuc:__console- INFO: 开始执行用例test_add_tare_abnormal_002
[2021-04-21 14:17:54,067] - Logger.py[line:45] - fuc:__console- INFO: 开始执行用例test_add_tare_abnormal_003
[2021-04-21 14:18:04,309] - Logger.py[line:45] - fuc:__console- INFO: 开始执行用例test_edit_name_abnormal_001
[2021-04-21 14:18:15,586] - Logger.py[line:45] - fuc:__console- INFO: 开始执行用例test_edit_name_abnormal_001
[2021-04-21 14:18:26,663] - Logger.py[line:45] - fuc:__console- INFO: 开始执行用例test_edit_name_abnormal_002
[2021-04-21 14:18:37,867] - Logger.py[line:45] - fuc:__console- INFO: 开始执行用例test_edit_name_abnormal_003
[2021-04-21 14:18:49,645] - Logger.py[line:45] - fuc:__console- INFO: 开始执行用例test_edit_qty_abnormal_001
[2021-04-21 14:19:00,932] - Logger.py[line:45] - fuc:__console- INFO: 开始执行用例test_edit_qty_abnormal_002
[2021-04-21 14:19:11,988] - Logger.py[line:45] - fuc:__console- INFO: 开始执行用例test_edit_qty_abnormal_002
[2021-04-21 14:19:23,241] - Logger.py[line:45] - fuc:__console- INFO: 开始执行用例test_edit_qty_abnormal_002
[2021-04-21 14:19:34,560] - Logger.py[line:45] - fuc:__console- INFO: 开始执行用例test_edit_high_abnormal_001
[2021-04-21 14:19:45,717] - Logger.py[line:45] - fuc:__console- INFO: 开始执行用例test_edit_high_abnormal_002
[2021-04-21 14:19:57,017] - Logger.py[line:45] - fuc:__console- INFO: 开始执行用例test_edit_high_abnormal_002
[2021-04-21 14:20:08,008] - Logger.py[line:45] - fuc:__console- INFO: 开始执行用例test_edit_high_abnormal_002
[2021-04-21 14:20:19,333] - Logger.py[line:45] - fuc:__console- INFO: 开始执行用例test_edit_long_abnormal_001
[2021-04-21 14:20:30,593] - Logger.py[line:45] - fuc:__console- INFO: 开始执行用例test_edit_long_abnormal_002
[2021-04-21 14:20:41,890] - Logger.py[line:45] - fuc:__console- INFO: 开始执行用例test_edit_long_abnormal_002
[2021-04-21 14:20:53,222] - Logger.py[line:45] - fuc:__console- INFO: 开始执行用例test_edit_long_abnormal_002
[2021-04-21 14:21:04,567] - Logger.py[line:45] - fuc:__console- INFO: 开始执行用例test_edit_width_abnormal_001
[2021-04-21 14:21:15,804] - Logger.py[line:45] - fuc:__console- INFO: 开始执行用例test_edit_width_abnormal_002
[2021-04-21 14:21:27,105] - Logger.py[line:45] - fuc:__console- INFO: 开始执行用例test_edit_width_abnormal_002
[2021-04-21 14:21:38,474] - Logger.py[line:45] - fuc:__console- INFO: 开始执行用例test_edit_width_abnormal_002
[2021-04-21 14:21:49,791] - Logger.py[line:45] - fuc:__console- INFO: 开始执行用例test_edit_ratio_abnormal_001
[2021-04-21 14:22:01,309] - Logger.py[line:45] - fuc:__console- INFO: 开始执行用例test_edit_ratio_abnormal_002
[2021-04-21 14:22:12,672] - Logger.py[line:45] - fuc:__console- INFO: 开始执行用例test_edit_ratio_abnormal_002
[2021-04-21 14:22:24,127] - Logger.py[line:45] - fuc:__console- INFO: 开始执行用例test_edit_ratio_abnormal_002
[2021-04-21 14:22:35,514] - Logger.py[line:45] - fuc:__console- INFO: 开始执行用例test_edit_tare_abnormal_001
[2021-04-21 14:22:46,871] - Logger.py[line:45] - fuc:__console- INFO: 开始执行用例test_edit_tare_abnormal_002
[2021-04-21 14:22:58,058] - Logger.py[line:45] - fuc:__console- INFO: 开始执行用例test_edit_tare_abnormal_003
[2021-04-21 14:35:56,916] - Logger.py[line:45] - fuc:__console- INFO: 开始执行用例test_add_stdpallet
[2021-04-21 14:36:11,407] - Logger.py[line:45] - fuc:__console- INFO: 开始执行用例test_search_stdpallet
[2021-04-21 14:36:20,786] - Logger.py[line:45] - fuc:__console- INFO: 开始执行用例test_edit_stdpallet
[2021-04-21 14:36:35,179] - Logger.py[line:45] - fuc:__console- INFO: 开始执行用例test_delete_stdpallet
[2021-04-21 14:38:09,438] - Logger.py[line:45] - fuc:__console- INFO: 开始执行用例test_add_stdpallet
[2021-04-21 14:38:22,972] - Logger.py[line:45] - fuc:__console- INFO: 开始执行用例test_search_stdpallet
[2021-04-21 14:38:28,799] - Logger.py[line:45] - fuc:__console- INFO: 开始执行用例test_edit_stdpallet
[2021-04-21 14:38:43,115] - Logger.py[line:45] - fuc:__console- INFO: 开始执行用例test_delete_stdpallet
[2021-04-21 14:40:01,094] - Logger.py[line:45] - fuc:__console- INFO: 开始执行用例test_add_stdpallet
[2021-04-21 14:40:14,636] - Logger.py[line:45] - fuc:__console- INFO: 开始执行用例test_search_stdpallet
[2021-04-21 14:40:20,372] - Logger.py[line:45] - fuc:__console- INFO: 开始执行用例test_edit_stdpallet
[2021-04-21 14:40:35,730] - Logger.py[line:45] - fuc:__console- INFO: 开始执行用例test_delete_stdpallet
