[2021-02-26 09:11:58,013] - Logger.py[line:45] - fuc:__console- INFO: 设置物料字段默认值test_Material_Set_validity_abnormal
[2021-02-26 09:12:13,493] - Logger.py[line:45] - fuc:__console- INFO: 设置物料字段默认值test_Material_Set_validity_abnormal
[2021-02-26 09:15:24,178] - Logger.py[line:45] - fuc:__console- INFO: 设置物料字段默认值test_Material_Set_validity_abnormal
[2021-02-26 09:15:43,923] - Logger.py[line:45] - fuc:__console- INFO: 设置物料字段默认值test_Material_Set_validity_abnormal
[2021-02-26 09:19:46,187] - Logger.py[line:45] - fuc:__console- INFO: 设置物料字段默认值test_Material_Set_validity_abnormal
[2021-02-26 09:20:01,127] - Logger.py[line:45] - fuc:__console- INFO: 设置物料字段默认值test_Material_Set_validity_abnormal
[2021-02-26 09:21:16,480] - Logger.py[line:45] - fuc:__console- INFO: 设置物料字段默认值test_Material_Set_validity_abnormal
[2021-02-26 09:21:31,334] - Logger.py[line:45] - fuc:__console- INFO: 设置物料字段默认值test_Material_Set_validity_abnormal
[2021-02-26 09:24:12,941] - Logger.py[line:45] - fuc:__console- INFO: 设置物料字段默认值test_Material_Set_validity_abnormal
[2021-02-26 09:24:28,145] - Logger.py[line:45] - fuc:__console- INFO: 设置物料字段默认值test_Material_Set_validity_abnormal
[2021-02-26 09:30:49,473] - Logger.py[line:45] - fuc:__console- INFO: 设置物料字段默认值test_Material_Set_validity_abnormal
[2021-02-26 09:31:02,917] - Logger.py[line:45] - fuc:__console- INFO: 设置物料字段默认值test_Material_Set_validity_abnormal
[2021-02-26 09:33:05,598] - Logger.py[line:45] - fuc:__console- INFO: 按物料名称筛选test_Material_Set_001
[2021-02-26 09:33:08,319] - Logger.py[line:45] - fuc:__console- INFO: 编辑物料字段test_Material_Set_abnormal
[2021-02-26 09:33:11,794] - Logger.py[line:45] - fuc:__console- INFO: 设置物料字段默认值test_Material_Set_weight_abnormal
[2021-02-26 09:33:50,393] - Logger.py[line:45] - fuc:__console- INFO: 设置物料字段默认值test_Material_Set_validity_abnormal
[2021-02-26 09:34:07,709] - Logger.py[line:45] - fuc:__console- INFO: 设置物料字段默认值test_Material_Set_validity_abnormal
[2021-02-26 09:34:24,053] - Logger.py[line:45] - fuc:__console- INFO: 设置物料字段默认值test_Material_Set_alarm_abnormal
[2021-02-26 09:34:45,336] - Logger.py[line:45] - fuc:__console- INFO: 设置物料字段默认值test_Material_Set_alarm_abnormal
[2021-02-26 09:35:10,057] - Logger.py[line:45] - fuc:__console- INFO: 设置物料字段默认值test_Material_Set_qty_abnormal
[2021-02-26 09:35:42,801] - Logger.py[line:45] - fuc:__console- INFO: 设置物料字段默认值test_Material_Set_qty_abnormal
[2021-02-26 09:38:40,304] - Logger.py[line:45] - fuc:__console- INFO: 按物料名称筛选test_Material_Set_001
[2021-02-26 09:38:43,082] - Logger.py[line:45] - fuc:__console- INFO: 编辑物料字段test_Material_Set_abnormal
[2021-02-26 09:38:46,519] - Logger.py[line:45] - fuc:__console- INFO: 设置物料字段默认值test_Material_Set_weight_abnormal
[2021-02-26 09:39:00,754] - Logger.py[line:45] - fuc:__console- INFO: 设置物料字段默认值test_Material_Set_validity_abnormal
[2021-02-26 09:39:24,057] - Logger.py[line:45] - fuc:__console- INFO: 设置物料字段默认值test_Material_Set_validity_abnormal
[2021-02-26 09:39:50,816] - Logger.py[line:45] - fuc:__console- INFO: 设置物料字段默认值test_Material_Set_alarm_abnormal
[2021-02-26 09:40:22,350] - Logger.py[line:45] - fuc:__console- INFO: 设置物料字段默认值test_Material_Set_alarm_abnormal
[2021-02-26 09:40:57,517] - Logger.py[line:45] - fuc:__console- INFO: 设置物料字段默认值test_Material_Set_qty_abnormal
[2021-02-26 09:41:40,324] - Logger.py[line:45] - fuc:__console- INFO: 设置物料字段默认值test_Material_Set_qty_abnormal
[2021-02-26 10:10:57,552] - Logger.py[line:45] - fuc:__console- INFO: 设置物料字段默认值test_Material_Set_weight_abnormal
[2021-02-26 10:11:11,861] - Logger.py[line:45] - fuc:__console- INFO: 设置物料字段默认值test_Material_Set_validity_abnormal
[2021-02-26 10:11:35,206] - Logger.py[line:45] - fuc:__console- INFO: 设置物料字段默认值test_Material_Set_validity_abnormal
[2021-02-26 10:12:02,236] - Logger.py[line:45] - fuc:__console- INFO: 设置物料字段默认值test_Material_Set_alarm_abnormal
[2021-02-26 10:12:34,235] - Logger.py[line:45] - fuc:__console- INFO: 设置物料字段默认值test_Material_Set_alarm_abnormal
[2021-02-26 10:13:09,456] - Logger.py[line:45] - fuc:__console- INFO: 设置物料字段默认值test_Material_Set_qty_abnormal
[2021-02-26 10:13:52,718] - Logger.py[line:45] - fuc:__console- INFO: 设置物料字段默认值test_Material_Set_qty_abnormal
[2021-02-26 10:30:18,821] - Logger.py[line:45] - fuc:__console- INFO: 设置物料字段默认值test_Material_Set_weight_abnormal
[2021-02-26 10:30:28,096] - Logger.py[line:45] - fuc:__console- INFO: 设置物料字段默认值test_Material_Set_validity_abnormal
[2021-02-26 10:30:47,710] - Logger.py[line:45] - fuc:__console- INFO: 设置物料字段默认值test_Material_Set_validity_abnormal
[2021-02-26 10:31:10,675] - Logger.py[line:45] - fuc:__console- INFO: 设置物料字段默认值test_Material_Set_alarm_abnormal
[2021-02-26 10:31:38,498] - Logger.py[line:45] - fuc:__console- INFO: 设置物料字段默认值test_Material_Set_alarm_abnormal
[2021-02-26 10:32:09,615] - Logger.py[line:45] - fuc:__console- INFO: 设置物料字段默认值test_Material_Set_qty_abnormal
[2021-02-26 10:32:49,293] - Logger.py[line:45] - fuc:__console- INFO: 设置物料字段默认值test_Material_Set_qty_abnormal
[2021-02-26 10:35:08,638] - Logger.py[line:45] - fuc:__console- INFO: 开始执行用例test_add_material
[2021-02-26 10:35:24,252] - Logger.py[line:45] - fuc:__console- INFO: 开始执行用例test_search_material
[2021-02-26 10:35:33,605] - Logger.py[line:45] - fuc:__console- INFO: 开始执行用例test_edit_material
[2021-02-26 10:35:48,674] - Logger.py[line:45] - fuc:__console- INFO: 开始执行用例test_copy_material
[2021-02-26 10:36:02,423] - Logger.py[line:45] - fuc:__console- INFO: 开始执行用例test_verify_material
[2021-02-26 10:36:08,221] - Logger.py[line:45] - fuc:__console- INFO: 开始执行用例test_cancelverify_material
[2021-02-26 10:36:13,622] - Logger.py[line:45] - fuc:__console- INFO: 开始执行用例test_noeffect_material
[2021-02-26 10:36:19,096] - Logger.py[line:45] - fuc:__console- INFO: 开始执行用例test_effect_material
[2021-02-26 10:38:29,322] - Logger.py[line:45] - fuc:__console- INFO: 开始执行用例test_Material_Set_001
[2021-02-26 10:38:33,121] - Logger.py[line:45] - fuc:__console- INFO: 开始执行用例test_Material_Set_002
[2021-02-26 10:38:35,614] - Logger.py[line:45] - fuc:__console- INFO: 开始执行用例test_Material_Set_003
[2021-02-26 10:38:38,289] - Logger.py[line:45] - fuc:__console- INFO: 开始执行用例test_Material_Set_004
[2021-02-26 10:58:20,054] - Logger.py[line:45] - fuc:__console- INFO: 开始执行用例test_add_orgcom_name_abnormal
[2021-02-26 10:58:22,391] - Logger.py[line:45] - fuc:__console- INFO: 开始执行用例test_add_orgcom_name_abnormal
[2021-02-26 10:58:23,971] - Logger.py[line:45] - fuc:__console- INFO: 开始执行用例test_add_orgcom_name_abnormal
[2021-02-26 10:58:25,585] - Logger.py[line:45] - fuc:__console- INFO: 开始执行用例test_add_orgcom_code_abnormal
[2021-02-26 10:58:26,970] - Logger.py[line:45] - fuc:__console- INFO: 开始执行用例test_add_orgcom_code_abnormal
[2021-02-26 10:58:28,445] - Logger.py[line:45] - fuc:__console- INFO: 开始执行用例test_add_orgcom_code_abnormal
[2021-02-26 10:58:30,000] - Logger.py[line:45] - fuc:__console- INFO: 开始执行用例test_add_orgcom
[2021-02-26 10:58:32,487] - Logger.py[line:45] - fuc:__console- INFO: 开始执行用例test_edit_orgcom_name_abnormal
[2021-02-26 10:58:35,615] - Logger.py[line:45] - fuc:__console- INFO: 开始执行用例test_edit_orgcom_name_abnormal
[2021-02-26 10:58:38,593] - Logger.py[line:45] - fuc:__console- INFO: 开始执行用例test_edit_orgcom_name_abnormal
[2021-02-26 10:58:42,742] - Logger.py[line:45] - fuc:__console- INFO: 开始执行用例test_org_username_add
[2021-02-26 10:58:46,162] - Logger.py[line:45] - fuc:__console- INFO: 开始执行用例test_org_username_add
[2021-02-26 10:58:49,839] - Logger.py[line:45] - fuc:__console- INFO: 开始执行用例test_org_username_add
[2021-02-26 10:58:53,422] - Logger.py[line:45] - fuc:__console- INFO: 开始执行用例test_org_code_add
[2021-02-26 10:58:57,009] - Logger.py[line:45] - fuc:__console- INFO: 开始执行用例test_org_code_add
[2021-02-26 10:59:00,636] - Logger.py[line:45] - fuc:__console- INFO: 开始执行用例test_org_code_add
[2021-02-26 10:59:04,218] - Logger.py[line:45] - fuc:__console- INFO: 开始执行用例test_org_code_add
[2021-02-26 10:59:07,820] - Logger.py[line:45] - fuc:__console- INFO: 开始执行用例test_org_code_add
[2021-02-26 10:59:11,464] - Logger.py[line:45] - fuc:__console- INFO: 开始执行用例test_org_tel_add
[2021-02-26 10:59:14,940] - Logger.py[line:45] - fuc:__console- INFO: 开始执行用例test_org_tel_add
[2021-02-26 10:59:18,424] - Logger.py[line:45] - fuc:__console- INFO: 开始执行用例test_org_tel_add
[2021-02-26 10:59:21,869] - Logger.py[line:45] - fuc:__console- INFO: 开始执行用例test_org_tel_add
[2021-02-26 10:59:25,508] - Logger.py[line:45] - fuc:__console- INFO: 开始执行用例test_org_user_add
[2021-02-26 10:59:30,016] - Logger.py[line:45] - fuc:__console- INFO: 开始执行用例test_org_username_edit
[2021-02-26 10:59:34,441] - Logger.py[line:45] - fuc:__console- INFO: 开始执行用例test_org_username_edit
[2021-02-26 10:59:39,212] - Logger.py[line:45] - fuc:__console- INFO: 开始执行用例test_org_username_edit
[2021-02-26 10:59:43,858] - Logger.py[line:45] - fuc:__console- INFO: 开始执行用例test_org_tel_edit
[2021-02-26 10:59:48,448] - Logger.py[line:45] - fuc:__console- INFO: 开始执行用例test_org_tel_edit
[2021-02-26 10:59:53,091] - Logger.py[line:45] - fuc:__console- INFO: 开始执行用例test_org_tel_edit
[2021-02-26 10:59:57,740] - Logger.py[line:45] - fuc:__console- INFO: 开始执行用例test_org_tel_edit
[2021-02-26 11:16:42,437] - Logger.py[line:45] - fuc:__console- INFO: 开始执行用例test_add_orgcom_name_abnormal
[2021-02-26 11:16:44,775] - Logger.py[line:45] - fuc:__console- INFO: 开始执行用例test_add_orgcom_name_abnormal
[2021-02-26 11:16:46,416] - Logger.py[line:45] - fuc:__console- INFO: 开始执行用例test_add_orgcom_name_abnormal
[2021-02-26 11:16:47,865] - Logger.py[line:45] - fuc:__console- INFO: 开始执行用例test_add_orgcom_code_abnormal
[2021-02-26 11:16:49,372] - Logger.py[line:45] - fuc:__console- INFO: 开始执行用例test_add_orgcom_code_abnormal
[2021-02-26 11:16:50,964] - Logger.py[line:45] - fuc:__console- INFO: 开始执行用例test_add_orgcom_code_abnormal
[2021-02-26 11:16:52,570] - Logger.py[line:45] - fuc:__console- INFO: 开始执行用例test_add_orgcom
[2021-02-26 11:16:55,087] - Logger.py[line:45] - fuc:__console- INFO: 开始执行用例test_edit_orgcom_name_abnormal
[2021-02-26 11:16:58,041] - Logger.py[line:45] - fuc:__console- INFO: 开始执行用例test_edit_orgcom_name_abnormal
[2021-02-26 11:17:01,985] - Logger.py[line:45] - fuc:__console- INFO: 开始执行用例test_edit_orgcom_name_abnormal
[2021-02-26 11:17:04,921] - Logger.py[line:45] - fuc:__console- INFO: 开始执行用例test_org_username_add
[2021-02-26 11:17:08,411] - Logger.py[line:45] - fuc:__console- INFO: 开始执行用例test_org_username_add
[2021-02-26 11:17:11,949] - Logger.py[line:45] - fuc:__console- INFO: 开始执行用例test_org_username_add
[2021-02-26 11:17:15,620] - Logger.py[line:45] - fuc:__console- INFO: 开始执行用例test_org_code_add
[2021-02-26 11:17:19,271] - Logger.py[line:45] - fuc:__console- INFO: 开始执行用例test_org_code_add
[2021-02-26 11:17:22,827] - Logger.py[line:45] - fuc:__console- INFO: 开始执行用例test_org_code_add
[2021-02-26 11:17:26,430] - Logger.py[line:45] - fuc:__console- INFO: 开始执行用例test_org_code_add
[2021-02-26 11:17:29,924] - Logger.py[line:45] - fuc:__console- INFO: 开始执行用例test_org_code_add
[2021-02-26 11:17:33,556] - Logger.py[line:45] - fuc:__console- INFO: 开始执行用例test_org_tel_add
[2021-02-26 11:17:37,113] - Logger.py[line:45] - fuc:__console- INFO: 开始执行用例test_org_tel_add
[2021-02-26 11:17:40,576] - Logger.py[line:45] - fuc:__console- INFO: 开始执行用例test_org_tel_add
[2021-02-26 11:17:44,204] - Logger.py[line:45] - fuc:__console- INFO: 开始执行用例test_org_tel_add
[2021-02-26 11:17:47,783] - Logger.py[line:45] - fuc:__console- INFO: 开始执行用例test_org_user_add
[2021-02-26 11:17:55,430] - Logger.py[line:45] - fuc:__console- INFO: 开始执行用例test_org_username_edit
[2021-02-26 11:17:59,807] - Logger.py[line:45] - fuc:__console- INFO: 开始执行用例test_org_username_edit
[2021-02-26 11:18:04,448] - Logger.py[line:45] - fuc:__console- INFO: 开始执行用例test_org_username_edit
[2021-02-26 11:18:09,102] - Logger.py[line:45] - fuc:__console- INFO: 开始执行用例test_org_tel_edit
[2021-02-26 11:18:13,798] - Logger.py[line:45] - fuc:__console- INFO: 开始执行用例test_org_tel_edit
[2021-02-26 11:18:18,540] - Logger.py[line:45] - fuc:__console- INFO: 开始执行用例test_org_tel_edit
[2021-02-26 11:18:23,113] - Logger.py[line:45] - fuc:__console- INFO: 开始执行用例test_org_tel_edit
[2021-02-26 11:22:53,005] - Logger.py[line:45] - fuc:__console- INFO: 开始执行用例test_add_orgcom_name_abnormal
[2021-02-26 11:24:59,143] - Logger.py[line:45] - fuc:__console- INFO: 开始执行用例test_add_orgcom_name_abnormal
[2021-02-26 11:25:02,496] - Logger.py[line:45] - fuc:__console- INFO: 开始执行用例test_add_orgcom_name_abnormal
[2021-02-26 11:25:04,061] - Logger.py[line:45] - fuc:__console- INFO: 开始执行用例test_add_orgcom_name_abnormal
[2021-02-26 11:25:05,496] - Logger.py[line:45] - fuc:__console- INFO: 开始执行用例test_add_orgcom_code_abnormal
[2021-02-26 11:25:06,886] - Logger.py[line:45] - fuc:__console- INFO: 开始执行用例test_add_orgcom_code_abnormal
[2021-02-26 11:25:08,394] - Logger.py[line:45] - fuc:__console- INFO: 开始执行用例test_add_orgcom_code_abnormal
[2021-02-26 11:25:10,076] - Logger.py[line:45] - fuc:__console- INFO: 开始执行用例test_add_orgcom
[2021-02-26 11:25:15,700] - Logger.py[line:45] - fuc:__console- INFO: 开始执行用例test_edit_orgcom_name_abnormal
[2021-02-26 11:25:18,859] - Logger.py[line:45] - fuc:__console- INFO: 开始执行用例test_edit_orgcom_name_abnormal
[2021-02-26 11:25:22,881] - Logger.py[line:45] - fuc:__console- INFO: 开始执行用例test_edit_orgcom_name_abnormal
[2021-02-26 11:25:26,972] - Logger.py[line:45] - fuc:__console- INFO: 开始执行用例test_org_username_add
[2021-02-26 11:25:30,395] - Logger.py[line:45] - fuc:__console- INFO: 开始执行用例test_org_username_add
[2021-02-26 11:25:34,035] - Logger.py[line:45] - fuc:__console- INFO: 开始执行用例test_org_username_add
[2021-02-26 11:25:37,717] - Logger.py[line:45] - fuc:__console- INFO: 开始执行用例test_org_code_add
[2021-02-26 11:25:41,263] - Logger.py[line:45] - fuc:__console- INFO: 开始执行用例test_org_code_add
[2021-02-26 11:25:44,988] - Logger.py[line:45] - fuc:__console- INFO: 开始执行用例test_org_code_add
[2021-02-26 11:25:48,725] - Logger.py[line:45] - fuc:__console- INFO: 开始执行用例test_org_code_add
[2021-02-26 11:25:52,286] - Logger.py[line:45] - fuc:__console- INFO: 开始执行用例test_org_code_add
[2021-02-26 11:25:55,871] - Logger.py[line:45] - fuc:__console- INFO: 开始执行用例test_org_tel_add
[2021-02-26 11:25:59,422] - Logger.py[line:45] - fuc:__console- INFO: 开始执行用例test_org_tel_add
[2021-02-26 11:26:02,831] - Logger.py[line:45] - fuc:__console- INFO: 开始执行用例test_org_tel_add
[2021-02-26 11:26:06,415] - Logger.py[line:45] - fuc:__console- INFO: 开始执行用例test_org_tel_add
[2021-02-26 11:26:09,967] - Logger.py[line:45] - fuc:__console- INFO: 开始执行用例test_org_user_add
[2021-02-26 11:26:17,633] - Logger.py[line:45] - fuc:__console- INFO: 开始执行用例test_org_username_edit
[2021-02-26 11:26:22,177] - Logger.py[line:45] - fuc:__console- INFO: 开始执行用例test_org_username_edit
[2021-02-26 11:26:26,821] - Logger.py[line:45] - fuc:__console- INFO: 开始执行用例test_org_username_edit
[2021-02-26 11:26:31,502] - Logger.py[line:45] - fuc:__console- INFO: 开始执行用例test_org_tel_edit
[2021-02-26 11:26:36,149] - Logger.py[line:45] - fuc:__console- INFO: 开始执行用例test_org_tel_edit
[2021-02-26 11:26:40,850] - Logger.py[line:45] - fuc:__console- INFO: 开始执行用例test_org_tel_edit
[2021-02-26 11:26:45,757] - Logger.py[line:45] - fuc:__console- INFO: 开始执行用例test_org_tel_edit
[2021-02-26 11:36:26,029] - Logger.py[line:45] - fuc:__console- INFO: 按物料名称筛选test_Material_Set_001
[2021-02-26 11:36:28,784] - Logger.py[line:45] - fuc:__console- INFO: 编辑物料字段test_Material_Set_abnormal
[2021-02-26 11:36:32,246] - Logger.py[line:45] - fuc:__console- INFO: 设置物料字段默认值test_Material_Set_weight_abnormal
[2021-02-26 11:36:41,470] - Logger.py[line:45] - fuc:__console- INFO: 设置物料字段默认值test_Material_Set_weight_abnormal
[2021-02-26 11:36:53,725] - Logger.py[line:45] - fuc:__console- INFO: 设置物料字段默认值test_Material_Set_validity_abnormal
[2021-02-26 11:37:13,199] - Logger.py[line:45] - fuc:__console- INFO: 设置物料字段默认值test_Material_Set_validity_abnormal
[2021-02-26 11:37:36,228] - Logger.py[line:45] - fuc:__console- INFO: 设置物料字段默认值test_Material_Set_alarm_abnormal
[2021-02-26 11:38:04,116] - Logger.py[line:45] - fuc:__console- INFO: 设置物料字段默认值test_Material_Set_alarm_abnormal
[2021-02-26 11:38:35,383] - Logger.py[line:45] - fuc:__console- INFO: 设置物料字段默认值test_Material_Set_qty_abnormal
[2021-02-26 11:39:14,525] - Logger.py[line:45] - fuc:__console- INFO: 设置物料字段默认值test_Material_Set_qty_abnormal
[2021-02-26 15:08:05,397] - Logger.py[line:45] - fuc:__console- INFO: 开始执行用例test_add_riskprevention
[2021-02-26 15:08:10,030] - Logger.py[line:45] - fuc:__console- INFO: 开始执行用例test_search_riskprevention
[2021-02-26 15:08:19,350] - Logger.py[line:45] - fuc:__console- INFO: 开始执行用例test_edit_riskprevention
[2021-02-26 15:08:25,539] - Logger.py[line:45] - fuc:__console- INFO: 开始执行用例test_effect_riskprevention
