[2021-01-28 09:47:37,394] - Logger.py[line:45] - fuc:__console- INFO: 开始执行用例test_mimanage_import
[2021-01-28 09:49:07,674] - Logger.py[line:45] - fuc:__console- INFO: 开始执行用例test_mimanage_import
[2021-01-28 09:50:39,188] - Logger.py[line:45] - fuc:__console- INFO: 开始执行用例test_mimanage_import
[2021-01-28 09:52:34,710] - Logger.py[line:45] - fuc:__console- INFO: 开始执行用例test_mimanage_import
[2021-01-28 09:54:04,495] - Logger.py[line:45] - fuc:__console- INFO: 开始执行用例test_mimanage_import
[2021-01-28 09:56:46,204] - Logger.py[line:45] - fuc:__console- INFO: 开始执行用例test_mimanage_add
[2021-01-28 09:56:48,762] - Logger.py[line:45] - fuc:__console- INFO: 开始执行用例test_mimanage_search
[2021-01-28 09:56:52,422] - Logger.py[line:45] - fuc:__console- INFO: 开始执行用例test_mimanage_import
[2021-01-28 09:57:10,208] - Logger.py[line:45] - fuc:__console- INFO: 开始执行用例test_mimanage_approve
[2021-01-28 09:57:14,698] - Logger.py[line:45] - fuc:__console- INFO: 开始执行用例test_mimanage_publish
[2021-01-28 09:59:50,267] - Logger.py[line:45] - fuc:__console- INFO: 开始执行用例test_login_organization
[2021-01-28 09:59:51,393] - Logger.py[line:45] - fuc:__console- INFO: 开始执行用例test_add_orgcom
[2021-01-28 09:59:54,158] - Logger.py[line:45] - fuc:__console- INFO: 开始执行用例test_edit_orgcom
[2021-01-28 09:59:55,853] - Logger.py[line:45] - fuc:__console- INFO: 开始执行用例test_delete_orgcom
[2021-01-28 09:59:57,039] - Logger.py[line:45] - fuc:__console- INFO: 开始执行用例test_refresh_orgcom
[2021-01-28 09:59:57,091] - Logger.py[line:45] - fuc:__console- INFO: 开始执行用例test_org_user_add
[2021-01-28 10:00:02,233] - Logger.py[line:45] - fuc:__console- INFO: 开始执行用例test_org_user_edit
[2021-01-28 10:00:33,212] - Logger.py[line:45] - fuc:__console- INFO: 开始执行用例test_org_user_delete
[2021-01-28 10:00:33,345] - Logger.py[line:45] - fuc:__console- INFO: 开始执行用例test_org_refresh
[2021-01-28 10:11:34,695] - Logger.py[line:45] - fuc:__console- INFO: 开始执行用例test_login_organization
[2021-01-28 10:11:35,752] - Logger.py[line:45] - fuc:__console- INFO: 开始执行用例test_add_orgcom
[2021-01-28 10:11:37,455] - Logger.py[line:45] - fuc:__console- INFO: 开始执行用例test_edit_orgcom
[2021-01-28 10:11:39,175] - Logger.py[line:45] - fuc:__console- INFO: 开始执行用例test_delete_orgcom
[2021-01-28 10:11:43,424] - Logger.py[line:45] - fuc:__console- INFO: 开始执行用例test_refresh_orgcom
[2021-01-28 10:11:46,555] - Logger.py[line:45] - fuc:__console- INFO: 开始执行用例test_org_user_add
[2021-01-28 10:11:50,494] - Logger.py[line:45] - fuc:__console- INFO: 开始执行用例test_org_user_search
[2021-01-28 10:11:54,446] - Logger.py[line:45] - fuc:__console- INFO: 开始执行用例test_org_user_edit
[2021-01-28 10:11:56,154] - Logger.py[line:45] - fuc:__console- INFO: 开始执行用例test_org_user_delete
[2021-01-28 10:11:56,300] - Logger.py[line:45] - fuc:__console- INFO: 开始执行用例test_org_user_search_clear
[2021-01-28 10:12:00,174] - Logger.py[line:45] - fuc:__console- INFO: 开始执行用例test_org_refresh
[2021-01-28 10:15:55,846] - Logger.py[line:45] - fuc:__console- INFO: 开始执行用例test_login_organization
[2021-01-28 10:15:59,833] - Logger.py[line:45] - fuc:__console- INFO: 开始执行用例test_add_orgcom
[2021-01-28 10:16:01,599] - Logger.py[line:45] - fuc:__console- INFO: 开始执行用例test_edit_orgcom
[2021-01-28 10:16:03,366] - Logger.py[line:45] - fuc:__console- INFO: 开始执行用例test_delete_orgcom
[2021-01-28 10:16:07,623] - Logger.py[line:45] - fuc:__console- INFO: 开始执行用例test_refresh_orgcom
[2021-01-28 10:16:10,786] - Logger.py[line:45] - fuc:__console- INFO: 开始执行用例test_org_user_add
[2021-01-28 10:16:14,754] - Logger.py[line:45] - fuc:__console- INFO: 开始执行用例test_org_user_search
[2021-01-28 10:16:17,521] - Logger.py[line:45] - fuc:__console- INFO: 开始执行用例test_org_user_edit
[2021-01-28 10:16:19,366] - Logger.py[line:45] - fuc:__console- INFO: 开始执行用例test_org_user_delete
[2021-01-28 10:16:19,514] - Logger.py[line:45] - fuc:__console- INFO: 开始执行用例test_org_user_search_clear
[2021-01-28 10:16:25,133] - Logger.py[line:45] - fuc:__console- INFO: 开始执行用例test_org_refresh
[2021-01-28 11:28:39,791] - Logger.py[line:45] - fuc:__console- INFO: 开始执行用例test_add_attributive_list
[2021-01-28 11:28:43,045] - Logger.py[line:45] - fuc:__console- INFO: 开始执行用例test_edit_attributive_list
[2021-01-28 11:29:22,222] - Logger.py[line:45] - fuc:__console- INFO: 开始执行用例test_copy_attributive_list
[2021-01-28 11:29:25,408] - Logger.py[line:45] - fuc:__console- INFO: 开始执行用例test_noeffect_attributive_list
[2021-01-28 11:29:28,666] - Logger.py[line:45] - fuc:__console- INFO: 开始执行用例test_effect_attributive_list
[2021-01-28 11:29:29,897] - Logger.py[line:45] - fuc:__console- INFO: 开始执行用例test_edit_status
[2021-01-28 11:43:32,997] - Logger.py[line:45] - fuc:__console- INFO: 开始执行用例test_workpacking_001
[2021-01-28 13:48:56,570] - Logger.py[line:45] - fuc:__console- INFO: 开始执行用例test_workpacking_001
[2021-01-28 13:51:47,490] - Logger.py[line:45] - fuc:__console- INFO: 开始执行用例test_workpacking_001
[2021-01-28 13:55:42,924] - Logger.py[line:45] - fuc:__console- INFO: 开始执行用例test_workpacking_001
[2021-01-28 13:58:22,859] - Logger.py[line:45] - fuc:__console- INFO: 开始执行用例test_workpacking_001
[2021-01-28 13:58:40,538] - Logger.py[line:45] - fuc:__console- INFO: 开始执行用例test_MI_Execution_001
[2021-01-28 13:58:46,050] - Logger.py[line:45] - fuc:__console- INFO: 开始执行用例test_MI_Execution_002
[2021-01-28 13:58:46,171] - Logger.py[line:45] - fuc:__console- INFO: 开始执行用例test_MI_Execution_003
[2021-01-28 13:58:48,386] - Logger.py[line:45] - fuc:__console- INFO: 开始执行用例test_MI_Execution_004
[2021-01-28 13:58:49,455] - Logger.py[line:45] - fuc:__console- INFO: 开始执行用例test_MI_Execution_005
[2021-01-28 13:58:51,209] - Logger.py[line:45] - fuc:__console- INFO: 开始执行用例test_MI_Execution_006
[2021-01-28 13:58:52,780] - Logger.py[line:45] - fuc:__console- INFO: 开始执行用例test_MI_Execution_007
[2021-01-28 13:58:53,905] - Logger.py[line:45] - fuc:__console- INFO: 开始执行用例test_MI_Execution_008
[2021-01-28 13:58:55,242] - Logger.py[line:45] - fuc:__console- INFO: 开始执行用例test_MI_Execution_009
[2021-01-28 13:59:00,805] - Logger.py[line:45] - fuc:__console- INFO: 开始执行用例test_MI_Execution_010
[2021-01-28 13:59:02,086] - Logger.py[line:45] - fuc:__console- INFO: 开始执行用例test_MI_Execution_011
[2021-01-28 13:59:08,057] - Logger.py[line:45] - fuc:__console- INFO: 开始执行用例test_MI_Execution_012
[2021-01-28 13:59:15,158] - Logger.py[line:45] - fuc:__console- INFO: 开始执行用例test_MI_Execution_013
[2021-01-28 13:59:18,958] - Logger.py[line:45] - fuc:__console- INFO: 开始执行用例test_MI_Execution_014
[2021-01-28 14:12:38,894] - Logger.py[line:45] - fuc:__console- INFO: 开始执行用例test_Container_Manage_001
[2021-01-28 14:12:45,134] - Logger.py[line:45] - fuc:__console- INFO: 开始执行用例test_Container_Manage_002
[2021-01-28 14:12:53,928] - Logger.py[line:45] - fuc:__console- INFO: 开始执行用例test_Container_Manage_003
[2021-01-28 14:12:58,343] - Logger.py[line:45] - fuc:__console- INFO: 开始执行用例test_Container_Manage_004
[2021-01-28 14:13:02,114] - Logger.py[line:45] - fuc:__console- INFO: 开始执行用例test_Container_Manage_004
[2021-01-28 14:13:28,662] - Logger.py[line:45] - fuc:__console- INFO: 开始执行用例test_Container_Manage_005
[2021-01-28 14:13:40,569] - Logger.py[line:45] - fuc:__console- INFO: 开始执行用例test_Container_Manage_006
[2021-01-28 14:13:42,921] - Logger.py[line:45] - fuc:__console- INFO: 开始执行用例test_Container_Manage_007
[2021-01-28 14:18:14,237] - Logger.py[line:45] - fuc:__console- INFO: 开始执行用例test_Container_Manage_001
[2021-01-28 14:18:20,393] - Logger.py[line:45] - fuc:__console- INFO: 开始执行用例test_Container_Manage_002
[2021-01-28 14:18:29,090] - Logger.py[line:45] - fuc:__console- INFO: 开始执行用例test_Container_Manage_003
[2021-01-28 14:18:33,551] - Logger.py[line:45] - fuc:__console- INFO: 开始执行用例test_Container_Manage_004
[2021-01-28 14:18:37,171] - Logger.py[line:45] - fuc:__console- INFO: 开始执行用例test_Container_Manage_004
[2021-01-28 14:18:40,882] - Logger.py[line:45] - fuc:__console- INFO: 开始执行用例test_Container_Manage_005
[2021-01-28 14:18:44,449] - Logger.py[line:45] - fuc:__console- INFO: 开始执行用例test_Container_Manage_006
[2021-01-28 14:18:45,891] - Logger.py[line:45] - fuc:__console- INFO: 开始执行用例test_Container_Manage_007
[2021-01-28 14:18:49,008] - Logger.py[line:45] - fuc:__console- INFO: 开始执行用例test_Container_Manage_008
[2021-01-28 14:28:46,204] - Logger.py[line:45] - fuc:__console- INFO: 开始执行用例test_Container_Over_001
[2021-01-28 14:28:48,511] - Logger.py[line:45] - fuc:__console- INFO: 开始执行用例test_Container_Over_002
[2021-01-28 14:28:55,127] - Logger.py[line:45] - fuc:__console- INFO: 开始执行用例test_Container_Over_003
[2021-01-28 14:28:57,392] - Logger.py[line:45] - fuc:__console- INFO: 开始执行用例test_Container_Over_004
[2021-01-28 14:28:59,722] - Logger.py[line:45] - fuc:__console- INFO: 开始执行用例test_Container_Over_005
[2021-01-28 14:29:11,077] - Logger.py[line:45] - fuc:__console- INFO: 开始执行用例test_Container_Over_006
[2021-01-28 14:29:13,491] - Logger.py[line:45] - fuc:__console- INFO: 开始执行用例test_Container_Over_007
[2021-01-28 14:33:33,105] - Logger.py[line:45] - fuc:__console- INFO: 开始执行用例test_Container_Sample_001
[2021-01-28 14:33:36,894] - Logger.py[line:45] - fuc:__console- INFO: 开始执行用例test_Container_Sample_001
[2021-01-28 14:33:40,595] - Logger.py[line:45] - fuc:__console- INFO: 开始执行用例test_Container_Sample_002
[2021-01-28 14:34:08,123] - Logger.py[line:45] - fuc:__console- INFO: 开始执行用例test_Container_Sample_003
[2021-01-28 14:43:46,105] - Logger.py[line:45] - fuc:__console- INFO: 开始执行用例test_add_pallet_pack
[2021-01-28 14:43:48,787] - Logger.py[line:45] - fuc:__console- INFO: 开始执行用例test_edit_pallet_pack
[2021-01-28 14:43:50,739] - Logger.py[line:45] - fuc:__console- INFO: 开始执行用例test_delete_pallet_pack
[2021-01-28 14:56:09,579] - Logger.py[line:45] - fuc:__console- INFO: 开始执行用例test_pallet_pack_add
[2021-01-28 14:56:14,220] - Logger.py[line:45] - fuc:__console- INFO: 开始执行用例test_pallet_pack_search
[2021-01-28 14:56:17,471] - Logger.py[line:45] - fuc:__console- INFO: 开始执行用例test_pallet_pack_edit
[2021-01-28 14:56:25,830] - Logger.py[line:45] - fuc:__console- INFO: 开始执行用例test_pallet_pack_delete
[2021-01-28 14:56:30,066] - Logger.py[line:45] - fuc:__console- INFO: 开始执行用例test_pallet_pack_search_clear
[2021-01-28 14:58:02,442] - Logger.py[line:45] - fuc:__console- INFO: 开始执行用例test_pallet_pack_add
[2021-01-28 14:58:07,359] - Logger.py[line:45] - fuc:__console- INFO: 开始执行用例test_pallet_pack_search
[2021-01-28 14:58:15,390] - Logger.py[line:45] - fuc:__console- INFO: 开始执行用例test_pallet_pack_edit
[2021-01-28 14:58:27,526] - Logger.py[line:45] - fuc:__console- INFO: 开始执行用例test_pallet_pack_delete
[2021-01-28 14:58:31,780] - Logger.py[line:45] - fuc:__console- INFO: 开始执行用例test_pallet_pack_search_clear
[2021-01-28 15:07:14,176] - Logger.py[line:45] - fuc:__console- INFO: 开始执行用例test_pallet_pack_add
[2021-01-28 15:07:20,046] - Logger.py[line:45] - fuc:__console- INFO: 开始执行用例test_pallet_pack_search
[2021-01-28 15:07:22,776] - Logger.py[line:45] - fuc:__console- INFO: 开始执行用例test_pallet_pack_edit
[2021-01-28 15:07:25,687] - Logger.py[line:45] - fuc:__console- INFO: 开始执行用例test_pallet_pack_delete
[2021-01-28 15:07:29,971] - Logger.py[line:45] - fuc:__console- INFO: 开始执行用例test_pallet_pack_search_clear
[2021-01-28 15:25:13,500] - Logger.py[line:45] - fuc:__console- INFO: 开始执行用例test_standardcontainer_add
[2021-01-28 15:25:23,619] - Logger.py[line:45] - fuc:__console- INFO: 开始执行用例test_standarcontainer_search
[2021-01-28 15:25:26,420] - Logger.py[line:45] - fuc:__console- INFO: 开始执行用例test_standardcontainer_edit
[2021-01-28 15:25:45,865] - Logger.py[line:45] - fuc:__console- INFO: 开始执行用例test_standardcontainer_delete
[2021-01-28 15:25:50,245] - Logger.py[line:45] - fuc:__console- INFO: 开始执行用例test_standarcontainer_search_clear
[2021-01-28 15:33:11,719] - Logger.py[line:45] - fuc:__console- INFO: 开始执行用例test_standardcontainer_add
[2021-01-28 15:33:21,968] - Logger.py[line:45] - fuc:__console- INFO: 开始执行用例test_standarcontainer_search
[2021-01-28 15:33:24,645] - Logger.py[line:45] - fuc:__console- INFO: 开始执行用例test_standardcontainer_edit
[2021-01-28 15:33:35,956] - Logger.py[line:45] - fuc:__console- INFO: 开始执行用例test_standardcontainer_delete
[2021-01-28 15:33:40,278] - Logger.py[line:45] - fuc:__console- INFO: 开始执行用例test_standarcontainer_search_clear
[2021-01-28 17:26:16,583] - Logger.py[line:45] - fuc:__console- INFO: 开始执行用例test_attributive_list_add
[2021-01-28 17:26:20,974] - Logger.py[line:45] - fuc:__console- INFO: 开始执行用例test_attributive_list_search
[2021-01-28 17:26:23,525] - Logger.py[line:45] - fuc:__console- INFO: 开始执行用例test_attributive_list_edit
[2021-01-28 17:26:26,075] - Logger.py[line:45] - fuc:__console- INFO: 开始执行用例test_attributive_list_copy
[2021-01-28 17:26:33,690] - Logger.py[line:45] - fuc:__console- INFO: 开始执行用例test_attributive_list_noeffect
[2021-01-28 17:26:34,905] - Logger.py[line:45] - fuc:__console- INFO: 开始执行用例test_attributive_list_effect
[2021-01-28 17:26:36,135] - Logger.py[line:45] - fuc:__console- INFO: 开始执行用例test_status_rule_edit
[2021-01-28 17:26:40,120] - Logger.py[line:45] - fuc:__console- INFO: 开始执行用例test_status_rule_delete
[2021-01-28 17:27:14,066] - Logger.py[line:45] - fuc:__console- INFO: 开始执行用例test_status_edit
[2021-01-28 17:27:17,536] - Logger.py[line:45] - fuc:__console- INFO: 开始执行用例test_status_delete
[2021-01-28 17:30:51,907] - Logger.py[line:45] - fuc:__console- INFO: 开始执行用例test_attributive_list_add
[2021-01-28 17:30:56,364] - Logger.py[line:45] - fuc:__console- INFO: 开始执行用例test_attributive_list_search
[2021-01-28 17:30:59,034] - Logger.py[line:45] - fuc:__console- INFO: 开始执行用例test_attributive_list_edit
[2021-01-28 17:31:02,738] - Logger.py[line:45] - fuc:__console- INFO: 开始执行用例test_attributive_list_copy
[2021-01-28 17:31:11,458] - Logger.py[line:45] - fuc:__console- INFO: 开始执行用例test_attributive_list_noeffect
[2021-01-28 17:31:12,707] - Logger.py[line:45] - fuc:__console- INFO: 开始执行用例test_attributive_list_effect
[2021-01-28 17:31:13,962] - Logger.py[line:45] - fuc:__console- INFO: 开始执行用例test_status_rule_edit
[2021-01-28 17:31:16,616] - Logger.py[line:45] - fuc:__console- INFO: 开始执行用例test_status_rule_delete
[2021-01-28 17:31:21,016] - Logger.py[line:45] - fuc:__console- INFO: 开始执行用例test_status_edit
[2021-01-28 17:31:25,067] - Logger.py[line:45] - fuc:__console- INFO: 开始执行用例test_status_delete
[2021-01-28 17:37:39,505] - Logger.py[line:45] - fuc:__console- INFO: 开始执行用例test_attributive_list_add
[2021-01-28 17:37:44,002] - Logger.py[line:45] - fuc:__console- INFO: 开始执行用例test_attributive_list_search
[2021-01-28 17:37:46,639] - Logger.py[line:45] - fuc:__console- INFO: 开始执行用例test_attributive_list_edit
[2021-01-28 17:37:50,354] - Logger.py[line:45] - fuc:__console- INFO: 开始执行用例test_attributive_list_search_clear
[2021-01-28 17:37:52,903] - Logger.py[line:45] - fuc:__console- INFO: 开始执行用例test_attributive_list_copy
[2021-01-28 17:37:57,840] - Logger.py[line:45] - fuc:__console- INFO: 开始执行用例test_attributive_list_noeffect
[2021-01-28 17:38:04,347] - Logger.py[line:45] - fuc:__console- INFO: 开始执行用例test_attributive_list_effect
[2021-01-28 17:38:20,192] - Logger.py[line:45] - fuc:__console- INFO: 开始执行用例test_status_rule_edit
[2021-01-28 17:38:22,801] - Logger.py[line:45] - fuc:__console- INFO: 开始执行用例test_status_rule_delete
[2021-01-28 17:38:27,245] - Logger.py[line:45] - fuc:__console- INFO: 开始执行用例test_status_edit
[2021-01-28 17:38:31,268] - Logger.py[line:45] - fuc:__console- INFO: 开始执行用例test_status_delete
[2021-01-28 17:44:21,285] - Logger.py[line:45] - fuc:__console- INFO: 开始执行用例test_attributive_list_add
[2021-01-28 17:44:24,202] - Logger.py[line:45] - fuc:__console- INFO: 开始执行用例test_attributive_list_search
[2021-01-28 17:47:26,235] - Logger.py[line:45] - fuc:__console- INFO: 开始执行用例test_attributive_list_add
[2021-01-28 17:47:31,679] - Logger.py[line:45] - fuc:__console- INFO: 开始执行用例test_attributive_list_search
[2021-01-28 17:47:34,373] - Logger.py[line:45] - fuc:__console- INFO: 开始执行用例test_attributive_list_edit
[2021-01-28 17:47:38,091] - Logger.py[line:45] - fuc:__console- INFO: 开始执行用例test_attributive_list_noeffect
[2021-01-28 17:47:44,507] - Logger.py[line:45] - fuc:__console- INFO: 开始执行用例test_attributive_list_effect
[2021-01-28 17:48:14,164] - Logger.py[line:45] - fuc:__console- INFO: 开始执行用例test_status_rule_edit
[2021-01-28 17:48:18,112] - Logger.py[line:45] - fuc:__console- INFO: 开始执行用例test_status_rule_delete
[2021-01-28 17:48:24,572] - Logger.py[line:45] - fuc:__console- INFO: 开始执行用例test_status_edit
[2021-01-28 17:48:29,385] - Logger.py[line:45] - fuc:__console- INFO: 开始执行用例test_status_delete
[2021-01-28 17:48:34,548] - Logger.py[line:45] - fuc:__console- INFO: 开始执行用例test_attributive_list_copy
[2021-01-28 17:49:47,227] - Logger.py[line:45] - fuc:__console- INFO: 开始执行用例test_attributive_list_add
[2021-01-28 17:49:51,874] - Logger.py[line:45] - fuc:__console- INFO: 开始执行用例test_attributive_list_search
[2021-01-28 17:49:54,614] - Logger.py[line:45] - fuc:__console- INFO: 开始执行用例test_attributive_list_edit
[2021-01-28 17:49:58,363] - Logger.py[line:45] - fuc:__console- INFO: 开始执行用例test_attributive_list_noeffect
[2021-01-28 17:50:04,868] - Logger.py[line:45] - fuc:__console- INFO: 开始执行用例test_attributive_list_effect
[2021-01-28 17:50:27,075] - Logger.py[line:45] - fuc:__console- INFO: 开始执行用例test_status_rule_edit
[2021-01-28 17:50:30,705] - Logger.py[line:45] - fuc:__console- INFO: 开始执行用例test_status_rule_delete
[2021-01-28 17:50:36,949] - Logger.py[line:45] - fuc:__console- INFO: 开始执行用例test_status_edit
[2021-01-28 17:50:41,626] - Logger.py[line:45] - fuc:__console- INFO: 开始执行用例test_status_delete
[2021-01-28 17:50:46,491] - Logger.py[line:45] - fuc:__console- INFO: 开始执行用例test_attributive_list_copy
[2021-01-28 17:51:53,498] - Logger.py[line:45] - fuc:__console- INFO: 开始执行用例test_attributive_list_add
[2021-01-28 17:51:58,103] - Logger.py[line:45] - fuc:__console- INFO: 开始执行用例test_attributive_list_search
[2021-01-28 17:52:09,081] - Logger.py[line:45] - fuc:__console- INFO: 开始执行用例test_attributive_list_edit
[2021-01-28 17:52:21,940] - Logger.py[line:45] - fuc:__console- INFO: 开始执行用例test_attributive_list_noeffect
[2021-01-28 17:52:23,123] - Logger.py[line:45] - fuc:__console- INFO: 开始执行用例test_attributive_list_effect
[2021-01-28 17:52:24,342] - Logger.py[line:45] - fuc:__console- INFO: 开始执行用例test_status_rule_edit
[2021-01-28 17:52:26,902] - Logger.py[line:45] - fuc:__console- INFO: 开始执行用例test_status_rule_delete
[2021-01-28 17:52:32,965] - Logger.py[line:45] - fuc:__console- INFO: 开始执行用例test_status_edit
[2021-01-28 17:52:37,481] - Logger.py[line:45] - fuc:__console- INFO: 开始执行用例test_status_delete
[2021-01-28 17:52:42,407] - Logger.py[line:45] - fuc:__console- INFO: 开始执行用例test_attributive_list_copy
[2021-01-28 17:54:21,062] - Logger.py[line:45] - fuc:__console- INFO: 开始执行用例test_attributive_list_add
[2021-01-28 17:54:25,581] - Logger.py[line:45] - fuc:__console- INFO: 开始执行用例test_attributive_list_search
[2021-01-28 17:54:28,289] - Logger.py[line:45] - fuc:__console- INFO: 开始执行用例test_attributive_list_edit
[2021-01-28 17:54:32,017] - Logger.py[line:45] - fuc:__console- INFO: 开始执行用例test_attributive_list_noeffect
[2021-01-28 17:54:33,253] - Logger.py[line:45] - fuc:__console- INFO: 开始执行用例test_attributive_list_effect
[2021-01-28 17:54:34,487] - Logger.py[line:45] - fuc:__console- INFO: 开始执行用例test_status_rule_edit
[2021-01-28 17:54:37,016] - Logger.py[line:45] - fuc:__console- INFO: 开始执行用例test_status_rule_delete
[2021-01-28 17:54:42,872] - Logger.py[line:45] - fuc:__console- INFO: 开始执行用例test_status_edit
[2021-01-28 17:54:47,565] - Logger.py[line:45] - fuc:__console- INFO: 开始执行用例test_status_delete
[2021-01-28 17:54:52,434] - Logger.py[line:45] - fuc:__console- INFO: 开始执行用例test_attributive_list_copy
