[2021-04-12 09:06:32,679] - Logger.py[line:45] - fuc:__console- INFO: 开始执行用例test_weightwo_search
[2021-04-12 09:06:36,194] - Logger.py[line:45] - fuc:__console- INFO: 开始执行用例test_weightwo_count
[2021-04-12 09:07:53,328] - Logger.py[line:45] - fuc:__console- INFO: 开始执行用例test_weightwo_search
[2021-04-12 09:07:57,067] - Logger.py[line:45] - fuc:__console- INFO: 开始执行用例test_weightwo_count
[2021-04-12 09:10:37,711] - Logger.py[line:45] - fuc:__console- INFO: 开始执行用例test_weightwo_search
[2021-04-12 09:10:41,480] - Logger.py[line:45] - fuc:__console- INFO: 开始执行用例test_weightwo_count
[2021-04-12 09:19:33,412] - Logger.py[line:45] - fuc:__console- INFO: 开始执行用例test_weightwo_search
[2021-04-12 09:19:37,126] - Logger.py[line:45] - fuc:__console- INFO: 开始执行用例test_weightwo_count
[2021-04-12 09:26:11,267] - Logger.py[line:45] - fuc:__console- INFO: 开始执行用例test_weightwo_search
[2021-04-12 09:26:14,996] - Logger.py[line:45] - fuc:__console- INFO: 开始执行用例test_weightwo_count
[2021-04-12 09:42:51,226] - Logger.py[line:45] - fuc:__console- INFO: 开始执行用例test_weightwo_search
[2021-04-12 09:42:54,869] - Logger.py[line:45] - fuc:__console- INFO: 开始执行用例test_weightwo_count
[2021-04-12 09:43:36,272] - Logger.py[line:45] - fuc:__console- INFO: 开始执行用例test_weightwo_search
[2021-04-12 09:43:40,019] - Logger.py[line:45] - fuc:__console- INFO: 开始执行用例test_weightwo_count
[2021-04-12 09:45:25,859] - Logger.py[line:45] - fuc:__console- INFO: 开始执行用例test_weightwo_search
[2021-04-12 09:45:29,634] - Logger.py[line:45] - fuc:__console- INFO: 开始执行用例test_weightwo_count
[2021-04-12 09:46:27,545] - Logger.py[line:45] - fuc:__console- INFO: 开始执行用例test_weightwo_search
[2021-04-12 09:46:31,350] - Logger.py[line:45] - fuc:__console- INFO: 开始执行用例test_weightwo_count
[2021-04-12 09:48:13,166] - Logger.py[line:45] - fuc:__console- INFO: 开始执行用例test_weightwo_search
[2021-04-12 09:48:16,945] - Logger.py[line:45] - fuc:__console- INFO: 开始执行用例test_weightwo_count
[2021-04-12 11:04:03,860] - Logger.py[line:45] - fuc:__console- INFO: 开始执行用例test_weightwo_search
[2021-04-12 11:04:07,707] - Logger.py[line:45] - fuc:__console- INFO: 开始执行用例test_weightwo_lot_detail
[2021-04-12 11:19:29,409] - Logger.py[line:45] - fuc:__console- INFO: 开始执行用例test_weightwo_search
[2021-04-12 11:19:33,147] - Logger.py[line:45] - fuc:__console- INFO: 开始执行用例test_weightwo_lot_detail
[2021-04-12 11:21:12,874] - Logger.py[line:45] - fuc:__console- INFO: 开始执行用例test_weightwo_search
[2021-04-12 11:21:16,589] - Logger.py[line:45] - fuc:__console- INFO: 开始执行用例test_weightwo_lot_detail
[2021-04-12 11:22:49,749] - Logger.py[line:45] - fuc:__console- INFO: 开始执行用例test_weightwo_search
[2021-04-12 11:22:53,534] - Logger.py[line:45] - fuc:__console- INFO: 开始执行用例test_weightwo_lot_detail
[2021-04-12 11:24:07,684] - Logger.py[line:45] - fuc:__console- INFO: 开始执行用例test_weightwo_search
[2021-04-12 11:24:11,571] - Logger.py[line:45] - fuc:__console- INFO: 开始执行用例test_weightwo_lot_detail
[2021-04-12 11:25:59,106] - Logger.py[line:45] - fuc:__console- INFO: 开始执行用例test_weightwo_search
[2021-04-12 11:26:02,811] - Logger.py[line:45] - fuc:__console- INFO: 开始执行用例test_weightwo_lot_detail
[2021-04-12 11:39:25,924] - Logger.py[line:45] - fuc:__console- INFO: 开始执行用例test_weightwo_search
[2021-04-12 11:39:29,649] - Logger.py[line:45] - fuc:__console- INFO: 开始执行用例test_weightwo_lot_detail
[2021-04-12 11:42:03,570] - Logger.py[line:45] - fuc:__console- INFO: 开始执行用例test_weightwo_search
[2021-04-12 11:42:07,274] - Logger.py[line:45] - fuc:__console- INFO: 开始执行用例test_weightwo_lot_detail
[2021-04-12 11:44:29,270] - Logger.py[line:45] - fuc:__console- INFO: 开始执行用例test_weightwo_search
[2021-04-12 11:44:33,073] - Logger.py[line:45] - fuc:__console- INFO: 开始执行用例test_weightwo_lot_detail
[2021-04-12 11:49:23,960] - Logger.py[line:45] - fuc:__console- INFO: 开始执行用例test_weightwo_search
[2021-04-12 11:49:27,766] - Logger.py[line:45] - fuc:__console- INFO: 开始执行用例test_weightwo_lot_detail
[2021-04-12 11:53:05,793] - Logger.py[line:45] - fuc:__console- INFO: 开始执行用例test_weightwo_search
[2021-04-12 11:53:09,463] - Logger.py[line:45] - fuc:__console- INFO: 开始执行用例test_weightwo_material_detail
[2021-04-12 11:54:22,423] - Logger.py[line:45] - fuc:__console- INFO: 开始执行用例test_weightwo_search
[2021-04-12 11:54:26,076] - Logger.py[line:45] - fuc:__console- INFO: 开始执行用例test_weightwo_lot_detail
[2021-04-12 11:54:36,781] - Logger.py[line:45] - fuc:__console- INFO: 开始执行用例test_weightwo_material_detail
[2021-04-12 13:49:01,644] - Logger.py[line:45] - fuc:__console- INFO: 开始执行用例test_weightwo_search
[2021-04-12 13:49:05,432] - Logger.py[line:45] - fuc:__console- INFO: 开始执行用例test_weightwo_lot_detail
[2021-04-12 13:49:16,137] - Logger.py[line:45] - fuc:__console- INFO: 开始执行用例test_weightwo_material_detail
[2021-04-12 13:50:02,593] - Logger.py[line:45] - fuc:__console- INFO: 开始执行用例test_weightwo_search
[2021-04-12 13:50:06,232] - Logger.py[line:45] - fuc:__console- INFO: 开始执行用例test_weightwo_lot_detail
[2021-04-12 13:50:16,736] - Logger.py[line:45] - fuc:__console- INFO: 开始执行用例test_weightwo_material_detail
[2021-04-12 13:52:11,679] - Logger.py[line:45] - fuc:__console- INFO: 开始执行用例test_weightwo_search
[2021-04-12 13:52:15,459] - Logger.py[line:45] - fuc:__console- INFO: 开始执行用例test_weightwo_lot_detail
[2021-04-12 13:52:28,395] - Logger.py[line:45] - fuc:__console- INFO: 开始执行用例test_weightwo_material_detail
[2021-04-12 14:15:09,187] - Logger.py[line:45] - fuc:__console- INFO: 开始执行用例test_weightwo_search
[2021-04-12 14:15:12,950] - Logger.py[line:45] - fuc:__console- INFO: 开始执行用例test_weightwo_material_detail
[2021-04-12 14:16:39,452] - Logger.py[line:45] - fuc:__console- INFO: 开始执行用例test_weightwo_search
[2021-04-12 14:16:43,185] - Logger.py[line:45] - fuc:__console- INFO: 开始执行用例test_weightwo_cancel_weight
[2021-04-12 14:17:30,755] - Logger.py[line:45] - fuc:__console- INFO: 开始执行用例test_weightwo_search
[2021-04-12 14:17:34,537] - Logger.py[line:45] - fuc:__console- INFO: 开始执行用例test_weightwo_cancel_weight
[2021-04-12 14:18:18,590] - Logger.py[line:45] - fuc:__console- INFO: 开始执行用例test_weightwo_search
[2021-04-12 14:18:22,340] - Logger.py[line:45] - fuc:__console- INFO: 开始执行用例test_weightwo_cancel_weight
[2021-04-12 15:16:58,600] - Logger.py[line:45] - fuc:__console- INFO: 开始执行用例test_weightwo_search
[2021-04-12 15:17:02,351] - Logger.py[line:45] - fuc:__console- INFO: 开始执行用例test_weightwo_cancel_weight
[2021-04-12 15:17:15,002] - Logger.py[line:45] - fuc:__console- INFO: 开始执行用例test_weightwo_cancel_weight
[2021-04-12 15:55:08,955] - Logger.py[line:45] - fuc:__console- INFO: 开始执行用例test_weightwo_search
[2021-04-12 15:55:12,627] - Logger.py[line:45] - fuc:__console- INFO: 开始执行用例test_weightwo_net
[2021-04-12 15:55:35,797] - Logger.py[line:45] - fuc:__console- INFO: 开始执行用例test_weightwo_net
[2021-04-12 15:55:56,195] - Logger.py[line:45] - fuc:__console- INFO: 开始执行用例test_weightwo_net
[2021-04-12 15:56:18,437] - Logger.py[line:45] - fuc:__console- INFO: 开始执行用例test_weightwo_manual
[2021-04-12 15:56:38,663] - Logger.py[line:45] - fuc:__console- INFO: 开始执行用例test_weightwo_manual
[2021-04-12 15:57:01,690] - Logger.py[line:45] - fuc:__console- INFO: 开始执行用例test_weightwo_manual
[2021-04-12 15:57:44,247] - Logger.py[line:45] - fuc:__console- INFO: 开始执行用例test_weightwo_count
[2021-04-12 15:58:15,690] - Logger.py[line:45] - fuc:__console- INFO: 开始执行用例test_weightwo_lot_detail
[2021-04-12 15:58:28,653] - Logger.py[line:45] - fuc:__console- INFO: 开始执行用例test_weightwo_cancel_weight
[2021-04-12 15:58:41,331] - Logger.py[line:45] - fuc:__console- INFO: 开始执行用例test_weightwo_cancel_weight
[2021-04-12 16:02:39,428] - Logger.py[line:45] - fuc:__console- INFO: 开始执行用例test_weightwo_search
[2021-04-12 16:02:43,227] - Logger.py[line:45] - fuc:__console- INFO: 开始执行用例test_weightwo_net
[2021-04-12 16:03:01,002] - Logger.py[line:45] - fuc:__console- INFO: 开始执行用例test_weightwo_net
[2021-04-12 16:25:36,690] - Logger.py[line:45] - fuc:__console- INFO: 开始执行用例test_weightwo_search
[2021-04-12 16:25:40,394] - Logger.py[line:45] - fuc:__console- INFO: 开始执行用例test_weightwo_net
[2021-04-12 16:26:00,809] - Logger.py[line:45] - fuc:__console- INFO: 开始执行用例test_weightwo_net
[2021-04-12 16:29:09,142] - Logger.py[line:45] - fuc:__console- INFO: 开始执行用例test_weightwo_search
[2021-04-12 16:29:12,893] - Logger.py[line:45] - fuc:__console- INFO: 开始执行用例test_weightwo_net
[2021-04-12 16:29:40,560] - Logger.py[line:45] - fuc:__console- INFO: 开始执行用例test_weightwo_net
[2021-04-12 16:30:13,907] - Logger.py[line:45] - fuc:__console- INFO: 开始执行用例test_weightwo_net
[2021-04-12 16:30:57,450] - Logger.py[line:45] - fuc:__console- INFO: 开始执行用例test_weightwo_manual
[2021-04-12 16:31:35,386] - Logger.py[line:45] - fuc:__console- INFO: 开始执行用例test_weightwo_manual
[2021-04-12 16:32:21,473] - Logger.py[line:45] - fuc:__console- INFO: 开始执行用例test_weightwo_manual
[2021-04-12 16:32:59,850] - Logger.py[line:45] - fuc:__console- INFO: 开始执行用例test_weightwo_count
[2021-04-12 16:33:36,485] - Logger.py[line:45] - fuc:__console- INFO: 开始执行用例test_weightwo_lot_detail
[2021-04-12 16:33:49,354] - Logger.py[line:45] - fuc:__console- INFO: 开始执行用例test_weightwo_cancel_weight
[2021-04-12 16:34:01,984] - Logger.py[line:45] - fuc:__console- INFO: 开始执行用例test_weightwo_cancel_weight
[2021-04-12 16:41:06,766] - Logger.py[line:45] - fuc:__console- INFO: 开始执行用例test_weightwo_search
[2021-04-12 16:41:10,527] - Logger.py[line:45] - fuc:__console- INFO: 开始执行用例test_weightwo_net
[2021-04-12 16:41:50,824] - Logger.py[line:45] - fuc:__console- INFO: 开始执行用例test_weightwo_net
[2021-04-12 16:42:30,853] - Logger.py[line:45] - fuc:__console- INFO: 开始执行用例test_weightwo_net
[2021-04-12 17:02:43,905] - Logger.py[line:45] - fuc:__console- INFO: 开始执行用例test_weightwo_search
[2021-04-12 17:02:47,580] - Logger.py[line:45] - fuc:__console- INFO: 开始执行用例test_weightwo_net
[2021-04-12 17:03:27,751] - Logger.py[line:45] - fuc:__console- INFO: 开始执行用例test_weightwo_net
[2021-04-12 17:04:26,260] - Logger.py[line:45] - fuc:__console- INFO: 开始执行用例test_weightwo_search
[2021-04-12 17:04:29,897] - Logger.py[line:45] - fuc:__console- INFO: 开始执行用例test_weightwo_manual
[2021-04-12 17:05:05,890] - Logger.py[line:45] - fuc:__console- INFO: 开始执行用例test_weightwo_manual
[2021-04-12 17:05:39,621] - Logger.py[line:45] - fuc:__console- INFO: 开始执行用例test_weightwo_manual
[2021-04-12 17:06:13,547] - Logger.py[line:45] - fuc:__console- INFO: 开始执行用例test_weightwo_lot_detail
[2021-04-12 17:06:24,154] - Logger.py[line:45] - fuc:__console- INFO: 开始执行用例test_weightwo_cancel_weight
[2021-04-12 17:06:34,704] - Logger.py[line:45] - fuc:__console- INFO: 开始执行用例test_weightwo_cancel_weight
[2021-04-12 17:51:09,877] - Logger.py[line:45] - fuc:__console- INFO: 开始执行用例test_weightwo_search
[2021-04-12 17:51:13,546] - Logger.py[line:45] - fuc:__console- INFO: 开始执行用例test_weightwo_containerid
[2021-04-12 17:51:17,529] - Logger.py[line:45] - fuc:__console- INFO: 开始执行用例test_weightwo_containerid
[2021-04-12 17:51:21,425] - Logger.py[line:45] - fuc:__console- INFO: 开始执行用例test_weightwo_containerid
[2021-04-12 17:51:25,296] - Logger.py[line:45] - fuc:__console- INFO: 开始执行用例test_weightwo_containerid
[2021-04-12 17:51:29,216] - Logger.py[line:45] - fuc:__console- INFO: 开始执行用例test_weightwo_containerid
[2021-04-12 17:51:33,120] - Logger.py[line:45] - fuc:__console- INFO: 开始执行用例test_weightwo_containerid
[2021-04-12 17:51:37,003] - Logger.py[line:45] - fuc:__console- INFO: 开始执行用例test_weightwo_containerid
[2021-04-12 17:53:37,873] - Logger.py[line:45] - fuc:__console- INFO: 开始执行用例test_weightwo_search
[2021-04-12 17:53:41,495] - Logger.py[line:45] - fuc:__console- INFO: 开始执行用例test_weightwo_containerid
