[2021-01-25 10:09:04,995] - Logger.py[line:45] - fuc:__console- INFO: 开始执行用例test_MI_review_007
[2021-01-25 10:10:01,797] - Logger.py[line:45] - fuc:__console- INFO: 开始执行用例test_MI_review_007
[2021-01-25 10:14:58,423] - Logger.py[line:45] - fuc:__console- INFO: 开始执行用例test_MI_review_007
[2021-01-25 10:16:11,335] - Logger.py[line:45] - fuc:__console- INFO: 开始执行用例test_MI_review_001
[2021-01-25 10:16:12,102] - Logger.py[line:45] - fuc:__console- INFO: 开始执行用例test_MI_review_007
[2021-01-25 10:19:08,198] - Logger.py[line:45] - fuc:__console- INFO: 开始执行用例test_MI_review_007
[2021-01-25 10:21:42,639] - Logger.py[line:45] - fuc:__console- INFO: 开始执行用例test_MI_review_007
[2021-01-25 10:22:16,229] - Logger.py[line:45] - fuc:__console- INFO: 开始执行用例test_MI_review_007
[2021-01-25 10:22:57,570] - Logger.py[line:45] - fuc:__console- INFO: 开始执行用例test_MI_review_007
[2021-01-25 10:35:19,606] - Logger.py[line:45] - fuc:__console- INFO: 开始执行用例test_area_add
[2021-01-25 10:35:23,713] - Logger.py[line:45] - fuc:__console- INFO: 开始执行用例test_area_add
[2021-01-25 10:35:31,065] - Logger.py[line:45] - fuc:__console- INFO: 开始执行用例test_device_search
[2021-01-25 10:35:33,342] - Logger.py[line:45] - fuc:__console- INFO: 开始执行用例test_area_edit
[2021-01-25 10:35:37,180] - Logger.py[line:45] - fuc:__console- INFO: 开始执行用例test_area_relation
[2021-01-25 10:35:42,894] - Logger.py[line:45] - fuc:__console- INFO: 开始执行用例test_area_remove
[2021-01-25 10:35:46,242] - Logger.py[line:45] - fuc:__console- INFO: 开始执行用例test_area_delete
[2021-01-25 10:35:48,383] - Logger.py[line:45] - fuc:__console- INFO: 开始执行用例test_section_search_clear
[2021-01-25 10:37:02,889] - Logger.py[line:45] - fuc:__console- INFO: 开始执行用例test_device_search
[2021-01-25 10:37:06,477] - Logger.py[line:45] - fuc:__console- INFO: 开始执行用例test_section_search_clear
[2021-01-25 10:37:47,621] - Logger.py[line:45] - fuc:__console- INFO: 开始执行用例test_device_search
[2021-01-25 10:37:52,464] - Logger.py[line:45] - fuc:__console- INFO: 开始执行用例test_section_search_clear
[2021-01-25 10:40:50,213] - Logger.py[line:45] - fuc:__console- INFO: 开始执行用例test_MI_review_007
[2021-01-25 10:41:24,458] - Logger.py[line:45] - fuc:__console- INFO: 开始执行用例test_MI_review_007
[2021-01-25 11:08:45,215] - Logger.py[line:45] - fuc:__console- INFO: 开始执行用例test_mimanage_add
[2021-01-25 11:08:51,005] - Logger.py[line:45] - fuc:__console- INFO: 开始执行用例test_mimanage_design
[2021-01-25 11:10:02,464] - Logger.py[line:45] - fuc:__console- INFO: 开始执行用例test_mimanage_add
[2021-01-25 11:10:06,368] - Logger.py[line:45] - fuc:__console- INFO: 开始执行用例test_mimanage_design
[2021-01-25 11:22:14,003] - Logger.py[line:45] - fuc:__console- INFO: 开始执行用例test_mimanage_design
[2021-01-25 11:29:57,614] - Logger.py[line:45] - fuc:__console- INFO: 开始执行用例test_mimanage_design
[2021-01-25 11:31:37,461] - Logger.py[line:45] - fuc:__console- INFO: 开始执行用例test_mimanage_design
[2021-01-25 11:37:19,899] - Logger.py[line:45] - fuc:__console- INFO: 开始执行用例test_mimanage_design
[2021-01-25 11:39:20,065] - Logger.py[line:45] - fuc:__console- INFO: 开始执行用例test_mimanage_design
[2021-01-25 11:46:32,058] - Logger.py[line:45] - fuc:__console- INFO: 开始执行用例test_mimanage_design
[2021-01-25 11:48:47,600] - Logger.py[line:45] - fuc:__console- INFO: 开始执行用例test_mimanage_design
[2021-01-25 13:48:23,893] - Logger.py[line:45] - fuc:__console- INFO: 开始执行用例test_mimanage_design
[2021-01-25 14:05:42,104] - Logger.py[line:45] - fuc:__console- INFO: 开始执行用例test_mimanage_design
[2021-01-25 14:17:02,950] - Logger.py[line:45] - fuc:__console- INFO: 开始执行用例test_mimanage_design
[2021-01-25 14:24:45,628] - Logger.py[line:45] - fuc:__console- INFO: 开始执行用例test_mimanage_design
[2021-01-25 14:46:13,940] - Logger.py[line:45] - fuc:__console- INFO: 开始执行用例test_mimanage_design
[2021-01-25 14:50:10,285] - Logger.py[line:45] - fuc:__console- INFO: 开始执行用例test_mimanage_design
[2021-01-25 14:55:26,433] - Logger.py[line:45] - fuc:__console- INFO: 开始执行用例test_mimanage_design
[2021-01-25 14:57:43,248] - Logger.py[line:45] - fuc:__console- INFO: 开始执行用例test_mimanage_design
[2021-01-25 15:18:43,035] - Logger.py[line:45] - fuc:__console- INFO: 开始执行用例test_mimanage_design
[2021-01-25 15:54:20,141] - Logger.py[line:45] - fuc:__console- INFO: 开始执行用例test_mimanage_design
[2021-01-25 15:58:48,252] - Logger.py[line:45] - fuc:__console- INFO: 开始执行用例test_mimanage_design
[2021-01-25 16:00:09,056] - Logger.py[line:45] - fuc:__console- INFO: 开始执行用例test_mimanage_design
[2021-01-25 16:05:30,983] - Logger.py[line:45] - fuc:__console- INFO: 开始执行用例test_mimanage_design
[2021-01-25 16:06:17,520] - Logger.py[line:45] - fuc:__console- INFO: 开始执行用例test_mimanage_design
[2021-01-25 16:41:51,462] - Logger.py[line:45] - fuc:__console- INFO: 开始执行用例test_mimanage_design
[2021-01-25 16:46:21,625] - Logger.py[line:45] - fuc:__console- INFO: 开始执行用例test_mimanage_design
[2021-01-25 16:47:49,635] - Logger.py[line:45] - fuc:__console- INFO: 开始执行用例test_mimanage_design
[2021-01-25 16:49:21,406] - Logger.py[line:45] - fuc:__console- INFO: 开始执行用例test_mimanage_design
[2021-01-25 16:51:13,903] - Logger.py[line:45] - fuc:__console- INFO: 开始执行用例test_mimanage_design
[2021-01-25 16:53:20,152] - Logger.py[line:45] - fuc:__console- INFO: 开始执行用例test_mimanage_design
[2021-01-25 16:55:46,161] - Logger.py[line:45] - fuc:__console- INFO: 开始执行用例test_mimanage_design
[2021-01-25 16:59:39,618] - Logger.py[line:45] - fuc:__console- INFO: 开始执行用例test_mimanage_design
[2021-01-25 17:02:35,267] - Logger.py[line:45] - fuc:__console- INFO: 开始执行用例test_mimanage_design
[2021-01-25 17:05:19,979] - Logger.py[line:45] - fuc:__console- INFO: 开始执行用例test_mimanage_design
[2021-01-25 17:06:26,646] - Logger.py[line:45] - fuc:__console- INFO: 开始执行用例test_mimanage_design
