[2021-03-29 10:01:57,953] - Logger.py[line:45] - fuc:__console- INFO: 开始执行用例test_add_wo
[2021-03-29 10:10:34,027] - Logger.py[line:45] - fuc:__console- INFO: 开始执行用例test_workpacking_002
[2021-03-29 10:12:22,973] - Logger.py[line:45] - fuc:__console- INFO: 开始执行用例test_workpacking_002
[2021-03-29 10:14:12,988] - Logger.py[line:45] - fuc:__console- INFO: 开始执行用例test_workpacking_002
[2021-03-29 10:14:16,190] - Logger.py[line:45] - fuc:__console- INFO: 开始执行用例test_workpacking_003
[2021-03-29 10:14:59,286] - Logger.py[line:45] - fuc:__console- INFO: 开始执行用例test_workpacking_003
[2021-03-29 10:16:44,590] - Logger.py[line:45] - fuc:__console- INFO: 开始执行用例test_workpacking_002
[2021-03-29 10:16:48,480] - Logger.py[line:45] - fuc:__console- INFO: 开始执行用例test_workpacking_003
[2021-03-29 10:17:08,833] - Logger.py[line:45] - fuc:__console- INFO: 开始执行用例test_workpacking_003
[2021-03-29 10:17:29,191] - Logger.py[line:45] - fuc:__console- INFO: 开始执行用例test_workpacking_003
[2021-03-29 10:17:49,454] - Logger.py[line:45] - fuc:__console- INFO: 开始执行用例test_workpacking_004
[2021-03-29 10:18:41,819] - Logger.py[line:45] - fuc:__console- INFO: 开始执行用例test_workpacking_002
[2021-03-29 10:18:45,650] - Logger.py[line:45] - fuc:__console- INFO: 开始执行用例test_workpacking_003
[2021-03-29 10:19:06,909] - Logger.py[line:45] - fuc:__console- INFO: 开始执行用例test_workpacking_003
[2021-03-29 10:19:52,437] - Logger.py[line:45] - fuc:__console- INFO: 开始执行用例test_workpacking_003
[2021-03-29 10:21:03,491] - Logger.py[line:45] - fuc:__console- INFO: 开始执行用例test_workpacking_002
[2021-03-29 10:21:05,670] - Logger.py[line:45] - fuc:__console- INFO: 开始执行用例test_workpacking_003
[2021-03-29 10:21:33,728] - Logger.py[line:45] - fuc:__console- INFO: 开始执行用例test_workpacking_002
[2021-03-29 10:21:36,961] - Logger.py[line:45] - fuc:__console- INFO: 开始执行用例test_workpacking_003
[2021-03-29 10:22:22,984] - Logger.py[line:45] - fuc:__console- INFO: 开始执行用例test_workpacking_003
[2021-03-29 10:23:06,478] - Logger.py[line:45] - fuc:__console- INFO: 开始执行用例test_workpacking_003
[2021-03-29 10:24:08,294] - Logger.py[line:45] - fuc:__console- INFO: 开始执行用例test_workpacking_002
[2021-03-29 10:24:11,537] - Logger.py[line:45] - fuc:__console- INFO: 开始执行用例test_workpacking_003
[2021-03-29 10:24:19,856] - Logger.py[line:45] - fuc:__console- INFO: 开始执行用例test_workpacking_003
[2021-03-29 10:24:44,785] - Logger.py[line:45] - fuc:__console- INFO: 开始执行用例test_workpacking_003
[2021-03-29 10:26:06,350] - Logger.py[line:45] - fuc:__console- INFO: 开始执行用例test_workpacking_002
[2021-03-29 10:26:09,631] - Logger.py[line:45] - fuc:__console- INFO: 开始执行用例test_workpacking_003
[2021-03-29 10:26:18,842] - Logger.py[line:45] - fuc:__console- INFO: 开始执行用例test_workpacking_003
[2021-03-29 10:26:27,905] - Logger.py[line:45] - fuc:__console- INFO: 开始执行用例test_workpacking_004
[2021-03-29 10:26:34,277] - Logger.py[line:45] - fuc:__console- INFO: 开始执行用例test_workpacking_004
[2021-03-29 10:26:45,582] - Logger.py[line:45] - fuc:__console- INFO: 开始执行用例test_workpacking_006
[2021-03-29 10:26:49,244] - Logger.py[line:45] - fuc:__console- INFO: 开始执行用例test_worpacking_008
[2021-03-29 11:40:42,236] - Logger.py[line:45] - fuc:__console- INFO: 开始执行用例test_workpacking_001
[2021-03-29 11:51:57,128] - Logger.py[line:45] - fuc:__console- INFO: 开始执行用例test_workpacking_001
[2021-03-29 13:48:53,175] - Logger.py[line:45] - fuc:__console- INFO: 开始执行用例test_workpacking_001
[2021-03-29 13:50:04,753] - Logger.py[line:45] - fuc:__console- INFO: 开始执行用例test_workpacking_001
[2021-03-29 13:52:58,109] - Logger.py[line:45] - fuc:__console- INFO: 开始执行用例test_workpacking_001
[2021-03-29 13:55:21,603] - Logger.py[line:45] - fuc:__console- INFO: 开始执行用例test_workpacking_001
[2021-03-29 13:56:12,452] - Logger.py[line:45] - fuc:__console- INFO: 开始执行用例test_workpacking_001
[2021-03-29 13:56:57,740] - Logger.py[line:45] - fuc:__console- INFO: 开始执行用例test_workpacking_001
[2021-03-29 14:17:39,367] - Logger.py[line:45] - fuc:__console- INFO: 开始执行用例test_workpacking_001
[2021-03-29 14:17:45,255] - Logger.py[line:45] - fuc:__console- INFO: 开始执行用例test_workpacking_001
[2021-03-29 14:17:57,337] - Logger.py[line:45] - fuc:__console- INFO: 开始执行用例test_workpacking_001
[2021-03-29 14:20:22,634] - Logger.py[line:45] - fuc:__console- INFO: 开始执行用例test_workpacking_001
[2021-03-29 14:20:32,567] - Logger.py[line:45] - fuc:__console- INFO: 开始执行用例test_workpacking_001
[2021-03-29 14:20:42,533] - Logger.py[line:45] - fuc:__console- INFO: 开始执行用例test_workpacking_001
[2021-03-29 14:21:40,305] - Logger.py[line:45] - fuc:__console- INFO: 开始执行用例test_workpacking_001
[2021-03-29 14:21:46,198] - Logger.py[line:45] - fuc:__console- INFO: 开始执行用例test_workpacking_001
[2021-03-29 14:21:52,030] - Logger.py[line:45] - fuc:__console- INFO: 开始执行用例test_workpacking_001
[2021-03-29 16:53:38,953] - Logger.py[line:45] - fuc:__console- INFO: 开始执行用例test_area_add
[2021-03-29 16:53:43,643] - Logger.py[line:45] - fuc:__console- INFO: 开始执行用例test_device_search
[2021-03-29 16:53:47,343] - Logger.py[line:45] - fuc:__console- INFO: 开始执行用例test_area_edit
[2021-03-29 16:53:50,810] - Logger.py[line:45] - fuc:__console- INFO: 开始执行用例test_area_relation
[2021-03-29 16:53:54,070] - Logger.py[line:45] - fuc:__console- INFO: 开始执行用例test_area_remove
[2021-03-29 16:53:57,310] - Logger.py[line:45] - fuc:__console- INFO: 开始执行用例test_area_delete
[2021-03-29 16:53:59,498] - Logger.py[line:45] - fuc:__console- INFO: 开始执行用例test_section_search_clear
[2021-03-29 16:54:10,493] - Logger.py[line:45] - fuc:__console- INFO: 开始执行用例test_company_add
[2021-03-29 16:54:12,143] - Logger.py[line:45] - fuc:__console- INFO: 开始执行用例test_company_search
[2021-03-29 16:54:13,767] - Logger.py[line:45] - fuc:__console- INFO: 开始执行用例test_company_edit
[2021-03-29 16:54:17,263] - Logger.py[line:45] - fuc:__console- INFO: 开始执行用例test_company_relation
[2021-03-29 16:54:20,580] - Logger.py[line:45] - fuc:__console- INFO: 开始执行用例test_company_remove
[2021-03-29 16:54:23,883] - Logger.py[line:45] - fuc:__console- INFO: 开始执行用例test_company_delete
[2021-03-29 16:54:24,061] - Logger.py[line:45] - fuc:__console- INFO: 开始执行用例test_section_search_clear
[2021-03-29 16:54:35,174] - Logger.py[line:45] - fuc:__console- INFO: 开始执行用例test_factory_add
[2021-03-29 16:54:38,943] - Logger.py[line:45] - fuc:__console- INFO: 开始执行用例test_factory_search
[2021-03-29 16:54:40,601] - Logger.py[line:45] - fuc:__console- INFO: 开始执行用例test_factory_edit
[2021-03-29 16:54:43,419] - Logger.py[line:45] - fuc:__console- INFO: 开始执行用例test_factory_relation
[2021-03-29 16:54:46,712] - Logger.py[line:45] - fuc:__console- INFO: 开始执行用例test_factory_remove
[2021-03-29 16:54:50,027] - Logger.py[line:45] - fuc:__console- INFO: 开始执行用例test_factory_delete
[2021-03-29 16:54:51,173] - Logger.py[line:45] - fuc:__console- INFO: 开始执行用例test_section_search_clear
[2021-03-29 16:55:01,027] - Logger.py[line:45] - fuc:__console- INFO: 开始执行用例test_location_manage
[2021-03-29 16:55:02,248] - Logger.py[line:45] - fuc:__console- INFO: 开始执行用例test_location_add
[2021-03-29 16:55:05,017] - Logger.py[line:45] - fuc:__console- INFO: 开始执行用例test_location_search
[2021-03-29 16:55:06,724] - Logger.py[line:45] - fuc:__console- INFO: 开始执行用例test_location_edit
[2021-03-29 16:55:09,139] - Logger.py[line:45] - fuc:__console- INFO: 开始执行用例test_location_delete
[2021-03-29 16:55:11,320] - Logger.py[line:45] - fuc:__console- INFO: 开始执行用例test_section_search_clear
[2021-03-29 16:55:39,931] - Logger.py[line:45] - fuc:__console- INFO: 开始执行用例test_section_manage
[2021-03-29 16:55:41,073] - Logger.py[line:45] - fuc:__console- INFO: 开始执行用例test_section_add
[2021-03-29 16:55:45,104] - Logger.py[line:45] - fuc:__console- INFO: 开始执行用例test_section_search
[2021-03-29 16:55:46,730] - Logger.py[line:45] - fuc:__console- INFO: 开始执行用例test_section_edit
[2021-03-29 16:55:50,185] - Logger.py[line:45] - fuc:__console- INFO: 开始执行用例test_section_relation
[2021-03-29 16:55:53,507] - Logger.py[line:45] - fuc:__console- INFO: 开始执行用例test_section_remove
[2021-03-29 16:55:56,852] - Logger.py[line:45] - fuc:__console- INFO: 开始执行用例test_section_delete
[2021-03-29 16:55:58,017] - Logger.py[line:45] - fuc:__console- INFO: 开始执行用例test_section_search_clear
[2021-03-29 16:56:09,333] - Logger.py[line:45] - fuc:__console- INFO: 开始执行用例test_add_codeconfig
[2021-03-29 16:56:13,217] - Logger.py[line:45] - fuc:__console- INFO: 开始执行用例test_search_codeconfig
[2021-03-29 16:56:22,526] - Logger.py[line:45] - fuc:__console- INFO: 开始执行用例test_edit_codeconfig
[2021-03-29 16:56:26,294] - Logger.py[line:45] - fuc:__console- INFO: 开始执行用例test_reset_codeconfig
[2021-03-29 16:56:26,445] - Logger.py[line:45] - fuc:__console- INFO: 开始执行用例test_delete_codeconfig
[2021-03-29 16:59:38,912] - Logger.py[line:45] - fuc:__console- INFO: 开始执行用例test_mimanage_add
[2021-03-29 16:59:41,392] - Logger.py[line:45] - fuc:__console- INFO: 开始执行用例test_mimanage_search
[2021-03-29 16:59:45,026] - Logger.py[line:45] - fuc:__console- INFO: 开始执行用例test_mimanage_design
[2021-03-29 17:01:23,632] - Logger.py[line:45] - fuc:__console- INFO: 开始执行用例test_mimanage_approve
[2021-03-29 17:01:27,877] - Logger.py[line:45] - fuc:__console- INFO: 开始执行用例test_mimanage_publish
[2021-03-29 17:01:32,129] - Logger.py[line:45] - fuc:__console- INFO: 开始执行用例test_mimanage_delete
[2021-03-29 17:04:22,075] - Logger.py[line:45] - fuc:__console- INFO: 开始执行用例test_area_add
[2021-03-29 17:04:25,703] - Logger.py[line:45] - fuc:__console- INFO: 开始执行用例test_device_search
[2021-03-29 17:04:29,275] - Logger.py[line:45] - fuc:__console- INFO: 开始执行用例test_area_edit
[2021-03-29 17:04:32,623] - Logger.py[line:45] - fuc:__console- INFO: 开始执行用例test_area_relation
[2021-03-29 17:04:35,861] - Logger.py[line:45] - fuc:__console- INFO: 开始执行用例test_area_remove
[2021-03-29 17:04:39,067] - Logger.py[line:45] - fuc:__console- INFO: 开始执行用例test_area_delete
[2021-03-29 17:04:41,179] - Logger.py[line:45] - fuc:__console- INFO: 开始执行用例test_section_search_clear
[2021-03-29 17:04:52,118] - Logger.py[line:45] - fuc:__console- INFO: 开始执行用例test_company_add
[2021-03-29 17:04:53,796] - Logger.py[line:45] - fuc:__console- INFO: 开始执行用例test_company_search
[2021-03-29 17:04:55,379] - Logger.py[line:45] - fuc:__console- INFO: 开始执行用例test_company_edit
[2021-03-29 17:04:58,711] - Logger.py[line:45] - fuc:__console- INFO: 开始执行用例test_company_relation
[2021-03-29 17:05:01,938] - Logger.py[line:45] - fuc:__console- INFO: 开始执行用例test_company_remove
[2021-03-29 17:05:05,147] - Logger.py[line:45] - fuc:__console- INFO: 开始执行用例test_company_delete
[2021-03-29 17:05:05,273] - Logger.py[line:45] - fuc:__console- INFO: 开始执行用例test_section_search_clear
[2021-03-29 17:05:16,183] - Logger.py[line:45] - fuc:__console- INFO: 开始执行用例test_factory_add
[2021-03-29 17:05:19,857] - Logger.py[line:45] - fuc:__console- INFO: 开始执行用例test_factory_search
[2021-03-29 17:05:21,392] - Logger.py[line:45] - fuc:__console- INFO: 开始执行用例test_factory_edit
[2021-03-29 17:05:24,161] - Logger.py[line:45] - fuc:__console- INFO: 开始执行用例test_factory_relation
[2021-03-29 17:05:27,367] - Logger.py[line:45] - fuc:__console- INFO: 开始执行用例test_factory_remove
[2021-03-29 17:05:30,565] - Logger.py[line:45] - fuc:__console- INFO: 开始执行用例test_factory_delete
[2021-03-29 17:05:31,667] - Logger.py[line:45] - fuc:__console- INFO: 开始执行用例test_section_search_clear
[2021-03-29 17:05:40,677] - Logger.py[line:45] - fuc:__console- INFO: 开始执行用例test_location_manage
[2021-03-29 17:05:41,828] - Logger.py[line:45] - fuc:__console- INFO: 开始执行用例test_location_add
[2021-03-29 17:05:44,601] - Logger.py[line:45] - fuc:__console- INFO: 开始执行用例test_location_search
[2021-03-29 17:05:46,146] - Logger.py[line:45] - fuc:__console- INFO: 开始执行用例test_location_edit
[2021-03-29 17:05:48,484] - Logger.py[line:45] - fuc:__console- INFO: 开始执行用例test_location_delete
[2021-03-29 17:05:50,633] - Logger.py[line:45] - fuc:__console- INFO: 开始执行用例test_section_search_clear
[2021-03-29 17:05:59,560] - Logger.py[line:45] - fuc:__console- INFO: 开始执行用例test_section_manage
[2021-03-29 17:06:00,696] - Logger.py[line:45] - fuc:__console- INFO: 开始执行用例test_section_add
[2021-03-29 17:06:03,583] - Logger.py[line:45] - fuc:__console- INFO: 开始执行用例test_section_search
[2021-03-29 17:06:05,171] - Logger.py[line:45] - fuc:__console- INFO: 开始执行用例test_section_edit
[2021-03-29 17:06:08,477] - Logger.py[line:45] - fuc:__console- INFO: 开始执行用例test_section_relation
[2021-03-29 17:06:11,694] - Logger.py[line:45] - fuc:__console- INFO: 开始执行用例test_section_remove
[2021-03-29 17:06:14,914] - Logger.py[line:45] - fuc:__console- INFO: 开始执行用例test_section_delete
[2021-03-29 17:06:16,058] - Logger.py[line:45] - fuc:__console- INFO: 开始执行用例test_section_search_clear
[2021-03-29 17:06:26,995] - Logger.py[line:45] - fuc:__console- INFO: 开始执行用例test_add_codeconfig
[2021-03-29 17:06:30,820] - Logger.py[line:45] - fuc:__console- INFO: 开始执行用例test_search_codeconfig
[2021-03-29 17:06:39,930] - Logger.py[line:45] - fuc:__console- INFO: 开始执行用例test_edit_codeconfig
[2021-03-29 17:06:43,556] - Logger.py[line:45] - fuc:__console- INFO: 开始执行用例test_reset_codeconfig
[2021-03-29 17:06:43,714] - Logger.py[line:45] - fuc:__console- INFO: 开始执行用例test_delete_codeconfig
[2021-03-29 17:06:57,600] - Logger.py[line:45] - fuc:__console- INFO: 开始执行用例test_mimanage_add
[2021-03-29 17:07:00,078] - Logger.py[line:45] - fuc:__console- INFO: 开始执行用例test_mimanage_search
[2021-03-29 17:07:03,658] - Logger.py[line:45] - fuc:__console- INFO: 开始执行用例test_mimanage_design
[2021-03-29 17:08:38,754] - Logger.py[line:45] - fuc:__console- INFO: 开始执行用例test_mimanage_approve
[2021-03-29 17:08:42,886] - Logger.py[line:45] - fuc:__console- INFO: 开始执行用例test_mimanage_publish
[2021-03-29 17:08:47,006] - Logger.py[line:45] - fuc:__console- INFO: 开始执行用例test_mimanage_delete
[2021-03-29 17:09:10,187] - Logger.py[line:45] - fuc:__console- INFO: 开始执行用例test_mimanage_add
[2021-03-29 17:09:12,672] - Logger.py[line:45] - fuc:__console- INFO: 开始执行用例test_mimanage_search
[2021-03-29 17:09:16,303] - Logger.py[line:45] - fuc:__console- INFO: 开始执行用例test_mimanage_import
[2021-03-29 17:09:33,791] - Logger.py[line:45] - fuc:__console- INFO: 开始执行用例test_mimanage_approve
[2021-03-29 17:09:38,208] - Logger.py[line:45] - fuc:__console- INFO: 开始执行用例test_mimanage_publish
[2021-03-29 17:09:53,312] - Logger.py[line:45] - fuc:__console- INFO: 开始执行用例test_add_mimanage
[2021-03-29 17:09:56,652] - Logger.py[line:45] - fuc:__console- INFO: 开始执行用例test_search_mimanage
[2021-03-29 17:10:05,776] - Logger.py[line:45] - fuc:__console- INFO: 开始执行用例test_edit_mimanage
[2021-03-29 17:10:08,198] - Logger.py[line:45] - fuc:__console- INFO: 开始执行用例test_delete_mimanage
[2021-03-29 17:10:20,960] - Logger.py[line:45] - fuc:__console- INFO: 开始执行用例test_add_opcset
[2021-03-29 17:10:24,703] - Logger.py[line:45] - fuc:__console- INFO: 开始执行用例test_search_opcset
[2021-03-29 17:10:33,796] - Logger.py[line:45] - fuc:__console- INFO: 开始执行用例test_edit_opcset
[2021-03-29 17:10:36,405] - Logger.py[line:45] - fuc:__console- INFO: 开始执行用例test_lock_opcset
[2021-03-29 17:10:41,646] - Logger.py[line:45] - fuc:__console- INFO: 开始执行用例test_unlock_opcset
[2021-03-29 17:10:46,812] - Logger.py[line:45] - fuc:__console- INFO: 开始执行用例test_delete_opcset
[2021-03-29 17:10:56,489] - Logger.py[line:45] - fuc:__console- INFO: 开始执行用例test_add_sign
[2021-03-29 17:11:02,323] - Logger.py[line:45] - fuc:__console- INFO: 开始执行用例test_edit_sign
[2021-03-29 17:11:05,270] - Logger.py[line:45] - fuc:__console- INFO: 开始执行用例test_delete_sign
[2021-03-29 17:11:18,287] - Logger.py[line:45] - fuc:__console- INFO: 开始执行用例test_add_signpath
[2021-03-29 17:11:22,251] - Logger.py[line:45] - fuc:__console- INFO: 开始执行用例test_search_signpath
[2021-03-29 17:11:31,279] - Logger.py[line:45] - fuc:__console- INFO: 开始执行用例test_edit_signpath
[2021-03-29 17:11:33,688] - Logger.py[line:45] - fuc:__console- INFO: 开始执行用例test_verify_signpath
[2021-03-29 17:11:38,722] - Logger.py[line:45] - fuc:__console- INFO: 开始执行用例test_cancelverify_signpath
[2021-03-29 17:11:43,849] - Logger.py[line:45] - fuc:__console- INFO: 开始执行用例test_delete_signpath
[2021-03-29 17:12:04,960] - Logger.py[line:45] - fuc:__console- INFO: 开始执行用例test_config_signpathapply
[2021-03-29 17:12:16,425] - Logger.py[line:45] - fuc:__console- INFO: 开始执行用例test_delete_signpathapply
[2021-03-29 17:12:48,302] - Logger.py[line:45] - fuc:__console- INFO: 开始执行用例test_add_signrule
[2021-03-29 17:12:54,673] - Logger.py[line:45] - fuc:__console- INFO: 开始执行用例test_search_signrule
[2021-03-29 17:13:04,922] - Logger.py[line:45] - fuc:__console- INFO: 开始执行用例test_edit_signrule
[2021-03-29 17:13:07,886] - Logger.py[line:45] - fuc:__console- INFO: 开始执行用例test_delete_signrule
[2021-03-29 17:16:11,345] - Logger.py[line:45] - fuc:__console- INFO: 开始执行用例test_add_signrule
[2021-03-29 17:16:17,480] - Logger.py[line:45] - fuc:__console- INFO: 开始执行用例test_search_signrule
[2021-03-29 17:16:27,643] - Logger.py[line:45] - fuc:__console- INFO: 开始执行用例test_edit_signrule
[2021-03-29 17:16:30,526] - Logger.py[line:45] - fuc:__console- INFO: 开始执行用例test_delete_signrule
[2021-03-29 17:17:32,891] - Logger.py[line:45] - fuc:__console- INFO: 开始执行用例test_add_user
[2021-03-29 17:17:40,033] - Logger.py[line:45] - fuc:__console- INFO: 开始执行用例test_search_user
[2021-03-29 17:17:49,322] - Logger.py[line:45] - fuc:__console- INFO: 开始执行用例test_edit_user
[2021-03-29 17:17:54,107] - Logger.py[line:45] - fuc:__console- INFO: 开始执行用例test_active_user
[2021-03-29 17:18:00,435] - Logger.py[line:45] - fuc:__console- INFO: 开始执行用例test_lock_user
[2021-03-29 17:18:05,924] - Logger.py[line:45] - fuc:__console- INFO: 开始执行用例test_unlock_user
[2021-03-29 17:18:11,418] - Logger.py[line:45] - fuc:__console- INFO: 开始执行用例test_delete_user
[2021-03-29 17:19:37,869] - Logger.py[line:45] - fuc:__console- INFO: 开始执行用例test_area_add
[2021-03-29 17:19:41,533] - Logger.py[line:45] - fuc:__console- INFO: 开始执行用例test_device_search
[2021-03-29 17:19:45,127] - Logger.py[line:45] - fuc:__console- INFO: 开始执行用例test_area_edit
[2021-03-29 17:19:48,456] - Logger.py[line:45] - fuc:__console- INFO: 开始执行用例test_area_relation
[2021-03-29 17:19:51,685] - Logger.py[line:45] - fuc:__console- INFO: 开始执行用例test_area_remove
[2021-03-29 17:19:54,907] - Logger.py[line:45] - fuc:__console- INFO: 开始执行用例test_area_delete
[2021-03-29 17:19:57,019] - Logger.py[line:45] - fuc:__console- INFO: 开始执行用例test_section_search_clear
[2021-03-29 17:20:08,115] - Logger.py[line:45] - fuc:__console- INFO: 开始执行用例test_company_add
[2021-03-29 17:20:09,758] - Logger.py[line:45] - fuc:__console- INFO: 开始执行用例test_company_search
[2021-03-29 17:20:11,391] - Logger.py[line:45] - fuc:__console- INFO: 开始执行用例test_company_edit
[2021-03-29 17:20:14,736] - Logger.py[line:45] - fuc:__console- INFO: 开始执行用例test_company_relation
[2021-03-29 17:20:17,958] - Logger.py[line:45] - fuc:__console- INFO: 开始执行用例test_company_remove
[2021-03-29 17:20:21,222] - Logger.py[line:45] - fuc:__console- INFO: 开始执行用例test_company_delete
[2021-03-29 17:20:21,396] - Logger.py[line:45] - fuc:__console- INFO: 开始执行用例test_section_search_clear
[2021-03-29 17:20:32,292] - Logger.py[line:45] - fuc:__console- INFO: 开始执行用例test_factory_add
[2021-03-29 17:20:35,984] - Logger.py[line:45] - fuc:__console- INFO: 开始执行用例test_factory_search
[2021-03-29 17:20:37,556] - Logger.py[line:45] - fuc:__console- INFO: 开始执行用例test_factory_edit
[2021-03-29 17:20:40,375] - Logger.py[line:45] - fuc:__console- INFO: 开始执行用例test_factory_relation
[2021-03-29 17:20:43,636] - Logger.py[line:45] - fuc:__console- INFO: 开始执行用例test_factory_remove
[2021-03-29 17:20:46,909] - Logger.py[line:45] - fuc:__console- INFO: 开始执行用例test_factory_delete
[2021-03-29 17:20:48,038] - Logger.py[line:45] - fuc:__console- INFO: 开始执行用例test_section_search_clear
[2021-03-29 17:20:57,070] - Logger.py[line:45] - fuc:__console- INFO: 开始执行用例test_location_manage
[2021-03-29 17:20:58,281] - Logger.py[line:45] - fuc:__console- INFO: 开始执行用例test_location_add
[2021-03-29 17:21:00,999] - Logger.py[line:45] - fuc:__console- INFO: 开始执行用例test_location_search
[2021-03-29 17:21:02,550] - Logger.py[line:45] - fuc:__console- INFO: 开始执行用例test_location_edit
[2021-03-29 17:21:04,918] - Logger.py[line:45] - fuc:__console- INFO: 开始执行用例test_location_delete
[2021-03-29 17:21:07,057] - Logger.py[line:45] - fuc:__console- INFO: 开始执行用例test_section_search_clear
[2021-03-29 17:21:16,818] - Logger.py[line:45] - fuc:__console- INFO: 开始执行用例test_section_manage
[2021-03-29 17:21:17,984] - Logger.py[line:45] - fuc:__console- INFO: 开始执行用例test_section_add
[2021-03-29 17:21:20,931] - Logger.py[line:45] - fuc:__console- INFO: 开始执行用例test_section_search
[2021-03-29 17:21:22,529] - Logger.py[line:45] - fuc:__console- INFO: 开始执行用例test_section_edit
[2021-03-29 17:21:25,919] - Logger.py[line:45] - fuc:__console- INFO: 开始执行用例test_section_relation
[2021-03-29 17:21:29,172] - Logger.py[line:45] - fuc:__console- INFO: 开始执行用例test_section_remove
[2021-03-29 17:21:32,414] - Logger.py[line:45] - fuc:__console- INFO: 开始执行用例test_section_delete
[2021-03-29 17:21:33,566] - Logger.py[line:45] - fuc:__console- INFO: 开始执行用例test_section_search_clear
[2021-03-29 17:21:44,471] - Logger.py[line:45] - fuc:__console- INFO: 开始执行用例test_add_codeconfig
[2021-03-29 17:21:48,294] - Logger.py[line:45] - fuc:__console- INFO: 开始执行用例test_search_codeconfig
[2021-03-29 17:21:57,488] - Logger.py[line:45] - fuc:__console- INFO: 开始执行用例test_edit_codeconfig
[2021-03-29 17:22:01,102] - Logger.py[line:45] - fuc:__console- INFO: 开始执行用例test_reset_codeconfig
[2021-03-29 17:22:01,260] - Logger.py[line:45] - fuc:__console- INFO: 开始执行用例test_delete_codeconfig
[2021-03-29 17:22:14,424] - Logger.py[line:45] - fuc:__console- INFO: 开始执行用例test_mimanage_add
[2021-03-29 17:22:16,928] - Logger.py[line:45] - fuc:__console- INFO: 开始执行用例test_mimanage_search
[2021-03-29 17:22:20,532] - Logger.py[line:45] - fuc:__console- INFO: 开始执行用例test_mimanage_design
[2021-03-29 17:23:56,119] - Logger.py[line:45] - fuc:__console- INFO: 开始执行用例test_mimanage_approve
[2021-03-29 17:24:00,299] - Logger.py[line:45] - fuc:__console- INFO: 开始执行用例test_mimanage_publish
[2021-03-29 17:24:04,449] - Logger.py[line:45] - fuc:__console- INFO: 开始执行用例test_mimanage_delete
[2021-03-29 17:24:27,751] - Logger.py[line:45] - fuc:__console- INFO: 开始执行用例test_mimanage_add
[2021-03-29 17:24:30,262] - Logger.py[line:45] - fuc:__console- INFO: 开始执行用例test_mimanage_search
[2021-03-29 17:24:33,855] - Logger.py[line:45] - fuc:__console- INFO: 开始执行用例test_mimanage_import
[2021-03-29 17:24:51,287] - Logger.py[line:45] - fuc:__console- INFO: 开始执行用例test_mimanage_approve
[2021-03-29 17:24:55,672] - Logger.py[line:45] - fuc:__console- INFO: 开始执行用例test_mimanage_publish
[2021-03-29 17:25:10,780] - Logger.py[line:45] - fuc:__console- INFO: 开始执行用例test_add_mimanage
[2021-03-29 17:25:14,159] - Logger.py[line:45] - fuc:__console- INFO: 开始执行用例test_search_mimanage
[2021-03-29 17:25:23,304] - Logger.py[line:45] - fuc:__console- INFO: 开始执行用例test_edit_mimanage
[2021-03-29 17:25:25,740] - Logger.py[line:45] - fuc:__console- INFO: 开始执行用例test_delete_mimanage
[2021-03-29 17:25:39,417] - Logger.py[line:45] - fuc:__console- INFO: 开始执行用例test_add_opcset
[2021-03-29 17:25:43,143] - Logger.py[line:45] - fuc:__console- INFO: 开始执行用例test_search_opcset
[2021-03-29 17:25:52,313] - Logger.py[line:45] - fuc:__console- INFO: 开始执行用例test_edit_opcset
[2021-03-29 17:25:54,906] - Logger.py[line:45] - fuc:__console- INFO: 开始执行用例test_lock_opcset
[2021-03-29 17:26:00,143] - Logger.py[line:45] - fuc:__console- INFO: 开始执行用例test_unlock_opcset
[2021-03-29 17:26:05,394] - Logger.py[line:45] - fuc:__console- INFO: 开始执行用例test_delete_opcset
[2021-03-29 17:26:15,025] - Logger.py[line:45] - fuc:__console- INFO: 开始执行用例test_add_sign
[2021-03-29 17:26:20,675] - Logger.py[line:45] - fuc:__console- INFO: 开始执行用例test_edit_sign
[2021-03-29 17:26:23,586] - Logger.py[line:45] - fuc:__console- INFO: 开始执行用例test_delete_sign
[2021-03-29 17:26:36,410] - Logger.py[line:45] - fuc:__console- INFO: 开始执行用例test_add_signpath
[2021-03-29 17:26:40,476] - Logger.py[line:45] - fuc:__console- INFO: 开始执行用例test_search_signpath
[2021-03-29 17:26:49,603] - Logger.py[line:45] - fuc:__console- INFO: 开始执行用例test_edit_signpath
[2021-03-29 17:26:51,992] - Logger.py[line:45] - fuc:__console- INFO: 开始执行用例test_verify_signpath
[2021-03-29 17:26:57,140] - Logger.py[line:45] - fuc:__console- INFO: 开始执行用例test_cancelverify_signpath
[2021-03-29 17:27:02,278] - Logger.py[line:45] - fuc:__console- INFO: 开始执行用例test_delete_signpath
[2021-03-29 17:27:24,197] - Logger.py[line:45] - fuc:__console- INFO: 开始执行用例test_config_signpathapply
[2021-03-29 17:27:35,716] - Logger.py[line:45] - fuc:__console- INFO: 开始执行用例test_delete_signpathapply
[2021-03-29 17:28:10,773] - Logger.py[line:45] - fuc:__console- INFO: 开始执行用例test_add_signrule
[2021-03-29 17:28:16,960] - Logger.py[line:45] - fuc:__console- INFO: 开始执行用例test_search_signrule
[2021-03-29 17:28:27,173] - Logger.py[line:45] - fuc:__console- INFO: 开始执行用例test_edit_signrule
[2021-03-29 17:28:29,976] - Logger.py[line:45] - fuc:__console- INFO: 开始执行用例test_delete_signrule
[2021-03-29 17:28:42,482] - Logger.py[line:45] - fuc:__console- INFO: 开始执行用例test_add_auth
[2021-03-29 17:28:55,110] - Logger.py[line:45] - fuc:__console- INFO: 开始执行用例test_edit_auth
[2021-03-29 17:28:57,562] - Logger.py[line:45] - fuc:__console- INFO: 开始执行用例test_delete_auth
[2021-03-29 17:29:09,988] - Logger.py[line:45] - fuc:__console- INFO: 开始执行用例test_login_organization
[2021-03-29 17:29:11,054] - Logger.py[line:45] - fuc:__console- INFO: 开始执行用例test_add_orgcom
[2021-03-29 17:29:16,415] - Logger.py[line:45] - fuc:__console- INFO: 开始执行用例test_edit_orgcom
[2021-03-29 17:29:23,083] - Logger.py[line:45] - fuc:__console- INFO: 开始执行用例test_delete_orgcom
[2021-03-29 17:29:24,387] - Logger.py[line:45] - fuc:__console- INFO: 开始执行用例test_refresh_orgcom
[2021-03-29 17:29:24,449] - Logger.py[line:45] - fuc:__console- INFO: 开始执行用例test_org_user_add
[2021-03-29 17:29:31,862] - Logger.py[line:45] - fuc:__console- INFO: 开始执行用例test_org_user_edit
[2021-03-29 17:29:40,070] - Logger.py[line:45] - fuc:__console- INFO: 开始执行用例test_org_user_delete
[2021-03-29 17:29:40,255] - Logger.py[line:45] - fuc:__console- INFO: 开始执行用例test_org_refresh
[2021-03-29 17:29:48,918] - Logger.py[line:45] - fuc:__console- INFO: 开始执行用例test_add_orgcom_name_abnormal
[2021-03-29 17:29:51,242] - Logger.py[line:45] - fuc:__console- INFO: 开始执行用例test_add_orgcom_name_abnormal
[2021-03-29 17:29:52,677] - Logger.py[line:45] - fuc:__console- INFO: 开始执行用例test_add_orgcom_name_abnormal
[2021-03-29 17:29:54,152] - Logger.py[line:45] - fuc:__console- INFO: 开始执行用例test_add_orgcom_code_abnormal
[2021-03-29 17:29:55,578] - Logger.py[line:45] - fuc:__console- INFO: 开始执行用例test_add_orgcom_code_abnormal
[2021-03-29 17:29:57,068] - Logger.py[line:45] - fuc:__console- INFO: 开始执行用例test_add_orgcom_code_abnormal
[2021-03-29 17:29:58,607] - Logger.py[line:45] - fuc:__console- INFO: 开始执行用例test_add_orgcom
[2021-03-29 17:30:04,027] - Logger.py[line:45] - fuc:__console- INFO: 开始执行用例test_edit_orgcom_name_abnormal
[2021-03-29 17:30:06,961] - Logger.py[line:45] - fuc:__console- INFO: 开始执行用例test_edit_orgcom_name_abnormal
[2021-03-29 17:30:10,861] - Logger.py[line:45] - fuc:__console- INFO: 开始执行用例test_edit_orgcom_name_abnormal
[2021-03-29 17:30:13,692] - Logger.py[line:45] - fuc:__console- INFO: 开始执行用例test_org_username_add
[2021-03-29 17:30:17,115] - Logger.py[line:45] - fuc:__console- INFO: 开始执行用例test_org_username_add
[2021-03-29 17:30:20,576] - Logger.py[line:45] - fuc:__console- INFO: 开始执行用例test_org_username_add
[2021-03-29 17:30:24,016] - Logger.py[line:45] - fuc:__console- INFO: 开始执行用例test_org_code_add
[2021-03-29 17:30:27,447] - Logger.py[line:45] - fuc:__console- INFO: 开始执行用例test_org_code_add
[2021-03-29 17:30:30,837] - Logger.py[line:45] - fuc:__console- INFO: 开始执行用例test_org_code_add
[2021-03-29 17:30:34,272] - Logger.py[line:45] - fuc:__console- INFO: 开始执行用例test_org_code_add
[2021-03-29 17:30:37,682] - Logger.py[line:45] - fuc:__console- INFO: 开始执行用例test_org_code_add
[2021-03-29 17:30:41,170] - Logger.py[line:45] - fuc:__console- INFO: 开始执行用例test_org_tel_add
[2021-03-29 17:30:44,524] - Logger.py[line:45] - fuc:__console- INFO: 开始执行用例test_org_tel_add
[2021-03-29 17:30:47,926] - Logger.py[line:45] - fuc:__console- INFO: 开始执行用例test_org_tel_add
[2021-03-29 17:30:51,346] - Logger.py[line:45] - fuc:__console- INFO: 开始执行用例test_org_tel_add
[2021-03-29 17:30:54,793] - Logger.py[line:45] - fuc:__console- INFO: 开始执行用例test_org_user_add
[2021-03-29 17:31:02,337] - Logger.py[line:45] - fuc:__console- INFO: 开始执行用例test_org_username_edit
[2021-03-29 17:31:06,630] - Logger.py[line:45] - fuc:__console- INFO: 开始执行用例test_org_username_edit
[2021-03-29 17:31:11,094] - Logger.py[line:45] - fuc:__console- INFO: 开始执行用例test_org_username_edit
[2021-03-29 17:31:15,519] - Logger.py[line:45] - fuc:__console- INFO: 开始执行用例test_org_tel_edit
[2021-03-29 17:31:19,905] - Logger.py[line:45] - fuc:__console- INFO: 开始执行用例test_org_tel_edit
[2021-03-29 17:31:24,301] - Logger.py[line:45] - fuc:__console- INFO: 开始执行用例test_org_tel_edit
[2021-03-29 17:31:28,708] - Logger.py[line:45] - fuc:__console- INFO: 开始执行用例test_org_tel_edit
[2021-03-29 17:31:43,544] - Logger.py[line:45] - fuc:__console- INFO: 开始执行用例test_add_usergp
[2021-03-29 17:31:49,866] - Logger.py[line:45] - fuc:__console- INFO: 开始执行用例test_setauth_usergp
[2021-03-29 17:31:53,521] - Logger.py[line:45] - fuc:__console- INFO: 开始执行用例test_edit_usergp
[2021-03-29 17:31:56,366] - Logger.py[line:45] - fuc:__console- INFO: 开始执行用例test_delete_usergp
[2021-03-29 17:32:07,830] - Logger.py[line:45] - fuc:__console- INFO: 开始执行用例test_add_user
[2021-03-29 17:32:13,928] - Logger.py[line:45] - fuc:__console- INFO: 开始执行用例test_search_user
[2021-03-29 17:32:23,068] - Logger.py[line:45] - fuc:__console- INFO: 开始执行用例test_edit_user
[2021-03-29 17:32:27,742] - Logger.py[line:45] - fuc:__console- INFO: 开始执行用例test_active_user
[2021-03-29 17:32:33,848] - Logger.py[line:45] - fuc:__console- INFO: 开始执行用例test_lock_user
[2021-03-29 17:32:39,130] - Logger.py[line:45] - fuc:__console- INFO: 开始执行用例test_unlock_user
[2021-03-29 17:32:44,266] - Logger.py[line:45] - fuc:__console- INFO: 开始执行用例test_delete_user
[2021-03-29 17:32:52,711] - Logger.py[line:45] - fuc:__console- INFO: 开始执行用例test_login_Device
[2021-03-29 17:32:53,884] - Logger.py[line:45] - fuc:__console- INFO: 开始执行用例test_device_add
[2021-03-29 17:32:57,492] - Logger.py[line:45] - fuc:__console- INFO: 开始执行用例test_device_add
[2021-03-29 17:33:00,013] - Logger.py[line:45] - fuc:__console- INFO: 开始执行用例test_device_add
[2021-03-29 17:33:02,468] - Logger.py[line:45] - fuc:__console- INFO: 开始执行用例test_device_search
[2021-03-29 17:33:04,059] - Logger.py[line:45] - fuc:__console- INFO: 开始执行用例test_device_edit
[2021-03-29 17:33:08,033] - Logger.py[line:45] - fuc:__console- INFO: 开始执行用例test_device_delete
[2021-03-29 17:33:14,746] - Logger.py[line:45] - fuc:__console- INFO: 开始执行用例test_device_delete
[2021-03-29 17:33:22,581] - Logger.py[line:45] - fuc:__console- INFO: 开始执行用例test_device_delete
[2021-03-29 17:33:30,266] - Logger.py[line:45] - fuc:__console- INFO: 开始执行用例test_device_search_cancel
[2021-03-29 17:33:42,051] - Logger.py[line:45] - fuc:__console- INFO: 开始执行用例test_workercenter_manage
[2021-03-29 17:33:43,216] - Logger.py[line:45] - fuc:__console- INFO: 开始执行用例test_workercenter_add
[2021-03-29 17:33:47,174] - Logger.py[line:45] - fuc:__console- INFO: 开始执行用例test_workercenter_search
[2021-03-29 17:33:49,781] - Logger.py[line:45] - fuc:__console- INFO: 开始执行用例test_workercenter_edit
[2021-03-29 17:33:52,296] - Logger.py[line:45] - fuc:__console- INFO: 开始执行用例test_workercenter_relation
[2021-03-29 17:33:55,517] - Logger.py[line:45] - fuc:__console- INFO: 开始执行用例test_workercenter_remove
[2021-03-29 17:33:58,754] - Logger.py[line:45] - fuc:__console- INFO: 开始执行用例test_workercenter_delete
[2021-03-29 17:33:58,897] - Logger.py[line:45] - fuc:__console- INFO: 开始执行用例test_workercenter_search_cancel
[2021-03-29 17:34:09,770] - Logger.py[line:45] - fuc:__console- INFO: 开始执行用例test_add_workstation
[2021-03-29 17:34:13,366] - Logger.py[line:45] - fuc:__console- INFO: 开始执行用例test_search_workstation
[2021-03-29 17:34:22,490] - Logger.py[line:45] - fuc:__console- INFO: 开始执行用例test_edit_workstation
[2021-03-29 17:34:25,850] - Logger.py[line:45] - fuc:__console- INFO: 开始执行用例test_delete_workstation
[2021-03-29 17:34:36,758] - Logger.py[line:45] - fuc:__console- INFO: 开始执行用例test_add_workstation
[2021-03-29 17:34:39,413] - Logger.py[line:45] - fuc:__console- INFO: 开始执行用例test_edit_workstation
[2021-03-29 17:34:44,251] - Logger.py[line:45] - fuc:__console- INFO: 开始执行用例test_delete_workstation
