[2021-05-26 14:03:06,886] - Logger.py[line:45] - fuc:__console- INFO: 开始执行用例test_Material_Set_001
[2021-05-26 14:03:10,562] - Logger.py[line:45] - fuc:__console- INFO: 开始执行用例test_Material_Set_002
[2021-05-26 14:03:18,713] - Logger.py[line:45] - fuc:__console- INFO: 开始执行用例test_Material_Set_003
[2021-05-26 14:03:31,784] - Logger.py[line:45] - fuc:__console- INFO: 开始执行用例test_Material_Set_004
[2021-05-26 14:13:19,228] - Logger.py[line:45] - fuc:__console- INFO: 编辑物料字段test_Material_Set_abnormal
[2021-05-26 14:13:22,617] - Logger.py[line:45] - fuc:__console- INFO: 设置物料字段默认值test_Material_Set_weight_abnormal
[2021-05-26 14:13:35,045] - Logger.py[line:45] - fuc:__console- INFO: 设置物料字段默认值test_Material_Set_weight_abnormal
[2021-05-26 14:13:44,256] - Logger.py[line:45] - fuc:__console- INFO: 设置物料字段默认值test_Material_Set_validity_abnormal
[2021-05-26 14:14:06,697] - Logger.py[line:45] - fuc:__console- INFO: 设置物料字段默认值test_Material_Set_validity_abnormal
[2021-05-26 14:14:26,570] - Logger.py[line:45] - fuc:__console- INFO: 设置物料字段默认值test_Material_Set_alarm_abnormal
[2021-05-26 14:14:56,950] - Logger.py[line:45] - fuc:__console- INFO: 设置物料字段默认值test_Material_Set_alarm_abnormal
[2021-05-26 14:15:25,138] - Logger.py[line:45] - fuc:__console- INFO: 设置物料字段默认值test_Material_Set_qty_abnormal
[2021-05-26 14:16:03,346] - Logger.py[line:45] - fuc:__console- INFO: 设置物料字段默认值test_Material_Set_qty_abnormal
[2021-05-26 14:19:53,649] - Logger.py[line:45] - fuc:__console- INFO: 编辑物料字段test_Material_Set_abnormal
[2021-05-26 14:34:09,493] - Logger.py[line:45] - fuc:__console- INFO: 开始执行用例test_add_code_abnormal
[2021-05-26 14:34:12,790] - Logger.py[line:45] - fuc:__console- INFO: 开始执行用例test_add_code_abnormal
[2021-05-26 14:34:16,134] - Logger.py[line:45] - fuc:__console- INFO: 开始执行用例test_add_code_abnormal
[2021-05-26 14:34:21,629] - Logger.py[line:45] - fuc:__console- INFO: 开始执行用例test_add_code_abnormal
[2021-05-26 14:34:27,087] - Logger.py[line:45] - fuc:__console- INFO: 开始执行用例test_add_code_abnormal
[2021-05-26 14:34:30,420] - Logger.py[line:45] - fuc:__console- INFO: 开始执行用例test_add_cdesc_abnormal
[2021-05-26 14:34:35,739] - Logger.py[line:45] - fuc:__console- INFO: 开始执行用例test_add_cdesc_abnormal
[2021-05-26 14:34:40,882] - Logger.py[line:45] - fuc:__console- INFO: 开始执行用例test_add_edesc_abnormal
[2021-05-26 14:34:46,160] - Logger.py[line:45] - fuc:__console- INFO: 开始执行用例test_add_edesc_abnormal
[2021-05-26 14:34:53,392] - Logger.py[line:45] - fuc:__console- INFO: 开始执行用例test_edit_cdesc_abnormal
[2021-05-26 14:34:57,971] - Logger.py[line:45] - fuc:__console- INFO: 开始执行用例test_edit_cdesc_abnormal
[2021-05-26 14:35:04,176] - Logger.py[line:45] - fuc:__console- INFO: 开始执行用例test_edit_edesc_abnormal
[2021-05-26 14:35:13,144] - Logger.py[line:45] - fuc:__console- INFO: 开始执行用例test_edit_edesc_abnormal
[2021-05-26 14:36:49,669] - Logger.py[line:45] - fuc:__console- INFO: 开始执行用例test_add_code_abnormal
[2021-05-26 14:36:52,949] - Logger.py[line:45] - fuc:__console- INFO: 开始执行用例test_add_code_abnormal
[2021-05-26 14:36:56,395] - Logger.py[line:45] - fuc:__console- INFO: 开始执行用例test_add_code_abnormal
[2021-05-26 14:37:01,719] - Logger.py[line:45] - fuc:__console- INFO: 开始执行用例test_add_code_abnormal
[2021-05-26 14:37:07,040] - Logger.py[line:45] - fuc:__console- INFO: 开始执行用例test_add_code_abnormal
[2021-05-26 14:37:10,326] - Logger.py[line:45] - fuc:__console- INFO: 开始执行用例test_add_cdesc_abnormal
[2021-05-26 14:37:15,801] - Logger.py[line:45] - fuc:__console- INFO: 开始执行用例test_add_cdesc_abnormal
[2021-05-26 14:37:20,926] - Logger.py[line:45] - fuc:__console- INFO: 开始执行用例test_add_edesc_abnormal
[2021-05-26 14:37:26,226] - Logger.py[line:45] - fuc:__console- INFO: 开始执行用例test_add_edesc_abnormal
[2021-05-26 14:37:33,421] - Logger.py[line:45] - fuc:__console- INFO: 开始执行用例test_edit_cdesc_abnormal
[2021-05-26 14:37:37,978] - Logger.py[line:45] - fuc:__console- INFO: 开始执行用例test_edit_cdesc_abnormal
[2021-05-26 14:37:44,206] - Logger.py[line:45] - fuc:__console- INFO: 开始执行用例test_edit_edesc_abnormal
[2021-05-26 14:37:54,256] - Logger.py[line:45] - fuc:__console- INFO: 开始执行用例test_edit_edesc_abnormal
[2021-05-26 14:58:53,450] - Logger.py[line:45] - fuc:__console- INFO: 开始执行用例test_add_clean
[2021-05-26 14:59:07,530] - Logger.py[line:45] - fuc:__console- INFO: 开始执行用例test_edit_clean
[2021-05-26 14:59:16,743] - Logger.py[line:45] - fuc:__console- INFO: 开始执行用例test_delete_clean
