[2021-01-29 09:50:33,387] - Logger.py[line:45] - fuc:__console- INFO: 开始执行用例test_attributive_list_add
[2021-01-29 09:50:37,902] - Logger.py[line:45] - fuc:__console- INFO: 开始执行用例test_attributive_list_search
[2021-01-29 09:50:48,627] - Logger.py[line:45] - fuc:__console- INFO: 开始执行用例test_attributive_list_edit
[2021-01-29 09:50:52,306] - Logger.py[line:45] - fuc:__console- INFO: 开始执行用例test_attributive_list_noeffect
[2021-01-29 09:50:53,557] - Logger.py[line:45] - fuc:__console- INFO: 开始执行用例test_attributive_list_effect
[2021-01-29 09:50:54,767] - Logger.py[line:45] - fuc:__console- INFO: 开始执行用例test_status_rule_edit
[2021-01-29 09:50:58,738] - Logger.py[line:45] - fuc:__console- INFO: 开始执行用例test_status_rule_delete
[2021-01-29 09:51:16,075] - Logger.py[line:45] - fuc:__console- INFO: 开始执行用例test_status_edit
[2021-01-29 09:51:20,774] - Logger.py[line:45] - fuc:__console- INFO: 开始执行用例test_status_delete
[2021-01-29 09:51:25,607] - Logger.py[line:45] - fuc:__console- INFO: 开始执行用例test_attributive_list_copy
[2021-01-29 10:05:28,597] - Logger.py[line:45] - fuc:__console- INFO: 开始执行用例test_attributive_list_add
[2021-01-29 10:05:33,138] - Logger.py[line:45] - fuc:__console- INFO: 开始执行用例test_attributive_list_search
[2021-01-29 10:05:35,813] - Logger.py[line:45] - fuc:__console- INFO: 开始执行用例test_attributive_list_edit
[2021-01-29 10:05:39,521] - Logger.py[line:45] - fuc:__console- INFO: 开始执行用例test_attributive_list_noeffect
[2021-01-29 10:05:40,756] - Logger.py[line:45] - fuc:__console- INFO: 开始执行用例test_attributive_list_effect
[2021-01-29 10:05:41,968] - Logger.py[line:45] - fuc:__console- INFO: 开始执行用例test_status_rule_edit
[2021-01-29 10:05:44,526] - Logger.py[line:45] - fuc:__console- INFO: 开始执行用例test_status_rule_delete
[2021-01-29 10:05:50,586] - Logger.py[line:45] - fuc:__console- INFO: 开始执行用例test_status_edit
[2021-01-29 10:05:55,087] - Logger.py[line:45] - fuc:__console- INFO: 开始执行用例test_status_delete
[2021-01-29 10:05:59,926] - Logger.py[line:45] - fuc:__console- INFO: 开始执行用例test_attributive_list_copy
[2021-01-29 11:05:01,682] - Logger.py[line:45] - fuc:__console- INFO: 开始执行用例test_area_add
[2021-01-29 11:05:05,816] - Logger.py[line:45] - fuc:__console- INFO: 开始执行用例test_device_search
[2021-01-29 11:05:09,447] - Logger.py[line:45] - fuc:__console- INFO: 开始执行用例test_area_edit
[2021-01-29 11:05:12,759] - Logger.py[line:45] - fuc:__console- INFO: 开始执行用例test_area_relation
[2021-01-29 11:05:16,014] - Logger.py[line:45] - fuc:__console- INFO: 开始执行用例test_area_remove
[2021-01-29 11:05:19,228] - Logger.py[line:45] - fuc:__console- INFO: 开始执行用例test_area_delete
[2021-01-29 11:05:21,381] - Logger.py[line:45] - fuc:__console- INFO: 开始执行用例test_section_search_clear
[2021-01-29 11:05:32,527] - Logger.py[line:45] - fuc:__console- INFO: 开始执行用例test_company_add
[2021-01-29 11:05:34,213] - Logger.py[line:45] - fuc:__console- INFO: 开始执行用例test_company_search
[2021-01-29 11:05:35,893] - Logger.py[line:45] - fuc:__console- INFO: 开始执行用例test_company_edit
[2021-01-29 11:05:39,337] - Logger.py[line:45] - fuc:__console- INFO: 开始执行用例test_company_relation
[2021-01-29 11:05:42,659] - Logger.py[line:45] - fuc:__console- INFO: 开始执行用例test_company_remove
[2021-01-29 11:05:45,955] - Logger.py[line:45] - fuc:__console- INFO: 开始执行用例test_company_delete
[2021-01-29 11:05:46,115] - Logger.py[line:45] - fuc:__console- INFO: 开始执行用例test_section_search_clear
[2021-01-29 11:05:57,093] - Logger.py[line:45] - fuc:__console- INFO: 开始执行用例test_factory_add
[2021-01-29 11:06:00,911] - Logger.py[line:45] - fuc:__console- INFO: 开始执行用例test_factory_search
[2021-01-29 11:06:02,521] - Logger.py[line:45] - fuc:__console- INFO: 开始执行用例test_factory_edit
[2021-01-29 11:06:05,442] - Logger.py[line:45] - fuc:__console- INFO: 开始执行用例test_factory_relation
[2021-01-29 11:06:08,719] - Logger.py[line:45] - fuc:__console- INFO: 开始执行用例test_factory_remove
[2021-01-29 11:06:12,009] - Logger.py[line:45] - fuc:__console- INFO: 开始执行用例test_factory_delete
[2021-01-29 11:06:13,151] - Logger.py[line:45] - fuc:__console- INFO: 开始执行用例test_section_search_clear
[2021-01-29 11:06:23,137] - Logger.py[line:45] - fuc:__console- INFO: 开始执行用例test_location_manage
[2021-01-29 11:06:24,366] - Logger.py[line:45] - fuc:__console- INFO: 开始执行用例test_location_add
[2021-01-29 11:06:27,244] - Logger.py[line:45] - fuc:__console- INFO: 开始执行用例test_location_search
[2021-01-29 11:06:28,860] - Logger.py[line:45] - fuc:__console- INFO: 开始执行用例test_location_edit
[2021-01-29 11:06:31,319] - Logger.py[line:45] - fuc:__console- INFO: 开始执行用例test_location_delete
[2021-01-29 11:06:33,502] - Logger.py[line:45] - fuc:__console- INFO: 开始执行用例test_section_search_clear
[2021-01-29 11:06:43,279] - Logger.py[line:45] - fuc:__console- INFO: 开始执行用例test_section_manage
[2021-01-29 11:06:44,515] - Logger.py[line:45] - fuc:__console- INFO: 开始执行用例test_section_add
[2021-01-29 11:06:48,622] - Logger.py[line:45] - fuc:__console- INFO: 开始执行用例test_section_search
[2021-01-29 11:06:50,286] - Logger.py[line:45] - fuc:__console- INFO: 开始执行用例test_section_edit
[2021-01-29 11:06:53,777] - Logger.py[line:45] - fuc:__console- INFO: 开始执行用例test_section_relation
[2021-01-29 11:06:57,134] - Logger.py[line:45] - fuc:__console- INFO: 开始执行用例test_section_remove
[2021-01-29 11:07:00,479] - Logger.py[line:45] - fuc:__console- INFO: 开始执行用例test_section_delete
[2021-01-29 11:07:01,666] - Logger.py[line:45] - fuc:__console- INFO: 开始执行用例test_section_search_clear
[2021-01-29 11:07:12,806] - Logger.py[line:45] - fuc:__console- INFO: 开始执行用例test_add_codeconfig
[2021-01-29 11:07:16,654] - Logger.py[line:45] - fuc:__console- INFO: 开始执行用例test_search_codeconfig
[2021-01-29 11:07:25,888] - Logger.py[line:45] - fuc:__console- INFO: 开始执行用例test_edit_codeconfig
[2021-01-29 11:07:29,675] - Logger.py[line:45] - fuc:__console- INFO: 开始执行用例test_reset_codeconfig
[2021-01-29 11:07:29,920] - Logger.py[line:45] - fuc:__console- INFO: 开始执行用例test_delete_codeconfig
[2021-01-29 11:17:09,029] - Logger.py[line:45] - fuc:__console- INFO: 开始执行用例test_add_codeconfig
[2021-01-29 11:17:12,879] - Logger.py[line:45] - fuc:__console- INFO: 开始执行用例test_search_codeconfig
[2021-01-29 11:17:22,029] - Logger.py[line:45] - fuc:__console- INFO: 开始执行用例test_edit_codeconfig
[2021-01-29 11:17:25,776] - Logger.py[line:45] - fuc:__console- INFO: 开始执行用例test_reset_codeconfig
[2021-01-29 11:17:25,928] - Logger.py[line:45] - fuc:__console- INFO: 开始执行用例test_delete_codeconfig
[2021-01-29 11:18:44,488] - Logger.py[line:45] - fuc:__console- INFO: 开始执行用例test_add_codeconfig
[2021-01-29 11:18:49,418] - Logger.py[line:45] - fuc:__console- INFO: 开始执行用例test_search_codeconfig
[2021-01-29 11:18:58,693] - Logger.py[line:45] - fuc:__console- INFO: 开始执行用例test_edit_codeconfig
[2021-01-29 11:19:02,388] - Logger.py[line:45] - fuc:__console- INFO: 开始执行用例test_reset_codeconfig
[2021-01-29 11:19:02,545] - Logger.py[line:45] - fuc:__console- INFO: 开始执行用例test_delete_codeconfig
[2021-01-29 11:38:52,627] - Logger.py[line:45] - fuc:__console- INFO: 开始执行用例test_add_codeconfig
[2021-01-29 11:38:57,540] - Logger.py[line:45] - fuc:__console- INFO: 开始执行用例test_search_codeconfig
[2021-01-29 11:39:06,687] - Logger.py[line:45] - fuc:__console- INFO: 开始执行用例test_edit_codeconfig
[2021-01-29 11:39:10,395] - Logger.py[line:45] - fuc:__console- INFO: 开始执行用例test_reset_codeconfig
[2021-01-29 11:39:10,574] - Logger.py[line:45] - fuc:__console- INFO: 开始执行用例test_delete_codeconfig
[2021-01-29 11:39:23,803] - Logger.py[line:45] - fuc:__console- INFO: 开始执行用例test_mimanage_add
[2021-01-29 11:39:26,280] - Logger.py[line:45] - fuc:__console- INFO: 开始执行用例test_mimanage_search
[2021-01-29 11:39:36,715] - Logger.py[line:45] - fuc:__console- INFO: 开始执行用例test_mimanage_design
[2021-01-29 11:39:41,549] - Logger.py[line:45] - fuc:__console- INFO: 开始执行用例test_mimanage_design
[2021-01-29 11:39:45,393] - Logger.py[line:45] - fuc:__console- INFO: 开始执行用例test_mimanage_approve
[2021-01-29 11:39:51,280] - Logger.py[line:45] - fuc:__console- INFO: 开始执行用例test_mimanage_approve
[2021-01-29 11:39:56,250] - Logger.py[line:45] - fuc:__console- INFO: 开始执行用例test_mimanage_publish
[2021-01-29 11:40:14,210] - Logger.py[line:45] - fuc:__console- INFO: 开始执行用例test_mimanage_publish
[2021-01-29 11:40:33,626] - Logger.py[line:45] - fuc:__console- INFO: 开始执行用例test_mimanage_add
[2021-01-29 11:40:36,097] - Logger.py[line:45] - fuc:__console- INFO: 开始执行用例test_mimanage_search
[2021-01-29 11:40:46,530] - Logger.py[line:45] - fuc:__console- INFO: 开始执行用例test_mimanage_search
[2021-01-29 11:41:11,435] - Logger.py[line:45] - fuc:__console- INFO: 开始执行用例test_mimanage_import
[2021-01-29 11:41:16,264] - Logger.py[line:45] - fuc:__console- INFO: 开始执行用例test_mimanage_import
[2021-01-29 11:41:33,996] - Logger.py[line:45] - fuc:__console- INFO: 开始执行用例test_mimanage_approve
[2021-01-29 11:41:38,486] - Logger.py[line:45] - fuc:__console- INFO: 开始执行用例test_mimanage_publish
[2021-01-29 11:44:13,085] - Logger.py[line:45] - fuc:__console- INFO: 开始执行用例test_add_codeconfig
[2021-01-29 11:44:17,974] - Logger.py[line:45] - fuc:__console- INFO: 开始执行用例test_search_codeconfig
[2021-01-29 11:44:27,115] - Logger.py[line:45] - fuc:__console- INFO: 开始执行用例test_edit_codeconfig
[2021-01-29 11:44:30,918] - Logger.py[line:45] - fuc:__console- INFO: 开始执行用例test_reset_codeconfig
[2021-01-29 11:44:31,078] - Logger.py[line:45] - fuc:__console- INFO: 开始执行用例test_delete_codeconfig
[2021-01-29 11:44:44,332] - Logger.py[line:45] - fuc:__console- INFO: 开始执行用例test_mimanage_add
[2021-01-29 11:44:46,882] - Logger.py[line:45] - fuc:__console- INFO: 开始执行用例test_mimanage_search
[2021-01-29 11:44:50,575] - Logger.py[line:45] - fuc:__console- INFO: 开始执行用例test_mimanage_design
[2021-01-29 11:45:33,608] - Logger.py[line:45] - fuc:__console- INFO: 开始执行用例test_mimanage_design
[2021-01-29 11:45:37,474] - Logger.py[line:45] - fuc:__console- INFO: 开始执行用例test_mimanage_approve
[2021-01-29 11:45:42,282] - Logger.py[line:45] - fuc:__console- INFO: 开始执行用例test_mimanage_approve
[2021-01-29 11:45:46,092] - Logger.py[line:45] - fuc:__console- INFO: 开始执行用例test_mimanage_publish
[2021-01-29 11:46:06,169] - Logger.py[line:45] - fuc:__console- INFO: 开始执行用例test_mimanage_publish
[2021-01-29 11:46:24,982] - Logger.py[line:45] - fuc:__console- INFO: 开始执行用例test_mimanage_add
[2021-01-29 11:46:27,451] - Logger.py[line:45] - fuc:__console- INFO: 开始执行用例test_mimanage_search
[2021-01-29 11:46:31,104] - Logger.py[line:45] - fuc:__console- INFO: 开始执行用例test_mimanage_import
[2021-01-29 11:46:48,794] - Logger.py[line:45] - fuc:__console- INFO: 开始执行用例test_mimanage_approve
[2021-01-29 11:46:53,253] - Logger.py[line:45] - fuc:__console- INFO: 开始执行用例test_mimanage_publish
[2021-01-29 11:47:08,643] - Logger.py[line:45] - fuc:__console- INFO: 开始执行用例test_add_mimanage
[2021-01-29 11:47:12,050] - Logger.py[line:45] - fuc:__console- INFO: 开始执行用例test_search_mimanage
[2021-01-29 11:47:21,258] - Logger.py[line:45] - fuc:__console- INFO: 开始执行用例test_edit_mimanage
[2021-01-29 11:47:23,687] - Logger.py[line:45] - fuc:__console- INFO: 开始执行用例test_delete_mimanage
[2021-01-29 11:47:47,995] - Logger.py[line:45] - fuc:__console- INFO: 开始执行用例test_config_signpathapply
[2021-01-29 11:48:02,941] - Logger.py[line:45] - fuc:__console- INFO: 开始执行用例test_delete_signpathapply
[2021-01-29 11:48:36,794] - Logger.py[line:45] - fuc:__console- INFO: 开始执行用例test_add_opcset
[2021-01-29 11:48:40,478] - Logger.py[line:45] - fuc:__console- INFO: 开始执行用例test_search_opcset
[2021-01-29 11:48:49,683] - Logger.py[line:45] - fuc:__console- INFO: 开始执行用例test_edit_opcset
[2021-01-29 11:48:52,322] - Logger.py[line:45] - fuc:__console- INFO: 开始执行用例test_lock_opcset
[2021-01-29 11:48:57,760] - Logger.py[line:45] - fuc:__console- INFO: 开始执行用例test_unlock_opcset
[2021-01-29 11:49:03,208] - Logger.py[line:45] - fuc:__console- INFO: 开始执行用例test_delete_opcset
[2021-01-29 11:49:12,902] - Logger.py[line:45] - fuc:__console- INFO: 开始执行用例test_add_sign
[2021-01-29 11:49:18,684] - Logger.py[line:45] - fuc:__console- INFO: 开始执行用例test_edit_sign
[2021-01-29 11:49:21,607] - Logger.py[line:45] - fuc:__console- INFO: 开始执行用例test_delete_sign
[2021-01-29 11:49:34,139] - Logger.py[line:45] - fuc:__console- INFO: 开始执行用例test_add_signpath
[2021-01-29 11:49:38,131] - Logger.py[line:45] - fuc:__console- INFO: 开始执行用例test_search_signpath
[2021-01-29 11:49:47,311] - Logger.py[line:45] - fuc:__console- INFO: 开始执行用例test_edit_signpath
[2021-01-29 11:49:49,718] - Logger.py[line:45] - fuc:__console- INFO: 开始执行用例test_verify_signpath
[2021-01-29 11:49:54,854] - Logger.py[line:45] - fuc:__console- INFO: 开始执行用例test_cancelverify_signpath
[2021-01-29 11:50:00,150] - Logger.py[line:45] - fuc:__console- INFO: 开始执行用例test_delete_signpath
[2021-01-29 11:50:11,032] - Logger.py[line:45] - fuc:__console- INFO: 开始执行用例test_add_signrule
[2021-01-29 11:50:17,128] - Logger.py[line:45] - fuc:__console- INFO: 开始执行用例test_search_signrule
[2021-01-29 11:50:27,404] - Logger.py[line:45] - fuc:__console- INFO: 开始执行用例test_edit_signrule
[2021-01-29 11:50:30,116] - Logger.py[line:45] - fuc:__console- INFO: 开始执行用例test_delete_signrule
[2021-01-29 11:54:32,910] - Logger.py[line:45] - fuc:__console- INFO: 开始执行用例test_add_codeconfig
[2021-01-29 11:54:36,735] - Logger.py[line:45] - fuc:__console- INFO: 开始执行用例test_search_codeconfig
[2021-01-29 11:54:45,907] - Logger.py[line:45] - fuc:__console- INFO: 开始执行用例test_edit_codeconfig
[2021-01-29 11:54:49,541] - Logger.py[line:45] - fuc:__console- INFO: 开始执行用例test_reset_codeconfig
[2021-01-29 11:54:49,717] - Logger.py[line:45] - fuc:__console- INFO: 开始执行用例test_delete_codeconfig
[2021-01-29 11:55:02,943] - Logger.py[line:45] - fuc:__console- INFO: 开始执行用例test_mimanage_add
[2021-01-29 11:55:05,399] - Logger.py[line:45] - fuc:__console- INFO: 开始执行用例test_mimanage_search
[2021-01-29 11:55:09,003] - Logger.py[line:45] - fuc:__console- INFO: 开始执行用例test_mimanage_design
[2021-01-29 11:55:55,681] - Logger.py[line:45] - fuc:__console- INFO: 开始执行用例test_mimanage_design
[2021-01-29 11:55:59,541] - Logger.py[line:45] - fuc:__console- INFO: 开始执行用例test_mimanage_approve
[2021-01-29 11:56:04,340] - Logger.py[line:45] - fuc:__console- INFO: 开始执行用例test_mimanage_approve
[2021-01-29 11:56:08,208] - Logger.py[line:45] - fuc:__console- INFO: 开始执行用例test_mimanage_publish
[2021-01-29 11:56:13,058] - Logger.py[line:45] - fuc:__console- INFO: 开始执行用例test_mimanage_publish
[2021-01-29 11:56:21,134] - Logger.py[line:45] - fuc:__console- INFO: 开始执行用例test_mimanage_delete
[2021-01-29 13:38:26,690] - Logger.py[line:45] - fuc:__console- INFO: 开始执行用例test_mimanage_add
[2021-01-29 13:38:29,175] - Logger.py[line:45] - fuc:__console- INFO: 开始执行用例test_mimanage_search
[2021-01-29 13:38:32,777] - Logger.py[line:45] - fuc:__console- INFO: 开始执行用例test_mimanage_design
[2021-01-29 13:39:38,417] - Logger.py[line:45] - fuc:__console- INFO: 开始执行用例test_mimanage_design
[2021-01-29 13:39:42,270] - Logger.py[line:45] - fuc:__console- INFO: 开始执行用例test_mimanage_approve
[2021-01-29 13:39:47,080] - Logger.py[line:45] - fuc:__console- INFO: 开始执行用例test_mimanage_approve
[2021-01-29 13:39:50,920] - Logger.py[line:45] - fuc:__console- INFO: 开始执行用例test_mimanage_publish
[2021-01-29 13:42:35,746] - Logger.py[line:45] - fuc:__console- INFO: 开始执行用例test_mimanage_add
[2021-01-29 13:42:38,237] - Logger.py[line:45] - fuc:__console- INFO: 开始执行用例test_mimanage_search
[2021-01-29 13:42:41,926] - Logger.py[line:45] - fuc:__console- INFO: 开始执行用例test_mimanage_design
[2021-01-29 13:44:20,881] - Logger.py[line:45] - fuc:__console- INFO: 开始执行用例test_mimanage_approve
[2021-01-29 13:44:25,080] - Logger.py[line:45] - fuc:__console- INFO: 开始执行用例test_mimanage_publish
[2021-01-29 13:44:30,878] - Logger.py[line:45] - fuc:__console- INFO: 开始执行用例test_mimanage_delete
[2021-01-29 13:47:38,235] - Logger.py[line:45] - fuc:__console- INFO: 开始执行用例test_mimanage_add
[2021-01-29 13:47:40,682] - Logger.py[line:45] - fuc:__console- INFO: 开始执行用例test_mimanage_search
[2021-01-29 13:47:44,356] - Logger.py[line:45] - fuc:__console- INFO: 开始执行用例test_mimanage_design
[2021-01-29 13:49:21,370] - Logger.py[line:45] - fuc:__console- INFO: 开始执行用例test_mimanage_approve
[2021-01-29 13:49:25,609] - Logger.py[line:45] - fuc:__console- INFO: 开始执行用例test_mimanage_publish
[2021-01-29 13:49:29,830] - Logger.py[line:45] - fuc:__console- INFO: 开始执行用例test_mimanage_delete
[2021-01-29 13:50:47,408] - Logger.py[line:45] - fuc:__console- INFO: 开始执行用例test_add_codeconfig
[2021-01-29 13:50:51,229] - Logger.py[line:45] - fuc:__console- INFO: 开始执行用例test_search_codeconfig
[2021-01-29 13:51:00,341] - Logger.py[line:45] - fuc:__console- INFO: 开始执行用例test_edit_codeconfig
[2021-01-29 13:51:04,083] - Logger.py[line:45] - fuc:__console- INFO: 开始执行用例test_reset_codeconfig
[2021-01-29 13:51:04,228] - Logger.py[line:45] - fuc:__console- INFO: 开始执行用例test_delete_codeconfig
[2021-01-29 13:51:17,456] - Logger.py[line:45] - fuc:__console- INFO: 开始执行用例test_mimanage_add
[2021-01-29 13:51:19,878] - Logger.py[line:45] - fuc:__console- INFO: 开始执行用例test_mimanage_search
[2021-01-29 13:51:23,549] - Logger.py[line:45] - fuc:__console- INFO: 开始执行用例test_mimanage_design
[2021-01-29 13:53:00,628] - Logger.py[line:45] - fuc:__console- INFO: 开始执行用例test_mimanage_approve
[2021-01-29 13:53:04,869] - Logger.py[line:45] - fuc:__console- INFO: 开始执行用例test_mimanage_publish
[2021-01-29 13:53:09,092] - Logger.py[line:45] - fuc:__console- INFO: 开始执行用例test_mimanage_delete
[2021-01-29 13:53:31,995] - Logger.py[line:45] - fuc:__console- INFO: 开始执行用例test_mimanage_add
[2021-01-29 13:53:34,502] - Logger.py[line:45] - fuc:__console- INFO: 开始执行用例test_mimanage_search
[2021-01-29 13:53:38,170] - Logger.py[line:45] - fuc:__console- INFO: 开始执行用例test_mimanage_import
[2021-01-29 13:53:55,844] - Logger.py[line:45] - fuc:__console- INFO: 开始执行用例test_mimanage_approve
[2021-01-29 13:54:00,332] - Logger.py[line:45] - fuc:__console- INFO: 开始执行用例test_mimanage_publish
[2021-01-29 13:54:15,813] - Logger.py[line:45] - fuc:__console- INFO: 开始执行用例test_add_mimanage
[2021-01-29 13:54:19,189] - Logger.py[line:45] - fuc:__console- INFO: 开始执行用例test_search_mimanage
[2021-01-29 13:54:28,422] - Logger.py[line:45] - fuc:__console- INFO: 开始执行用例test_edit_mimanage
[2021-01-29 13:54:30,926] - Logger.py[line:45] - fuc:__console- INFO: 开始执行用例test_delete_mimanage
[2021-01-29 13:54:55,622] - Logger.py[line:45] - fuc:__console- INFO: 开始执行用例test_config_signpathapply
[2021-01-29 13:55:10,542] - Logger.py[line:45] - fuc:__console- INFO: 开始执行用例test_delete_signpathapply
[2021-01-29 13:55:44,513] - Logger.py[line:45] - fuc:__console- INFO: 开始执行用例test_add_opcset
[2021-01-29 13:55:48,196] - Logger.py[line:45] - fuc:__console- INFO: 开始执行用例test_search_opcset
[2021-01-29 13:55:57,469] - Logger.py[line:45] - fuc:__console- INFO: 开始执行用例test_edit_opcset
[2021-01-29 13:56:00,070] - Logger.py[line:45] - fuc:__console- INFO: 开始执行用例test_lock_opcset
[2021-01-29 13:56:05,486] - Logger.py[line:45] - fuc:__console- INFO: 开始执行用例test_unlock_opcset
[2021-01-29 13:56:10,819] - Logger.py[line:45] - fuc:__console- INFO: 开始执行用例test_delete_opcset
[2021-01-29 13:56:21,012] - Logger.py[line:45] - fuc:__console- INFO: 开始执行用例test_add_sign
[2021-01-29 13:56:26,746] - Logger.py[line:45] - fuc:__console- INFO: 开始执行用例test_edit_sign
[2021-01-29 13:56:29,665] - Logger.py[line:45] - fuc:__console- INFO: 开始执行用例test_delete_sign
[2021-01-29 13:56:42,169] - Logger.py[line:45] - fuc:__console- INFO: 开始执行用例test_add_signpath
[2021-01-29 13:56:46,182] - Logger.py[line:45] - fuc:__console- INFO: 开始执行用例test_search_signpath
[2021-01-29 13:56:55,494] - Logger.py[line:45] - fuc:__console- INFO: 开始执行用例test_edit_signpath
[2021-01-29 13:56:57,976] - Logger.py[line:45] - fuc:__console- INFO: 开始执行用例test_verify_signpath
[2021-01-29 13:57:03,309] - Logger.py[line:45] - fuc:__console- INFO: 开始执行用例test_cancelverify_signpath
[2021-01-29 13:57:08,645] - Logger.py[line:45] - fuc:__console- INFO: 开始执行用例test_delete_signpath
[2021-01-29 13:57:20,435] - Logger.py[line:45] - fuc:__console- INFO: 开始执行用例test_add_signrule
[2021-01-29 13:57:26,534] - Logger.py[line:45] - fuc:__console- INFO: 开始执行用例test_search_signrule
[2021-01-29 13:57:36,765] - Logger.py[line:45] - fuc:__console- INFO: 开始执行用例test_edit_signrule
[2021-01-29 13:57:39,577] - Logger.py[line:45] - fuc:__console- INFO: 开始执行用例test_delete_signrule
[2021-01-29 13:59:55,458] - Logger.py[line:45] - fuc:__console- INFO: 开始执行用例test_add_auth
[2021-01-29 14:00:08,396] - Logger.py[line:45] - fuc:__console- INFO: 开始执行用例test_edit_auth
[2021-01-29 14:00:10,913] - Logger.py[line:45] - fuc:__console- INFO: 开始执行用例test_delete_auth
[2021-01-29 14:02:06,732] - Logger.py[line:45] - fuc:__console- INFO: 开始执行用例test_add_auth
[2021-01-29 14:02:19,650] - Logger.py[line:45] - fuc:__console- INFO: 开始执行用例test_edit_auth
[2021-01-29 14:02:22,101] - Logger.py[line:45] - fuc:__console- INFO: 开始执行用例test_delete_auth
[2021-01-29 14:02:33,834] - Logger.py[line:45] - fuc:__console- INFO: 开始执行用例test_login_organization
[2021-01-29 14:02:35,031] - Logger.py[line:45] - fuc:__console- INFO: 开始执行用例test_add_orgcom
[2021-01-29 14:02:36,778] - Logger.py[line:45] - fuc:__console- INFO: 开始执行用例test_edit_orgcom
[2021-01-29 14:02:38,532] - Logger.py[line:45] - fuc:__console- INFO: 开始执行用例test_delete_orgcom
[2021-01-29 14:02:42,844] - Logger.py[line:45] - fuc:__console- INFO: 开始执行用例test_refresh_orgcom
[2021-01-29 14:02:46,020] - Logger.py[line:45] - fuc:__console- INFO: 开始执行用例test_org_user_add
[2021-01-29 14:02:49,978] - Logger.py[line:45] - fuc:__console- INFO: 开始执行用例test_org_user_search
[2021-01-29 14:02:52,606] - Logger.py[line:45] - fuc:__console- INFO: 开始执行用例test_org_user_edit
[2021-01-29 14:02:54,325] - Logger.py[line:45] - fuc:__console- INFO: 开始执行用例test_org_user_delete
[2021-01-29 14:02:54,516] - Logger.py[line:45] - fuc:__console- INFO: 开始执行用例test_org_user_search_clear
[2021-01-29 14:03:00,129] - Logger.py[line:45] - fuc:__console- INFO: 开始执行用例test_org_refresh
[2021-01-29 14:03:12,949] - Logger.py[line:45] - fuc:__console- INFO: 开始执行用例test_add_usergp
[2021-01-29 14:03:19,212] - Logger.py[line:45] - fuc:__console- INFO: 开始执行用例test_setauth_usergp
[2021-01-29 14:03:22,790] - Logger.py[line:45] - fuc:__console- INFO: 开始执行用例test_edit_usergp
[2021-01-29 14:03:25,690] - Logger.py[line:45] - fuc:__console- INFO: 开始执行用例test_delete_usergp
[2021-01-29 14:03:37,055] - Logger.py[line:45] - fuc:__console- INFO: 开始执行用例test_add_user
[2021-01-29 14:03:45,014] - Logger.py[line:45] - fuc:__console- INFO: 开始执行用例test_add_user
[2021-01-29 14:03:56,245] - Logger.py[line:45] - fuc:__console- INFO: 开始执行用例test_search_user
[2021-01-29 14:04:05,558] - Logger.py[line:45] - fuc:__console- INFO: 开始执行用例test_edit_user
[2021-01-29 14:04:10,343] - Logger.py[line:45] - fuc:__console- INFO: 开始执行用例test_active_user
[2021-01-29 14:04:16,606] - Logger.py[line:45] - fuc:__console- INFO: 开始执行用例test_lock_user
[2021-01-29 14:04:21,857] - Logger.py[line:45] - fuc:__console- INFO: 开始执行用例test_unlock_user
[2021-01-29 14:04:27,123] - Logger.py[line:45] - fuc:__console- INFO: 开始执行用例test_delete_user
[2021-01-29 14:05:06,941] - Logger.py[line:45] - fuc:__console- INFO: 开始执行用例test_login_Device
[2021-01-29 14:05:08,709] - Logger.py[line:45] - fuc:__console- INFO: 开始执行用例test_device_add
[2021-01-29 14:05:13,318] - Logger.py[line:45] - fuc:__console- INFO: 开始执行用例test_device_add
[2021-01-29 14:05:15,681] - Logger.py[line:45] - fuc:__console- INFO: 开始执行用例test_device_add
[2021-01-29 14:05:24,307] - Logger.py[line:45] - fuc:__console- INFO: 开始执行用例test_device_search
[2021-01-29 14:05:26,352] - Logger.py[line:45] - fuc:__console- INFO: 开始执行用例test_device_edit
[2021-01-29 14:05:30,485] - Logger.py[line:45] - fuc:__console- INFO: 开始执行用例test_device_delete
[2021-01-29 14:05:31,644] - Logger.py[line:45] - fuc:__console- INFO: 开始执行用例test_device_search_cancel
[2021-01-29 14:05:42,694] - Logger.py[line:45] - fuc:__console- INFO: 开始执行用例test_workercenter_manage
[2021-01-29 14:05:43,934] - Logger.py[line:45] - fuc:__console- INFO: 开始执行用例test_workercenter_add
[2021-01-29 14:05:47,967] - Logger.py[line:45] - fuc:__console- INFO: 开始执行用例test_workercenter_search
[2021-01-29 14:05:50,604] - Logger.py[line:45] - fuc:__console- INFO: 开始执行用例test_workercenter_edit
[2021-01-29 14:05:53,184] - Logger.py[line:45] - fuc:__console- INFO: 开始执行用例test_workercenter_relation
[2021-01-29 14:05:56,451] - Logger.py[line:45] - fuc:__console- INFO: 开始执行用例test_workercenter_remove
[2021-01-29 14:05:59,697] - Logger.py[line:45] - fuc:__console- INFO: 开始执行用例test_workercenter_delete
[2021-01-29 14:05:59,929] - Logger.py[line:45] - fuc:__console- INFO: 开始执行用例test_workercenter_search_cancel
[2021-01-29 14:06:10,901] - Logger.py[line:45] - fuc:__console- INFO: 开始执行用例test_add_workstation
[2021-01-29 14:06:12,462] - Logger.py[line:45] - fuc:__console- INFO: 开始执行用例test_edit_workstation
[2021-01-29 14:06:17,401] - Logger.py[line:45] - fuc:__console- INFO: 开始执行用例test_edit_workstation
[2021-01-29 14:06:21,254] - Logger.py[line:45] - fuc:__console- INFO: 开始执行用例test_delete_workstation
[2021-01-29 14:06:37,902] - Logger.py[line:45] - fuc:__console- INFO: 开始执行用例test_delete_workstation
[2021-01-29 14:06:50,454] - Logger.py[line:45] - fuc:__console- INFO: 开始执行用例test_add_workstation
[2021-01-29 14:06:54,080] - Logger.py[line:45] - fuc:__console- INFO: 开始执行用例test_search_workstation
[2021-01-29 14:07:10,025] - Logger.py[line:45] - fuc:__console- INFO: 开始执行用例test_search_workstation
[2021-01-29 14:07:13,918] - Logger.py[line:45] - fuc:__console- INFO: 开始执行用例test_edit_workstation
[2021-01-29 14:07:18,786] - Logger.py[line:45] - fuc:__console- INFO: 开始执行用例test_edit_workstation
[2021-01-29 14:07:22,619] - Logger.py[line:45] - fuc:__console- INFO: 开始执行用例test_delete_workstation
[2021-01-29 14:14:41,910] - Logger.py[line:45] - fuc:__console- INFO: 开始执行用例test_login_Device
[2021-01-29 14:14:43,185] - Logger.py[line:45] - fuc:__console- INFO: 开始执行用例test_device_add
[2021-01-29 14:14:47,806] - Logger.py[line:45] - fuc:__console- INFO: 开始执行用例test_device_add
[2021-01-29 14:14:50,259] - Logger.py[line:45] - fuc:__console- INFO: 开始执行用例test_device_add
[2021-01-29 14:14:58,937] - Logger.py[line:45] - fuc:__console- INFO: 开始执行用例test_device_search
[2021-01-29 14:15:00,534] - Logger.py[line:45] - fuc:__console- INFO: 开始执行用例test_device_edit
[2021-01-29 14:15:04,633] - Logger.py[line:45] - fuc:__console- INFO: 开始执行用例test_device_delete
[2021-01-29 14:15:11,396] - Logger.py[line:45] - fuc:__console- INFO: 开始执行用例test_device_delete
[2021-01-29 14:15:19,242] - Logger.py[line:45] - fuc:__console- INFO: 开始执行用例test_device_delete
[2021-01-29 14:15:27,154] - Logger.py[line:45] - fuc:__console- INFO: 开始执行用例test_device_search_cancel
[2021-01-29 14:19:37,162] - Logger.py[line:45] - fuc:__console- INFO: 开始执行用例test_area_add
[2021-01-29 14:19:40,988] - Logger.py[line:45] - fuc:__console- INFO: 开始执行用例test_device_search
[2021-01-29 14:19:44,621] - Logger.py[line:45] - fuc:__console- INFO: 开始执行用例test_area_edit
[2021-01-29 14:19:47,929] - Logger.py[line:45] - fuc:__console- INFO: 开始执行用例test_area_relation
[2021-01-29 14:19:51,218] - Logger.py[line:45] - fuc:__console- INFO: 开始执行用例test_area_remove
[2021-01-29 14:19:54,532] - Logger.py[line:45] - fuc:__console- INFO: 开始执行用例test_area_delete
[2021-01-29 14:19:56,727] - Logger.py[line:45] - fuc:__console- INFO: 开始执行用例test_section_search_clear
[2021-01-29 14:20:07,068] - Logger.py[line:45] - fuc:__console- INFO: 开始执行用例test_company_add
[2021-01-29 14:20:08,695] - Logger.py[line:45] - fuc:__console- INFO: 开始执行用例test_company_search
[2021-01-29 14:20:10,347] - Logger.py[line:45] - fuc:__console- INFO: 开始执行用例test_company_edit
[2021-01-29 14:20:13,818] - Logger.py[line:45] - fuc:__console- INFO: 开始执行用例test_company_relation
[2021-01-29 14:20:17,092] - Logger.py[line:45] - fuc:__console- INFO: 开始执行用例test_company_remove
[2021-01-29 14:20:20,398] - Logger.py[line:45] - fuc:__console- INFO: 开始执行用例test_company_delete
[2021-01-29 14:20:20,550] - Logger.py[line:45] - fuc:__console- INFO: 开始执行用例test_section_search_clear
[2021-01-29 14:20:30,834] - Logger.py[line:45] - fuc:__console- INFO: 开始执行用例test_factory_add
[2021-01-29 14:20:34,530] - Logger.py[line:45] - fuc:__console- INFO: 开始执行用例test_factory_search
[2021-01-29 14:20:36,206] - Logger.py[line:45] - fuc:__console- INFO: 开始执行用例test_factory_edit
[2021-01-29 14:20:39,046] - Logger.py[line:45] - fuc:__console- INFO: 开始执行用例test_factory_relation
[2021-01-29 14:20:42,407] - Logger.py[line:45] - fuc:__console- INFO: 开始执行用例test_factory_remove
[2021-01-29 14:20:45,749] - Logger.py[line:45] - fuc:__console- INFO: 开始执行用例test_factory_delete
[2021-01-29 14:20:46,894] - Logger.py[line:45] - fuc:__console- INFO: 开始执行用例test_section_search_clear
[2021-01-29 14:20:56,021] - Logger.py[line:45] - fuc:__console- INFO: 开始执行用例test_location_manage
[2021-01-29 14:20:57,251] - Logger.py[line:45] - fuc:__console- INFO: 开始执行用例test_location_add
[2021-01-29 14:20:59,942] - Logger.py[line:45] - fuc:__console- INFO: 开始执行用例test_location_search
[2021-01-29 14:21:01,529] - Logger.py[line:45] - fuc:__console- INFO: 开始执行用例test_location_edit
[2021-01-29 14:21:04,000] - Logger.py[line:45] - fuc:__console- INFO: 开始执行用例test_location_delete
[2021-01-29 14:21:06,194] - Logger.py[line:45] - fuc:__console- INFO: 开始执行用例test_section_search_clear
[2021-01-29 14:21:15,204] - Logger.py[line:45] - fuc:__console- INFO: 开始执行用例test_section_manage
[2021-01-29 14:21:16,441] - Logger.py[line:45] - fuc:__console- INFO: 开始执行用例test_section_add
[2021-01-29 14:21:20,592] - Logger.py[line:45] - fuc:__console- INFO: 开始执行用例test_section_search
[2021-01-29 14:21:22,217] - Logger.py[line:45] - fuc:__console- INFO: 开始执行用例test_section_edit
[2021-01-29 14:21:25,674] - Logger.py[line:45] - fuc:__console- INFO: 开始执行用例test_section_relation
[2021-01-29 14:21:29,019] - Logger.py[line:45] - fuc:__console- INFO: 开始执行用例test_section_remove
[2021-01-29 14:21:32,368] - Logger.py[line:45] - fuc:__console- INFO: 开始执行用例test_section_delete
[2021-01-29 14:21:33,508] - Logger.py[line:45] - fuc:__console- INFO: 开始执行用例test_section_search_clear
[2021-01-29 14:21:43,756] - Logger.py[line:45] - fuc:__console- INFO: 开始执行用例test_add_codeconfig
[2021-01-29 14:21:47,793] - Logger.py[line:45] - fuc:__console- INFO: 开始执行用例test_search_codeconfig
[2021-01-29 14:21:56,900] - Logger.py[line:45] - fuc:__console- INFO: 开始执行用例test_edit_codeconfig
[2021-01-29 14:22:00,664] - Logger.py[line:45] - fuc:__console- INFO: 开始执行用例test_reset_codeconfig
[2021-01-29 14:22:00,842] - Logger.py[line:45] - fuc:__console- INFO: 开始执行用例test_delete_codeconfig
[2021-01-29 14:22:14,130] - Logger.py[line:45] - fuc:__console- INFO: 开始执行用例test_mimanage_add
[2021-01-29 14:22:16,673] - Logger.py[line:45] - fuc:__console- INFO: 开始执行用例test_mimanage_search
[2021-01-29 14:22:20,374] - Logger.py[line:45] - fuc:__console- INFO: 开始执行用例test_mimanage_design
[2021-01-29 14:23:56,831] - Logger.py[line:45] - fuc:__console- INFO: 开始执行用例test_mimanage_approve
[2021-01-29 14:24:01,057] - Logger.py[line:45] - fuc:__console- INFO: 开始执行用例test_mimanage_publish
[2021-01-29 14:24:05,277] - Logger.py[line:45] - fuc:__console- INFO: 开始执行用例test_mimanage_delete
[2021-01-29 14:24:28,823] - Logger.py[line:45] - fuc:__console- INFO: 开始执行用例test_mimanage_add
[2021-01-29 14:24:31,368] - Logger.py[line:45] - fuc:__console- INFO: 开始执行用例test_mimanage_search
[2021-01-29 14:24:35,053] - Logger.py[line:45] - fuc:__console- INFO: 开始执行用例test_mimanage_import
[2021-01-29 14:24:52,922] - Logger.py[line:45] - fuc:__console- INFO: 开始执行用例test_mimanage_approve
[2021-01-29 14:24:57,414] - Logger.py[line:45] - fuc:__console- INFO: 开始执行用例test_mimanage_publish
[2021-01-29 14:25:12,876] - Logger.py[line:45] - fuc:__console- INFO: 开始执行用例test_add_mimanage
[2021-01-29 14:25:16,304] - Logger.py[line:45] - fuc:__console- INFO: 开始执行用例test_search_mimanage
[2021-01-29 14:25:25,570] - Logger.py[line:45] - fuc:__console- INFO: 开始执行用例test_edit_mimanage
[2021-01-29 14:25:28,085] - Logger.py[line:45] - fuc:__console- INFO: 开始执行用例test_delete_mimanage
[2021-01-29 14:25:51,877] - Logger.py[line:45] - fuc:__console- INFO: 开始执行用例test_config_signpathapply
[2021-01-29 14:26:06,751] - Logger.py[line:45] - fuc:__console- INFO: 开始执行用例test_delete_signpathapply
[2021-01-29 14:26:40,478] - Logger.py[line:45] - fuc:__console- INFO: 开始执行用例test_add_opcset
[2021-01-29 14:26:44,263] - Logger.py[line:45] - fuc:__console- INFO: 开始执行用例test_search_opcset
[2021-01-29 14:26:53,609] - Logger.py[line:45] - fuc:__console- INFO: 开始执行用例test_edit_opcset
[2021-01-29 14:26:56,297] - Logger.py[line:45] - fuc:__console- INFO: 开始执行用例test_lock_opcset
[2021-01-29 14:27:01,698] - Logger.py[line:45] - fuc:__console- INFO: 开始执行用例test_unlock_opcset
[2021-01-29 14:27:07,139] - Logger.py[line:45] - fuc:__console- INFO: 开始执行用例test_delete_opcset
[2021-01-29 14:27:16,914] - Logger.py[line:45] - fuc:__console- INFO: 开始执行用例test_add_sign
[2021-01-29 14:27:22,635] - Logger.py[line:45] - fuc:__console- INFO: 开始执行用例test_edit_sign
[2021-01-29 14:27:25,566] - Logger.py[line:45] - fuc:__console- INFO: 开始执行用例test_delete_sign
[2021-01-29 14:27:38,128] - Logger.py[line:45] - fuc:__console- INFO: 开始执行用例test_add_signpath
[2021-01-29 14:27:42,147] - Logger.py[line:45] - fuc:__console- INFO: 开始执行用例test_search_signpath
[2021-01-29 14:27:51,489] - Logger.py[line:45] - fuc:__console- INFO: 开始执行用例test_edit_signpath
[2021-01-29 14:27:53,913] - Logger.py[line:45] - fuc:__console- INFO: 开始执行用例test_verify_signpath
[2021-01-29 14:27:59,216] - Logger.py[line:45] - fuc:__console- INFO: 开始执行用例test_cancelverify_signpath
[2021-01-29 14:28:04,454] - Logger.py[line:45] - fuc:__console- INFO: 开始执行用例test_delete_signpath
[2021-01-29 14:28:15,316] - Logger.py[line:45] - fuc:__console- INFO: 开始执行用例test_add_signrule
[2021-01-29 14:28:21,427] - Logger.py[line:45] - fuc:__console- INFO: 开始执行用例test_search_signrule
[2021-01-29 14:28:31,660] - Logger.py[line:45] - fuc:__console- INFO: 开始执行用例test_edit_signrule
[2021-01-29 14:28:34,350] - Logger.py[line:45] - fuc:__console- INFO: 开始执行用例test_delete_signrule
[2021-01-29 14:28:46,687] - Logger.py[line:45] - fuc:__console- INFO: 开始执行用例test_add_auth
[2021-01-29 14:28:59,547] - Logger.py[line:45] - fuc:__console- INFO: 开始执行用例test_edit_auth
[2021-01-29 14:29:02,022] - Logger.py[line:45] - fuc:__console- INFO: 开始执行用例test_delete_auth
[2021-01-29 14:29:13,806] - Logger.py[line:45] - fuc:__console- INFO: 开始执行用例test_login_organization
[2021-01-29 14:29:14,952] - Logger.py[line:45] - fuc:__console- INFO: 开始执行用例test_add_orgcom
[2021-01-29 14:29:16,698] - Logger.py[line:45] - fuc:__console- INFO: 开始执行用例test_edit_orgcom
[2021-01-29 14:29:18,490] - Logger.py[line:45] - fuc:__console- INFO: 开始执行用例test_delete_orgcom
[2021-01-29 14:29:22,782] - Logger.py[line:45] - fuc:__console- INFO: 开始执行用例test_refresh_orgcom
[2021-01-29 14:29:25,964] - Logger.py[line:45] - fuc:__console- INFO: 开始执行用例test_org_user_add
[2021-01-29 14:29:29,907] - Logger.py[line:45] - fuc:__console- INFO: 开始执行用例test_org_user_search
[2021-01-29 14:29:32,695] - Logger.py[line:45] - fuc:__console- INFO: 开始执行用例test_org_user_edit
[2021-01-29 14:29:34,406] - Logger.py[line:45] - fuc:__console- INFO: 开始执行用例test_org_user_delete
[2021-01-29 14:29:34,568] - Logger.py[line:45] - fuc:__console- INFO: 开始执行用例test_org_user_search_clear
[2021-01-29 14:29:40,249] - Logger.py[line:45] - fuc:__console- INFO: 开始执行用例test_org_refresh
[2021-01-29 14:29:53,048] - Logger.py[line:45] - fuc:__console- INFO: 开始执行用例test_add_usergp
[2021-01-29 14:29:58,758] - Logger.py[line:45] - fuc:__console- INFO: 开始执行用例test_setauth_usergp
[2021-01-29 14:30:02,436] - Logger.py[line:45] - fuc:__console- INFO: 开始执行用例test_edit_usergp
[2021-01-29 14:30:05,266] - Logger.py[line:45] - fuc:__console- INFO: 开始执行用例test_delete_usergp
[2021-01-29 14:30:16,807] - Logger.py[line:45] - fuc:__console- INFO: 开始执行用例test_add_user
[2021-01-29 14:30:24,101] - Logger.py[line:45] - fuc:__console- INFO: 开始执行用例test_search_user
[2021-01-29 14:30:39,745] - Logger.py[line:45] - fuc:__console- INFO: 开始执行用例test_edit_user
[2021-01-29 14:30:44,448] - Logger.py[line:45] - fuc:__console- INFO: 开始执行用例test_active_user
[2021-01-29 14:30:50,685] - Logger.py[line:45] - fuc:__console- INFO: 开始执行用例test_lock_user
[2021-01-29 14:30:55,962] - Logger.py[line:45] - fuc:__console- INFO: 开始执行用例test_unlock_user
[2021-01-29 14:31:01,248] - Logger.py[line:45] - fuc:__console- INFO: 开始执行用例test_delete_user
[2021-01-29 14:31:08,893] - Logger.py[line:45] - fuc:__console- INFO: 开始执行用例test_login_Device
[2021-01-29 14:31:10,113] - Logger.py[line:45] - fuc:__console- INFO: 开始执行用例test_device_add
[2021-01-29 14:31:13,730] - Logger.py[line:45] - fuc:__console- INFO: 开始执行用例test_device_add
[2021-01-29 14:31:16,229] - Logger.py[line:45] - fuc:__console- INFO: 开始执行用例test_device_add
[2021-01-29 14:31:18,761] - Logger.py[line:45] - fuc:__console- INFO: 开始执行用例test_device_search
[2021-01-29 14:31:20,347] - Logger.py[line:45] - fuc:__console- INFO: 开始执行用例test_device_edit
[2021-01-29 14:31:24,586] - Logger.py[line:45] - fuc:__console- INFO: 开始执行用例test_device_delete
[2021-01-29 14:31:31,389] - Logger.py[line:45] - fuc:__console- INFO: 开始执行用例test_device_delete
[2021-01-29 14:31:39,231] - Logger.py[line:45] - fuc:__console- INFO: 开始执行用例test_device_delete
[2021-01-29 14:31:47,216] - Logger.py[line:45] - fuc:__console- INFO: 开始执行用例test_device_search_cancel
[2021-01-29 14:31:59,129] - Logger.py[line:45] - fuc:__console- INFO: 开始执行用例test_workercenter_manage
[2021-01-29 14:32:00,331] - Logger.py[line:45] - fuc:__console- INFO: 开始执行用例test_workercenter_add
[2021-01-29 14:32:04,373] - Logger.py[line:45] - fuc:__console- INFO: 开始执行用例test_workercenter_search
[2021-01-29 14:32:07,073] - Logger.py[line:45] - fuc:__console- INFO: 开始执行用例test_workercenter_edit
[2021-01-29 14:32:09,615] - Logger.py[line:45] - fuc:__console- INFO: 开始执行用例test_workercenter_relation
[2021-01-29 14:32:12,908] - Logger.py[line:45] - fuc:__console- INFO: 开始执行用例test_workercenter_remove
[2021-01-29 14:32:16,226] - Logger.py[line:45] - fuc:__console- INFO: 开始执行用例test_workercenter_delete
[2021-01-29 14:32:16,443] - Logger.py[line:45] - fuc:__console- INFO: 开始执行用例test_workercenter_search_cancel
[2021-01-29 14:32:27,715] - Logger.py[line:45] - fuc:__console- INFO: 开始执行用例test_add_workstation
[2021-01-29 14:32:29,322] - Logger.py[line:45] - fuc:__console- INFO: 开始执行用例test_edit_workstation
[2021-01-29 14:32:33,210] - Logger.py[line:45] - fuc:__console- INFO: 开始执行用例test_delete_workstation
[2021-01-29 14:43:26,081] - Logger.py[line:45] - fuc:__console- INFO: 开始执行用例test_area_add
[2021-01-29 14:43:29,953] - Logger.py[line:45] - fuc:__console- INFO: 开始执行用例test_device_search
[2021-01-29 14:43:33,604] - Logger.py[line:45] - fuc:__console- INFO: 开始执行用例test_area_edit
[2021-01-29 14:43:36,980] - Logger.py[line:45] - fuc:__console- INFO: 开始执行用例test_area_relation
[2021-01-29 14:43:40,196] - Logger.py[line:45] - fuc:__console- INFO: 开始执行用例test_area_remove
[2021-01-29 14:43:43,503] - Logger.py[line:45] - fuc:__console- INFO: 开始执行用例test_area_delete
[2021-01-29 14:43:45,641] - Logger.py[line:45] - fuc:__console- INFO: 开始执行用例test_section_search_clear
[2021-01-29 14:43:55,868] - Logger.py[line:45] - fuc:__console- INFO: 开始执行用例test_company_add
[2021-01-29 14:43:57,507] - Logger.py[line:45] - fuc:__console- INFO: 开始执行用例test_company_search
[2021-01-29 14:43:59,199] - Logger.py[line:45] - fuc:__console- INFO: 开始执行用例test_company_edit
[2021-01-29 14:44:02,624] - Logger.py[line:45] - fuc:__console- INFO: 开始执行用例test_company_relation
[2021-01-29 14:44:05,958] - Logger.py[line:45] - fuc:__console- INFO: 开始执行用例test_company_remove
[2021-01-29 14:44:09,263] - Logger.py[line:45] - fuc:__console- INFO: 开始执行用例test_company_delete
[2021-01-29 14:44:09,403] - Logger.py[line:45] - fuc:__console- INFO: 开始执行用例test_section_search_clear
[2021-01-29 14:44:19,716] - Logger.py[line:45] - fuc:__console- INFO: 开始执行用例test_factory_add
[2021-01-29 14:44:23,507] - Logger.py[line:45] - fuc:__console- INFO: 开始执行用例test_factory_search
[2021-01-29 14:44:25,079] - Logger.py[line:45] - fuc:__console- INFO: 开始执行用例test_factory_edit
[2021-01-29 14:44:27,903] - Logger.py[line:45] - fuc:__console- INFO: 开始执行用例test_factory_relation
[2021-01-29 14:44:31,244] - Logger.py[line:45] - fuc:__console- INFO: 开始执行用例test_factory_remove
[2021-01-29 14:44:34,575] - Logger.py[line:45] - fuc:__console- INFO: 开始执行用例test_factory_delete
[2021-01-29 14:44:35,712] - Logger.py[line:45] - fuc:__console- INFO: 开始执行用例test_section_search_clear
[2021-01-29 14:44:45,525] - Logger.py[line:45] - fuc:__console- INFO: 开始执行用例test_location_manage
[2021-01-29 14:44:46,744] - Logger.py[line:45] - fuc:__console- INFO: 开始执行用例test_location_add
[2021-01-29 14:44:49,576] - Logger.py[line:45] - fuc:__console- INFO: 开始执行用例test_location_search
[2021-01-29 14:44:51,180] - Logger.py[line:45] - fuc:__console- INFO: 开始执行用例test_location_edit
[2021-01-29 14:44:53,576] - Logger.py[line:45] - fuc:__console- INFO: 开始执行用例test_location_delete
[2021-01-29 14:44:55,727] - Logger.py[line:45] - fuc:__console- INFO: 开始执行用例test_section_search_clear
[2021-01-29 14:45:04,702] - Logger.py[line:45] - fuc:__console- INFO: 开始执行用例test_section_manage
[2021-01-29 14:45:05,888] - Logger.py[line:45] - fuc:__console- INFO: 开始执行用例test_section_add
[2021-01-29 14:45:09,880] - Logger.py[line:45] - fuc:__console- INFO: 开始执行用例test_section_search
[2021-01-29 14:45:11,538] - Logger.py[line:45] - fuc:__console- INFO: 开始执行用例test_section_edit
[2021-01-29 14:45:14,972] - Logger.py[line:45] - fuc:__console- INFO: 开始执行用例test_section_relation
[2021-01-29 14:45:18,235] - Logger.py[line:45] - fuc:__console- INFO: 开始执行用例test_section_remove
[2021-01-29 14:45:21,556] - Logger.py[line:45] - fuc:__console- INFO: 开始执行用例test_section_delete
[2021-01-29 14:45:22,719] - Logger.py[line:45] - fuc:__console- INFO: 开始执行用例test_section_search_clear
[2021-01-29 14:45:33,661] - Logger.py[line:45] - fuc:__console- INFO: 开始执行用例test_add_codeconfig
[2021-01-29 14:45:37,487] - Logger.py[line:45] - fuc:__console- INFO: 开始执行用例test_search_codeconfig
[2021-01-29 14:45:46,659] - Logger.py[line:45] - fuc:__console- INFO: 开始执行用例test_edit_codeconfig
[2021-01-29 14:45:50,454] - Logger.py[line:45] - fuc:__console- INFO: 开始执行用例test_reset_codeconfig
[2021-01-29 14:45:50,603] - Logger.py[line:45] - fuc:__console- INFO: 开始执行用例test_delete_codeconfig
[2021-01-29 14:46:03,779] - Logger.py[line:45] - fuc:__console- INFO: 开始执行用例test_mimanage_add
[2021-01-29 14:46:06,244] - Logger.py[line:45] - fuc:__console- INFO: 开始执行用例test_mimanage_search
[2021-01-29 14:46:09,889] - Logger.py[line:45] - fuc:__console- INFO: 开始执行用例test_mimanage_design
[2021-01-29 14:47:46,620] - Logger.py[line:45] - fuc:__console- INFO: 开始执行用例test_mimanage_approve
[2021-01-29 14:47:50,804] - Logger.py[line:45] - fuc:__console- INFO: 开始执行用例test_mimanage_publish
[2021-01-29 14:47:54,996] - Logger.py[line:45] - fuc:__console- INFO: 开始执行用例test_mimanage_delete
[2021-01-29 14:48:17,667] - Logger.py[line:45] - fuc:__console- INFO: 开始执行用例test_mimanage_add
[2021-01-29 14:48:20,175] - Logger.py[line:45] - fuc:__console- INFO: 开始执行用例test_mimanage_search
[2021-01-29 14:48:23,833] - Logger.py[line:45] - fuc:__console- INFO: 开始执行用例test_mimanage_import
[2021-01-29 14:48:41,544] - Logger.py[line:45] - fuc:__console- INFO: 开始执行用例test_mimanage_approve
[2021-01-29 14:48:45,990] - Logger.py[line:45] - fuc:__console- INFO: 开始执行用例test_mimanage_publish
[2021-01-29 14:49:00,596] - Logger.py[line:45] - fuc:__console- INFO: 开始执行用例test_add_mimanage
[2021-01-29 14:49:03,989] - Logger.py[line:45] - fuc:__console- INFO: 开始执行用例test_search_mimanage
[2021-01-29 14:49:13,212] - Logger.py[line:45] - fuc:__console- INFO: 开始执行用例test_edit_mimanage
[2021-01-29 14:49:15,657] - Logger.py[line:45] - fuc:__console- INFO: 开始执行用例test_delete_mimanage
[2021-01-29 14:49:39,464] - Logger.py[line:45] - fuc:__console- INFO: 开始执行用例test_config_signpathapply
[2021-01-29 14:49:54,289] - Logger.py[line:45] - fuc:__console- INFO: 开始执行用例test_delete_signpathapply
[2021-01-29 14:50:27,172] - Logger.py[line:45] - fuc:__console- INFO: 开始执行用例test_add_opcset
[2021-01-29 14:50:30,960] - Logger.py[line:45] - fuc:__console- INFO: 开始执行用例test_search_opcset
[2021-01-29 14:50:40,304] - Logger.py[line:45] - fuc:__console- INFO: 开始执行用例test_edit_opcset
[2021-01-29 14:50:42,936] - Logger.py[line:45] - fuc:__console- INFO: 开始执行用例test_lock_opcset
[2021-01-29 14:50:48,407] - Logger.py[line:45] - fuc:__console- INFO: 开始执行用例test_unlock_opcset
[2021-01-29 14:50:53,759] - Logger.py[line:45] - fuc:__console- INFO: 开始执行用例test_delete_opcset
[2021-01-29 14:51:03,426] - Logger.py[line:45] - fuc:__console- INFO: 开始执行用例test_add_sign
[2021-01-29 14:51:09,129] - Logger.py[line:45] - fuc:__console- INFO: 开始执行用例test_edit_sign
[2021-01-29 14:51:12,068] - Logger.py[line:45] - fuc:__console- INFO: 开始执行用例test_delete_sign
[2021-01-29 14:51:24,492] - Logger.py[line:45] - fuc:__console- INFO: 开始执行用例test_add_signpath
[2021-01-29 14:51:28,451] - Logger.py[line:45] - fuc:__console- INFO: 开始执行用例test_search_signpath
[2021-01-29 14:51:37,731] - Logger.py[line:45] - fuc:__console- INFO: 开始执行用例test_edit_signpath
[2021-01-29 14:51:40,207] - Logger.py[line:45] - fuc:__console- INFO: 开始执行用例test_verify_signpath
[2021-01-29 14:51:45,519] - Logger.py[line:45] - fuc:__console- INFO: 开始执行用例test_cancelverify_signpath
[2021-01-29 14:51:50,782] - Logger.py[line:45] - fuc:__console- INFO: 开始执行用例test_delete_signpath
[2021-01-29 14:52:01,620] - Logger.py[line:45] - fuc:__console- INFO: 开始执行用例test_add_signrule
[2021-01-29 14:52:07,549] - Logger.py[line:45] - fuc:__console- INFO: 开始执行用例test_search_signrule
[2021-01-29 14:52:17,790] - Logger.py[line:45] - fuc:__console- INFO: 开始执行用例test_edit_signrule
[2021-01-29 14:52:20,673] - Logger.py[line:45] - fuc:__console- INFO: 开始执行用例test_delete_signrule
[2021-01-29 14:52:33,072] - Logger.py[line:45] - fuc:__console- INFO: 开始执行用例test_add_auth
[2021-01-29 14:52:45,826] - Logger.py[line:45] - fuc:__console- INFO: 开始执行用例test_edit_auth
[2021-01-29 14:52:48,340] - Logger.py[line:45] - fuc:__console- INFO: 开始执行用例test_delete_auth
[2021-01-29 14:53:00,232] - Logger.py[line:45] - fuc:__console- INFO: 开始执行用例test_login_organization
[2021-01-29 14:53:01,354] - Logger.py[line:45] - fuc:__console- INFO: 开始执行用例test_add_orgcom
[2021-01-29 14:53:03,051] - Logger.py[line:45] - fuc:__console- INFO: 开始执行用例test_edit_orgcom
[2021-01-29 14:53:05,847] - Logger.py[line:45] - fuc:__console- INFO: 开始执行用例test_delete_orgcom
[2021-01-29 14:53:10,119] - Logger.py[line:45] - fuc:__console- INFO: 开始执行用例test_refresh_orgcom
[2021-01-29 14:53:13,278] - Logger.py[line:45] - fuc:__console- INFO: 开始执行用例test_org_user_add
[2021-01-29 14:53:17,173] - Logger.py[line:45] - fuc:__console- INFO: 开始执行用例test_org_user_search
[2021-01-29 14:53:19,840] - Logger.py[line:45] - fuc:__console- INFO: 开始执行用例test_org_user_edit
[2021-01-29 14:53:21,559] - Logger.py[line:45] - fuc:__console- INFO: 开始执行用例test_org_user_delete
[2021-01-29 14:53:21,702] - Logger.py[line:45] - fuc:__console- INFO: 开始执行用例test_org_user_search_clear
[2021-01-29 14:53:27,341] - Logger.py[line:45] - fuc:__console- INFO: 开始执行用例test_org_refresh
[2021-01-29 14:53:39,288] - Logger.py[line:45] - fuc:__console- INFO: 开始执行用例test_add_usergp
[2021-01-29 14:53:45,328] - Logger.py[line:45] - fuc:__console- INFO: 开始执行用例test_setauth_usergp
[2021-01-29 14:53:49,107] - Logger.py[line:45] - fuc:__console- INFO: 开始执行用例test_edit_usergp
[2021-01-29 14:53:52,009] - Logger.py[line:45] - fuc:__console- INFO: 开始执行用例test_delete_usergp
[2021-01-29 14:54:03,547] - Logger.py[line:45] - fuc:__console- INFO: 开始执行用例test_add_user
[2021-01-29 14:54:09,661] - Logger.py[line:45] - fuc:__console- INFO: 开始执行用例test_search_user
[2021-01-29 14:54:19,009] - Logger.py[line:45] - fuc:__console- INFO: 开始执行用例test_edit_user
[2021-01-29 14:54:23,697] - Logger.py[line:45] - fuc:__console- INFO: 开始执行用例test_active_user
[2021-01-29 14:54:29,852] - Logger.py[line:45] - fuc:__console- INFO: 开始执行用例test_lock_user
[2021-01-29 14:54:35,124] - Logger.py[line:45] - fuc:__console- INFO: 开始执行用例test_unlock_user
[2021-01-29 14:54:40,456] - Logger.py[line:45] - fuc:__console- INFO: 开始执行用例test_delete_user
[2021-01-29 14:54:48,046] - Logger.py[line:45] - fuc:__console- INFO: 开始执行用例test_login_Device
[2021-01-29 14:54:49,305] - Logger.py[line:45] - fuc:__console- INFO: 开始执行用例test_device_add
[2021-01-29 14:54:52,941] - Logger.py[line:45] - fuc:__console- INFO: 开始执行用例test_device_add
[2021-01-29 14:54:55,527] - Logger.py[line:45] - fuc:__console- INFO: 开始执行用例test_device_add
[2021-01-29 14:54:58,074] - Logger.py[line:45] - fuc:__console- INFO: 开始执行用例test_device_search
[2021-01-29 14:54:59,706] - Logger.py[line:45] - fuc:__console- INFO: 开始执行用例test_device_edit
[2021-01-29 14:55:03,817] - Logger.py[line:45] - fuc:__console- INFO: 开始执行用例test_device_delete
[2021-01-29 14:55:10,628] - Logger.py[line:45] - fuc:__console- INFO: 开始执行用例test_device_delete
[2021-01-29 14:55:18,495] - Logger.py[line:45] - fuc:__console- INFO: 开始执行用例test_device_delete
[2021-01-29 14:55:26,364] - Logger.py[line:45] - fuc:__console- INFO: 开始执行用例test_device_search_cancel
[2021-01-29 14:55:37,436] - Logger.py[line:45] - fuc:__console- INFO: 开始执行用例test_workercenter_manage
[2021-01-29 14:55:38,660] - Logger.py[line:45] - fuc:__console- INFO: 开始执行用例test_workercenter_add
[2021-01-29 14:55:42,613] - Logger.py[line:45] - fuc:__console- INFO: 开始执行用例test_workercenter_search
[2021-01-29 14:55:45,273] - Logger.py[line:45] - fuc:__console- INFO: 开始执行用例test_workercenter_edit
[2021-01-29 14:55:47,787] - Logger.py[line:45] - fuc:__console- INFO: 开始执行用例test_workercenter_relation
[2021-01-29 14:55:51,069] - Logger.py[line:45] - fuc:__console- INFO: 开始执行用例test_workercenter_remove
[2021-01-29 14:55:54,396] - Logger.py[line:45] - fuc:__console- INFO: 开始执行用例test_workercenter_delete
[2021-01-29 14:55:54,631] - Logger.py[line:45] - fuc:__console- INFO: 开始执行用例test_workercenter_search_cancel
[2021-01-29 14:56:05,611] - Logger.py[line:45] - fuc:__console- INFO: 开始执行用例test_add_workstation
[2021-01-29 14:56:07,176] - Logger.py[line:45] - fuc:__console- INFO: 开始执行用例test_edit_workstation
[2021-01-29 14:56:09,576] - Logger.py[line:45] - fuc:__console- INFO: 开始执行用例test_delete_workstation
[2021-01-29 15:02:03,958] - Logger.py[line:45] - fuc:__console- INFO: 开始执行用例test_add_workstation
[2021-01-29 15:02:06,941] - Logger.py[line:45] - fuc:__console- INFO: 开始执行用例test_edit_workstation
[2021-01-29 15:02:13,613] - Logger.py[line:45] - fuc:__console- INFO: 开始执行用例test_delete_workstation
[2021-01-29 15:03:26,584] - Logger.py[line:45] - fuc:__console- INFO: 开始执行用例test_add_workstation
[2021-01-29 15:03:29,286] - Logger.py[line:45] - fuc:__console- INFO: 开始执行用例test_edit_workstation
[2021-01-29 15:03:34,141] - Logger.py[line:45] - fuc:__console- INFO: 开始执行用例test_delete_workstation
[2021-01-29 15:04:24,495] - Logger.py[line:45] - fuc:__console- INFO: 开始执行用例test_add_workstation
[2021-01-29 15:04:27,114] - Logger.py[line:45] - fuc:__console- INFO: 开始执行用例test_edit_workstation
[2021-01-29 15:04:32,039] - Logger.py[line:45] - fuc:__console- INFO: 开始执行用例test_delete_workstation
[2021-01-29 15:06:28,762] - Logger.py[line:45] - fuc:__console- INFO: 开始执行用例test_area_add
[2021-01-29 15:06:33,642] - Logger.py[line:45] - fuc:__console- INFO: 开始执行用例test_device_search
[2021-01-29 15:06:37,289] - Logger.py[line:45] - fuc:__console- INFO: 开始执行用例test_area_edit
[2021-01-29 15:06:40,786] - Logger.py[line:45] - fuc:__console- INFO: 开始执行用例test_area_relation
[2021-01-29 15:06:44,112] - Logger.py[line:45] - fuc:__console- INFO: 开始执行用例test_area_remove
[2021-01-29 15:06:47,384] - Logger.py[line:45] - fuc:__console- INFO: 开始执行用例test_area_delete
[2021-01-29 15:06:49,562] - Logger.py[line:45] - fuc:__console- INFO: 开始执行用例test_section_search_clear
[2021-01-29 15:06:59,778] - Logger.py[line:45] - fuc:__console- INFO: 开始执行用例test_company_add
[2021-01-29 15:07:01,457] - Logger.py[line:45] - fuc:__console- INFO: 开始执行用例test_company_search
[2021-01-29 15:07:03,176] - Logger.py[line:45] - fuc:__console- INFO: 开始执行用例test_company_edit
[2021-01-29 15:07:06,643] - Logger.py[line:45] - fuc:__console- INFO: 开始执行用例test_company_relation
[2021-01-29 15:07:09,993] - Logger.py[line:45] - fuc:__console- INFO: 开始执行用例test_company_remove
[2021-01-29 15:07:13,295] - Logger.py[line:45] - fuc:__console- INFO: 开始执行用例test_company_delete
[2021-01-29 15:07:13,419] - Logger.py[line:45] - fuc:__console- INFO: 开始执行用例test_section_search_clear
[2021-01-29 15:07:23,707] - Logger.py[line:45] - fuc:__console- INFO: 开始执行用例test_factory_add
[2021-01-29 15:07:27,493] - Logger.py[line:45] - fuc:__console- INFO: 开始执行用例test_factory_search
[2021-01-29 15:07:29,139] - Logger.py[line:45] - fuc:__console- INFO: 开始执行用例test_factory_edit
[2021-01-29 15:07:31,977] - Logger.py[line:45] - fuc:__console- INFO: 开始执行用例test_factory_relation
[2021-01-29 15:07:35,365] - Logger.py[line:45] - fuc:__console- INFO: 开始执行用例test_factory_remove
[2021-01-29 15:07:38,665] - Logger.py[line:45] - fuc:__console- INFO: 开始执行用例test_factory_delete
[2021-01-29 15:07:39,850] - Logger.py[line:45] - fuc:__console- INFO: 开始执行用例test_section_search_clear
[2021-01-29 15:07:48,928] - Logger.py[line:45] - fuc:__console- INFO: 开始执行用例test_location_manage
[2021-01-29 15:07:50,160] - Logger.py[line:45] - fuc:__console- INFO: 开始执行用例test_location_add
[2021-01-29 15:07:52,856] - Logger.py[line:45] - fuc:__console- INFO: 开始执行用例test_location_search
[2021-01-29 15:07:54,464] - Logger.py[line:45] - fuc:__console- INFO: 开始执行用例test_location_edit
[2021-01-29 15:07:56,916] - Logger.py[line:45] - fuc:__console- INFO: 开始执行用例test_location_delete
[2021-01-29 15:07:59,050] - Logger.py[line:45] - fuc:__console- INFO: 开始执行用例test_section_search_clear
[2021-01-29 15:08:08,105] - Logger.py[line:45] - fuc:__console- INFO: 开始执行用例test_section_manage
[2021-01-29 15:08:09,279] - Logger.py[line:45] - fuc:__console- INFO: 开始执行用例test_section_add
[2021-01-29 15:08:13,299] - Logger.py[line:45] - fuc:__console- INFO: 开始执行用例test_section_search
[2021-01-29 15:08:14,923] - Logger.py[line:45] - fuc:__console- INFO: 开始执行用例test_section_edit
[2021-01-29 15:08:18,548] - Logger.py[line:45] - fuc:__console- INFO: 开始执行用例test_section_relation
[2021-01-29 15:08:21,856] - Logger.py[line:45] - fuc:__console- INFO: 开始执行用例test_section_remove
[2021-01-29 15:08:25,113] - Logger.py[line:45] - fuc:__console- INFO: 开始执行用例test_section_delete
[2021-01-29 15:08:26,230] - Logger.py[line:45] - fuc:__console- INFO: 开始执行用例test_section_search_clear
[2021-01-29 15:08:36,634] - Logger.py[line:45] - fuc:__console- INFO: 开始执行用例test_add_codeconfig
[2021-01-29 15:08:40,521] - Logger.py[line:45] - fuc:__console- INFO: 开始执行用例test_search_codeconfig
[2021-01-29 15:08:49,769] - Logger.py[line:45] - fuc:__console- INFO: 开始执行用例test_edit_codeconfig
[2021-01-29 15:08:53,493] - Logger.py[line:45] - fuc:__console- INFO: 开始执行用例test_reset_codeconfig
[2021-01-29 15:08:53,653] - Logger.py[line:45] - fuc:__console- INFO: 开始执行用例test_delete_codeconfig
[2021-01-29 15:09:06,834] - Logger.py[line:45] - fuc:__console- INFO: 开始执行用例test_mimanage_add
[2021-01-29 15:09:09,317] - Logger.py[line:45] - fuc:__console- INFO: 开始执行用例test_mimanage_search
[2021-01-29 15:09:13,037] - Logger.py[line:45] - fuc:__console- INFO: 开始执行用例test_mimanage_design
[2021-01-29 15:10:50,962] - Logger.py[line:45] - fuc:__console- INFO: 开始执行用例test_mimanage_approve
[2021-01-29 15:10:55,178] - Logger.py[line:45] - fuc:__console- INFO: 开始执行用例test_mimanage_publish
[2021-01-29 15:10:59,399] - Logger.py[line:45] - fuc:__console- INFO: 开始执行用例test_mimanage_delete
[2021-01-29 15:11:22,022] - Logger.py[line:45] - fuc:__console- INFO: 开始执行用例test_mimanage_add
[2021-01-29 15:11:24,487] - Logger.py[line:45] - fuc:__console- INFO: 开始执行用例test_mimanage_search
[2021-01-29 15:11:30,243] - Logger.py[line:45] - fuc:__console- INFO: 开始执行用例test_mimanage_import
[2021-01-29 15:11:48,022] - Logger.py[line:45] - fuc:__console- INFO: 开始执行用例test_mimanage_approve
[2021-01-29 15:11:52,535] - Logger.py[line:45] - fuc:__console- INFO: 开始执行用例test_mimanage_publish
[2021-01-29 15:12:07,314] - Logger.py[line:45] - fuc:__console- INFO: 开始执行用例test_add_mimanage
[2021-01-29 15:12:10,718] - Logger.py[line:45] - fuc:__console- INFO: 开始执行用例test_search_mimanage
[2021-01-29 15:12:19,965] - Logger.py[line:45] - fuc:__console- INFO: 开始执行用例test_edit_mimanage
[2021-01-29 15:12:22,502] - Logger.py[line:45] - fuc:__console- INFO: 开始执行用例test_delete_mimanage
[2021-01-29 15:12:46,389] - Logger.py[line:45] - fuc:__console- INFO: 开始执行用例test_config_signpathapply
[2021-01-29 15:13:01,457] - Logger.py[line:45] - fuc:__console- INFO: 开始执行用例test_delete_signpathapply
[2021-01-29 15:13:36,230] - Logger.py[line:45] - fuc:__console- INFO: 开始执行用例test_add_opcset
[2021-01-29 15:13:39,992] - Logger.py[line:45] - fuc:__console- INFO: 开始执行用例test_search_opcset
[2021-01-29 15:13:49,255] - Logger.py[line:45] - fuc:__console- INFO: 开始执行用例test_edit_opcset
[2021-01-29 15:13:51,880] - Logger.py[line:45] - fuc:__console- INFO: 开始执行用例test_lock_opcset
[2021-01-29 15:13:57,277] - Logger.py[line:45] - fuc:__console- INFO: 开始执行用例test_unlock_opcset
[2021-01-29 15:14:02,806] - Logger.py[line:45] - fuc:__console- INFO: 开始执行用例test_delete_opcset
[2021-01-29 15:14:12,557] - Logger.py[line:45] - fuc:__console- INFO: 开始执行用例test_add_sign
[2021-01-29 15:14:18,266] - Logger.py[line:45] - fuc:__console- INFO: 开始执行用例test_edit_sign
[2021-01-29 15:14:21,203] - Logger.py[line:45] - fuc:__console- INFO: 开始执行用例test_delete_sign
[2021-01-29 15:14:33,704] - Logger.py[line:45] - fuc:__console- INFO: 开始执行用例test_add_signpath
[2021-01-29 15:14:37,812] - Logger.py[line:45] - fuc:__console- INFO: 开始执行用例test_search_signpath
[2021-01-29 15:14:47,157] - Logger.py[line:45] - fuc:__console- INFO: 开始执行用例test_edit_signpath
[2021-01-29 15:14:49,625] - Logger.py[line:45] - fuc:__console- INFO: 开始执行用例test_verify_signpath
[2021-01-29 15:14:54,938] - Logger.py[line:45] - fuc:__console- INFO: 开始执行用例test_cancelverify_signpath
[2021-01-29 15:15:00,271] - Logger.py[line:45] - fuc:__console- INFO: 开始执行用例test_delete_signpath
[2021-01-29 15:15:11,174] - Logger.py[line:45] - fuc:__console- INFO: 开始执行用例test_add_signrule
[2021-01-29 15:15:17,037] - Logger.py[line:45] - fuc:__console- INFO: 开始执行用例test_search_signrule
[2021-01-29 15:15:27,279] - Logger.py[line:45] - fuc:__console- INFO: 开始执行用例test_edit_signrule
[2021-01-29 15:15:30,098] - Logger.py[line:45] - fuc:__console- INFO: 开始执行用例test_delete_signrule
[2021-01-29 15:15:42,730] - Logger.py[line:45] - fuc:__console- INFO: 开始执行用例test_add_auth
[2021-01-29 15:15:55,505] - Logger.py[line:45] - fuc:__console- INFO: 开始执行用例test_edit_auth
[2021-01-29 15:15:57,964] - Logger.py[line:45] - fuc:__console- INFO: 开始执行用例test_delete_auth
[2021-01-29 15:16:10,555] - Logger.py[line:45] - fuc:__console- INFO: 开始执行用例test_login_organization
[2021-01-29 15:16:11,725] - Logger.py[line:45] - fuc:__console- INFO: 开始执行用例test_add_orgcom
[2021-01-29 15:16:13,491] - Logger.py[line:45] - fuc:__console- INFO: 开始执行用例test_edit_orgcom
[2021-01-29 15:16:15,261] - Logger.py[line:45] - fuc:__console- INFO: 开始执行用例test_delete_orgcom
[2021-01-29 15:16:19,546] - Logger.py[line:45] - fuc:__console- INFO: 开始执行用例test_refresh_orgcom
[2021-01-29 15:16:22,738] - Logger.py[line:45] - fuc:__console- INFO: 开始执行用例test_org_user_add
[2021-01-29 15:16:26,699] - Logger.py[line:45] - fuc:__console- INFO: 开始执行用例test_org_user_search
[2021-01-29 15:16:29,391] - Logger.py[line:45] - fuc:__console- INFO: 开始执行用例test_org_user_edit
[2021-01-29 15:16:31,136] - Logger.py[line:45] - fuc:__console- INFO: 开始执行用例test_org_user_delete
[2021-01-29 15:16:31,262] - Logger.py[line:45] - fuc:__console- INFO: 开始执行用例test_org_user_search_clear
[2021-01-29 15:16:36,924] - Logger.py[line:45] - fuc:__console- INFO: 开始执行用例test_org_refresh
[2021-01-29 15:16:48,804] - Logger.py[line:45] - fuc:__console- INFO: 开始执行用例test_add_usergp
[2021-01-29 15:16:54,834] - Logger.py[line:45] - fuc:__console- INFO: 开始执行用例test_setauth_usergp
[2021-01-29 15:16:58,429] - Logger.py[line:45] - fuc:__console- INFO: 开始执行用例test_edit_usergp
[2021-01-29 15:17:01,341] - Logger.py[line:45] - fuc:__console- INFO: 开始执行用例test_delete_usergp
[2021-01-29 15:17:12,940] - Logger.py[line:45] - fuc:__console- INFO: 开始执行用例test_add_user
[2021-01-29 15:17:19,043] - Logger.py[line:45] - fuc:__console- INFO: 开始执行用例test_search_user
[2021-01-29 15:17:28,409] - Logger.py[line:45] - fuc:__console- INFO: 开始执行用例test_edit_user
[2021-01-29 15:17:33,121] - Logger.py[line:45] - fuc:__console- INFO: 开始执行用例test_active_user
[2021-01-29 15:17:39,304] - Logger.py[line:45] - fuc:__console- INFO: 开始执行用例test_lock_user
[2021-01-29 15:17:44,674] - Logger.py[line:45] - fuc:__console- INFO: 开始执行用例test_unlock_user
[2021-01-29 15:17:49,990] - Logger.py[line:45] - fuc:__console- INFO: 开始执行用例test_delete_user
[2021-01-29 15:17:58,575] - Logger.py[line:45] - fuc:__console- INFO: 开始执行用例test_login_Device
[2021-01-29 15:17:59,773] - Logger.py[line:45] - fuc:__console- INFO: 开始执行用例test_device_add
[2021-01-29 15:18:03,483] - Logger.py[line:45] - fuc:__console- INFO: 开始执行用例test_device_add
[2021-01-29 15:18:05,926] - Logger.py[line:45] - fuc:__console- INFO: 开始执行用例test_device_add
[2021-01-29 15:18:08,460] - Logger.py[line:45] - fuc:__console- INFO: 开始执行用例test_device_search
[2021-01-29 15:18:10,141] - Logger.py[line:45] - fuc:__console- INFO: 开始执行用例test_device_edit
[2021-01-29 15:18:14,312] - Logger.py[line:45] - fuc:__console- INFO: 开始执行用例test_device_delete
[2021-01-29 15:18:21,214] - Logger.py[line:45] - fuc:__console- INFO: 开始执行用例test_device_delete
[2021-01-29 15:18:29,103] - Logger.py[line:45] - fuc:__console- INFO: 开始执行用例test_device_delete
[2021-01-29 15:18:37,022] - Logger.py[line:45] - fuc:__console- INFO: 开始执行用例test_device_search_cancel
[2021-01-29 15:18:48,936] - Logger.py[line:45] - fuc:__console- INFO: 开始执行用例test_workercenter_manage
[2021-01-29 15:18:50,101] - Logger.py[line:45] - fuc:__console- INFO: 开始执行用例test_workercenter_add
[2021-01-29 15:18:54,237] - Logger.py[line:45] - fuc:__console- INFO: 开始执行用例test_workercenter_search
[2021-01-29 15:18:56,868] - Logger.py[line:45] - fuc:__console- INFO: 开始执行用例test_workercenter_edit
[2021-01-29 15:18:59,466] - Logger.py[line:45] - fuc:__console- INFO: 开始执行用例test_workercenter_relation
[2021-01-29 15:19:02,757] - Logger.py[line:45] - fuc:__console- INFO: 开始执行用例test_workercenter_remove
[2021-01-29 15:19:06,078] - Logger.py[line:45] - fuc:__console- INFO: 开始执行用例test_workercenter_delete
[2021-01-29 15:19:06,296] - Logger.py[line:45] - fuc:__console- INFO: 开始执行用例test_workercenter_search_cancel
[2021-01-29 15:19:16,685] - Logger.py[line:45] - fuc:__console- INFO: 开始执行用例test_add_workstation
[2021-01-29 15:19:19,402] - Logger.py[line:45] - fuc:__console- INFO: 开始执行用例test_edit_workstation
[2021-01-29 15:19:24,419] - Logger.py[line:45] - fuc:__console- INFO: 开始执行用例test_delete_workstation
[2021-01-29 15:42:35,238] - Logger.py[line:45] - fuc:__console- INFO: 开始执行用例test_reservoir_add
[2021-01-29 15:42:42,506] - Logger.py[line:45] - fuc:__console- INFO: 开始执行用例test_reservoir_search
[2021-01-29 15:44:00,191] - Logger.py[line:45] - fuc:__console- INFO: 开始执行用例test_reservoir_add
[2021-01-29 15:44:04,706] - Logger.py[line:45] - fuc:__console- INFO: 开始执行用例test_reservoir_search
[2021-01-29 15:44:06,333] - Logger.py[line:45] - fuc:__console- INFO: 开始执行用例test_reservoir_edit
[2021-01-29 15:44:11,656] - Logger.py[line:45] - fuc:__console- INFO: 开始执行用例test_reservoir_relation
[2021-01-29 15:44:13,869] - Logger.py[line:45] - fuc:__console- INFO: 开始执行用例test_reservoir_delete
[2021-01-29 15:49:08,038] - Logger.py[line:45] - fuc:__console- INFO: 开始执行用例test_reservoir_add
[2021-01-29 15:49:15,271] - Logger.py[line:45] - fuc:__console- INFO: 开始执行用例test_reservoir_search
[2021-01-29 15:49:19,040] - Logger.py[line:45] - fuc:__console- INFO: 开始执行用例test_reservoir_edit
[2021-01-29 15:49:25,603] - Logger.py[line:45] - fuc:__console- INFO: 开始执行用例test_reservoir_relation
[2021-01-29 15:49:31,645] - Logger.py[line:45] - fuc:__console- INFO: 开始执行用例test_reservoir_delete
[2021-01-29 15:50:54,350] - Logger.py[line:45] - fuc:__console- INFO: 开始执行用例test_reservoir_add
[2021-01-29 15:50:58,947] - Logger.py[line:45] - fuc:__console- INFO: 开始执行用例test_reservoir_search
[2021-01-29 15:51:01,680] - Logger.py[line:45] - fuc:__console- INFO: 开始执行用例test_reservoir_edit
[2021-01-29 15:51:05,502] - Logger.py[line:45] - fuc:__console- INFO: 开始执行用例test_reservoir_relation
[2021-01-29 15:51:07,800] - Logger.py[line:45] - fuc:__console- INFO: 开始执行用例test_reservoir_delete
[2021-01-29 16:28:19,985] - Logger.py[line:45] - fuc:__console- INFO: 开始执行用例test_reservoir_add
[2021-01-29 16:28:29,208] - Logger.py[line:45] - fuc:__console- INFO: 开始执行用例test_reservoir_search
[2021-01-29 16:28:31,896] - Logger.py[line:45] - fuc:__console- INFO: 开始执行用例test_reservoir_edit
[2021-01-29 16:28:34,669] - Logger.py[line:45] - fuc:__console- INFO: 开始执行用例test_reservoir_relation
[2021-01-29 16:28:37,025] - Logger.py[line:45] - fuc:__console- INFO: 开始执行用例test_reservoir_remove
[2021-01-29 16:28:39,714] - Logger.py[line:45] - fuc:__console- INFO: 开始执行用例test_reservoir_delete
[2021-01-29 16:30:30,964] - Logger.py[line:45] - fuc:__console- INFO: 开始执行用例test_reservoir_add
[2021-01-29 16:30:35,546] - Logger.py[line:45] - fuc:__console- INFO: 开始执行用例test_reservoir_search
[2021-01-29 16:30:38,272] - Logger.py[line:45] - fuc:__console- INFO: 开始执行用例test_reservoir_edit
[2021-01-29 16:30:42,015] - Logger.py[line:45] - fuc:__console- INFO: 开始执行用例test_reservoir_relation
[2021-01-29 16:30:44,362] - Logger.py[line:45] - fuc:__console- INFO: 开始执行用例test_reservoir_remove
[2021-01-29 16:30:47,053] - Logger.py[line:45] - fuc:__console- INFO: 开始执行用例test_reservoir_delete
[2021-01-29 16:32:43,458] - Logger.py[line:45] - fuc:__console- INFO: 开始执行用例test_reservoir_add
[2021-01-29 16:32:57,526] - Logger.py[line:45] - fuc:__console- INFO: 开始执行用例test_reservoir_search
[2021-01-29 16:33:00,146] - Logger.py[line:45] - fuc:__console- INFO: 开始执行用例test_reservoir_edit
[2021-01-29 16:33:03,958] - Logger.py[line:45] - fuc:__console- INFO: 开始执行用例test_reservoir_relation
[2021-01-29 16:33:06,271] - Logger.py[line:45] - fuc:__console- INFO: 开始执行用例test_reservoir_remove
[2021-01-29 16:33:08,970] - Logger.py[line:45] - fuc:__console- INFO: 开始执行用例test_reservoir_delete
[2021-01-29 16:33:16,586] - Logger.py[line:45] - fuc:__console- INFO: 开始执行用例test_reservoir_search_clear
[2021-01-29 16:34:16,850] - Logger.py[line:45] - fuc:__console- INFO: 开始执行用例test_reservoir_add
[2021-01-29 16:34:21,421] - Logger.py[line:45] - fuc:__console- INFO: 开始执行用例test_reservoir_search
[2021-01-29 16:34:24,080] - Logger.py[line:45] - fuc:__console- INFO: 开始执行用例test_reservoir_edit
[2021-01-29 16:34:27,912] - Logger.py[line:45] - fuc:__console- INFO: 开始执行用例test_reservoir_relation
[2021-01-29 16:34:30,219] - Logger.py[line:45] - fuc:__console- INFO: 开始执行用例test_reservoir_remove
[2021-01-29 16:34:32,982] - Logger.py[line:45] - fuc:__console- INFO: 开始执行用例test_reservoir_delete
[2021-01-29 16:34:38,312] - Logger.py[line:45] - fuc:__console- INFO: 开始执行用例test_reservoir_search_clear
[2021-01-29 17:31:43,794] - Logger.py[line:45] - fuc:__console- INFO: 开始执行用例test_stolocation_move
[2021-01-29 17:32:34,001] - Logger.py[line:45] - fuc:__console- INFO: 开始执行用例test_stolocation_move
[2021-01-29 17:34:14,670] - Logger.py[line:45] - fuc:__console- INFO: 开始执行用例test_stolocation_move
[2021-01-29 17:53:22,497] - Logger.py[line:45] - fuc:__console- INFO: 开始执行用例test_stolocation_move
[2021-01-29 17:54:28,378] - Logger.py[line:45] - fuc:__console- INFO: 开始执行用例test_stolocation_move
[2021-01-29 17:55:41,545] - Logger.py[line:45] - fuc:__console- INFO: 开始执行用例test_stolocation_move
