[2021-02-23 09:20:50,720] - Logger.py[line:45] - fuc:__console- INFO: 开始执行用例test_add_abnormal_001
[2021-02-23 09:21:01,342] - Logger.py[line:45] - fuc:__console- INFO: 开始执行用例test_add_abnormal_001
[2021-02-23 09:21:11,440] - Logger.py[line:45] - fuc:__console- INFO: 开始执行用例test_add_abnormal_001
[2021-02-23 09:21:22,324] - Logger.py[line:45] - fuc:__console- INFO: 开始执行用例test_add_abnormal_001
[2021-02-23 09:21:32,259] - Logger.py[line:45] - fuc:__console- INFO: 开始执行用例test_add_abnormal_002
[2021-02-23 09:21:42,452] - Logger.py[line:45] - fuc:__console- INFO: 开始执行用例test_add_abnormal_002
[2021-02-23 09:21:52,613] - Logger.py[line:45] - fuc:__console- INFO: 开始执行用例test_add_abnormal_002
[2021-02-23 09:22:02,700] - Logger.py[line:45] - fuc:__console- INFO: 开始执行用例test_add_abnormal_003
[2021-02-23 09:22:12,945] - Logger.py[line:45] - fuc:__console- INFO: 开始执行用例test_add_abnormal_003
[2021-02-23 09:22:23,013] - Logger.py[line:45] - fuc:__console- INFO: 开始执行用例test_add_abnormal_003
[2021-02-23 09:22:33,108] - Logger.py[line:45] - fuc:__console- INFO: 开始执行用例test_edit_abnormal_001
[2021-02-23 09:22:44,904] - Logger.py[line:45] - fuc:__console- INFO: 开始执行用例test_edit_abnormal_001
[2021-02-23 09:22:56,484] - Logger.py[line:45] - fuc:__console- INFO: 开始执行用例test_edit_abnormal_001
[2021-02-23 09:23:08,994] - Logger.py[line:45] - fuc:__console- INFO: 开始执行用例test_edit_abnormal_001
[2021-02-23 09:23:20,667] - Logger.py[line:45] - fuc:__console- INFO: 开始执行用例test_edit_abnormal_002
[2021-02-23 09:23:32,336] - Logger.py[line:45] - fuc:__console- INFO: 开始执行用例test_edit_abnormal_002
[2021-02-23 09:23:44,043] - Logger.py[line:45] - fuc:__console- INFO: 开始执行用例test_edit_abnormal_002
[2021-02-23 09:23:55,950] - Logger.py[line:45] - fuc:__console- INFO: 开始执行用例test_edit_abnormal_003
[2021-02-23 09:24:07,930] - Logger.py[line:45] - fuc:__console- INFO: 开始执行用例test_edit_abnormal_003
[2021-02-23 09:24:19,622] - Logger.py[line:45] - fuc:__console- INFO: 开始执行用例test_edit_abnormal_003
[2021-02-23 11:30:31,579] - Logger.py[line:45] - fuc:__console- INFO: 开始执行用例test_login_organization
[2021-02-23 11:30:32,629] - Logger.py[line:45] - fuc:__console- INFO: 开始执行用例test_add_orgcom
[2021-02-23 11:30:35,718] - Logger.py[line:45] - fuc:__console- INFO: 开始执行用例test_edit_orgcom
[2021-02-23 11:30:38,495] - Logger.py[line:45] - fuc:__console- INFO: 开始执行用例test_delete_orgcom
[2021-02-23 11:30:39,760] - Logger.py[line:45] - fuc:__console- INFO: 开始执行用例test_refresh_orgcom
[2021-02-23 11:30:39,858] - Logger.py[line:45] - fuc:__console- INFO: 开始执行用例test_org_user_add
[2021-02-23 11:30:44,860] - Logger.py[line:45] - fuc:__console- INFO: 开始执行用例test_org_user_edit
[2021-02-23 11:30:52,796] - Logger.py[line:45] - fuc:__console- INFO: 开始执行用例test_org_user_delete
[2021-02-23 11:30:52,931] - Logger.py[line:45] - fuc:__console- INFO: 开始执行用例test_org_refresh
[2021-02-23 14:50:20,821] - Logger.py[line:45] - fuc:__console- INFO: 开始执行用例test_org_username_add
[2021-02-23 14:50:43,297] - Logger.py[line:45] - fuc:__console- INFO: 开始执行用例test_org_username_add
[2021-02-23 14:52:08,952] - Logger.py[line:45] - fuc:__console- INFO: 开始执行用例test_org_username_add
[2021-02-23 14:52:22,670] - Logger.py[line:45] - fuc:__console- INFO: 开始执行用例test_org_username_add
[2021-02-23 14:52:31,220] - Logger.py[line:45] - fuc:__console- INFO: 开始执行用例test_org_username_add
[2021-02-23 14:52:39,795] - Logger.py[line:45] - fuc:__console- INFO: 开始执行用例test_org_username_add
[2021-02-23 14:54:14,269] - Logger.py[line:45] - fuc:__console- INFO: 开始执行用例test_org_username_add
[2021-02-23 14:54:18,899] - Logger.py[line:45] - fuc:__console- INFO: 开始执行用例test_org_username_add
[2021-02-23 14:54:28,667] - Logger.py[line:45] - fuc:__console- INFO: 开始执行用例test_org_username_add
[2021-02-23 14:54:36,543] - Logger.py[line:45] - fuc:__console- INFO: 开始执行用例test_org_code_add
[2021-02-23 14:54:39,844] - Logger.py[line:45] - fuc:__console- INFO: 开始执行用例test_org_code_add
[2021-02-23 14:54:42,805] - Logger.py[line:45] - fuc:__console- INFO: 开始执行用例test_org_code_add
[2021-02-23 14:54:49,650] - Logger.py[line:45] - fuc:__console- INFO: 开始执行用例test_org_code_add
[2021-02-23 14:54:52,448] - Logger.py[line:45] - fuc:__console- INFO: 开始执行用例test_org_code_add
[2021-02-23 14:54:55,430] - Logger.py[line:45] - fuc:__console- INFO: 开始执行用例test_org_tel_add
[2021-02-23 14:54:59,094] - Logger.py[line:45] - fuc:__console- INFO: 开始执行用例test_org_tel_add
[2021-02-23 14:55:07,166] - Logger.py[line:45] - fuc:__console- INFO: 开始执行用例test_org_tel_add
[2021-02-23 14:55:12,518] - Logger.py[line:45] - fuc:__console- INFO: 开始执行用例test_org_tel_add
[2021-02-23 14:56:44,666] - Logger.py[line:45] - fuc:__console- INFO: 开始执行用例test_org_username_add
[2021-02-23 14:56:50,079] - Logger.py[line:45] - fuc:__console- INFO: 开始执行用例test_org_username_add
[2021-02-23 14:56:53,546] - Logger.py[line:45] - fuc:__console- INFO: 开始执行用例test_org_username_add
[2021-02-23 14:56:57,173] - Logger.py[line:45] - fuc:__console- INFO: 开始执行用例test_org_code_add
[2021-02-23 14:57:00,671] - Logger.py[line:45] - fuc:__console- INFO: 开始执行用例test_org_code_add
[2021-02-23 14:57:04,219] - Logger.py[line:45] - fuc:__console- INFO: 开始执行用例test_org_code_add
[2021-02-23 14:57:07,746] - Logger.py[line:45] - fuc:__console- INFO: 开始执行用例test_org_code_add
[2021-02-23 14:57:11,557] - Logger.py[line:45] - fuc:__console- INFO: 开始执行用例test_org_code_add
[2021-02-23 14:57:15,007] - Logger.py[line:45] - fuc:__console- INFO: 开始执行用例test_org_tel_add
[2021-02-23 14:57:18,558] - Logger.py[line:45] - fuc:__console- INFO: 开始执行用例test_org_tel_add
[2021-02-23 14:57:21,977] - Logger.py[line:45] - fuc:__console- INFO: 开始执行用例test_org_tel_add
[2021-02-23 14:57:25,580] - Logger.py[line:45] - fuc:__console- INFO: 开始执行用例test_org_tel_add
[2021-02-23 15:03:41,621] - Logger.py[line:45] - fuc:__console- INFO: 开始执行用例test_org_username_add
[2021-02-23 15:03:46,476] - Logger.py[line:45] - fuc:__console- INFO: 开始执行用例test_org_username_add
[2021-02-23 15:03:49,800] - Logger.py[line:45] - fuc:__console- INFO: 开始执行用例test_org_username_add
[2021-02-23 15:03:53,405] - Logger.py[line:45] - fuc:__console- INFO: 开始执行用例test_org_code_add
[2021-02-23 15:03:56,811] - Logger.py[line:45] - fuc:__console- INFO: 开始执行用例test_org_code_add
[2021-02-23 15:04:00,288] - Logger.py[line:45] - fuc:__console- INFO: 开始执行用例test_org_code_add
[2021-02-23 15:04:03,724] - Logger.py[line:45] - fuc:__console- INFO: 开始执行用例test_org_code_add
[2021-02-23 15:04:07,155] - Logger.py[line:45] - fuc:__console- INFO: 开始执行用例test_org_code_add
[2021-02-23 15:04:10,690] - Logger.py[line:45] - fuc:__console- INFO: 开始执行用例test_org_tel_add
[2021-02-23 15:04:14,202] - Logger.py[line:45] - fuc:__console- INFO: 开始执行用例test_org_tel_add
[2021-02-23 15:04:17,485] - Logger.py[line:45] - fuc:__console- INFO: 开始执行用例test_org_tel_add
[2021-02-23 15:04:21,139] - Logger.py[line:45] - fuc:__console- INFO: 开始执行用例test_org_tel_add
[2021-02-23 15:24:43,190] - Logger.py[line:45] - fuc:__console- INFO: 开始执行用例test_org_username_add
[2021-02-23 15:24:47,681] - Logger.py[line:45] - fuc:__console- INFO: 开始执行用例test_org_username_add
[2021-02-23 15:24:51,357] - Logger.py[line:45] - fuc:__console- INFO: 开始执行用例test_org_username_add
[2021-02-23 15:24:54,723] - Logger.py[line:45] - fuc:__console- INFO: 开始执行用例test_org_code_add
[2021-02-23 15:24:58,275] - Logger.py[line:45] - fuc:__console- INFO: 开始执行用例test_org_code_add
[2021-02-23 15:25:01,790] - Logger.py[line:45] - fuc:__console- INFO: 开始执行用例test_org_code_add
[2021-02-23 15:25:05,254] - Logger.py[line:45] - fuc:__console- INFO: 开始执行用例test_org_code_add
[2021-02-23 15:25:08,978] - Logger.py[line:45] - fuc:__console- INFO: 开始执行用例test_org_code_add
[2021-02-23 15:25:12,467] - Logger.py[line:45] - fuc:__console- INFO: 开始执行用例test_org_tel_add
[2021-02-23 15:25:15,834] - Logger.py[line:45] - fuc:__console- INFO: 开始执行用例test_org_tel_add
[2021-02-23 15:25:19,387] - Logger.py[line:45] - fuc:__console- INFO: 开始执行用例test_org_tel_add
[2021-02-23 15:25:22,835] - Logger.py[line:45] - fuc:__console- INFO: 开始执行用例test_org_tel_add
[2021-02-23 15:27:31,945] - Logger.py[line:45] - fuc:__console- INFO: 开始执行用例test_org_code_add
[2021-02-23 15:27:37,409] - Logger.py[line:45] - fuc:__console- INFO: 开始执行用例test_org_code_add
[2021-02-23 15:27:40,812] - Logger.py[line:45] - fuc:__console- INFO: 开始执行用例test_org_code_add
[2021-02-23 15:27:44,236] - Logger.py[line:45] - fuc:__console- INFO: 开始执行用例test_org_code_add
[2021-02-23 15:27:48,040] - Logger.py[line:45] - fuc:__console- INFO: 开始执行用例test_org_code_add
[2021-02-23 15:33:02,831] - Logger.py[line:45] - fuc:__console- INFO: 开始执行用例test_org_code_add
[2021-02-23 15:33:10,337] - Logger.py[line:45] - fuc:__console- INFO: 开始执行用例test_org_code_add
[2021-02-23 15:33:22,913] - Logger.py[line:45] - fuc:__console- INFO: 开始执行用例test_org_code_add
[2021-02-23 15:34:14,581] - Logger.py[line:45] - fuc:__console- INFO: 开始执行用例test_org_code_add
[2021-02-23 15:34:21,915] - Logger.py[line:45] - fuc:__console- INFO: 开始执行用例test_org_code_add
[2021-02-23 15:35:03,803] - Logger.py[line:45] - fuc:__console- INFO: 开始执行用例test_org_code_add
[2021-02-23 15:35:24,607] - Logger.py[line:45] - fuc:__console- INFO: 开始执行用例test_org_code_add
[2021-02-23 15:35:29,035] - Logger.py[line:45] - fuc:__console- INFO: 开始执行用例test_org_code_add
[2021-02-23 15:35:32,475] - Logger.py[line:45] - fuc:__console- INFO: 开始执行用例test_org_code_add
[2021-02-23 15:35:35,972] - Logger.py[line:45] - fuc:__console- INFO: 开始执行用例test_org_code_add
[2021-02-23 15:35:39,579] - Logger.py[line:45] - fuc:__console- INFO: 开始执行用例test_org_code_add
[2021-02-23 15:38:49,579] - Logger.py[line:45] - fuc:__console- INFO: 开始执行用例test_org_username_add
[2021-02-23 15:38:56,050] - Logger.py[line:45] - fuc:__console- INFO: 开始执行用例test_org_username_add
[2021-02-23 15:38:59,621] - Logger.py[line:45] - fuc:__console- INFO: 开始执行用例test_org_username_add
[2021-02-23 15:39:03,150] - Logger.py[line:45] - fuc:__console- INFO: 开始执行用例test_org_code_add
[2021-02-23 15:39:06,742] - Logger.py[line:45] - fuc:__console- INFO: 开始执行用例test_org_code_add
[2021-02-23 15:39:10,254] - Logger.py[line:45] - fuc:__console- INFO: 开始执行用例test_org_code_add
[2021-02-23 15:39:13,960] - Logger.py[line:45] - fuc:__console- INFO: 开始执行用例test_org_code_add
[2021-02-23 15:39:17,428] - Logger.py[line:45] - fuc:__console- INFO: 开始执行用例test_org_code_add
[2021-02-23 15:39:21,037] - Logger.py[line:45] - fuc:__console- INFO: 开始执行用例test_org_tel_add
[2021-02-23 15:39:24,617] - Logger.py[line:45] - fuc:__console- INFO: 开始执行用例test_org_tel_add
[2021-02-23 15:39:28,073] - Logger.py[line:45] - fuc:__console- INFO: 开始执行用例test_org_tel_add
[2021-02-23 15:39:31,873] - Logger.py[line:45] - fuc:__console- INFO: 开始执行用例test_org_tel_add
[2021-02-23 17:12:32,042] - Logger.py[line:45] - fuc:__console- INFO: 开始执行用例test_add_orgcom
[2021-02-23 17:15:01,577] - Logger.py[line:45] - fuc:__console- INFO: 开始执行用例test_add_orgcom
[2021-02-23 17:15:06,114] - Logger.py[line:45] - fuc:__console- INFO: 开始执行用例test_add_orgcom
[2021-02-23 17:15:07,694] - Logger.py[line:45] - fuc:__console- INFO: 开始执行用例test_add_orgcom
[2021-02-23 17:15:09,345] - Logger.py[line:45] - fuc:__console- INFO: 开始执行用例test_org_username_add
[2021-02-23 17:15:12,831] - Logger.py[line:45] - fuc:__console- INFO: 开始执行用例test_org_username_add
[2021-02-23 17:15:16,434] - Logger.py[line:45] - fuc:__console- INFO: 开始执行用例test_org_username_add
[2021-02-23 17:15:20,108] - Logger.py[line:45] - fuc:__console- INFO: 开始执行用例test_org_code_add
[2021-02-23 17:15:23,524] - Logger.py[line:45] - fuc:__console- INFO: 开始执行用例test_org_code_add
[2021-02-23 17:15:26,988] - Logger.py[line:45] - fuc:__console- INFO: 开始执行用例test_org_code_add
[2021-02-23 17:15:30,487] - Logger.py[line:45] - fuc:__console- INFO: 开始执行用例test_org_code_add
[2021-02-23 17:15:34,006] - Logger.py[line:45] - fuc:__console- INFO: 开始执行用例test_org_code_add
[2021-02-23 17:15:37,362] - Logger.py[line:45] - fuc:__console- INFO: 开始执行用例test_org_tel_add
[2021-02-23 17:15:40,880] - Logger.py[line:45] - fuc:__console- INFO: 开始执行用例test_org_tel_add
[2021-02-23 17:15:44,379] - Logger.py[line:45] - fuc:__console- INFO: 开始执行用例test_org_tel_add
[2021-02-23 17:15:48,012] - Logger.py[line:45] - fuc:__console- INFO: 开始执行用例test_org_tel_add
[2021-02-23 17:19:42,076] - Logger.py[line:45] - fuc:__console- INFO: 开始执行用例test_add_orgcom_name_abnormal
[2021-02-23 17:19:44,411] - Logger.py[line:45] - fuc:__console- INFO: 开始执行用例test_add_orgcom_name_abnormal
[2021-02-23 17:19:45,962] - Logger.py[line:45] - fuc:__console- INFO: 开始执行用例test_add_orgcom_name_abnormal
[2021-02-23 17:19:47,376] - Logger.py[line:45] - fuc:__console- INFO: 开始执行用例test_add_orgcom_code_abnormal
[2021-02-23 17:19:48,871] - Logger.py[line:45] - fuc:__console- INFO: 开始执行用例test_add_orgcom_code_abnormal
[2021-02-23 17:19:50,373] - Logger.py[line:45] - fuc:__console- INFO: 开始执行用例test_add_orgcom_code_abnormal
[2021-02-23 17:19:51,932] - Logger.py[line:45] - fuc:__console- INFO: 开始执行用例test_org_username_add
[2021-02-23 17:19:55,722] - Logger.py[line:45] - fuc:__console- INFO: 开始执行用例test_org_username_add
[2021-02-23 17:19:59,263] - Logger.py[line:45] - fuc:__console- INFO: 开始执行用例test_org_username_add
[2021-02-23 17:20:02,932] - Logger.py[line:45] - fuc:__console- INFO: 开始执行用例test_org_code_add
[2021-02-23 17:20:06,429] - Logger.py[line:45] - fuc:__console- INFO: 开始执行用例test_org_code_add
[2021-02-23 17:20:10,037] - Logger.py[line:45] - fuc:__console- INFO: 开始执行用例test_org_code_add
[2021-02-23 17:20:13,654] - Logger.py[line:45] - fuc:__console- INFO: 开始执行用例test_org_code_add
[2021-02-23 17:20:17,222] - Logger.py[line:45] - fuc:__console- INFO: 开始执行用例test_org_code_add
[2021-02-23 17:20:20,839] - Logger.py[line:45] - fuc:__console- INFO: 开始执行用例test_org_tel_add
[2021-02-23 17:20:24,337] - Logger.py[line:45] - fuc:__console- INFO: 开始执行用例test_org_tel_add
[2021-02-23 17:20:27,778] - Logger.py[line:45] - fuc:__console- INFO: 开始执行用例test_org_tel_add
[2021-02-23 17:20:31,271] - Logger.py[line:45] - fuc:__console- INFO: 开始执行用例test_org_tel_add
[2021-02-23 17:44:18,208] - Logger.py[line:45] - fuc:__console- INFO: 开始执行用例test_add_orgcom_name_abnormal
[2021-02-23 17:44:20,888] - Logger.py[line:45] - fuc:__console- INFO: 开始执行用例test_add_orgcom_name_abnormal
[2021-02-23 17:44:22,431] - Logger.py[line:45] - fuc:__console- INFO: 开始执行用例test_add_orgcom_name_abnormal
[2021-02-23 17:44:23,863] - Logger.py[line:45] - fuc:__console- INFO: 开始执行用例test_edit_orgcom_name_abnormal
[2021-02-23 17:44:24,740] - Logger.py[line:45] - fuc:__console- INFO: 开始执行用例test_edit_orgcom_name_abnormal
[2021-02-23 17:45:35,031] - Logger.py[line:45] - fuc:__console- INFO: 开始执行用例test_add_orgcom_name_abnormal
[2021-02-23 17:45:38,449] - Logger.py[line:45] - fuc:__console- INFO: 开始执行用例test_add_orgcom_name_abnormal
[2021-02-23 17:45:39,921] - Logger.py[line:45] - fuc:__console- INFO: 开始执行用例test_add_orgcom_name_abnormal
[2021-02-23 17:45:41,405] - Logger.py[line:45] - fuc:__console- INFO: 开始执行用例test_edit_orgcom_name_abnormal
[2021-02-23 17:45:42,953] - Logger.py[line:45] - fuc:__console- INFO: 开始执行用例test_edit_orgcom_name_abnormal
[2021-02-23 17:46:02,077] - Logger.py[line:45] - fuc:__console- INFO: 开始执行用例test_edit_orgcom_name_abnormal
[2021-02-23 17:46:05,809] - Logger.py[line:45] - fuc:__console- INFO: 开始执行用例test_add_orgcom_code_abnormal
[2021-02-23 17:46:07,387] - Logger.py[line:45] - fuc:__console- INFO: 开始执行用例test_add_orgcom_code_abnormal
[2021-02-23 17:46:08,970] - Logger.py[line:45] - fuc:__console- INFO: 开始执行用例test_add_orgcom_code_abnormal
[2021-02-23 17:46:10,429] - Logger.py[line:45] - fuc:__console- INFO: 开始执行用例test_org_username_add
[2021-02-23 17:46:14,229] - Logger.py[line:45] - fuc:__console- INFO: 开始执行用例test_org_username_add
[2021-02-23 17:46:17,891] - Logger.py[line:45] - fuc:__console- INFO: 开始执行用例test_org_username_add
[2021-02-23 17:46:21,513] - Logger.py[line:45] - fuc:__console- INFO: 开始执行用例test_org_code_add
[2021-02-23 17:46:24,912] - Logger.py[line:45] - fuc:__console- INFO: 开始执行用例test_org_code_add
[2021-02-23 17:46:28,370] - Logger.py[line:45] - fuc:__console- INFO: 开始执行用例test_org_code_add
[2021-02-23 17:46:31,882] - Logger.py[line:45] - fuc:__console- INFO: 开始执行用例test_org_code_add
[2021-02-23 17:46:35,435] - Logger.py[line:45] - fuc:__console- INFO: 开始执行用例test_org_code_add
[2021-02-23 17:46:39,020] - Logger.py[line:45] - fuc:__console- INFO: 开始执行用例test_org_tel_add
[2021-02-23 17:46:42,325] - Logger.py[line:45] - fuc:__console- INFO: 开始执行用例test_org_tel_add
[2021-02-23 17:46:45,943] - Logger.py[line:45] - fuc:__console- INFO: 开始执行用例test_org_tel_add
[2021-02-23 17:46:49,401] - Logger.py[line:45] - fuc:__console- INFO: 开始执行用例test_org_tel_add
