[2021-05-20 09:24:44,850] - Logger.py[line:45] - fuc:__console- INFO: 开始执行用例test_add_stolocation
[2021-05-20 09:24:50,707] - Logger.py[line:45] - fuc:__console- INFO: 开始执行用例test_search_stdpallet
[2021-05-20 09:25:02,088] - Logger.py[line:45] - fuc:__console- INFO: 开始执行用例test_edit_stolocation
[2021-05-20 09:25:07,951] - Logger.py[line:45] - fuc:__console- INFO: 开始执行用例test_delete_stolocation
[2021-05-20 09:54:04,065] - Logger.py[line:45] - fuc:__console- INFO: 开始执行用例test_login
[2021-05-20 09:54:08,504] - Logger.py[line:45] - fuc:__console- INFO: 开始执行用例test_cancel_execute
[2021-05-20 09:55:51,965] - Logger.py[line:45] - fuc:__console- INFO: 开始执行用例test_login
[2021-05-20 09:55:56,332] - Logger.py[line:45] - fuc:__console- INFO: 开始执行用例test_cancel_execute_abnormal_001
[2021-05-20 09:56:40,960] - Logger.py[line:45] - fuc:__console- INFO: 开始执行用例test_cancel_execute_abnormal_001
[2021-05-20 10:00:06,577] - Logger.py[line:45] - fuc:__console- INFO: 开始执行用例test_login
[2021-05-20 10:00:10,982] - Logger.py[line:45] - fuc:__console- INFO: 开始执行用例test_cancel_execute_abnormal_001
[2021-05-20 10:00:56,237] - Logger.py[line:45] - fuc:__console- INFO: 开始执行用例test_cancel_execute_abnormal_001
[2021-05-20 10:03:21,259] - Logger.py[line:45] - fuc:__console- INFO: 开始执行用例test_login
[2021-05-20 10:03:25,659] - Logger.py[line:45] - fuc:__console- INFO: 开始执行用例test_cancel_execute_abnormal_001
[2021-05-20 10:04:10,163] - Logger.py[line:45] - fuc:__console- INFO: 开始执行用例test_cancel_execute_abnormal_001
[2021-05-20 10:05:28,702] - Logger.py[line:45] - fuc:__console- INFO: 开始执行用例test_login
[2021-05-20 10:05:33,157] - Logger.py[line:45] - fuc:__console- INFO: 开始执行用例test_cancel_execute_abnormal_001
[2021-05-20 10:06:18,119] - Logger.py[line:45] - fuc:__console- INFO: 开始执行用例test_cancel_execute_abnormal_001
[2021-05-20 10:08:03,380] - Logger.py[line:45] - fuc:__console- INFO: 开始执行用例test_login
[2021-05-20 10:08:07,716] - Logger.py[line:45] - fuc:__console- INFO: 开始执行用例test_cancel_execute_abnormal_001
[2021-05-20 10:08:52,611] - Logger.py[line:45] - fuc:__console- INFO: 开始执行用例test_cancel_execute_abnormal_001
[2021-05-20 10:09:24,137] - Logger.py[line:45] - fuc:__console- INFO: 开始执行用例test_login
[2021-05-20 10:09:28,438] - Logger.py[line:45] - fuc:__console- INFO: 开始执行用例test_cancel_execute_abnormal_001
[2021-05-20 10:10:13,387] - Logger.py[line:45] - fuc:__console- INFO: 开始执行用例test_cancel_execute_abnormal_001
[2021-05-20 10:14:47,326] - Logger.py[line:45] - fuc:__console- INFO: 开始执行用例test_login
[2021-05-20 10:14:51,713] - Logger.py[line:45] - fuc:__console- INFO: 开始执行用例test_cancel_execute_abnormal_001
[2021-05-20 10:15:39,831] - Logger.py[line:45] - fuc:__console- INFO: 开始执行用例test_cancel_execute_abnormal_001
[2021-05-20 10:19:16,269] - Logger.py[line:45] - fuc:__console- INFO: 开始执行用例test_login
[2021-05-20 10:19:20,568] - Logger.py[line:45] - fuc:__console- INFO: 开始执行用例test_cancel_execute_abnormal_001
[2021-05-20 10:19:26,293] - Logger.py[line:45] - fuc:__console- INFO: 开始执行用例test_cancel_execute_abnormal_001
[2021-05-20 10:19:55,130] - Logger.py[line:45] - fuc:__console- INFO: 开始执行用例test_login
[2021-05-20 10:19:59,480] - Logger.py[line:45] - fuc:__console- INFO: 开始执行用例test_cancel_execute_abnormal_001
[2021-05-20 10:20:05,108] - Logger.py[line:45] - fuc:__console- INFO: 开始执行用例test_cancel_execute_abnormal_001
[2021-05-20 10:20:30,446] - Logger.py[line:45] - fuc:__console- INFO: 开始执行用例test_login
[2021-05-20 10:20:34,819] - Logger.py[line:45] - fuc:__console- INFO: 开始执行用例test_cancel_execute_abnormal_001
[2021-05-20 10:20:40,415] - Logger.py[line:45] - fuc:__console- INFO: 开始执行用例test_cancel_execute_abnormal_001
[2021-05-20 10:21:41,370] - Logger.py[line:45] - fuc:__console- INFO: 开始执行用例test_login
[2021-05-20 10:21:45,685] - Logger.py[line:45] - fuc:__console- INFO: 开始执行用例test_cancel_execute_abnormal_001
[2021-05-20 10:21:49,155] - Logger.py[line:45] - fuc:__console- INFO: 开始执行用例test_cancel_execute_abnormal_001
[2021-05-20 10:23:23,219] - Logger.py[line:45] - fuc:__console- INFO: 开始执行用例test_login
[2021-05-20 10:23:27,598] - Logger.py[line:45] - fuc:__console- INFO: 开始执行用例test_cancel_execute_abnormal_001
[2021-05-20 10:23:33,167] - Logger.py[line:45] - fuc:__console- INFO: 开始执行用例test_cancel_execute_abnormal_001
[2021-05-20 10:25:45,181] - Logger.py[line:45] - fuc:__console- INFO: 开始执行用例test_cancel_execute_abnormal_001
[2021-05-20 10:25:57,091] - Logger.py[line:45] - fuc:__console- INFO: 开始执行用例test_cancel_execute_abnormal_001
[2021-05-20 10:36:47,208] - Logger.py[line:45] - fuc:__console- INFO: 开始执行用例test_cancel_execute_abnormal_001
[2021-05-20 10:36:59,435] - Logger.py[line:45] - fuc:__console- INFO: 开始执行用例test_cancel_execute_abnormal_001
[2021-05-20 10:37:11,528] - Logger.py[line:45] - fuc:__console- INFO: 开始执行用例test_cancel_execute_abnormal_001
[2021-05-20 10:37:23,465] - Logger.py[line:45] - fuc:__console- INFO: 开始执行用例test_cancel_execute_abnormal_001
[2021-05-20 10:38:27,708] - Logger.py[line:45] - fuc:__console- INFO: 开始执行用例test_cancel_execute_abnormal_001
[2021-05-20 10:38:39,856] - Logger.py[line:45] - fuc:__console- INFO: 开始执行用例test_cancel_execute_abnormal_001
[2021-05-20 10:38:51,799] - Logger.py[line:45] - fuc:__console- INFO: 开始执行用例test_cancel_execute_abnormal_001
[2021-05-20 10:39:03,867] - Logger.py[line:45] - fuc:__console- INFO: 开始执行用例test_cancel_execute_abnormal_001
[2021-05-20 10:43:56,561] - Logger.py[line:45] - fuc:__console- INFO: 开始执行用例test_login
[2021-05-20 10:44:00,949] - Logger.py[line:45] - fuc:__console- INFO: 开始执行用例test_cancel_execute
[2021-05-20 10:54:42,437] - Logger.py[line:45] - fuc:__console- INFO: 开始执行用例test_add_arealabel
[2021-05-20 10:54:46,245] - Logger.py[line:45] - fuc:__console- INFO: 开始执行用例test_search_arealabel
[2021-05-20 10:54:50,120] - Logger.py[line:45] - fuc:__console- INFO: 开始执行用例test_edit_arealabel
[2021-05-20 10:54:53,878] - Logger.py[line:45] - fuc:__console- INFO: 开始执行用例test_setdefault_arealabel
[2021-05-20 10:54:57,676] - Logger.py[line:45] - fuc:__console- INFO: 开始执行用例test_delete_arealabel
[2021-05-20 10:55:28,411] - Logger.py[line:45] - fuc:__console- INFO: 开始执行用例test_add_arealabel
[2021-05-20 10:55:31,114] - Logger.py[line:45] - fuc:__console- INFO: 开始执行用例test_search_arealabel
[2021-05-20 10:55:40,455] - Logger.py[line:45] - fuc:__console- INFO: 开始执行用例test_edit_arealabel
[2021-05-20 10:55:45,271] - Logger.py[line:45] - fuc:__console- INFO: 开始执行用例test_setdefault_arealabel
[2021-05-20 10:55:47,671] - Logger.py[line:45] - fuc:__console- INFO: 开始执行用例test_delete_arealabel
[2021-05-20 11:38:23,989] - Logger.py[line:45] - fuc:__console- INFO: 开始执行用例test_arealabel_add
[2021-05-20 11:38:25,867] - Logger.py[line:45] - fuc:__console- INFO: 开始执行用例test_arealabel_code_abnormal_001
[2021-05-20 11:42:22,719] - Logger.py[line:45] - fuc:__console- INFO: 开始执行用例test_arealabel_add
[2021-05-20 11:42:24,769] - Logger.py[line:45] - fuc:__console- INFO: 开始执行用例test_arealabel_code_abnormal_001
[2021-05-20 11:43:31,719] - Logger.py[line:45] - fuc:__console- INFO: 开始执行用例test_arealabel_add
[2021-05-20 11:43:33,854] - Logger.py[line:45] - fuc:__console- INFO: 开始执行用例test_arealabel_code_abnormal_001
[2021-05-20 11:43:35,926] - Logger.py[line:45] - fuc:__console- INFO: 开始执行用例test_arealabel_code_abnormal_002
[2021-05-20 11:43:37,728] - Logger.py[line:45] - fuc:__console- INFO: 开始执行用例test_arealabel_code_abnormal_003
[2021-05-20 11:53:47,151] - Logger.py[line:45] - fuc:__console- INFO: 开始执行用例test_arealabel_add
[2021-05-20 11:53:49,263] - Logger.py[line:45] - fuc:__console- INFO: 开始执行用例test_arealabel_code_abnormal_001
[2021-05-20 11:53:51,366] - Logger.py[line:45] - fuc:__console- INFO: 开始执行用例test_arealabel_code_abnormal_002
[2021-05-20 11:53:53,252] - Logger.py[line:45] - fuc:__console- INFO: 开始执行用例test_arealabel_code_abnormal_003
[2021-05-20 11:53:56,153] - Logger.py[line:45] - fuc:__console- INFO: 开始执行用例test_arealabel_name_abnormal_001
[2021-05-20 11:53:57,973] - Logger.py[line:45] - fuc:__console- INFO: 开始执行用例test_arealabel_name_abnormal_002
[2021-05-20 11:54:02,196] - Logger.py[line:45] - fuc:__console- INFO: 开始执行用例test_arealabel_zpl_abnormal_001
[2021-05-20 15:09:03,527] - Logger.py[line:45] - fuc:__console- INFO: 开始执行用例test_arealabel_add
[2021-05-20 15:09:05,553] - Logger.py[line:45] - fuc:__console- INFO: 开始执行用例test_arealabel_code_abnormal_001
[2021-05-20 15:09:07,676] - Logger.py[line:45] - fuc:__console- INFO: 开始执行用例test_arealabel_code_abnormal_002
[2021-05-20 15:09:09,539] - Logger.py[line:45] - fuc:__console- INFO: 开始执行用例test_arealabel_code_abnormal_003
[2021-05-20 15:09:12,456] - Logger.py[line:45] - fuc:__console- INFO: 开始执行用例test_arealabel_name_abnormal_001
[2021-05-20 15:09:14,270] - Logger.py[line:45] - fuc:__console- INFO: 开始执行用例test_arealabel_name_abnormal_002
[2021-05-20 15:09:18,489] - Logger.py[line:45] - fuc:__console- INFO: 开始执行用例test_arealabel_zpl_abnormal_001
[2021-05-20 15:11:39,106] - Logger.py[line:45] - fuc:__console- INFO: 开始执行用例test_arealabel_add
[2021-05-20 15:11:43,263] - Logger.py[line:45] - fuc:__console- INFO: 开始执行用例test_arealabel_code_abnormal_001
[2021-05-20 15:11:47,261] - Logger.py[line:45] - fuc:__console- INFO: 开始执行用例test_arealabel_code_abnormal_002
[2021-05-20 15:11:51,193] - Logger.py[line:45] - fuc:__console- INFO: 开始执行用例test_arealabel_code_abnormal_003
[2021-05-20 15:11:55,160] - Logger.py[line:45] - fuc:__console- INFO: 开始执行用例test_arealabel_name_abnormal_001
[2021-05-20 15:11:59,056] - Logger.py[line:45] - fuc:__console- INFO: 开始执行用例test_arealabel_name_abnormal_002
[2021-05-20 15:12:05,535] - Logger.py[line:45] - fuc:__console- INFO: 开始执行用例test_arealabel_zpl_abnormal_001
[2021-05-20 15:14:19,853] - Logger.py[line:45] - fuc:__console- INFO: 开始执行用例test_arealabel_add
[2021-05-20 15:14:23,944] - Logger.py[line:45] - fuc:__console- INFO: 开始执行用例test_arealabel_code_abnormal_001
[2021-05-20 15:14:27,923] - Logger.py[line:45] - fuc:__console- INFO: 开始执行用例test_arealabel_code_abnormal_002
[2021-05-20 15:14:31,903] - Logger.py[line:45] - fuc:__console- INFO: 开始执行用例test_arealabel_code_abnormal_003
[2021-05-20 15:14:36,040] - Logger.py[line:45] - fuc:__console- INFO: 开始执行用例test_arealabel_name_abnormal_001
[2021-05-20 15:14:39,947] - Logger.py[line:45] - fuc:__console- INFO: 开始执行用例test_arealabel_name_abnormal_002
[2021-05-20 15:14:43,906] - Logger.py[line:45] - fuc:__console- INFO: 开始执行用例test_arealabel_zpl_abnormal_001
[2021-05-20 15:22:26,825] - Logger.py[line:45] - fuc:__console- INFO: 开始执行用例test_add_containerlabel
[2021-05-20 15:22:30,718] - Logger.py[line:45] - fuc:__console- INFO: 开始执行用例test_search_containerlabel
[2021-05-20 15:22:34,495] - Logger.py[line:45] - fuc:__console- INFO: 开始执行用例test_edit_containerlabel
[2021-05-20 15:22:38,284] - Logger.py[line:45] - fuc:__console- INFO: 开始执行用例test_setdefault_containerlabel
[2021-05-20 15:22:42,062] - Logger.py[line:45] - fuc:__console- INFO: 开始执行用例test_delete_containerlabel
[2021-05-20 15:25:48,776] - Logger.py[line:45] - fuc:__console- INFO: 开始执行用例test_add_containerlabel
[2021-05-20 15:25:52,632] - Logger.py[line:45] - fuc:__console- INFO: 开始执行用例test_search_containerlabel
[2021-05-20 15:25:56,378] - Logger.py[line:45] - fuc:__console- INFO: 开始执行用例test_edit_containerlabel
[2021-05-20 15:26:00,240] - Logger.py[line:45] - fuc:__console- INFO: 开始执行用例test_setdefault_containerlabel
[2021-05-20 15:26:03,977] - Logger.py[line:45] - fuc:__console- INFO: 开始执行用例test_delete_containerlabel
[2021-05-20 15:26:34,370] - Logger.py[line:45] - fuc:__console- INFO: 开始执行用例test_add_containerlabel
[2021-05-20 15:26:39,266] - Logger.py[line:45] - fuc:__console- INFO: 开始执行用例test_search_containerlabel
[2021-05-20 15:26:48,597] - Logger.py[line:45] - fuc:__console- INFO: 开始执行用例test_edit_containerlabel
[2021-05-20 15:26:51,555] - Logger.py[line:45] - fuc:__console- INFO: 开始执行用例test_setdefault_containerlabel
[2021-05-20 15:26:55,794] - Logger.py[line:45] - fuc:__console- INFO: 开始执行用例test_delete_containerlabel
[2021-05-20 15:36:12,373] - Logger.py[line:45] - fuc:__console- INFO: 开始执行用例test_add_containerlabel
[2021-05-20 15:36:19,985] - Logger.py[line:45] - fuc:__console- INFO: 开始执行用例test_arealabel_code_abnormal_001
[2021-05-20 15:36:23,886] - Logger.py[line:45] - fuc:__console- INFO: 开始执行用例test_arealabel_code_abnormal_002
[2021-05-20 15:36:27,915] - Logger.py[line:45] - fuc:__console- INFO: 开始执行用例test_arealabel_code_abnormal_003
[2021-05-20 15:36:32,017] - Logger.py[line:45] - fuc:__console- INFO: 开始执行用例test_arealabel_name_abnormal_001
[2021-05-20 15:36:35,898] - Logger.py[line:45] - fuc:__console- INFO: 开始执行用例test_arealabel_name_abnormal_002
[2021-05-20 15:36:39,905] - Logger.py[line:45] - fuc:__console- INFO: 开始执行用例test_arealabel_zpl_abnormal_001
[2021-05-20 15:38:35,933] - Logger.py[line:45] - fuc:__console- INFO: 开始执行用例test_add_devicelabel
[2021-05-20 15:38:40,780] - Logger.py[line:45] - fuc:__console- INFO: 开始执行用例test_search_devicelabel
[2021-05-20 15:38:50,214] - Logger.py[line:45] - fuc:__console- INFO: 开始执行用例test_edit_devicelabel
[2021-05-20 15:38:53,160] - Logger.py[line:45] - fuc:__console- INFO: 开始执行用例test_setdefault_devicelabel
[2021-05-20 15:38:57,418] - Logger.py[line:45] - fuc:__console- INFO: 开始执行用例test_delete_devicelabel
[2021-05-20 15:44:51,244] - Logger.py[line:45] - fuc:__console- INFO: 开始执行用例test_devicelabel_code_abnormal_001
[2021-05-20 15:44:55,195] - Logger.py[line:45] - fuc:__console- INFO: 开始执行用例test_devicelabel_code_abnormal_002
[2021-05-20 15:44:59,105] - Logger.py[line:45] - fuc:__console- INFO: 开始执行用例test_devicelabel_code_abnormal_003
[2021-05-20 15:45:03,133] - Logger.py[line:45] - fuc:__console- INFO: 开始执行用例test_devicelabel_name_abnormal_001
[2021-05-20 15:45:06,951] - Logger.py[line:45] - fuc:__console- INFO: 开始执行用例test_devicelabel_name_abnormal_002
[2021-05-20 15:45:10,942] - Logger.py[line:45] - fuc:__console- INFO: 开始执行用例test_devicelabel_zpl_abnormal_001
[2021-05-20 15:51:10,922] - Logger.py[line:45] - fuc:__console- INFO: 开始执行用例test_add_locationlabel
[2021-05-20 15:51:15,747] - Logger.py[line:45] - fuc:__console- INFO: 开始执行用例test_search_locationlabel
[2021-05-20 15:51:25,122] - Logger.py[line:45] - fuc:__console- INFO: 开始执行用例test_edit_locationlabel
[2021-05-20 15:51:28,002] - Logger.py[line:45] - fuc:__console- INFO: 开始执行用例test_setdefault_locationlabel
[2021-05-20 15:51:32,278] - Logger.py[line:45] - fuc:__console- INFO: 开始执行用例test_delete_locationlabel
[2021-05-20 15:56:22,884] - Logger.py[line:45] - fuc:__console- INFO: 开始执行用例test_locationlabel_code_abnormal_001
[2021-05-20 15:56:26,808] - Logger.py[line:45] - fuc:__console- INFO: 开始执行用例test_locationlabel_code_abnormal_002
[2021-05-20 15:56:30,814] - Logger.py[line:45] - fuc:__console- INFO: 开始执行用例test_locationlabel_code_abnormal_003
[2021-05-20 15:56:34,779] - Logger.py[line:45] - fuc:__console- INFO: 开始执行用例test_locationlabel_name_abnormal_001
[2021-05-20 15:56:38,808] - Logger.py[line:45] - fuc:__console- INFO: 开始执行用例test_locationlabel_name_abnormal_002
[2021-05-20 15:56:42,720] - Logger.py[line:45] - fuc:__console- INFO: 开始执行用例test_locationlabel_zpl_abnormal_001
[2021-05-20 16:08:20,378] - Logger.py[line:45] - fuc:__console- INFO: 开始执行用例test_add_micontainerlabel
[2021-05-20 16:08:25,476] - Logger.py[line:45] - fuc:__console- INFO: 开始执行用例test_search_micontainerlabel
[2021-05-20 16:08:34,700] - Logger.py[line:45] - fuc:__console- INFO: 开始执行用例test_edit_micontainerlabel
[2021-05-20 16:08:37,454] - Logger.py[line:45] - fuc:__console- INFO: 开始执行用例test_setdefault_micontainerlabel
[2021-05-20 16:08:41,686] - Logger.py[line:45] - fuc:__console- INFO: 开始执行用例test_delete_micontainerlabel
[2021-05-20 16:12:50,056] - Logger.py[line:45] - fuc:__console- INFO: 开始执行用例test_micontainerlabel_code_abnormal_001
[2021-05-20 16:12:53,998] - Logger.py[line:45] - fuc:__console- INFO: 开始执行用例test_micontainerlabel_code_abnormal_002
[2021-05-20 16:12:57,966] - Logger.py[line:45] - fuc:__console- INFO: 开始执行用例test_micontainerlabel_code_abnormal_003
[2021-05-20 16:13:02,044] - Logger.py[line:45] - fuc:__console- INFO: 开始执行用例test_micontainerlabel_name_abnormal_001
[2021-05-20 16:13:06,059] - Logger.py[line:45] - fuc:__console- INFO: 开始执行用例test_micontainerlabel_name_abnormal_002
[2021-05-20 16:13:10,093] - Logger.py[line:45] - fuc:__console- INFO: 开始执行用例test_micontainerlabel_zpl_abnormal_001
[2021-05-20 16:20:32,345] - Logger.py[line:45] - fuc:__console- INFO: 开始执行用例test_ocontainerlabel_code_abnormal_001
[2021-05-20 16:20:36,374] - Logger.py[line:45] - fuc:__console- INFO: 开始执行用例test_ocontainerlabel_code_abnormal_002
[2021-05-20 16:20:40,377] - Logger.py[line:45] - fuc:__console- INFO: 开始执行用例test_ocontainerlabel_code_abnormal_003
[2021-05-20 16:20:44,471] - Logger.py[line:45] - fuc:__console- INFO: 开始执行用例test_ocontainerlabel_name_abnormal_001
[2021-05-20 16:20:48,301] - Logger.py[line:45] - fuc:__console- INFO: 开始执行用例test_ocontainerlabel_name_abnormal_002
[2021-05-20 16:20:52,357] - Logger.py[line:45] - fuc:__console- INFO: 开始执行用例test_ocontainerlabel_zpl_abnormal_001
[2021-05-20 16:33:50,585] - Logger.py[line:45] - fuc:__console- INFO: 开始执行用例test_opalletlabel_code_abnormal_001
[2021-05-20 16:33:58,656] - Logger.py[line:45] - fuc:__console- INFO: 开始执行用例test_opalletlabel_code_abnormal_002
[2021-05-20 16:34:02,691] - Logger.py[line:45] - fuc:__console- INFO: 开始执行用例test_opalletlabel_code_abnormal_003
[2021-05-20 16:34:06,700] - Logger.py[line:45] - fuc:__console- INFO: 开始执行用例test_opalletlabel_name_abnormal_001
[2021-05-20 16:34:10,592] - Logger.py[line:45] - fuc:__console- INFO: 开始执行用例test_opalletlabel_name_abnormal_002
[2021-05-20 16:34:14,534] - Logger.py[line:45] - fuc:__console- INFO: 开始执行用例test_opalletlabel_zpl_abnormal_001
[2021-05-20 16:51:55,712] - Logger.py[line:45] - fuc:__console- INFO: 开始执行用例test_palletlabel_code_abnormal_001
[2021-05-20 16:51:59,484] - Logger.py[line:45] - fuc:__console- INFO: 开始执行用例test_palletlabel_code_abnormal_002
[2021-05-20 16:52:03,293] - Logger.py[line:45] - fuc:__console- INFO: 开始执行用例test_palletlabel_code_abnormal_003
[2021-05-20 16:52:07,106] - Logger.py[line:45] - fuc:__console- INFO: 开始执行用例test_palletlabel_name_abnormal_001
[2021-05-20 16:52:10,862] - Logger.py[line:45] - fuc:__console- INFO: 开始执行用例test_palletlabel_name_abnormal_002
[2021-05-20 16:52:36,610] - Logger.py[line:45] - fuc:__console- INFO: 开始执行用例test_palletlabel_code_abnormal_001
[2021-05-20 16:52:40,557] - Logger.py[line:45] - fuc:__console- INFO: 开始执行用例test_palletlabel_code_abnormal_002
[2021-05-20 16:52:44,520] - Logger.py[line:45] - fuc:__console- INFO: 开始执行用例test_palletlabel_code_abnormal_003
[2021-05-20 16:52:48,519] - Logger.py[line:45] - fuc:__console- INFO: 开始执行用例test_palletlabel_name_abnormal_001
[2021-05-20 16:52:52,382] - Logger.py[line:45] - fuc:__console- INFO: 开始执行用例test_palletlabel_name_abnormal_002
[2021-05-20 16:52:56,397] - Logger.py[line:45] - fuc:__console- INFO: 开始执行用例test_palletlabel_zpl_abnormal_001
[2021-05-20 17:31:12,936] - Logger.py[line:45] - fuc:__console- INFO: 开始执行用例test_add_arealabel
[2021-05-20 17:31:17,791] - Logger.py[line:45] - fuc:__console- INFO: 开始执行用例test_search_arealabel
[2021-05-20 17:31:27,274] - Logger.py[line:45] - fuc:__console- INFO: 开始执行用例test_edit_arealabel
[2021-05-20 17:31:32,225] - Logger.py[line:45] - fuc:__console- INFO: 开始执行用例test_setdefault_arealabel
[2021-05-20 17:31:34,610] - Logger.py[line:45] - fuc:__console- INFO: 开始执行用例test_delete_arealabel
[2021-05-20 17:31:42,061] - Logger.py[line:45] - fuc:__console- INFO: 开始执行用例test_arealabel_add
[2021-05-20 17:31:46,226] - Logger.py[line:45] - fuc:__console- INFO: 开始执行用例test_arealabel_code_abnormal_001
[2021-05-20 17:31:50,230] - Logger.py[line:45] - fuc:__console- INFO: 开始执行用例test_arealabel_code_abnormal_002
[2021-05-20 17:31:54,104] - Logger.py[line:45] - fuc:__console- INFO: 开始执行用例test_arealabel_code_abnormal_003
[2021-05-20 17:31:58,035] - Logger.py[line:45] - fuc:__console- INFO: 开始执行用例test_arealabel_name_abnormal_001
[2021-05-20 17:32:01,891] - Logger.py[line:45] - fuc:__console- INFO: 开始执行用例test_arealabel_name_abnormal_002
[2021-05-20 17:32:05,903] - Logger.py[line:45] - fuc:__console- INFO: 开始执行用例test_arealabel_zpl_abnormal_001
[2021-05-20 17:32:22,387] - Logger.py[line:45] - fuc:__console- INFO: 开始执行用例test_add_containerlabel
[2021-05-20 17:32:27,213] - Logger.py[line:45] - fuc:__console- INFO: 开始执行用例test_search_containerlabel
[2021-05-20 17:32:36,492] - Logger.py[line:45] - fuc:__console- INFO: 开始执行用例test_edit_containerlabel
[2021-05-20 17:32:39,361] - Logger.py[line:45] - fuc:__console- INFO: 开始执行用例test_setdefault_containerlabel
[2021-05-20 17:32:43,630] - Logger.py[line:45] - fuc:__console- INFO: 开始执行用例test_delete_containerlabel
[2021-05-20 17:32:49,092] - Logger.py[line:45] - fuc:__console- INFO: 开始执行用例test_add_containerlabel
[2021-05-20 17:32:56,382] - Logger.py[line:45] - fuc:__console- INFO: 开始执行用例test_containerlabel_code_abnormal_001
[2021-05-20 17:33:00,317] - Logger.py[line:45] - fuc:__console- INFO: 开始执行用例test_containerlabel_code_abnormal_002
[2021-05-20 17:33:04,264] - Logger.py[line:45] - fuc:__console- INFO: 开始执行用例test_containerlabel_code_abnormal_003
[2021-05-20 17:33:08,278] - Logger.py[line:45] - fuc:__console- INFO: 开始执行用例test_containerlabel_name_abnormal_001
[2021-05-20 17:33:12,264] - Logger.py[line:45] - fuc:__console- INFO: 开始执行用例test_containerlabel_name_abnormal_002
[2021-05-20 17:33:16,243] - Logger.py[line:45] - fuc:__console- INFO: 开始执行用例test_containerlabel_zpl_abnormal_001
[2021-05-20 17:33:30,797] - Logger.py[line:45] - fuc:__console- INFO: 开始执行用例test_add_devicelabel
[2021-05-20 17:33:35,628] - Logger.py[line:45] - fuc:__console- INFO: 开始执行用例test_search_devicelabel
[2021-05-20 17:33:44,957] - Logger.py[line:45] - fuc:__console- INFO: 开始执行用例test_edit_devicelabel
[2021-05-20 17:33:47,918] - Logger.py[line:45] - fuc:__console- INFO: 开始执行用例test_setdefault_devicelabel
[2021-05-20 17:33:52,167] - Logger.py[line:45] - fuc:__console- INFO: 开始执行用例test_delete_devicelabel
[2021-05-20 17:34:04,955] - Logger.py[line:45] - fuc:__console- INFO: 开始执行用例test_devicelabel_code_abnormal_001
[2021-05-20 17:34:08,985] - Logger.py[line:45] - fuc:__console- INFO: 开始执行用例test_devicelabel_code_abnormal_002
[2021-05-20 17:34:13,012] - Logger.py[line:45] - fuc:__console- INFO: 开始执行用例test_devicelabel_code_abnormal_003
[2021-05-20 17:34:16,981] - Logger.py[line:45] - fuc:__console- INFO: 开始执行用例test_devicelabel_name_abnormal_001
[2021-05-20 17:34:20,819] - Logger.py[line:45] - fuc:__console- INFO: 开始执行用例test_devicelabel_name_abnormal_002
[2021-05-20 17:34:24,821] - Logger.py[line:45] - fuc:__console- INFO: 开始执行用例test_devicelabel_zpl_abnormal_001
[2021-05-20 17:34:39,275] - Logger.py[line:45] - fuc:__console- INFO: 开始执行用例test_add_locationlabel
[2021-05-20 17:34:44,039] - Logger.py[line:45] - fuc:__console- INFO: 开始执行用例test_search_locationlabel
[2021-05-20 17:34:53,120] - Logger.py[line:45] - fuc:__console- INFO: 开始执行用例test_edit_locationlabel
[2021-05-20 17:34:56,019] - Logger.py[line:45] - fuc:__console- INFO: 开始执行用例test_setdefault_locationlabel
[2021-05-20 17:35:00,226] - Logger.py[line:45] - fuc:__console- INFO: 开始执行用例test_delete_locationlabel
[2021-05-20 17:35:11,927] - Logger.py[line:45] - fuc:__console- INFO: 开始执行用例test_locationlabel_code_abnormal_001
[2021-05-20 17:35:15,935] - Logger.py[line:45] - fuc:__console- INFO: 开始执行用例test_locationlabel_code_abnormal_002
[2021-05-20 17:35:19,856] - Logger.py[line:45] - fuc:__console- INFO: 开始执行用例test_locationlabel_code_abnormal_003
[2021-05-20 17:35:23,942] - Logger.py[line:45] - fuc:__console- INFO: 开始执行用例test_locationlabel_name_abnormal_001
[2021-05-20 17:35:27,816] - Logger.py[line:45] - fuc:__console- INFO: 开始执行用例test_locationlabel_name_abnormal_002
[2021-05-20 17:35:31,793] - Logger.py[line:45] - fuc:__console- INFO: 开始执行用例test_locationlabel_zpl_abnormal_001
[2021-05-20 17:35:48,225] - Logger.py[line:45] - fuc:__console- INFO: 开始执行用例test_add_micontainerlabel
[2021-05-20 17:35:53,304] - Logger.py[line:45] - fuc:__console- INFO: 开始执行用例test_search_micontainerlabel
[2021-05-20 17:36:02,569] - Logger.py[line:45] - fuc:__console- INFO: 开始执行用例test_edit_micontainerlabel
[2021-05-20 17:36:05,446] - Logger.py[line:45] - fuc:__console- INFO: 开始执行用例test_setdefault_micontainerlabel
[2021-05-20 17:36:09,723] - Logger.py[line:45] - fuc:__console- INFO: 开始执行用例test_delete_micontainerlabel
[2021-05-20 17:36:23,503] - Logger.py[line:45] - fuc:__console- INFO: 开始执行用例test_micontainerlabel_code_abnormal_001
[2021-05-20 17:36:27,523] - Logger.py[line:45] - fuc:__console- INFO: 开始执行用例test_micontainerlabel_code_abnormal_002
[2021-05-20 17:36:31,508] - Logger.py[line:45] - fuc:__console- INFO: 开始执行用例test_micontainerlabel_code_abnormal_003
[2021-05-20 17:36:35,566] - Logger.py[line:45] - fuc:__console- INFO: 开始执行用例test_micontainerlabel_name_abnormal_001
[2021-05-20 17:36:39,484] - Logger.py[line:45] - fuc:__console- INFO: 开始执行用例test_micontainerlabel_name_abnormal_002
[2021-05-20 17:36:43,566] - Logger.py[line:45] - fuc:__console- INFO: 开始执行用例test_micontainerlabel_zpl_abnormal_001
[2021-05-20 17:36:59,991] - Logger.py[line:45] - fuc:__console- INFO: 开始执行用例test_add_ocontainerlabel
[2021-05-20 17:37:04,953] - Logger.py[line:45] - fuc:__console- INFO: 开始执行用例test_search_ocontainerlabel
[2021-05-20 17:37:14,289] - Logger.py[line:45] - fuc:__console- INFO: 开始执行用例test_edit_ocontainerlabel
[2021-05-20 17:37:17,243] - Logger.py[line:45] - fuc:__console- INFO: 开始执行用例test_setdefault_ocontainerlabel
[2021-05-20 17:37:21,482] - Logger.py[line:45] - fuc:__console- INFO: 开始执行用例test_delete_ocontainerlabel
[2021-05-20 17:37:35,238] - Logger.py[line:45] - fuc:__console- INFO: 开始执行用例test_ocontainerlabel_code_abnormal_001
[2021-05-20 17:37:39,195] - Logger.py[line:45] - fuc:__console- INFO: 开始执行用例test_ocontainerlabel_code_abnormal_002
[2021-05-20 17:37:43,226] - Logger.py[line:45] - fuc:__console- INFO: 开始执行用例test_ocontainerlabel_code_abnormal_003
[2021-05-20 17:37:47,207] - Logger.py[line:45] - fuc:__console- INFO: 开始执行用例test_ocontainerlabel_name_abnormal_001
[2021-05-20 17:37:51,061] - Logger.py[line:45] - fuc:__console- INFO: 开始执行用例test_ocontainerlabel_name_abnormal_002
[2021-05-20 17:37:55,017] - Logger.py[line:45] - fuc:__console- INFO: 开始执行用例test_ocontainerlabel_zpl_abnormal_001
[2021-05-20 17:38:11,544] - Logger.py[line:45] - fuc:__console- INFO: 开始执行用例test_add_opalletlabel
[2021-05-20 17:38:16,428] - Logger.py[line:45] - fuc:__console- INFO: 开始执行用例test_search_opalletlabel
[2021-05-20 17:38:25,816] - Logger.py[line:45] - fuc:__console- INFO: 开始执行用例test_edit_opalletlabel
[2021-05-20 17:38:28,595] - Logger.py[line:45] - fuc:__console- INFO: 开始执行用例test_setdefault_opalletlabel
[2021-05-20 17:38:32,859] - Logger.py[line:45] - fuc:__console- INFO: 开始执行用例test_delete_opalletlabel
[2021-05-20 17:38:46,583] - Logger.py[line:45] - fuc:__console- INFO: 开始执行用例test_opalletlabel_code_abnormal_001
[2021-05-20 17:38:50,538] - Logger.py[line:45] - fuc:__console- INFO: 开始执行用例test_opalletlabel_code_abnormal_002
[2021-05-20 17:38:54,514] - Logger.py[line:45] - fuc:__console- INFO: 开始执行用例test_opalletlabel_code_abnormal_003
[2021-05-20 17:38:58,471] - Logger.py[line:45] - fuc:__console- INFO: 开始执行用例test_opalletlabel_name_abnormal_001
[2021-05-20 17:39:02,377] - Logger.py[line:45] - fuc:__console- INFO: 开始执行用例test_opalletlabel_name_abnormal_002
[2021-05-20 17:39:06,271] - Logger.py[line:45] - fuc:__console- INFO: 开始执行用例test_opalletlabel_zpl_abnormal_001
[2021-05-20 17:39:22,894] - Logger.py[line:45] - fuc:__console- INFO: 开始执行用例test_add_palletlabel
[2021-05-20 17:39:27,791] - Logger.py[line:45] - fuc:__console- INFO: 开始执行用例test_search_palletlabel
[2021-05-20 17:39:37,240] - Logger.py[line:45] - fuc:__console- INFO: 开始执行用例test_edit_palletlabel
[2021-05-20 17:39:40,203] - Logger.py[line:45] - fuc:__console- INFO: 开始执行用例test_setdefault_palletlabel
[2021-05-20 17:39:44,492] - Logger.py[line:45] - fuc:__console- INFO: 开始执行用例test_delete_palletlabel
[2021-05-20 17:39:58,137] - Logger.py[line:45] - fuc:__console- INFO: 开始执行用例test_palletlabel_code_abnormal_001
[2021-05-20 17:40:02,137] - Logger.py[line:45] - fuc:__console- INFO: 开始执行用例test_palletlabel_code_abnormal_002
[2021-05-20 17:40:06,065] - Logger.py[line:45] - fuc:__console- INFO: 开始执行用例test_palletlabel_code_abnormal_003
[2021-05-20 17:40:10,159] - Logger.py[line:45] - fuc:__console- INFO: 开始执行用例test_palletlabel_name_abnormal_001
[2021-05-20 17:40:14,042] - Logger.py[line:45] - fuc:__console- INFO: 开始执行用例test_palletlabel_name_abnormal_002
[2021-05-20 17:40:18,031] - Logger.py[line:45] - fuc:__console- INFO: 开始执行用例test_palletlabel_zpl_abnormal_001
[2021-05-20 17:40:34,527] - Logger.py[line:45] - fuc:__console- INFO: 开始执行用例test_add_precontainerlabel
[2021-05-20 17:40:39,611] - Logger.py[line:45] - fuc:__console- INFO: 开始执行用例test_search_precontainerlabel
[2021-05-20 17:40:48,890] - Logger.py[line:45] - fuc:__console- INFO: 开始执行用例test_edit_precontainerlabel
[2021-05-20 17:40:51,830] - Logger.py[line:45] - fuc:__console- INFO: 开始执行用例test_setdefault_precontainerlabel
[2021-05-20 17:40:56,090] - Logger.py[line:45] - fuc:__console- INFO: 开始执行用例test_delete_precontainerlabel
[2021-05-20 17:41:06,013] - Logger.py[line:45] - fuc:__console- INFO: 开始执行用例test_precontainerlabel_code_abnormal_001
[2021-05-20 17:41:09,867] - Logger.py[line:45] - fuc:__console- INFO: 开始执行用例test_precontainerlabel_code_abnormal_002
[2021-05-20 17:41:13,655] - Logger.py[line:45] - fuc:__console- INFO: 开始执行用例test_precontainerlabel_code_abnormal_003
[2021-05-20 17:41:17,429] - Logger.py[line:45] - fuc:__console- INFO: 开始执行用例test_precontainerlabel_name_abnormal_001
[2021-05-20 17:41:21,175] - Logger.py[line:45] - fuc:__console- INFO: 开始执行用例test_precontainerlabel_name_abnormal_002
[2021-05-20 17:41:24,952] - Logger.py[line:45] - fuc:__console- INFO: 开始执行用例test_precontainerlabel_zpl_abnormal_001
[2021-05-20 17:41:32,542] - Logger.py[line:45] - fuc:__console- INFO: 开始执行用例test_add_rcontainerlabel
[2021-05-20 17:41:36,310] - Logger.py[line:45] - fuc:__console- INFO: 开始执行用例test_search_rcontainerlabel
[2021-05-20 17:41:40,077] - Logger.py[line:45] - fuc:__console- INFO: 开始执行用例test_edit_rcontainerlabel
[2021-05-20 17:41:43,816] - Logger.py[line:45] - fuc:__console- INFO: 开始执行用例test_setdefault_rcontainerlabel
[2021-05-20 17:41:48,663] - Logger.py[line:45] - fuc:__console- INFO: 开始执行用例test_delete_rcontainerlabel
