[2021-02-24 09:13:49,828] - Logger.py[line:45] - fuc:__console- INFO: 开始执行用例test_login_organization
[2021-02-24 09:13:51,601] - Logger.py[line:45] - fuc:__console- INFO: 开始执行用例test_add_orgcom
[2021-02-24 09:13:56,814] - Logger.py[line:45] - fuc:__console- INFO: 开始执行用例test_edit_orgcom
[2021-02-24 09:15:35,018] - Logger.py[line:45] - fuc:__console- INFO: 开始执行用例test_login_organization
[2021-02-24 09:15:36,078] - Logger.py[line:45] - fuc:__console- INFO: 开始执行用例test_add_orgcom
[2021-02-24 09:15:38,812] - Logger.py[line:45] - fuc:__console- INFO: 开始执行用例test_edit_orgcom
[2021-02-24 09:16:58,058] - Logger.py[line:45] - fuc:__console- INFO: 开始执行用例test_login_organization
[2021-02-24 09:16:59,166] - Logger.py[line:45] - fuc:__console- INFO: 开始执行用例test_add_orgcom
[2021-02-24 09:17:04,270] - Logger.py[line:45] - fuc:__console- INFO: 开始执行用例test_edit_orgcom
[2021-02-24 09:17:53,005] - Logger.py[line:45] - fuc:__console- INFO: 开始执行用例test_login_organization
[2021-02-24 09:17:54,075] - Logger.py[line:45] - fuc:__console- INFO: 开始执行用例test_add_orgcom
[2021-02-24 09:17:58,090] - Logger.py[line:45] - fuc:__console- INFO: 开始执行用例test_edit_orgcom
[2021-02-24 09:18:49,220] - Logger.py[line:45] - fuc:__console- INFO: 开始执行用例test_login_organization
[2021-02-24 09:18:50,611] - Logger.py[line:45] - fuc:__console- INFO: 开始执行用例test_add_orgcom
[2021-02-24 09:18:55,533] - Logger.py[line:45] - fuc:__console- INFO: 开始执行用例test_edit_orgcom
[2021-02-24 09:21:09,911] - Logger.py[line:45] - fuc:__console- INFO: 开始执行用例test_login_organization
[2021-02-24 09:21:10,978] - Logger.py[line:45] - fuc:__console- INFO: 开始执行用例test_add_orgcom
[2021-02-24 09:21:13,967] - Logger.py[line:45] - fuc:__console- INFO: 开始执行用例test_edit_orgcom
[2021-02-24 09:21:59,256] - Logger.py[line:45] - fuc:__console- INFO: 开始执行用例test_login_organization
[2021-02-24 09:22:00,321] - Logger.py[line:45] - fuc:__console- INFO: 开始执行用例test_add_orgcom
[2021-02-24 09:22:03,564] - Logger.py[line:45] - fuc:__console- INFO: 开始执行用例test_edit_orgcom
[2021-02-24 09:22:42,025] - Logger.py[line:45] - fuc:__console- INFO: 开始执行用例test_login_organization
[2021-02-24 09:22:46,165] - Logger.py[line:45] - fuc:__console- INFO: 开始执行用例test_add_orgcom
[2021-02-24 09:22:49,220] - Logger.py[line:45] - fuc:__console- INFO: 开始执行用例test_edit_orgcom
[2021-02-24 09:23:24,005] - Logger.py[line:45] - fuc:__console- INFO: 开始执行用例test_add_orgcom_name_abnormal
[2021-02-24 09:23:27,464] - Logger.py[line:45] - fuc:__console- INFO: 开始执行用例test_add_orgcom_name_abnormal
[2021-02-24 09:23:28,865] - Logger.py[line:45] - fuc:__console- INFO: 开始执行用例test_add_orgcom_name_abnormal
[2021-02-24 09:23:30,374] - Logger.py[line:45] - fuc:__console- INFO: 开始执行用例test_edit_orgcom_name_abnormal
[2021-02-24 09:23:34,677] - Logger.py[line:45] - fuc:__console- INFO: 开始执行用例test_edit_orgcom_name_abnormal
[2021-02-24 09:23:41,791] - Logger.py[line:45] - fuc:__console- INFO: 开始执行用例test_edit_orgcom_name_abnormal
[2021-02-24 09:24:05,089] - Logger.py[line:45] - fuc:__console- INFO: 开始执行用例test_add_orgcom_code_abnormal
[2021-02-24 09:24:06,407] - Logger.py[line:45] - fuc:__console- INFO: 开始执行用例test_add_orgcom_code_abnormal
[2021-02-24 09:24:07,848] - Logger.py[line:45] - fuc:__console- INFO: 开始执行用例test_add_orgcom_code_abnormal
[2021-02-24 09:24:09,418] - Logger.py[line:45] - fuc:__console- INFO: 开始执行用例test_org_username_add
[2021-02-24 09:24:13,150] - Logger.py[line:45] - fuc:__console- INFO: 开始执行用例test_org_username_add
[2021-02-24 09:24:16,769] - Logger.py[line:45] - fuc:__console- INFO: 开始执行用例test_org_username_add
[2021-02-24 09:24:20,423] - Logger.py[line:45] - fuc:__console- INFO: 开始执行用例test_org_code_add
[2021-02-24 09:24:23,829] - Logger.py[line:45] - fuc:__console- INFO: 开始执行用例test_org_code_add
[2021-02-24 09:24:27,418] - Logger.py[line:45] - fuc:__console- INFO: 开始执行用例test_org_code_add
[2021-02-24 09:24:31,033] - Logger.py[line:45] - fuc:__console- INFO: 开始执行用例test_org_code_add
[2021-02-24 09:24:34,739] - Logger.py[line:45] - fuc:__console- INFO: 开始执行用例test_org_code_add
[2021-02-24 09:24:38,423] - Logger.py[line:45] - fuc:__console- INFO: 开始执行用例test_org_tel_add
[2021-02-24 09:24:41,999] - Logger.py[line:45] - fuc:__console- INFO: 开始执行用例test_org_tel_add
[2021-02-24 09:24:45,436] - Logger.py[line:45] - fuc:__console- INFO: 开始执行用例test_org_tel_add
[2021-02-24 09:24:49,104] - Logger.py[line:45] - fuc:__console- INFO: 开始执行用例test_org_tel_add
[2021-02-24 09:25:23,949] - Logger.py[line:45] - fuc:__console- INFO: 开始执行用例test_add_orgcom_name_abnormal
[2021-02-24 09:25:26,325] - Logger.py[line:45] - fuc:__console- INFO: 开始执行用例test_add_orgcom_name_abnormal
[2021-02-24 09:25:27,766] - Logger.py[line:45] - fuc:__console- INFO: 开始执行用例test_add_orgcom_name_abnormal
[2021-02-24 09:25:29,278] - Logger.py[line:45] - fuc:__console- INFO: 开始执行用例test_edit_orgcom_name_abnormal
[2021-02-24 09:25:31,898] - Logger.py[line:45] - fuc:__console- INFO: 开始执行用例test_edit_orgcom_name_abnormal
[2021-02-24 09:25:43,055] - Logger.py[line:45] - fuc:__console- INFO: 开始执行用例test_edit_orgcom_name_abnormal
[2021-02-24 09:25:48,354] - Logger.py[line:45] - fuc:__console- INFO: 开始执行用例test_add_orgcom_code_abnormal
[2021-02-24 09:25:49,830] - Logger.py[line:45] - fuc:__console- INFO: 开始执行用例test_add_orgcom_code_abnormal
[2021-02-24 09:25:51,357] - Logger.py[line:45] - fuc:__console- INFO: 开始执行用例test_add_orgcom_code_abnormal
[2021-02-24 09:25:52,934] - Logger.py[line:45] - fuc:__console- INFO: 开始执行用例test_org_username_add
[2021-02-24 09:25:56,799] - Logger.py[line:45] - fuc:__console- INFO: 开始执行用例test_org_username_add
[2021-02-24 09:26:00,283] - Logger.py[line:45] - fuc:__console- INFO: 开始执行用例test_org_username_add
[2021-02-24 09:26:03,866] - Logger.py[line:45] - fuc:__console- INFO: 开始执行用例test_org_code_add
[2021-02-24 09:26:07,415] - Logger.py[line:45] - fuc:__console- INFO: 开始执行用例test_org_code_add
[2021-02-24 09:26:11,000] - Logger.py[line:45] - fuc:__console- INFO: 开始执行用例test_org_code_add
[2021-02-24 09:26:14,476] - Logger.py[line:45] - fuc:__console- INFO: 开始执行用例test_org_code_add
[2021-02-24 09:26:18,054] - Logger.py[line:45] - fuc:__console- INFO: 开始执行用例test_org_code_add
[2021-02-24 09:26:21,582] - Logger.py[line:45] - fuc:__console- INFO: 开始执行用例test_org_tel_add
[2021-02-24 09:26:25,057] - Logger.py[line:45] - fuc:__console- INFO: 开始执行用例test_org_tel_add
[2021-02-24 09:26:28,419] - Logger.py[line:45] - fuc:__console- INFO: 开始执行用例test_org_tel_add
[2021-02-24 09:26:31,917] - Logger.py[line:45] - fuc:__console- INFO: 开始执行用例test_org_tel_add
[2021-02-24 09:27:30,236] - Logger.py[line:45] - fuc:__console- INFO: 开始执行用例test_add_orgcom_name_abnormal
[2021-02-24 09:27:32,614] - Logger.py[line:45] - fuc:__console- INFO: 开始执行用例test_add_orgcom_name_abnormal
[2021-02-24 09:27:34,188] - Logger.py[line:45] - fuc:__console- INFO: 开始执行用例test_add_orgcom_name_abnormal
[2021-02-24 09:27:35,577] - Logger.py[line:45] - fuc:__console- INFO: 开始执行用例test_add_orgcom
[2021-02-24 09:27:37,989] - Logger.py[line:45] - fuc:__console- INFO: 开始执行用例test_edit_orgcom_name_abnormal
[2021-02-24 09:27:39,306] - Logger.py[line:45] - fuc:__console- INFO: 开始执行用例test_edit_orgcom_name_abnormal
[2021-02-24 09:27:44,911] - Logger.py[line:45] - fuc:__console- INFO: 开始执行用例test_edit_orgcom_name_abnormal
[2021-02-24 09:27:51,346] - Logger.py[line:45] - fuc:__console- INFO: 开始执行用例test_add_orgcom_code_abnormal
[2021-02-24 09:27:52,902] - Logger.py[line:45] - fuc:__console- INFO: 开始执行用例test_add_orgcom_code_abnormal
[2021-02-24 09:27:54,437] - Logger.py[line:45] - fuc:__console- INFO: 开始执行用例test_add_orgcom_code_abnormal
[2021-02-24 09:27:56,043] - Logger.py[line:45] - fuc:__console- INFO: 开始执行用例test_org_username_add
[2021-02-24 09:27:59,797] - Logger.py[line:45] - fuc:__console- INFO: 开始执行用例test_org_username_add
[2021-02-24 09:28:03,397] - Logger.py[line:45] - fuc:__console- INFO: 开始执行用例test_org_username_add
[2021-02-24 09:28:07,103] - Logger.py[line:45] - fuc:__console- INFO: 开始执行用例test_org_code_add
[2021-02-24 09:28:10,654] - Logger.py[line:45] - fuc:__console- INFO: 开始执行用例test_org_code_add
[2021-02-24 09:28:14,136] - Logger.py[line:45] - fuc:__console- INFO: 开始执行用例test_org_code_add
[2021-02-24 09:28:17,627] - Logger.py[line:45] - fuc:__console- INFO: 开始执行用例test_org_code_add
[2021-02-24 09:28:21,137] - Logger.py[line:45] - fuc:__console- INFO: 开始执行用例test_org_code_add
[2021-02-24 09:28:24,692] - Logger.py[line:45] - fuc:__console- INFO: 开始执行用例test_org_tel_add
[2021-02-24 09:28:28,271] - Logger.py[line:45] - fuc:__console- INFO: 开始执行用例test_org_tel_add
[2021-02-24 09:28:31,752] - Logger.py[line:45] - fuc:__console- INFO: 开始执行用例test_org_tel_add
[2021-02-24 09:28:35,259] - Logger.py[line:45] - fuc:__console- INFO: 开始执行用例test_org_tel_add
[2021-02-24 09:31:33,193] - Logger.py[line:45] - fuc:__console- INFO: 开始执行用例test_add_orgcom_name_abnormal
[2021-02-24 09:31:36,769] - Logger.py[line:45] - fuc:__console- INFO: 开始执行用例test_add_orgcom_name_abnormal
[2021-02-24 09:31:38,253] - Logger.py[line:45] - fuc:__console- INFO: 开始执行用例test_add_orgcom_name_abnormal
[2021-02-24 09:31:39,652] - Logger.py[line:45] - fuc:__console- INFO: 开始执行用例test_add_orgcom
[2021-02-24 09:31:42,056] - Logger.py[line:45] - fuc:__console- INFO: 开始执行用例test_edit_orgcom_name_abnormal
[2021-02-24 09:31:45,116] - Logger.py[line:45] - fuc:__console- INFO: 开始执行用例test_edit_orgcom_name_abnormal
[2021-02-24 09:31:47,770] - Logger.py[line:45] - fuc:__console- INFO: 开始执行用例test_edit_orgcom_name_abnormal
[2021-02-24 09:31:50,610] - Logger.py[line:45] - fuc:__console- INFO: 开始执行用例test_add_orgcom_code_abnormal
[2021-02-24 09:31:51,746] - Logger.py[line:45] - fuc:__console- INFO: 开始执行用例test_add_orgcom_code_abnormal
[2021-02-24 09:31:53,209] - Logger.py[line:45] - fuc:__console- INFO: 开始执行用例test_add_orgcom_code_abnormal
[2021-02-24 09:31:54,759] - Logger.py[line:45] - fuc:__console- INFO: 开始执行用例test_org_username_add
[2021-02-24 09:31:58,506] - Logger.py[line:45] - fuc:__console- INFO: 开始执行用例test_org_username_add
[2021-02-24 09:32:02,117] - Logger.py[line:45] - fuc:__console- INFO: 开始执行用例test_org_username_add
[2021-02-24 09:32:05,790] - Logger.py[line:45] - fuc:__console- INFO: 开始执行用例test_org_code_add
[2021-02-24 09:32:09,215] - Logger.py[line:45] - fuc:__console- INFO: 开始执行用例test_org_code_add
[2021-02-24 09:32:12,686] - Logger.py[line:45] - fuc:__console- INFO: 开始执行用例test_org_code_add
[2021-02-24 09:32:16,287] - Logger.py[line:45] - fuc:__console- INFO: 开始执行用例test_org_code_add
[2021-02-24 09:32:19,834] - Logger.py[line:45] - fuc:__console- INFO: 开始执行用例test_org_code_add
[2021-02-24 09:32:23,434] - Logger.py[line:45] - fuc:__console- INFO: 开始执行用例test_org_tel_add
[2021-02-24 09:32:26,913] - Logger.py[line:45] - fuc:__console- INFO: 开始执行用例test_org_tel_add
[2021-02-24 09:32:30,460] - Logger.py[line:45] - fuc:__console- INFO: 开始执行用例test_org_tel_add
[2021-02-24 09:32:34,137] - Logger.py[line:45] - fuc:__console- INFO: 开始执行用例test_org_tel_add
[2021-02-24 09:33:28,739] - Logger.py[line:45] - fuc:__console- INFO: 开始执行用例test_add_orgcom_name_abnormal
[2021-02-24 09:33:31,130] - Logger.py[line:45] - fuc:__console- INFO: 开始执行用例test_add_orgcom_name_abnormal
[2021-02-24 09:33:32,602] - Logger.py[line:45] - fuc:__console- INFO: 开始执行用例test_add_orgcom_name_abnormal
[2021-02-24 09:33:34,174] - Logger.py[line:45] - fuc:__console- INFO: 开始执行用例test_add_orgcom
[2021-02-24 09:33:36,665] - Logger.py[line:45] - fuc:__console- INFO: 开始执行用例test_edit_orgcom_name_abnormal
[2021-02-24 09:33:39,707] - Logger.py[line:45] - fuc:__console- INFO: 开始执行用例test_edit_orgcom_name_abnormal
[2021-02-24 09:33:43,728] - Logger.py[line:45] - fuc:__console- INFO: 开始执行用例test_edit_orgcom_name_abnormal
[2021-02-24 09:33:47,790] - Logger.py[line:45] - fuc:__console- INFO: 开始执行用例test_add_orgcom_code_abnormal
[2021-02-24 09:33:49,058] - Logger.py[line:45] - fuc:__console- INFO: 开始执行用例test_add_orgcom_code_abnormal
[2021-02-24 09:33:50,776] - Logger.py[line:45] - fuc:__console- INFO: 开始执行用例test_add_orgcom_code_abnormal
[2021-02-24 09:33:52,396] - Logger.py[line:45] - fuc:__console- INFO: 开始执行用例test_org_username_add
[2021-02-24 09:33:56,112] - Logger.py[line:45] - fuc:__console- INFO: 开始执行用例test_org_username_add
[2021-02-24 09:33:59,751] - Logger.py[line:45] - fuc:__console- INFO: 开始执行用例test_org_username_add
[2021-02-24 09:34:03,468] - Logger.py[line:45] - fuc:__console- INFO: 开始执行用例test_org_code_add
[2021-02-24 09:34:07,065] - Logger.py[line:45] - fuc:__console- INFO: 开始执行用例test_org_code_add
[2021-02-24 09:34:10,726] - Logger.py[line:45] - fuc:__console- INFO: 开始执行用例test_org_code_add
[2021-02-24 09:34:14,303] - Logger.py[line:45] - fuc:__console- INFO: 开始执行用例test_org_code_add
[2021-02-24 09:34:17,890] - Logger.py[line:45] - fuc:__console- INFO: 开始执行用例test_org_code_add
[2021-02-24 09:34:21,529] - Logger.py[line:45] - fuc:__console- INFO: 开始执行用例test_org_tel_add
[2021-02-24 09:34:25,012] - Logger.py[line:45] - fuc:__console- INFO: 开始执行用例test_org_tel_add
[2021-02-24 09:34:28,613] - Logger.py[line:45] - fuc:__console- INFO: 开始执行用例test_org_tel_add
[2021-02-24 09:34:32,238] - Logger.py[line:45] - fuc:__console- INFO: 开始执行用例test_org_tel_add
[2021-02-24 09:36:18,301] - Logger.py[line:45] - fuc:__console- INFO: 开始执行用例test_add_orgcom_name_abnormal
[2021-02-24 09:36:20,699] - Logger.py[line:45] - fuc:__console- INFO: 开始执行用例test_add_orgcom_name_abnormal
[2021-02-24 09:36:22,178] - Logger.py[line:45] - fuc:__console- INFO: 开始执行用例test_add_orgcom_name_abnormal
[2021-02-24 09:36:23,754] - Logger.py[line:45] - fuc:__console- INFO: 开始执行用例test_add_orgcom_code_abnormal
[2021-02-24 09:36:25,142] - Logger.py[line:45] - fuc:__console- INFO: 开始执行用例test_add_orgcom_code_abnormal
[2021-02-24 09:36:26,534] - Logger.py[line:45] - fuc:__console- INFO: 开始执行用例test_add_orgcom_code_abnormal
[2021-02-24 09:36:28,081] - Logger.py[line:45] - fuc:__console- INFO: 开始执行用例test_add_orgcom
[2021-02-24 09:36:30,712] - Logger.py[line:45] - fuc:__console- INFO: 开始执行用例test_edit_orgcom_name_abnormal
[2021-02-24 09:36:33,690] - Logger.py[line:45] - fuc:__console- INFO: 开始执行用例test_edit_orgcom_name_abnormal
[2021-02-24 09:36:37,710] - Logger.py[line:45] - fuc:__console- INFO: 开始执行用例test_edit_orgcom_name_abnormal
[2021-02-24 09:38:58,912] - Logger.py[line:45] - fuc:__console- INFO: 开始执行用例test_add_orgcom_name_abnormal
[2021-02-24 09:39:01,287] - Logger.py[line:45] - fuc:__console- INFO: 开始执行用例test_add_orgcom_name_abnormal
[2021-02-24 09:39:02,798] - Logger.py[line:45] - fuc:__console- INFO: 开始执行用例test_add_orgcom_name_abnormal
[2021-02-24 09:39:04,203] - Logger.py[line:45] - fuc:__console- INFO: 开始执行用例test_add_orgcom_code_abnormal
[2021-02-24 09:39:05,656] - Logger.py[line:45] - fuc:__console- INFO: 开始执行用例test_add_orgcom_code_abnormal
[2021-02-24 09:39:07,146] - Logger.py[line:45] - fuc:__console- INFO: 开始执行用例test_add_orgcom_code_abnormal
[2021-02-24 09:39:08,725] - Logger.py[line:45] - fuc:__console- INFO: 开始执行用例test_add_orgcom
[2021-02-24 09:39:11,174] - Logger.py[line:45] - fuc:__console- INFO: 开始执行用例test_edit_orgcom_name_abnormal
[2021-02-24 09:39:14,237] - Logger.py[line:45] - fuc:__console- INFO: 开始执行用例test_edit_orgcom_name_abnormal
[2021-02-24 09:39:18,305] - Logger.py[line:45] - fuc:__console- INFO: 开始执行用例test_edit_orgcom_name_abnormal
[2021-02-24 09:41:36,809] - Logger.py[line:45] - fuc:__console- INFO: 开始执行用例test_login_organization
[2021-02-24 09:41:37,905] - Logger.py[line:45] - fuc:__console- INFO: 开始执行用例test_add_orgcom
[2021-02-24 09:41:40,171] - Logger.py[line:45] - fuc:__console- INFO: 开始执行用例test_edit_orgcom
[2021-02-24 09:41:43,824] - Logger.py[line:45] - fuc:__console- INFO: 开始执行用例test_delete_orgcom
[2021-02-24 09:41:52,162] - Logger.py[line:45] - fuc:__console- INFO: 开始执行用例test_refresh_orgcom
[2021-02-24 09:41:52,245] - Logger.py[line:45] - fuc:__console- INFO: 开始执行用例test_org_user_add
[2021-02-24 09:41:59,459] - Logger.py[line:45] - fuc:__console- INFO: 开始执行用例test_org_user_edit
[2021-02-24 09:42:01,131] - Logger.py[line:45] - fuc:__console- INFO: 开始执行用例test_org_user_delete
[2021-02-24 09:42:01,268] - Logger.py[line:45] - fuc:__console- INFO: 开始执行用例test_org_refresh
[2021-02-24 09:43:16,851] - Logger.py[line:45] - fuc:__console- INFO: 开始执行用例test_login_organization
[2021-02-24 09:43:18,649] - Logger.py[line:45] - fuc:__console- INFO: 开始执行用例test_add_orgcom
[2021-02-24 09:43:20,766] - Logger.py[line:45] - fuc:__console- INFO: 开始执行用例test_edit_orgcom
[2021-02-24 09:43:24,433] - Logger.py[line:45] - fuc:__console- INFO: 开始执行用例test_delete_orgcom
[2021-02-24 09:43:25,833] - Logger.py[line:45] - fuc:__console- INFO: 开始执行用例test_refresh_orgcom
[2021-02-24 09:43:25,955] - Logger.py[line:45] - fuc:__console- INFO: 开始执行用例test_org_user_add
[2021-02-24 09:43:33,151] - Logger.py[line:45] - fuc:__console- INFO: 开始执行用例test_org_user_edit
[2021-02-24 09:43:34,815] - Logger.py[line:45] - fuc:__console- INFO: 开始执行用例test_org_user_delete
[2021-02-24 09:43:34,926] - Logger.py[line:45] - fuc:__console- INFO: 开始执行用例test_org_refresh
[2021-02-24 09:45:34,667] - Logger.py[line:45] - fuc:__console- INFO: 开始执行用例test_login_organization
[2021-02-24 09:45:40,484] - Logger.py[line:45] - fuc:__console- INFO: 开始执行用例test_add_orgcom
[2021-02-24 09:45:45,060] - Logger.py[line:45] - fuc:__console- INFO: 开始执行用例test_edit_orgcom
[2021-02-24 09:45:49,165] - Logger.py[line:45] - fuc:__console- INFO: 开始执行用例test_delete_orgcom
[2021-02-24 09:46:22,696] - Logger.py[line:45] - fuc:__console- INFO: 开始执行用例test_login_organization
[2021-02-24 09:46:23,749] - Logger.py[line:45] - fuc:__console- INFO: 开始执行用例test_add_orgcom
[2021-02-24 09:46:26,017] - Logger.py[line:45] - fuc:__console- INFO: 开始执行用例test_edit_orgcom
[2021-02-24 09:46:29,638] - Logger.py[line:45] - fuc:__console- INFO: 开始执行用例test_delete_orgcom
[2021-02-24 09:46:31,930] - Logger.py[line:45] - fuc:__console- INFO: 开始执行用例test_refresh_orgcom
[2021-02-24 09:46:32,034] - Logger.py[line:45] - fuc:__console- INFO: 开始执行用例test_org_user_add
[2021-02-24 09:46:36,467] - Logger.py[line:45] - fuc:__console- INFO: 开始执行用例test_org_user_edit
[2021-02-24 09:46:38,138] - Logger.py[line:45] - fuc:__console- INFO: 开始执行用例test_org_user_delete
[2021-02-24 09:46:38,324] - Logger.py[line:45] - fuc:__console- INFO: 开始执行用例test_org_refresh
[2021-02-24 09:47:02,528] - Logger.py[line:45] - fuc:__console- INFO: 开始执行用例test_add_orgcom_name_abnormal
[2021-02-24 09:47:04,876] - Logger.py[line:45] - fuc:__console- INFO: 开始执行用例test_add_orgcom_name_abnormal
[2021-02-24 09:47:06,409] - Logger.py[line:45] - fuc:__console- INFO: 开始执行用例test_add_orgcom_name_abnormal
[2021-02-24 09:47:07,813] - Logger.py[line:45] - fuc:__console- INFO: 开始执行用例test_add_orgcom_code_abnormal
[2021-02-24 09:47:09,231] - Logger.py[line:45] - fuc:__console- INFO: 开始执行用例test_add_orgcom_code_abnormal
[2021-02-24 09:47:10,749] - Logger.py[line:45] - fuc:__console- INFO: 开始执行用例test_add_orgcom_code_abnormal
[2021-02-24 09:47:12,340] - Logger.py[line:45] - fuc:__console- INFO: 开始执行用例test_add_orgcom
[2021-02-24 09:47:14,794] - Logger.py[line:45] - fuc:__console- INFO: 开始执行用例test_edit_orgcom_name_abnormal
[2021-02-24 09:47:18,931] - Logger.py[line:45] - fuc:__console- INFO: 开始执行用例test_edit_orgcom_name_abnormal
[2021-02-24 09:47:21,996] - Logger.py[line:45] - fuc:__console- INFO: 开始执行用例test_edit_orgcom_name_abnormal
[2021-02-24 09:47:24,836] - Logger.py[line:45] - fuc:__console- INFO: 开始执行用例test_org_username_add
[2021-02-24 09:47:28,332] - Logger.py[line:45] - fuc:__console- INFO: 开始执行用例test_org_username_add
[2021-02-24 09:47:31,994] - Logger.py[line:45] - fuc:__console- INFO: 开始执行用例test_org_username_add
[2021-02-24 09:47:35,648] - Logger.py[line:45] - fuc:__console- INFO: 开始执行用例test_org_code_add
[2021-02-24 09:47:39,278] - Logger.py[line:45] - fuc:__console- INFO: 开始执行用例test_org_code_add
[2021-02-24 09:47:43,029] - Logger.py[line:45] - fuc:__console- INFO: 开始执行用例test_org_code_add
[2021-02-24 09:47:46,653] - Logger.py[line:45] - fuc:__console- INFO: 开始执行用例test_org_code_add
[2021-02-24 09:47:50,239] - Logger.py[line:45] - fuc:__console- INFO: 开始执行用例test_org_code_add
[2021-02-24 09:47:53,800] - Logger.py[line:45] - fuc:__console- INFO: 开始执行用例test_org_tel_add
[2021-02-24 09:47:57,341] - Logger.py[line:45] - fuc:__console- INFO: 开始执行用例test_org_tel_add
[2021-02-24 09:48:00,830] - Logger.py[line:45] - fuc:__console- INFO: 开始执行用例test_org_tel_add
[2021-02-24 09:48:04,326] - Logger.py[line:45] - fuc:__console- INFO: 开始执行用例test_org_tel_add
[2021-02-24 10:47:25,497] - Logger.py[line:45] - fuc:__console- INFO: 开始执行用例test_add_orgcom_name_abnormal
[2021-02-24 10:47:27,791] - Logger.py[line:45] - fuc:__console- INFO: 开始执行用例test_add_orgcom_name_abnormal
[2021-02-24 10:47:29,186] - Logger.py[line:45] - fuc:__console- INFO: 开始执行用例test_add_orgcom_name_abnormal
[2021-02-24 10:47:30,643] - Logger.py[line:45] - fuc:__console- INFO: 开始执行用例test_add_orgcom_code_abnormal
[2021-02-24 10:47:32,167] - Logger.py[line:45] - fuc:__console- INFO: 开始执行用例test_add_orgcom_code_abnormal
[2021-02-24 10:47:33,599] - Logger.py[line:45] - fuc:__console- INFO: 开始执行用例test_add_orgcom_code_abnormal
[2021-02-24 10:47:35,132] - Logger.py[line:45] - fuc:__console- INFO: 开始执行用例test_add_orgcom
[2021-02-24 10:47:37,591] - Logger.py[line:45] - fuc:__console- INFO: 开始执行用例test_edit_orgcom_name_abnormal
[2021-02-24 10:47:41,713] - Logger.py[line:45] - fuc:__console- INFO: 开始执行用例test_edit_orgcom_name_abnormal
[2021-02-24 10:47:45,642] - Logger.py[line:45] - fuc:__console- INFO: 开始执行用例test_edit_orgcom_name_abnormal
[2021-02-24 10:47:48,552] - Logger.py[line:45] - fuc:__console- INFO: 开始执行用例test_org_code_add
[2021-02-24 10:47:51,986] - Logger.py[line:45] - fuc:__console- INFO: 开始执行用例test_org_code_add
[2021-02-24 10:47:55,403] - Logger.py[line:45] - fuc:__console- INFO: 开始执行用例test_org_code_add
[2021-02-24 10:47:59,060] - Logger.py[line:45] - fuc:__console- INFO: 开始执行用例test_org_code_add
[2021-02-24 10:48:02,529] - Logger.py[line:45] - fuc:__console- INFO: 开始执行用例test_org_code_add
[2021-02-24 10:48:06,160] - Logger.py[line:45] - fuc:__console- INFO: 开始执行用例test_org_tel_add
[2021-02-24 10:48:09,498] - Logger.py[line:45] - fuc:__console- INFO: 开始执行用例test_org_tel_add
[2021-02-24 10:48:12,992] - Logger.py[line:45] - fuc:__console- INFO: 开始执行用例test_org_tel_add
[2021-02-24 10:48:16,466] - Logger.py[line:45] - fuc:__console- INFO: 开始执行用例test_org_tel_add
[2021-02-24 10:48:19,930] - Logger.py[line:45] - fuc:__console- INFO: 开始执行用例test_org_user_add
[2021-02-24 10:48:24,526] - Logger.py[line:45] - fuc:__console- INFO: 开始执行用例test_org_username_add
[2021-02-24 10:48:28,510] - Logger.py[line:45] - fuc:__console- INFO: 开始执行用例test_org_username_add
[2021-02-24 10:48:32,552] - Logger.py[line:45] - fuc:__console- INFO: 开始执行用例test_org_username_add
[2021-02-24 10:48:36,716] - Logger.py[line:45] - fuc:__console- INFO: 开始执行用例test_org_username_add
[2021-02-24 10:49:30,977] - Logger.py[line:45] - fuc:__console- INFO: 开始执行用例test_add_orgcom_name_abnormal
[2021-02-24 10:49:33,279] - Logger.py[line:45] - fuc:__console- INFO: 开始执行用例test_add_orgcom_name_abnormal
[2021-02-24 10:49:34,830] - Logger.py[line:45] - fuc:__console- INFO: 开始执行用例test_add_orgcom_name_abnormal
[2021-02-24 10:49:36,295] - Logger.py[line:45] - fuc:__console- INFO: 开始执行用例test_add_orgcom_code_abnormal
[2021-02-24 10:49:37,713] - Logger.py[line:45] - fuc:__console- INFO: 开始执行用例test_add_orgcom_code_abnormal
[2021-02-24 10:49:39,185] - Logger.py[line:45] - fuc:__console- INFO: 开始执行用例test_add_orgcom_code_abnormal
[2021-02-24 10:49:40,725] - Logger.py[line:45] - fuc:__console- INFO: 开始执行用例test_add_orgcom
[2021-02-24 10:49:43,205] - Logger.py[line:45] - fuc:__console- INFO: 开始执行用例test_edit_orgcom_name_abnormal
[2021-02-24 10:49:47,302] - Logger.py[line:45] - fuc:__console- INFO: 开始执行用例test_edit_orgcom_name_abnormal
[2021-02-24 10:49:51,291] - Logger.py[line:45] - fuc:__console- INFO: 开始执行用例test_edit_orgcom_name_abnormal
[2021-02-24 10:49:54,262] - Logger.py[line:45] - fuc:__console- INFO: 开始执行用例test_org_username_add
[2021-02-24 10:49:57,710] - Logger.py[line:45] - fuc:__console- INFO: 开始执行用例test_org_username_add
[2021-02-24 10:50:01,372] - Logger.py[line:45] - fuc:__console- INFO: 开始执行用例test_org_username_add
[2021-02-24 10:50:04,970] - Logger.py[line:45] - fuc:__console- INFO: 开始执行用例test_org_code_add
[2021-02-24 10:50:08,531] - Logger.py[line:45] - fuc:__console- INFO: 开始执行用例test_org_code_add
[2021-02-24 10:50:12,173] - Logger.py[line:45] - fuc:__console- INFO: 开始执行用例test_org_code_add
[2021-02-24 10:50:15,889] - Logger.py[line:45] - fuc:__console- INFO: 开始执行用例test_org_code_add
[2021-02-24 10:50:19,516] - Logger.py[line:45] - fuc:__console- INFO: 开始执行用例test_org_code_add
[2021-02-24 10:50:23,124] - Logger.py[line:45] - fuc:__console- INFO: 开始执行用例test_org_tel_add
[2021-02-24 10:50:26,641] - Logger.py[line:45] - fuc:__console- INFO: 开始执行用例test_org_tel_add
[2021-02-24 10:50:30,159] - Logger.py[line:45] - fuc:__console- INFO: 开始执行用例test_org_tel_add
[2021-02-24 10:50:33,659] - Logger.py[line:45] - fuc:__console- INFO: 开始执行用例test_org_tel_add
[2021-02-24 10:50:37,206] - Logger.py[line:45] - fuc:__console- INFO: 开始执行用例test_org_user_add
[2021-02-24 10:50:41,734] - Logger.py[line:45] - fuc:__console- INFO: 开始执行用例test_org_username_edit
[2021-02-24 10:50:46,148] - Logger.py[line:45] - fuc:__console- INFO: 开始执行用例test_org_username_edit
[2021-02-24 10:50:50,986] - Logger.py[line:45] - fuc:__console- INFO: 开始执行用例test_org_username_edit
[2021-02-24 10:50:55,765] - Logger.py[line:45] - fuc:__console- INFO: 开始执行用例test_org_tel_edit
[2021-02-24 10:51:00,332] - Logger.py[line:45] - fuc:__console- INFO: 开始执行用例test_org_tel_edit
[2021-02-24 10:51:04,929] - Logger.py[line:45] - fuc:__console- INFO: 开始执行用例test_org_tel_edit
[2021-02-24 10:51:09,525] - Logger.py[line:45] - fuc:__console- INFO: 开始执行用例test_org_tel_edit
[2021-02-24 10:54:05,291] - Logger.py[line:45] - fuc:__console- INFO: 开始执行用例test_add_orgcom_name_abnormal
[2021-02-24 10:54:07,663] - Logger.py[line:45] - fuc:__console- INFO: 开始执行用例test_add_orgcom_name_abnormal
[2021-02-24 10:54:09,206] - Logger.py[line:45] - fuc:__console- INFO: 开始执行用例test_add_orgcom_name_abnormal
[2021-02-24 10:54:10,773] - Logger.py[line:45] - fuc:__console- INFO: 开始执行用例test_add_orgcom_code_abnormal
[2021-02-24 10:54:12,367] - Logger.py[line:45] - fuc:__console- INFO: 开始执行用例test_add_orgcom_code_abnormal
[2021-02-24 10:54:13,739] - Logger.py[line:45] - fuc:__console- INFO: 开始执行用例test_add_orgcom_code_abnormal
[2021-02-24 10:54:15,193] - Logger.py[line:45] - fuc:__console- INFO: 开始执行用例test_add_orgcom
[2021-02-24 10:54:17,677] - Logger.py[line:45] - fuc:__console- INFO: 开始执行用例test_edit_orgcom_name_abnormal
[2021-02-24 10:54:20,729] - Logger.py[line:45] - fuc:__console- INFO: 开始执行用例test_edit_orgcom_name_abnormal
[2021-02-24 10:54:23,719] - Logger.py[line:45] - fuc:__console- INFO: 开始执行用例test_edit_orgcom_name_abnormal
[2021-02-24 10:54:26,674] - Logger.py[line:45] - fuc:__console- INFO: 开始执行用例test_org_username_add
[2021-02-24 10:54:30,183] - Logger.py[line:45] - fuc:__console- INFO: 开始执行用例test_org_username_add
[2021-02-24 10:54:33,765] - Logger.py[line:45] - fuc:__console- INFO: 开始执行用例test_org_username_add
[2021-02-24 10:54:37,406] - Logger.py[line:45] - fuc:__console- INFO: 开始执行用例test_org_code_add
[2021-02-24 10:54:40,875] - Logger.py[line:45] - fuc:__console- INFO: 开始执行用例test_org_code_add
[2021-02-24 10:54:44,559] - Logger.py[line:45] - fuc:__console- INFO: 开始执行用例test_org_code_add
[2021-02-24 10:54:48,239] - Logger.py[line:45] - fuc:__console- INFO: 开始执行用例test_org_code_add
[2021-02-24 10:54:51,927] - Logger.py[line:45] - fuc:__console- INFO: 开始执行用例test_org_code_add
[2021-02-24 10:54:55,537] - Logger.py[line:45] - fuc:__console- INFO: 开始执行用例test_org_tel_add
[2021-02-24 10:54:59,065] - Logger.py[line:45] - fuc:__console- INFO: 开始执行用例test_org_tel_add
[2021-02-24 10:55:02,626] - Logger.py[line:45] - fuc:__console- INFO: 开始执行用例test_org_tel_add
[2021-02-24 10:55:06,194] - Logger.py[line:45] - fuc:__console- INFO: 开始执行用例test_org_tel_add
[2021-02-24 10:55:09,775] - Logger.py[line:45] - fuc:__console- INFO: 开始执行用例test_org_user_add
[2021-02-24 10:55:14,227] - Logger.py[line:45] - fuc:__console- INFO: 开始执行用例test_org_username_edit
[2021-02-24 10:55:18,633] - Logger.py[line:45] - fuc:__console- INFO: 开始执行用例test_org_username_edit
[2021-02-24 10:55:23,408] - Logger.py[line:45] - fuc:__console- INFO: 开始执行用例test_org_username_edit
[2021-02-24 10:55:28,209] - Logger.py[line:45] - fuc:__console- INFO: 开始执行用例test_org_tel_edit
[2021-02-24 10:55:33,152] - Logger.py[line:45] - fuc:__console- INFO: 开始执行用例test_org_tel_edit
[2021-02-24 10:55:37,798] - Logger.py[line:45] - fuc:__console- INFO: 开始执行用例test_org_tel_edit
[2021-02-24 10:55:42,508] - Logger.py[line:45] - fuc:__console- INFO: 开始执行用例test_org_tel_edit
[2021-02-24 10:58:38,820] - Logger.py[line:45] - fuc:__console- INFO: 开始执行用例test_login_organization
[2021-02-24 10:58:39,903] - Logger.py[line:45] - fuc:__console- INFO: 开始执行用例test_add_orgcom
[2021-02-24 10:58:42,243] - Logger.py[line:45] - fuc:__console- INFO: 开始执行用例test_edit_orgcom
[2021-02-24 10:58:45,834] - Logger.py[line:45] - fuc:__console- INFO: 开始执行用例test_delete_orgcom
[2021-02-24 10:58:47,112] - Logger.py[line:45] - fuc:__console- INFO: 开始执行用例test_refresh_orgcom
[2021-02-24 10:58:47,223] - Logger.py[line:45] - fuc:__console- INFO: 开始执行用例test_org_user_add
[2021-02-24 10:58:51,691] - Logger.py[line:45] - fuc:__console- INFO: 开始执行用例test_org_user_edit
[2021-02-24 10:58:57,065] - Logger.py[line:45] - fuc:__console- INFO: 开始执行用例test_org_user_delete
[2021-02-24 10:58:57,186] - Logger.py[line:45] - fuc:__console- INFO: 开始执行用例test_org_refresh
[2021-02-24 11:13:31,874] - Logger.py[line:45] - fuc:__console- INFO: 按物料名称筛选test_Material_Set_001
[2021-02-24 11:13:34,617] - Logger.py[line:45] - fuc:__console- INFO: 编辑物料字段test_Material_Set_002
[2021-02-24 11:13:39,085] - Logger.py[line:45] - fuc:__console- INFO: 设置物料字段默认值test_Material_Set_003
[2021-02-24 11:13:41,574] - Logger.py[line:45] - fuc:__console- INFO: 设置物料字段默认值test_Material_Set_003
[2021-02-24 11:22:17,777] - Logger.py[line:45] - fuc:__console- INFO: 按物料名称筛选test_Material_Set_001
[2021-02-24 11:22:20,521] - Logger.py[line:45] - fuc:__console- INFO: 编辑物料字段test_Material_Set_002
[2021-02-24 11:22:24,973] - Logger.py[line:45] - fuc:__console- INFO: 设置物料字段默认值test_Material_Set_003
[2021-02-24 11:22:48,578] - Logger.py[line:45] - fuc:__console- INFO: 设置物料字段默认值test_Material_Set_003
[2021-02-24 11:23:12,241] - Logger.py[line:45] - fuc:__console- INFO: 设置物料字段默认值test_Material_Set_003
[2021-02-24 11:23:35,546] - Logger.py[line:45] - fuc:__console- INFO: 设置物料字段默认值test_Material_Set_003
[2021-02-24 11:24:18,753] - Logger.py[line:45] - fuc:__console- INFO: 设置物料字段默认值test_Material_Set_003
[2021-02-24 11:29:16,021] - Logger.py[line:45] - fuc:__console- INFO: 按物料名称筛选test_Material_Set_001
[2021-02-24 11:29:18,640] - Logger.py[line:45] - fuc:__console- INFO: 编辑物料字段test_Material_Set_002
[2021-02-24 11:29:23,129] - Logger.py[line:45] - fuc:__console- INFO: 设置物料字段默认值test_Material_Set_003
[2021-02-24 11:29:43,332] - Logger.py[line:45] - fuc:__console- INFO: 设置物料字段默认值test_Material_Set_003
[2021-02-24 11:30:03,022] - Logger.py[line:45] - fuc:__console- INFO: 设置物料字段默认值test_Material_Set_003
[2021-02-24 11:30:22,590] - Logger.py[line:45] - fuc:__console- INFO: 设置物料字段默认值test_Material_Set_003
[2021-02-24 11:30:52,257] - Logger.py[line:45] - fuc:__console- INFO: 设置物料字段默认值test_Material_Set_003
[2021-02-24 11:34:41,347] - Logger.py[line:45] - fuc:__console- INFO: 开始执行用例test_Material_Set_001
[2021-02-24 11:34:45,096] - Logger.py[line:45] - fuc:__console- INFO: 开始执行用例test_Material_Set_002
[2021-02-24 11:34:52,597] - Logger.py[line:45] - fuc:__console- INFO: 开始执行用例test_Material_Set_003
[2021-02-24 11:34:55,240] - Logger.py[line:45] - fuc:__console- INFO: 开始执行用例test_Material_Set_004
[2021-02-24 11:36:35,930] - Logger.py[line:45] - fuc:__console- INFO: 开始执行用例test_Material_Set_001
[2021-02-24 11:36:39,820] - Logger.py[line:45] - fuc:__console- INFO: 开始执行用例test_Material_Set_002
[2021-02-24 11:37:24,428] - Logger.py[line:45] - fuc:__console- INFO: 开始执行用例test_Material_Set_001
[2021-02-24 11:37:28,146] - Logger.py[line:45] - fuc:__console- INFO: 开始执行用例test_Material_Set_002
[2021-02-24 11:37:31,604] - Logger.py[line:45] - fuc:__console- INFO: 开始执行用例test_Material_Set_003
[2021-02-24 11:37:34,277] - Logger.py[line:45] - fuc:__console- INFO: 开始执行用例test_Material_Set_004
[2021-02-24 11:38:32,985] - Logger.py[line:45] - fuc:__console- INFO: 按物料名称筛选test_Material_Set_001
[2021-02-24 11:38:37,862] - Logger.py[line:45] - fuc:__console- INFO: 编辑物料字段test_Material_Set_002
[2021-02-24 11:38:43,707] - Logger.py[line:45] - fuc:__console- INFO: 设置物料字段默认值test_Material_Set_003
[2021-02-24 11:39:03,045] - Logger.py[line:45] - fuc:__console- INFO: 设置物料字段默认值test_Material_Set_003
[2021-02-24 11:39:22,089] - Logger.py[line:45] - fuc:__console- INFO: 设置物料字段默认值test_Material_Set_003
[2021-02-24 11:39:40,753] - Logger.py[line:45] - fuc:__console- INFO: 设置物料字段默认值test_Material_Set_003
[2021-02-24 11:40:10,343] - Logger.py[line:45] - fuc:__console- INFO: 设置物料字段默认值test_Material_Set_003
[2021-02-24 14:19:18,759] - Logger.py[line:45] - fuc:__console- INFO: 开始执行用例test_Material_Set_001
[2021-02-24 14:19:22,500] - Logger.py[line:45] - fuc:__console- INFO: 开始执行用例test_Material_Set_002
[2021-02-24 14:19:24,405] - Logger.py[line:45] - fuc:__console- INFO: 开始执行用例test_Material_Set_003
[2021-02-24 14:19:27,121] - Logger.py[line:45] - fuc:__console- INFO: 开始执行用例test_Material_Set_004
[2021-02-24 14:20:17,152] - Logger.py[line:45] - fuc:__console- INFO: 按物料名称筛选test_Material_Set_001
[2021-02-24 14:20:19,872] - Logger.py[line:45] - fuc:__console- INFO: 编辑物料字段test_Material_Set_002
[2021-02-24 14:20:45,309] - Logger.py[line:45] - fuc:__console- INFO: 设置物料字段默认值test_Material_Set_003
[2021-02-24 14:21:04,649] - Logger.py[line:45] - fuc:__console- INFO: 设置物料字段默认值test_Material_Set_003
[2021-02-24 14:21:23,701] - Logger.py[line:45] - fuc:__console- INFO: 设置物料字段默认值test_Material_Set_003
[2021-02-24 14:21:42,506] - Logger.py[line:45] - fuc:__console- INFO: 设置物料字段默认值test_Material_Set_003
[2021-02-24 14:22:18,851] - Logger.py[line:45] - fuc:__console- INFO: 设置物料字段默认值test_Material_Set_003
[2021-02-24 14:47:18,850] - Logger.py[line:45] - fuc:__console- INFO: 按物料名称筛选test_Material_Set_001
[2021-02-24 14:47:21,522] - Logger.py[line:45] - fuc:__console- INFO: 编辑物料字段test_Material_Set_002
[2021-02-24 14:47:25,009] - Logger.py[line:45] - fuc:__console- INFO: 设置物料字段默认值test_Material_Set_003
[2021-02-24 14:47:53,825] - Logger.py[line:45] - fuc:__console- INFO: 设置物料字段默认值test_Material_Set_003
[2021-02-24 15:19:16,091] - Logger.py[line:45] - fuc:__console- INFO: 按物料名称筛选test_Material_Set_001
[2021-02-24 15:19:18,715] - Logger.py[line:45] - fuc:__console- INFO: 编辑物料字段test_Material_Set_abnormal
[2021-02-24 15:19:22,213] - Logger.py[line:45] - fuc:__console- INFO: 设置物料字段默认值test_Material_Set_weight_abnormal
[2021-02-24 15:19:33,605] - Logger.py[line:45] - fuc:__console- INFO: 设置物料字段默认值test_Material_Set_weight_abnormal
[2021-02-24 15:19:53,327] - Logger.py[line:45] - fuc:__console- INFO: 设置物料字段默认值test_Material_Set_validity_abnormal
[2021-02-24 15:20:33,337] - Logger.py[line:45] - fuc:__console- INFO: 按物料名称筛选test_Material_Set_001
[2021-02-24 15:20:35,956] - Logger.py[line:45] - fuc:__console- INFO: 编辑物料字段test_Material_Set_abnormal
[2021-02-24 15:20:39,502] - Logger.py[line:45] - fuc:__console- INFO: 设置物料字段默认值test_Material_Set_weight_abnormal
[2021-02-24 15:21:01,955] - Logger.py[line:45] - fuc:__console- INFO: 设置物料字段默认值test_Material_Set_weight_abnormal
[2021-02-24 15:21:46,505] - Logger.py[line:45] - fuc:__console- INFO: 设置物料字段默认值test_Material_Set_validity_abnormal
[2021-02-24 15:22:05,257] - Logger.py[line:45] - fuc:__console- INFO: 设置物料字段默认值test_Material_Set_validity_abnormal
[2021-02-24 15:22:28,724] - Logger.py[line:45] - fuc:__console- INFO: 设置物料字段默认值test_Material_Set_alarm_abnormal
[2021-02-24 15:22:56,166] - Logger.py[line:45] - fuc:__console- INFO: 设置物料字段默认值test_Material_Set_alarm_abnormal
[2021-02-24 15:23:18,895] - Logger.py[line:45] - fuc:__console- INFO: 设置物料字段默认值test_Material_Set_qty_abnormal
[2021-02-24 15:23:53,096] - Logger.py[line:45] - fuc:__console- INFO: 设置物料字段默认值test_Material_Set_qty_abnormal
[2021-02-24 15:30:55,261] - Logger.py[line:45] - fuc:__console- INFO: 按物料名称筛选test_Material_Set_001
[2021-02-24 15:30:57,970] - Logger.py[line:45] - fuc:__console- INFO: 编辑物料字段test_Material_Set_abnormal
[2021-02-24 15:31:01,445] - Logger.py[line:45] - fuc:__console- INFO: 设置物料字段默认值test_Material_Set_weight_abnormal
[2021-02-24 15:32:03,447] - Logger.py[line:45] - fuc:__console- INFO: 按物料名称筛选test_Material_Set_001
[2021-02-24 15:32:06,184] - Logger.py[line:45] - fuc:__console- INFO: 编辑物料字段test_Material_Set_abnormal
[2021-02-24 15:32:09,708] - Logger.py[line:45] - fuc:__console- INFO: 设置物料字段默认值test_Material_Set_weight_abnormal
[2021-02-24 15:32:32,954] - Logger.py[line:45] - fuc:__console- INFO: 设置物料字段默认值test_Material_Set_weight_abnormal
[2021-02-24 15:33:15,567] - Logger.py[line:45] - fuc:__console- INFO: 设置物料字段默认值test_Material_Set_validity_abnormal
[2021-02-24 15:33:35,279] - Logger.py[line:45] - fuc:__console- INFO: 设置物料字段默认值test_Material_Set_validity_abnormal
[2021-02-24 15:33:57,853] - Logger.py[line:45] - fuc:__console- INFO: 设置物料字段默认值test_Material_Set_alarm_abnormal
[2021-02-24 15:34:23,891] - Logger.py[line:45] - fuc:__console- INFO: 设置物料字段默认值test_Material_Set_alarm_abnormal
[2021-02-24 15:34:48,261] - Logger.py[line:45] - fuc:__console- INFO: 设置物料字段默认值test_Material_Set_qty_abnormal
[2021-02-24 15:35:30,422] - Logger.py[line:45] - fuc:__console- INFO: 设置物料字段默认值test_Material_Set_qty_abnormal
[2021-02-24 15:36:15,450] - Logger.py[line:45] - fuc:__console- INFO: 按物料名称筛选test_Material_Set_001
[2021-02-24 15:36:18,159] - Logger.py[line:45] - fuc:__console- INFO: 编辑物料字段test_Material_Set_abnormal
[2021-02-24 15:36:21,688] - Logger.py[line:45] - fuc:__console- INFO: 设置物料字段默认值test_Material_Set_weight_abnormal
[2021-02-24 15:36:44,554] - Logger.py[line:45] - fuc:__console- INFO: 设置物料字段默认值test_Material_Set_weight_abnormal
[2021-02-24 15:37:26,118] - Logger.py[line:45] - fuc:__console- INFO: 设置物料字段默认值test_Material_Set_validity_abnormal
[2021-02-24 15:37:47,789] - Logger.py[line:45] - fuc:__console- INFO: 设置物料字段默认值test_Material_Set_validity_abnormal
[2021-02-24 15:38:19,610] - Logger.py[line:45] - fuc:__console- INFO: 设置物料字段默认值test_Material_Set_alarm_abnormal
[2021-02-24 15:38:45,981] - Logger.py[line:45] - fuc:__console- INFO: 设置物料字段默认值test_Material_Set_alarm_abnormal
[2021-02-24 15:39:24,108] - Logger.py[line:45] - fuc:__console- INFO: 设置物料字段默认值test_Material_Set_qty_abnormal
[2021-02-24 15:40:32,350] - Logger.py[line:45] - fuc:__console- INFO: 设置物料字段默认值test_Material_Set_qty_abnormal
[2021-02-24 15:48:18,634] - Logger.py[line:45] - fuc:__console- INFO: 按物料名称筛选test_Material_Set_001
[2021-02-24 15:48:21,329] - Logger.py[line:45] - fuc:__console- INFO: 编辑物料字段test_Material_Set_abnormal
[2021-02-24 15:48:24,830] - Logger.py[line:45] - fuc:__console- INFO: 设置物料字段默认值test_Material_Set_weight_abnormal
[2021-02-24 15:48:46,721] - Logger.py[line:45] - fuc:__console- INFO: 设置物料字段默认值test_Material_Set_weight_abnormal
[2021-02-24 15:49:11,189] - Logger.py[line:45] - fuc:__console- INFO: 设置物料字段默认值test_Material_Set_validity_abnormal
[2021-02-24 15:49:30,994] - Logger.py[line:45] - fuc:__console- INFO: 设置物料字段默认值test_Material_Set_validity_abnormal
[2021-02-24 15:50:02,157] - Logger.py[line:45] - fuc:__console- INFO: 设置物料字段默认值test_Material_Set_alarm_abnormal
[2021-02-24 15:50:30,776] - Logger.py[line:45] - fuc:__console- INFO: 设置物料字段默认值test_Material_Set_alarm_abnormal
[2021-02-24 15:51:07,795] - Logger.py[line:45] - fuc:__console- INFO: 设置物料字段默认值test_Material_Set_qty_abnormal
[2021-02-24 15:51:17,013] - Logger.py[line:45] - fuc:__console- INFO: 设置物料字段默认值test_Material_Set_qty_abnormal
[2021-02-24 16:03:48,239] - Logger.py[line:45] - fuc:__console- INFO: 设置物料字段默认值test_Material_Set_weight_abnormal
[2021-02-24 16:04:10,176] - Logger.py[line:45] - fuc:__console- INFO: 设置物料字段默认值test_Material_Set_weight_abnormal
[2021-02-24 16:04:37,401] - Logger.py[line:45] - fuc:__console- INFO: 设置物料字段默认值test_Material_Set_validity_abnormal
[2021-02-24 16:04:57,704] - Logger.py[line:45] - fuc:__console- INFO: 设置物料字段默认值test_Material_Set_validity_abnormal
[2021-02-24 16:05:34,946] - Logger.py[line:45] - fuc:__console- INFO: 设置物料字段默认值test_Material_Set_alarm_abnormal
[2021-02-24 16:06:16,897] - Logger.py[line:45] - fuc:__console- INFO: 设置物料字段默认值test_Material_Set_alarm_abnormal
[2021-02-24 16:06:59,040] - Logger.py[line:45] - fuc:__console- INFO: 设置物料字段默认值test_Material_Set_qty_abnormal
[2021-02-24 16:07:41,303] - Logger.py[line:45] - fuc:__console- INFO: 设置物料字段默认值test_Material_Set_qty_abnormal
[2021-02-24 16:09:38,665] - Logger.py[line:45] - fuc:__console- INFO: 设置物料字段默认值test_Material_Set_weight_abnormal
[2021-02-24 16:10:01,899] - Logger.py[line:45] - fuc:__console- INFO: 设置物料字段默认值test_Material_Set_weight_abnormal
[2021-02-24 16:10:27,516] - Logger.py[line:45] - fuc:__console- INFO: 设置物料字段默认值test_Material_Set_validity_abnormal
[2021-02-24 16:10:46,593] - Logger.py[line:45] - fuc:__console- INFO: 设置物料字段默认值test_Material_Set_validity_abnormal
[2021-02-24 16:11:13,290] - Logger.py[line:45] - fuc:__console- INFO: 设置物料字段默认值test_Material_Set_alarm_abnormal
[2021-02-24 16:11:32,687] - Logger.py[line:45] - fuc:__console- INFO: 设置物料字段默认值test_Material_Set_alarm_abnormal
[2021-02-24 16:12:00,355] - Logger.py[line:45] - fuc:__console- INFO: 设置物料字段默认值test_Material_Set_qty_abnormal
[2021-02-24 16:12:30,183] - Logger.py[line:45] - fuc:__console- INFO: 设置物料字段默认值test_Material_Set_qty_abnormal
[2021-02-24 16:14:20,174] - Logger.py[line:45] - fuc:__console- INFO: 设置物料字段默认值test_Material_Set_weight_abnormal
[2021-02-24 16:14:43,745] - Logger.py[line:45] - fuc:__console- INFO: 设置物料字段默认值test_Material_Set_weight_abnormal
[2021-02-24 16:15:25,791] - Logger.py[line:45] - fuc:__console- INFO: 设置物料字段默认值test_Material_Set_validity_abnormal
[2021-02-24 16:15:59,778] - Logger.py[line:45] - fuc:__console- INFO: 设置物料字段默认值test_Material_Set_weight_abnormal
[2021-02-24 16:16:19,379] - Logger.py[line:45] - fuc:__console- INFO: 设置物料字段默认值test_Material_Set_weight_abnormal
[2021-02-24 16:16:42,781] - Logger.py[line:45] - fuc:__console- INFO: 设置物料字段默认值test_Material_Set_validity_abnormal
[2021-02-24 16:17:24,782] - Logger.py[line:45] - fuc:__console- INFO: 设置物料字段默认值test_Material_Set_validity_abnormal
[2021-02-24 16:18:34,701] - Logger.py[line:45] - fuc:__console- INFO: 设置物料字段默认值test_Material_Set_alarm_abnormal
[2021-02-24 16:19:27,216] - Logger.py[line:45] - fuc:__console- INFO: 设置物料字段默认值test_Material_Set_alarm_abnormal
[2021-02-24 16:20:34,084] - Logger.py[line:45] - fuc:__console- INFO: 设置物料字段默认值test_Material_Set_qty_abnormal
[2021-02-24 16:21:50,698] - Logger.py[line:45] - fuc:__console- INFO: 设置物料字段默认值test_Material_Set_weight_abnormal
[2021-02-24 16:22:10,247] - Logger.py[line:45] - fuc:__console- INFO: 设置物料字段默认值test_Material_Set_validity_abnormal
[2021-02-24 16:22:29,652] - Logger.py[line:45] - fuc:__console- INFO: 设置物料字段默认值test_Material_Set_validity_abnormal
[2021-02-24 16:22:49,893] - Logger.py[line:45] - fuc:__console- INFO: 设置物料字段默认值test_Material_Set_alarm_abnormal
[2021-02-24 16:23:31,973] - Logger.py[line:45] - fuc:__console- INFO: 设置物料字段默认值test_Material_Set_alarm_abnormal
[2021-02-24 16:24:13,388] - Logger.py[line:45] - fuc:__console- INFO: 设置物料字段默认值test_Material_Set_qty_abnormal
[2021-02-24 16:25:16,312] - Logger.py[line:45] - fuc:__console- INFO: 设置物料字段默认值test_Material_Set_qty_abnormal
[2021-02-24 16:36:13,099] - Logger.py[line:45] - fuc:__console- INFO: 设置物料字段默认值test_Material_Set_weight_abnormal
[2021-02-24 16:36:32,479] - Logger.py[line:45] - fuc:__console- INFO: 设置物料字段默认值test_Material_Set_validity_abnormal
[2021-02-24 16:36:51,866] - Logger.py[line:45] - fuc:__console- INFO: 设置物料字段默认值test_Material_Set_validity_abnormal
[2021-02-24 16:37:11,062] - Logger.py[line:45] - fuc:__console- INFO: 设置物料字段默认值test_Material_Set_alarm_abnormal
[2021-02-24 16:37:34,861] - Logger.py[line:45] - fuc:__console- INFO: 设置物料字段默认值test_Material_Set_alarm_abnormal
[2021-02-24 16:37:56,353] - Logger.py[line:45] - fuc:__console- INFO: 设置物料字段默认值test_Material_Set_qty_abnormal
[2021-02-24 16:38:25,358] - Logger.py[line:45] - fuc:__console- INFO: 设置物料字段默认值test_Material_Set_qty_abnormal
[2021-02-24 16:39:25,557] - Logger.py[line:45] - fuc:__console- INFO: 设置物料字段默认值test_Material_Set_weight_abnormal
[2021-02-24 16:39:45,249] - Logger.py[line:45] - fuc:__console- INFO: 设置物料字段默认值test_Material_Set_validity_abnormal
[2021-02-24 16:40:04,691] - Logger.py[line:45] - fuc:__console- INFO: 设置物料字段默认值test_Material_Set_validity_abnormal
[2021-02-24 16:40:28,122] - Logger.py[line:45] - fuc:__console- INFO: 设置物料字段默认值test_Material_Set_alarm_abnormal
[2021-02-24 16:40:56,213] - Logger.py[line:45] - fuc:__console- INFO: 设置物料字段默认值test_Material_Set_alarm_abnormal
[2021-02-24 16:41:17,776] - Logger.py[line:45] - fuc:__console- INFO: 设置物料字段默认值test_Material_Set_qty_abnormal
[2021-02-24 16:41:51,416] - Logger.py[line:45] - fuc:__console- INFO: 设置物料字段默认值test_Material_Set_qty_abnormal
[2021-02-24 16:46:51,905] - Logger.py[line:45] - fuc:__console- INFO: 设置物料字段默认值test_Material_Set_weight_abnormal
[2021-02-24 16:47:43,120] - Logger.py[line:45] - fuc:__console- INFO: 设置物料字段默认值test_Material_Set_weight_abnormal
[2021-02-24 16:48:03,768] - Logger.py[line:45] - fuc:__console- INFO: 设置物料字段默认值test_Material_Set_validity_abnormal
[2021-02-24 16:48:24,003] - Logger.py[line:45] - fuc:__console- INFO: 设置物料字段默认值test_Material_Set_validity_abnormal
[2021-02-24 16:49:00,963] - Logger.py[line:45] - fuc:__console- INFO: 设置物料字段默认值test_Material_Set_alarm_abnormal
[2021-02-24 16:49:46,730] - Logger.py[line:45] - fuc:__console- INFO: 设置物料字段默认值test_Material_Set_alarm_abnormal
[2021-02-24 16:50:09,881] - Logger.py[line:45] - fuc:__console- INFO: 设置物料字段默认值test_Material_Set_qty_abnormal
[2021-02-24 16:51:32,607] - Logger.py[line:45] - fuc:__console- INFO: 设置物料字段默认值test_Material_Set_validity_abnormal
[2021-02-24 17:01:50,255] - Logger.py[line:45] - fuc:__console- INFO: 设置物料字段默认值test_Material_Set_validity_abnormal
[2021-02-24 17:02:10,832] - Logger.py[line:45] - fuc:__console- INFO: 设置物料字段默认值test_Material_Set_validity_abnormal
