[2021-01-21 09:10:56,996] - Logger.py[line:45] - fuc:__console- INFO: 开始执行用例test_add_standardcontainer
[2021-01-21 09:11:03,922] - Logger.py[line:45] - fuc:__console- INFO: 开始执行用例test_search_standarcontainer
[2021-01-21 09:11:10,149] - Logger.py[line:45] - fuc:__console- INFO: 开始执行用例test_edit_standardcontainer
[2021-01-21 09:11:18,714] - Logger.py[line:45] - fuc:__console- INFO: 开始执行用例test_delete_standardcontainer
[2021-01-21 09:31:33,278] - Logger.py[line:45] - fuc:__console- INFO: 开始执行用例test_add_standardcontainer
[2021-01-21 09:31:43,598] - Logger.py[line:45] - fuc:__console- INFO: 开始执行用例test_search_standarcontainer
[2021-01-21 09:31:49,495] - Logger.py[line:45] - fuc:__console- INFO: 开始执行用例test_edit_standardcontainer
[2021-01-21 09:32:03,191] - Logger.py[line:45] - fuc:__console- INFO: 开始执行用例test_delete_standardcontainer
[2021-01-21 09:34:27,864] - Logger.py[line:45] - fuc:__console- INFO: 开始执行用例test_add_standardcontainer
[2021-01-21 09:34:38,149] - Logger.py[line:45] - fuc:__console- INFO: 开始执行用例test_search_standarcontainer
[2021-01-21 09:34:44,071] - Logger.py[line:45] - fuc:__console- INFO: 开始执行用例test_edit_standardcontainer
[2021-01-21 09:34:59,248] - Logger.py[line:45] - fuc:__console- INFO: 开始执行用例test_delete_standardcontainer
[2021-01-21 09:38:57,963] - Logger.py[line:45] - fuc:__console- INFO: 开始执行用例test_add_standardcontainer
[2021-01-21 09:39:08,341] - Logger.py[line:45] - fuc:__console- INFO: 开始执行用例test_search_standarcontainer
[2021-01-21 09:39:12,200] - Logger.py[line:45] - fuc:__console- INFO: 开始执行用例test_edit_standardcontainer
[2021-01-21 09:39:23,543] - Logger.py[line:45] - fuc:__console- INFO: 开始执行用例test_delete_standardcontainer
[2021-01-21 10:34:21,335] - Logger.py[line:45] - fuc:__console- INFO: 开始执行用例test_device_manage_unavailable
[2021-01-21 10:40:40,780] - Logger.py[line:45] - fuc:__console- INFO: 开始执行用例test_device_manage_unavailable
[2021-01-21 10:40:43,778] - Logger.py[line:45] - fuc:__console- INFO: 开始执行用例test_device_manage_available
[2021-01-21 10:45:56,244] - Logger.py[line:45] - fuc:__console- INFO: 开始执行用例test_device_manage_unavailable
[2021-01-21 10:45:59,076] - Logger.py[line:45] - fuc:__console- INFO: 开始执行用例test_device_manage_available
[2021-01-21 10:47:03,468] - Logger.py[line:45] - fuc:__console- INFO: 开始执行用例test_device_manage_unavailable
[2021-01-21 10:47:07,495] - Logger.py[line:45] - fuc:__console- INFO: 开始执行用例test_device_manage_available
[2021-01-21 10:59:59,909] - Logger.py[line:45] - fuc:__console- INFO: 开始执行用例test_device_manage_unavailable
[2021-01-21 11:00:04,037] - Logger.py[line:45] - fuc:__console- INFO: 开始执行用例test_device_manage_available
[2021-01-21 11:00:06,719] - Logger.py[line:45] - fuc:__console- INFO: 开始执行用例test_device_manage_manual
[2021-01-21 11:00:09,107] - Logger.py[line:45] - fuc:__console- INFO: 开始执行用例test_device_manage_automatic
[2021-01-21 11:00:11,520] - Logger.py[line:45] - fuc:__console- INFO: 开始执行用例test_device_manage_offline
[2021-01-21 11:00:13,907] - Logger.py[line:45] - fuc:__console- INFO: 开始执行用例test_device_manage_online
[2021-01-21 15:56:18,979] - Logger.py[line:45] - fuc:__console- INFO: 开始执行用例test_Material_Set_001
[2021-01-21 15:56:21,392] - Logger.py[line:45] - fuc:__console- INFO: 开始执行用例test_Material_Set_002
[2021-01-21 15:56:23,642] - Logger.py[line:45] - fuc:__console- INFO: 开始执行用例test_Material_Set_002
[2021-01-21 15:56:25,858] - Logger.py[line:45] - fuc:__console- INFO: 开始执行用例test_Material_Set_002
[2021-01-21 15:56:28,117] - Logger.py[line:45] - fuc:__console- INFO: 开始执行用例test_Material_Set_003
[2021-01-21 15:56:29,665] - Logger.py[line:45] - fuc:__console- INFO: 开始执行用例test_Material_Set_004
[2021-01-21 16:03:26,565] - Logger.py[line:45] - fuc:__console- INFO: 开始执行用例test_mod_wo_max
[2021-01-21 16:33:24,006] - Logger.py[line:45] - fuc:__console- INFO: 开始执行用例test_mod_wo_max
[2021-01-21 16:34:02,976] - Logger.py[line:45] - fuc:__console- INFO: 开始执行用例test_mod_wo_max
[2021-01-21 16:45:12,114] - Logger.py[line:45] - fuc:__console- INFO: 开始执行用例test_mod_wo_max
[2021-01-21 16:51:29,252] - Logger.py[line:45] - fuc:__console- INFO: 开始执行用例test_mod_wo_max
[2021-01-21 16:52:53,348] - Logger.py[line:45] - fuc:__console- INFO: 开始执行用例test_mod_wo_max
[2021-01-21 16:55:42,968] - Logger.py[line:45] - fuc:__console- INFO: 开始执行用例test_mod_wo_max
[2021-01-21 16:58:09,148] - Logger.py[line:45] - fuc:__console- INFO: 开始执行用例test_mod_wo_max
[2021-01-21 17:11:40,599] - Logger.py[line:45] - fuc:__console- INFO: 开始执行用例test_mod_wo_max
[2021-01-21 17:13:09,689] - Logger.py[line:45] - fuc:__console- INFO: 开始执行用例test_mod_wo_max
[2021-01-21 17:13:47,553] - Logger.py[line:45] - fuc:__console- INFO: 开始执行用例test_mod_wo_max
[2021-01-21 17:44:10,200] - Logger.py[line:45] - fuc:__console- INFO: 开始执行用例test_formula_001
[2021-01-21 17:44:25,342] - Logger.py[line:45] - fuc:__console- INFO: 开始执行用例test_formula_002
[2021-01-21 17:44:27,673] - Logger.py[line:45] - fuc:__console- INFO: 开始执行用例test_formula_003
[2021-01-21 17:44:41,591] - Logger.py[line:45] - fuc:__console- INFO: 开始执行用例test_formula_004
[2021-01-21 17:45:03,270] - Logger.py[line:45] - fuc:__console- INFO: 开始执行用例test_formula_004
