[2021-04-02 09:03:01,526] - Logger.py[line:45] - fuc:__console- INFO: 开始执行用例test_attributive_list_add
[2021-04-02 09:03:05,975] - Logger.py[line:45] - fuc:__console- INFO: 开始执行用例test_attributive_list_search
[2021-04-02 09:03:19,642] - Logger.py[line:45] - fuc:__console- INFO: 开始执行用例test_attributive_list_edit
[2021-04-02 09:03:23,380] - Logger.py[line:45] - fuc:__console- INFO: 开始执行用例test_attributive_list_noeffect
[2021-04-02 09:03:24,623] - Logger.py[line:45] - fuc:__console- INFO: 开始执行用例test_attributive_list_effect
[2021-04-02 09:03:25,848] - Logger.py[line:45] - fuc:__console- INFO: 开始执行用例test_status_rule_edit
[2021-04-02 09:03:29,801] - Logger.py[line:45] - fuc:__console- INFO: 开始执行用例test_status_rule_delete
[2021-04-02 09:03:57,448] - Logger.py[line:45] - fuc:__console- INFO: 开始执行用例test_status_edit
[2021-04-02 09:04:10,826] - Logger.py[line:45] - fuc:__console- INFO: 开始执行用例test_status_delete
[2021-04-02 09:04:15,023] - Logger.py[line:45] - fuc:__console- INFO: 开始执行用例test_attributive_list_copy
[2021-04-02 09:04:41,091] - Logger.py[line:45] - fuc:__console- INFO: 开始执行用例test_add_Eqp_Category
[2021-04-02 09:04:48,094] - Logger.py[line:45] - fuc:__console- INFO: 开始执行用例test_edit_Eqp_Category
[2021-04-02 09:05:08,765] - Logger.py[line:45] - fuc:__console- INFO: 开始执行用例test_delete_Eqp_Category
[2021-04-02 09:05:40,149] - Logger.py[line:45] - fuc:__console- INFO: 开始执行用例test_add_deviceclass
[2021-04-02 09:06:01,712] - Logger.py[line:45] - fuc:__console- INFO: 开始执行用例test_search_deviceclass
[2021-04-02 09:06:11,438] - Logger.py[line:45] - fuc:__console- INFO: 开始执行用例test_edit_deviceclass
[2021-04-02 09:06:15,277] - Logger.py[line:45] - fuc:__console- INFO: 开始执行用例test_copy_deviceclass
[2021-04-02 09:06:22,064] - Logger.py[line:45] - fuc:__console- INFO: 开始执行用例test_noeffect_deviceclass
[2021-04-02 09:06:42,404] - Logger.py[line:45] - fuc:__console- INFO: 开始执行用例test_effect_deviceclass
[2021-04-02 09:06:57,175] - Logger.py[line:45] - fuc:__console- INFO: 开始执行用例test_add_deviceconfig
[2021-04-02 09:06:58,354] - Logger.py[line:45] - fuc:__console- INFO: 开始执行用例test_search_deviceclass
[2021-04-02 09:17:55,223] - Logger.py[line:45] - fuc:__console- INFO: 开始执行用例test_attributive_list_add
[2021-04-02 09:17:59,731] - Logger.py[line:45] - fuc:__console- INFO: 开始执行用例test_attributive_list_search
[2021-04-02 09:18:02,570] - Logger.py[line:45] - fuc:__console- INFO: 开始执行用例test_attributive_list_edit
[2021-04-02 09:18:06,301] - Logger.py[line:45] - fuc:__console- INFO: 开始执行用例test_attributive_list_noeffect
[2021-04-02 09:18:07,517] - Logger.py[line:45] - fuc:__console- INFO: 开始执行用例test_attributive_list_effect
[2021-04-02 09:18:08,792] - Logger.py[line:45] - fuc:__console- INFO: 开始执行用例test_status_rule_edit
[2021-04-02 09:18:11,431] - Logger.py[line:45] - fuc:__console- INFO: 开始执行用例test_status_rule_delete
[2021-04-02 09:18:17,363] - Logger.py[line:45] - fuc:__console- INFO: 开始执行用例test_status_edit
[2021-04-02 09:18:22,071] - Logger.py[line:45] - fuc:__console- INFO: 开始执行用例test_status_delete
[2021-04-02 09:18:26,325] - Logger.py[line:45] - fuc:__console- INFO: 开始执行用例test_attributive_list_copy
[2021-04-02 09:18:37,364] - Logger.py[line:45] - fuc:__console- INFO: 开始执行用例test_add_Eqp_Category
[2021-04-02 09:18:48,079] - Logger.py[line:45] - fuc:__console- INFO: 开始执行用例test_edit_Eqp_Category
[2021-04-02 09:19:13,874] - Logger.py[line:45] - fuc:__console- INFO: 开始执行用例test_delete_Eqp_Category
[2021-04-02 09:20:51,728] - Logger.py[line:45] - fuc:__console- INFO: 开始执行用例test_attributive_list_add
[2021-04-02 09:20:56,168] - Logger.py[line:45] - fuc:__console- INFO: 开始执行用例test_attributive_list_search
[2021-04-02 09:20:58,826] - Logger.py[line:45] - fuc:__console- INFO: 开始执行用例test_attributive_list_edit
[2021-04-02 09:21:02,587] - Logger.py[line:45] - fuc:__console- INFO: 开始执行用例test_attributive_list_noeffect
[2021-04-02 09:21:03,862] - Logger.py[line:45] - fuc:__console- INFO: 开始执行用例test_attributive_list_effect
[2021-04-02 09:21:05,067] - Logger.py[line:45] - fuc:__console- INFO: 开始执行用例test_status_rule_edit
[2021-04-02 09:21:07,774] - Logger.py[line:45] - fuc:__console- INFO: 开始执行用例test_status_rule_delete
[2021-04-02 09:21:13,611] - Logger.py[line:45] - fuc:__console- INFO: 开始执行用例test_status_edit
[2021-04-02 09:21:18,266] - Logger.py[line:45] - fuc:__console- INFO: 开始执行用例test_status_delete
[2021-04-02 09:21:22,536] - Logger.py[line:45] - fuc:__console- INFO: 开始执行用例test_attributive_list_copy
[2021-04-02 09:21:33,667] - Logger.py[line:45] - fuc:__console- INFO: 开始执行用例test_add_Eqp_Category
[2021-04-02 09:21:52,384] - Logger.py[line:45] - fuc:__console- INFO: 开始执行用例test_edit_Eqp_Category
[2021-04-02 09:22:24,706] - Logger.py[line:45] - fuc:__console- INFO: 开始执行用例test_delete_Eqp_Category
[2021-04-02 09:23:09,637] - Logger.py[line:45] - fuc:__console- INFO: 开始执行用例test_add_deviceclass
[2021-04-02 09:23:13,237] - Logger.py[line:45] - fuc:__console- INFO: 开始执行用例test_search_deviceclass
[2021-04-02 09:23:22,544] - Logger.py[line:45] - fuc:__console- INFO: 开始执行用例test_edit_deviceclass
[2021-04-02 09:23:27,438] - Logger.py[line:45] - fuc:__console- INFO: 开始执行用例test_copy_deviceclass
[2021-04-02 09:23:33,589] - Logger.py[line:45] - fuc:__console- INFO: 开始执行用例test_noeffect_deviceclass
[2021-04-02 09:23:43,107] - Logger.py[line:45] - fuc:__console- INFO: 开始执行用例test_effect_deviceclass
[2021-04-02 09:23:54,439] - Logger.py[line:45] - fuc:__console- INFO: 开始执行用例test_add_deviceconfig
[2021-04-02 09:24:09,381] - Logger.py[line:45] - fuc:__console- INFO: 开始执行用例test_search_deviceclass
[2021-04-02 09:24:18,637] - Logger.py[line:45] - fuc:__console- INFO: 开始执行用例test_edit_deviceconfig
[2021-04-02 09:24:35,555] - Logger.py[line:45] - fuc:__console- INFO: 开始执行用例test_copy_deviceconfig
[2021-04-02 09:24:54,752] - Logger.py[line:45] - fuc:__console- INFO: 开始执行用例test_noeffect_deviceconfig
[2021-04-02 09:25:02,431] - Logger.py[line:45] - fuc:__console- INFO: 开始执行用例test_effect_deviceconfig
[2021-04-02 09:25:11,699] - Logger.py[line:45] - fuc:__console- INFO: 开始执行用例test_device_manage_unavailable
[2021-04-02 09:25:15,734] - Logger.py[line:45] - fuc:__console- INFO: 开始执行用例test_device_manage_available
[2021-04-02 09:25:18,409] - Logger.py[line:45] - fuc:__console- INFO: 开始执行用例test_device_manage_manual
[2021-04-02 09:25:20,769] - Logger.py[line:45] - fuc:__console- INFO: 开始执行用例test_device_manage_automatic
[2021-04-02 09:25:23,136] - Logger.py[line:45] - fuc:__console- INFO: 开始执行用例test_device_manage_offline
[2021-04-02 09:25:25,570] - Logger.py[line:45] - fuc:__console- INFO: 开始执行用例test_device_manage_online
[2021-04-02 09:25:27,946] - Logger.py[line:45] - fuc:__console- INFO: 开始执行用例test_device_manage_label
[2021-04-02 10:00:56,505] - Logger.py[line:45] - fuc:__console- INFO: 开始执行用例test_area_add
[2021-04-02 10:01:00,273] - Logger.py[line:45] - fuc:__console- INFO: 开始执行用例test_device_search
[2021-04-02 10:01:03,990] - Logger.py[line:45] - fuc:__console- INFO: 开始执行用例test_area_edit
[2021-04-02 10:01:07,361] - Logger.py[line:45] - fuc:__console- INFO: 开始执行用例test_area_relation
[2021-04-02 10:01:10,596] - Logger.py[line:45] - fuc:__console- INFO: 开始执行用例test_area_remove
[2021-04-02 10:01:13,813] - Logger.py[line:45] - fuc:__console- INFO: 开始执行用例test_area_delete
[2021-04-02 10:01:15,952] - Logger.py[line:45] - fuc:__console- INFO: 开始执行用例test_section_search_clear
[2021-04-02 10:01:32,833] - Logger.py[line:45] - fuc:__console- INFO: 开始执行用例test_company_add
[2021-04-02 10:01:36,887] - Logger.py[line:45] - fuc:__console- INFO: 开始执行用例test_company_search
[2021-04-02 10:01:38,527] - Logger.py[line:45] - fuc:__console- INFO: 开始执行用例test_company_edit
[2021-04-02 10:01:42,570] - Logger.py[line:45] - fuc:__console- INFO: 开始执行用例test_company_relation
[2021-04-02 10:01:58,725] - Logger.py[line:45] - fuc:__console- INFO: 开始执行用例test_company_remove
[2021-04-02 10:02:01,937] - Logger.py[line:45] - fuc:__console- INFO: 开始执行用例test_company_delete
[2021-04-02 10:02:02,078] - Logger.py[line:45] - fuc:__console- INFO: 开始执行用例test_section_search_clear
[2021-04-02 10:02:22,397] - Logger.py[line:45] - fuc:__console- INFO: 开始执行用例test_factory_add
[2021-04-02 10:02:25,247] - Logger.py[line:45] - fuc:__console- INFO: 开始执行用例test_factory_search
[2021-04-02 10:02:26,828] - Logger.py[line:45] - fuc:__console- INFO: 开始执行用例test_factory_edit
[2021-04-02 10:02:29,709] - Logger.py[line:45] - fuc:__console- INFO: 开始执行用例test_factory_relation
[2021-04-02 10:02:32,922] - Logger.py[line:45] - fuc:__console- INFO: 开始执行用例test_factory_remove
[2021-04-02 10:02:36,154] - Logger.py[line:45] - fuc:__console- INFO: 开始执行用例test_factory_delete
[2021-04-02 10:02:37,286] - Logger.py[line:45] - fuc:__console- INFO: 开始执行用例test_section_search_clear
[2021-04-02 10:02:38,784] - Logger.py[line:45] - fuc:__console- INFO: 开始执行用例test_location_manage
[2021-04-02 10:02:39,908] - Logger.py[line:45] - fuc:__console- INFO: 开始执行用例test_location_add
[2021-04-02 10:02:43,871] - Logger.py[line:45] - fuc:__console- INFO: 开始执行用例test_location_search
[2021-04-02 10:02:46,133] - Logger.py[line:45] - fuc:__console- INFO: 开始执行用例test_location_edit
[2021-04-02 10:02:49,927] - Logger.py[line:45] - fuc:__console- INFO: 开始执行用例test_location_delete
[2021-04-02 10:02:53,642] - Logger.py[line:45] - fuc:__console- INFO: 开始执行用例test_section_search_clear
[2021-04-02 10:03:00,163] - Logger.py[line:45] - fuc:__console- INFO: 开始执行用例test_section_manage
[2021-04-02 10:03:00,271] - Logger.py[line:45] - fuc:__console- INFO: 开始执行用例test_section_add
[2021-04-02 10:03:04,284] - Logger.py[line:45] - fuc:__console- INFO: 开始执行用例test_section_search
[2021-04-02 10:03:06,537] - Logger.py[line:45] - fuc:__console- INFO: 开始执行用例test_section_edit
[2021-04-02 10:03:10,305] - Logger.py[line:45] - fuc:__console- INFO: 开始执行用例test_section_relation
[2021-04-02 10:03:20,356] - Logger.py[line:45] - fuc:__console- INFO: 开始执行用例test_section_remove
[2021-04-02 10:03:34,245] - Logger.py[line:45] - fuc:__console- INFO: 开始执行用例test_section_delete
[2021-04-02 10:03:35,406] - Logger.py[line:45] - fuc:__console- INFO: 开始执行用例test_section_search_clear
[2021-04-02 10:16:27,193] - Logger.py[line:45] - fuc:__console- INFO: 开始执行用例test_area_add
[2021-04-02 10:16:30,851] - Logger.py[line:45] - fuc:__console- INFO: 开始执行用例test_device_search
[2021-04-02 10:16:34,576] - Logger.py[line:45] - fuc:__console- INFO: 开始执行用例test_area_edit
[2021-04-02 10:16:38,085] - Logger.py[line:45] - fuc:__console- INFO: 开始执行用例test_area_relation
[2021-04-02 10:16:41,295] - Logger.py[line:45] - fuc:__console- INFO: 开始执行用例test_area_remove
[2021-04-02 10:16:44,597] - Logger.py[line:45] - fuc:__console- INFO: 开始执行用例test_area_delete
[2021-04-02 10:16:46,758] - Logger.py[line:45] - fuc:__console- INFO: 开始执行用例test_section_search_clear
[2021-04-02 10:16:48,426] - Logger.py[line:45] - fuc:__console- INFO: 开始执行用例test_company_add
[2021-04-02 10:17:08,714] - Logger.py[line:45] - fuc:__console- INFO: 开始执行用例test_company_search
[2021-04-02 10:17:13,336] - Logger.py[line:45] - fuc:__console- INFO: 开始执行用例test_company_edit
[2021-04-02 10:18:27,131] - Logger.py[line:45] - fuc:__console- INFO: 开始执行用例test_area_add
[2021-04-02 10:18:30,769] - Logger.py[line:45] - fuc:__console- INFO: 开始执行用例test_device_search
[2021-04-02 10:18:34,465] - Logger.py[line:45] - fuc:__console- INFO: 开始执行用例test_area_edit
[2021-04-02 10:18:37,912] - Logger.py[line:45] - fuc:__console- INFO: 开始执行用例test_area_relation
[2021-04-02 10:18:41,215] - Logger.py[line:45] - fuc:__console- INFO: 开始执行用例test_area_remove
[2021-04-02 10:18:44,488] - Logger.py[line:45] - fuc:__console- INFO: 开始执行用例test_area_delete
[2021-04-02 10:18:46,711] - Logger.py[line:45] - fuc:__console- INFO: 开始执行用例test_section_search_clear
[2021-04-02 10:18:50,426] - Logger.py[line:45] - fuc:__console- INFO: 开始执行用例test_company_add
[2021-04-02 10:18:51,106] - Logger.py[line:45] - fuc:__console- INFO: 开始执行用例test_company_search
[2021-04-02 10:18:52,780] - Logger.py[line:45] - fuc:__console- INFO: 开始执行用例test_company_edit
[2021-04-02 10:18:56,918] - Logger.py[line:45] - fuc:__console- INFO: 开始执行用例test_company_relation
[2021-04-02 10:19:12,673] - Logger.py[line:45] - fuc:__console- INFO: 开始执行用例test_company_remove
[2021-04-02 10:19:15,999] - Logger.py[line:45] - fuc:__console- INFO: 开始执行用例test_company_delete
[2021-04-02 10:19:16,179] - Logger.py[line:45] - fuc:__console- INFO: 开始执行用例test_section_search_clear
[2021-04-02 10:19:18,814] - Logger.py[line:45] - fuc:__console- INFO: 开始执行用例test_factory_add
[2021-04-02 10:19:21,515] - Logger.py[line:45] - fuc:__console- INFO: 开始执行用例test_factory_search
[2021-04-02 10:19:23,187] - Logger.py[line:45] - fuc:__console- INFO: 开始执行用例test_factory_edit
[2021-04-02 10:19:26,016] - Logger.py[line:45] - fuc:__console- INFO: 开始执行用例test_factory_relation
[2021-04-02 10:19:29,312] - Logger.py[line:45] - fuc:__console- INFO: 开始执行用例test_factory_remove
[2021-04-02 10:19:32,576] - Logger.py[line:45] - fuc:__console- INFO: 开始执行用例test_factory_delete
[2021-04-02 10:19:33,751] - Logger.py[line:45] - fuc:__console- INFO: 开始执行用例test_section_search_clear
[2021-04-02 10:19:35,303] - Logger.py[line:45] - fuc:__console- INFO: 开始执行用例test_location_manage
[2021-04-02 10:19:36,369] - Logger.py[line:45] - fuc:__console- INFO: 开始执行用例test_location_add
[2021-04-02 10:19:38,024] - Logger.py[line:45] - fuc:__console- INFO: 开始执行用例test_location_search
[2021-04-02 10:19:39,674] - Logger.py[line:45] - fuc:__console- INFO: 开始执行用例test_location_edit
[2021-04-02 10:19:42,132] - Logger.py[line:45] - fuc:__console- INFO: 开始执行用例test_location_delete
[2021-04-02 10:19:44,358] - Logger.py[line:45] - fuc:__console- INFO: 开始执行用例test_section_search_clear
[2021-04-02 10:19:45,955] - Logger.py[line:45] - fuc:__console- INFO: 开始执行用例test_section_manage
[2021-04-02 10:19:47,014] - Logger.py[line:45] - fuc:__console- INFO: 开始执行用例test_section_add
[2021-04-02 10:19:49,015] - Logger.py[line:45] - fuc:__console- INFO: 开始执行用例test_section_search
[2021-04-02 10:19:50,666] - Logger.py[line:45] - fuc:__console- INFO: 开始执行用例test_section_edit
[2021-04-02 10:19:54,095] - Logger.py[line:45] - fuc:__console- INFO: 开始执行用例test_section_relation
[2021-04-02 10:19:57,423] - Logger.py[line:45] - fuc:__console- INFO: 开始执行用例test_section_remove
[2021-04-02 10:20:00,753] - Logger.py[line:45] - fuc:__console- INFO: 开始执行用例test_section_delete
[2021-04-02 10:20:01,935] - Logger.py[line:45] - fuc:__console- INFO: 开始执行用例test_section_search_clear
[2021-04-02 10:29:03,811] - Logger.py[line:45] - fuc:__console- INFO: 开始执行用例test_add_codeconfig
[2021-04-02 10:29:08,114] - Logger.py[line:45] - fuc:__console- INFO: 开始执行用例test_search_codeconfig
[2021-04-02 10:29:17,332] - Logger.py[line:45] - fuc:__console- INFO: 开始执行用例test_edit_codeconfig
[2021-04-02 10:29:21,097] - Logger.py[line:45] - fuc:__console- INFO: 开始执行用例test_reset_codeconfig
[2021-04-02 10:29:21,319] - Logger.py[line:45] - fuc:__console- INFO: 开始执行用例test_delete_codeconfig
[2021-04-02 13:58:23,544] - Logger.py[line:45] - fuc:__console- INFO: 开始执行用例test_add_codeconfig
[2021-04-02 13:58:27,359] - Logger.py[line:45] - fuc:__console- INFO: 开始执行用例test_search_codeconfig
[2021-04-02 13:58:36,544] - Logger.py[line:45] - fuc:__console- INFO: 开始执行用例test_edit_codeconfig
[2021-04-02 13:58:40,221] - Logger.py[line:45] - fuc:__console- INFO: 开始执行用例test_reset_codeconfig
[2021-04-02 13:58:40,400] - Logger.py[line:45] - fuc:__console- INFO: 开始执行用例test_delete_codeconfig
[2021-04-02 13:58:46,267] - Logger.py[line:45] - fuc:__console- INFO: 开始执行用例test_mimanage_add
[2021-04-02 13:58:48,752] - Logger.py[line:45] - fuc:__console- INFO: 开始执行用例test_mimanage_search
[2021-04-02 13:58:52,481] - Logger.py[line:45] - fuc:__console- INFO: 开始执行用例test_mimanage_design
[2021-04-02 14:00:31,746] - Logger.py[line:45] - fuc:__console- INFO: 开始执行用例test_mimanage_approve
[2021-04-02 14:00:35,951] - Logger.py[line:45] - fuc:__console- INFO: 开始执行用例test_mimanage_publish
[2021-04-02 14:00:40,252] - Logger.py[line:45] - fuc:__console- INFO: 开始执行用例test_mimanage_delete
[2021-04-02 14:00:52,294] - Logger.py[line:45] - fuc:__console- INFO: 开始执行用例test_mimanage_add
[2021-04-02 14:00:54,872] - Logger.py[line:45] - fuc:__console- INFO: 开始执行用例test_mimanage_search
[2021-04-02 14:00:58,563] - Logger.py[line:45] - fuc:__console- INFO: 开始执行用例test_mimanage_import
[2021-04-02 14:01:16,540] - Logger.py[line:45] - fuc:__console- INFO: 开始执行用例test_mimanage_approve
[2021-04-02 14:01:21,028] - Logger.py[line:45] - fuc:__console- INFO: 开始执行用例test_mimanage_publish
[2021-04-02 14:01:26,945] - Logger.py[line:45] - fuc:__console- INFO: 开始执行用例test_add_mimanage
[2021-04-02 14:01:29,305] - Logger.py[line:45] - fuc:__console- INFO: 开始执行用例test_search_mimanage
[2021-04-02 14:01:38,534] - Logger.py[line:45] - fuc:__console- INFO: 开始执行用例test_edit_mimanage
[2021-04-02 14:01:40,974] - Logger.py[line:45] - fuc:__console- INFO: 开始执行用例test_delete_mimanage
[2021-04-02 14:01:45,422] - Logger.py[line:45] - fuc:__console- INFO: 开始执行用例test_add_opcset
[2021-04-02 14:01:46,598] - Logger.py[line:45] - fuc:__console- INFO: 开始执行用例test_search_opcset
[2021-04-02 14:01:54,057] - Logger.py[line:45] - fuc:__console- INFO: 开始执行用例test_edit_opcset
[2021-04-02 14:01:57,926] - Logger.py[line:45] - fuc:__console- INFO: 开始执行用例test_lock_opcset
[2021-04-02 14:02:03,414] - Logger.py[line:45] - fuc:__console- INFO: 开始执行用例test_unlock_opcset
[2021-04-02 14:02:08,846] - Logger.py[line:45] - fuc:__console- INFO: 开始执行用例test_delete_opcset
[2021-04-02 14:02:13,849] - Logger.py[line:45] - fuc:__console- INFO: 开始执行用例test_add_sign
[2021-04-02 14:02:19,341] - Logger.py[line:45] - fuc:__console- INFO: 开始执行用例test_edit_sign
[2021-04-02 14:02:22,259] - Logger.py[line:45] - fuc:__console- INFO: 开始执行用例test_delete_sign
[2021-04-02 14:02:25,003] - Logger.py[line:45] - fuc:__console- INFO: 开始执行用例test_add_signpath
[2021-04-02 14:02:29,296] - Logger.py[line:45] - fuc:__console- INFO: 开始执行用例test_search_signpath
[2021-04-02 14:02:38,605] - Logger.py[line:45] - fuc:__console- INFO: 开始执行用例test_edit_signpath
[2021-04-02 14:02:41,064] - Logger.py[line:45] - fuc:__console- INFO: 开始执行用例test_verify_signpath
[2021-04-02 14:02:46,603] - Logger.py[line:45] - fuc:__console- INFO: 开始执行用例test_cancelverify_signpath
[2021-04-02 14:02:51,895] - Logger.py[line:45] - fuc:__console- INFO: 开始执行用例test_delete_signpath
[2021-04-02 14:03:16,465] - Logger.py[line:45] - fuc:__console- INFO: 开始执行用例test_add_signrule
[2021-04-02 14:03:22,167] - Logger.py[line:45] - fuc:__console- INFO: 开始执行用例test_search_signrule
[2021-04-02 14:03:32,753] - Logger.py[line:45] - fuc:__console- INFO: 开始执行用例test_edit_signrule
[2021-04-02 14:03:35,648] - Logger.py[line:45] - fuc:__console- INFO: 开始执行用例test_delete_signrule
