[2021-01-27 09:06:12,448] - Logger.py[line:45] - fuc:__console- INFO: 开始执行用例test_mimanage_import
[2021-01-27 09:08:14,998] - Logger.py[line:45] - fuc:__console- INFO: 开始执行用例test_mimanage_import
[2021-01-27 09:10:08,104] - Logger.py[line:45] - fuc:__console- INFO: 开始执行用例test_mimanage_import
[2021-01-27 09:10:52,369] - Logger.py[line:45] - fuc:__console- INFO: 开始执行用例test_mimanage_import
[2021-01-27 09:43:55,912] - Logger.py[line:45] - fuc:__console- INFO: 开始执行用例test_mimanage_import
[2021-01-27 09:45:23,995] - Logger.py[line:45] - fuc:__console- INFO: 开始执行用例test_mimanage_import
[2021-01-27 09:47:02,513] - Logger.py[line:45] - fuc:__console- INFO: 开始执行用例test_mimanage_import
[2021-01-27 09:54:57,441] - Logger.py[line:45] - fuc:__console- INFO: 开始执行用例test_area_add
[2021-01-27 09:55:01,104] - Logger.py[line:45] - fuc:__console- INFO: 开始执行用例test_area_add
[2021-01-27 09:55:07,753] - Logger.py[line:45] - fuc:__console- INFO: 开始执行用例test_device_search
[2021-01-27 09:55:11,454] - Logger.py[line:45] - fuc:__console- INFO: 开始执行用例test_area_edit
[2021-01-27 09:55:14,940] - Logger.py[line:45] - fuc:__console- INFO: 开始执行用例test_area_relation
[2021-01-27 09:55:18,213] - Logger.py[line:45] - fuc:__console- INFO: 开始执行用例test_area_remove
[2021-01-27 09:55:21,555] - Logger.py[line:45] - fuc:__console- INFO: 开始执行用例test_area_delete
[2021-01-27 09:55:23,704] - Logger.py[line:45] - fuc:__console- INFO: 开始执行用例test_section_search_clear
[2021-01-27 10:00:24,197] - Logger.py[line:45] - fuc:__console- INFO: 开始执行用例test_login_Device
[2021-01-27 10:00:25,798] - Logger.py[line:45] - fuc:__console- INFO: 开始执行用例test_device_add
[2021-01-27 10:00:29,476] - Logger.py[line:45] - fuc:__console- INFO: 开始执行用例test_device_add
[2021-01-27 10:00:31,907] - Logger.py[line:45] - fuc:__console- INFO: 开始执行用例test_device_add
[2021-01-27 10:00:36,347] - Logger.py[line:45] - fuc:__console- INFO: 开始执行用例test_device_search
[2021-01-27 10:00:38,290] - Logger.py[line:45] - fuc:__console- INFO: 开始执行用例test_device_edit
[2021-01-27 10:00:42,384] - Logger.py[line:45] - fuc:__console- INFO: 开始执行用例test_device_delete
[2021-01-27 10:00:43,554] - Logger.py[line:45] - fuc:__console- INFO: 开始执行用例test_device_search_cancel
[2021-01-27 10:00:54,688] - Logger.py[line:45] - fuc:__console- INFO: 开始执行用例test_workercenter_manage
[2021-01-27 10:00:55,929] - Logger.py[line:45] - fuc:__console- INFO: 开始执行用例test_workercenter_add
[2021-01-27 10:01:00,009] - Logger.py[line:45] - fuc:__console- INFO: 开始执行用例test_workercenter_search
[2021-01-27 10:01:02,639] - Logger.py[line:45] - fuc:__console- INFO: 开始执行用例test_workercenter_edit
[2021-01-27 10:01:05,305] - Logger.py[line:45] - fuc:__console- INFO: 开始执行用例test_workercenter_relation
[2021-01-27 10:01:08,695] - Logger.py[line:45] - fuc:__console- INFO: 开始执行用例test_workercenter_remove
[2021-01-27 10:01:11,962] - Logger.py[line:45] - fuc:__console- INFO: 开始执行用例test_workercenter_delete
[2021-01-27 10:01:12,184] - Logger.py[line:45] - fuc:__console- INFO: 开始执行用例test_workercenter_search_cancel
[2021-01-27 10:01:23,720] - Logger.py[line:45] - fuc:__console- INFO: 开始执行用例test_add_workstation
[2021-01-27 10:03:40,755] - Logger.py[line:45] - fuc:__console- INFO: 开始执行用例test_mimanage_add
[2021-01-27 10:03:42,092] - Logger.py[line:45] - fuc:__console- INFO: 开始执行用例test_mimanage_search
[2021-01-27 10:03:45,825] - Logger.py[line:45] - fuc:__console- INFO: 开始执行用例test_mimanage_design
[2021-01-27 10:05:21,218] - Logger.py[line:45] - fuc:__console- INFO: 开始执行用例test_mimanage_approve
[2021-01-27 10:05:25,435] - Logger.py[line:45] - fuc:__console- INFO: 开始执行用例test_mimanage_publish
[2021-01-27 10:17:40,999] - Logger.py[line:45] - fuc:__console- INFO: 开始执行用例test_mimanage_add
[2021-01-27 10:17:43,546] - Logger.py[line:45] - fuc:__console- INFO: 开始执行用例test_mimanage_search
[2021-01-27 10:17:47,175] - Logger.py[line:45] - fuc:__console- INFO: 开始执行用例test_mimanage_design
[2021-01-27 10:19:23,845] - Logger.py[line:45] - fuc:__console- INFO: 开始执行用例test_mimanage_approve
[2021-01-27 10:19:28,093] - Logger.py[line:45] - fuc:__console- INFO: 开始执行用例test_mimanage_publish
[2021-01-27 10:22:27,962] - Logger.py[line:45] - fuc:__console- INFO: 开始执行用例test_mimanage_add
[2021-01-27 10:22:30,484] - Logger.py[line:45] - fuc:__console- INFO: 开始执行用例test_mimanage_search
[2021-01-27 10:22:34,140] - Logger.py[line:45] - fuc:__console- INFO: 开始执行用例test_mimanage_import
[2021-01-27 10:22:59,188] - Logger.py[line:45] - fuc:__console- INFO: 开始执行用例test_mimanage_approve
[2021-01-27 10:23:03,682] - Logger.py[line:45] - fuc:__console- INFO: 开始执行用例test_mimanage_publish
[2021-01-27 10:27:26,054] - Logger.py[line:45] - fuc:__console- INFO: 开始执行用例test_add_clean
[2021-01-27 10:27:39,655] - Logger.py[line:45] - fuc:__console- INFO: 开始执行用例test_edit_clean
[2021-01-27 10:41:55,820] - Logger.py[line:45] - fuc:__console- INFO: 开始执行用例test_add_clean
[2021-01-27 10:42:06,145] - Logger.py[line:45] - fuc:__console- INFO: 开始执行用例test_edit_clean
[2021-01-27 10:42:07,707] - Logger.py[line:45] - fuc:__console- INFO: 开始执行用例test_delete_clean
[2021-01-27 10:43:16,038] - Logger.py[line:45] - fuc:__console- INFO: 开始执行用例test_add_weight
[2021-01-27 10:43:25,331] - Logger.py[line:45] - fuc:__console- INFO: 开始执行用例test_edit_weight
[2021-01-27 10:43:26,945] - Logger.py[line:45] - fuc:__console- INFO: 开始执行用例test_delete_weight
[2021-01-27 10:59:04,076] - Logger.py[line:45] - fuc:__console- INFO: 开始执行用例test_add_weight
[2021-01-27 10:59:10,370] - Logger.py[line:45] - fuc:__console- INFO: 开始执行用例test_edit_weight
[2021-01-27 10:59:12,803] - Logger.py[line:45] - fuc:__console- INFO: 开始执行用例test_delete_weight
[2021-01-27 10:59:25,493] - Logger.py[line:45] - fuc:__console- INFO: 开始执行用例test_search_clear
[2021-01-27 11:01:11,426] - Logger.py[line:45] - fuc:__console- INFO: 开始执行用例test_add_weight
[2021-01-27 11:01:18,910] - Logger.py[line:45] - fuc:__console- INFO: 开始执行用例test_edit_weight
[2021-01-27 11:01:22,584] - Logger.py[line:45] - fuc:__console- INFO: 开始执行用例test_delete_weight
[2021-01-27 11:01:35,337] - Logger.py[line:45] - fuc:__console- INFO: 开始执行用例test_search_clear
[2021-01-27 11:03:12,819] - Logger.py[line:45] - fuc:__console- INFO: 开始执行用例test_workpack_mode_001
[2021-01-27 11:03:22,331] - Logger.py[line:45] - fuc:__console- INFO: 开始执行用例test_workpack_mode_002
[2021-01-27 11:03:34,202] - Logger.py[line:45] - fuc:__console- INFO: 开始执行用例test_workpack_mode_003
[2021-01-27 11:04:01,827] - Logger.py[line:45] - fuc:__console- INFO: 开始执行用例test_workpack_mode_004
[2021-01-27 11:04:04,171] - Logger.py[line:45] - fuc:__console- INFO: 开始执行用例test_workpack_mode_005
[2021-01-27 11:04:04,370] - Logger.py[line:45] - fuc:__console- INFO: 开始执行用例test_workpack_mode_006
[2021-01-27 11:14:59,136] - Logger.py[line:45] - fuc:__console- INFO: 开始执行用例test_workpack_mode_001
[2021-01-27 11:15:09,472] - Logger.py[line:45] - fuc:__console- INFO: 开始执行用例test_workpack_mode_002
[2021-01-27 11:15:18,389] - Logger.py[line:45] - fuc:__console- INFO: 开始执行用例test_workpack_mode_003
[2021-01-27 11:15:20,079] - Logger.py[line:45] - fuc:__console- INFO: 开始执行用例test_workpack_mode_004
[2021-01-27 11:15:47,506] - Logger.py[line:45] - fuc:__console- INFO: 开始执行用例test_workpack_mode_005
[2021-01-27 11:15:47,850] - Logger.py[line:45] - fuc:__console- INFO: 开始执行用例test_workpack_mode_006
[2021-01-27 11:20:38,432] - Logger.py[line:45] - fuc:__console- INFO: 开始执行用例test_workpack_mode_001
[2021-01-27 11:20:48,615] - Logger.py[line:45] - fuc:__console- INFO: 开始执行用例test_workpack_mode_002
[2021-01-27 11:20:57,435] - Logger.py[line:45] - fuc:__console- INFO: 开始执行用例test_workpack_mode_003
[2021-01-27 11:20:59,038] - Logger.py[line:45] - fuc:__console- INFO: 开始执行用例test_workpack_mode_004
[2021-01-27 11:21:09,079] - Logger.py[line:45] - fuc:__console- INFO: 开始执行用例test_workpack_mode_005
[2021-01-27 11:21:29,249] - Logger.py[line:45] - fuc:__console- INFO: 开始执行用例test_workpack_mode_006
[2021-01-27 11:23:12,251] - Logger.py[line:45] - fuc:__console- INFO: 开始执行用例test_workpack_mode_001
[2021-01-27 11:23:22,615] - Logger.py[line:45] - fuc:__console- INFO: 开始执行用例test_workpack_mode_002
[2021-01-27 11:23:31,600] - Logger.py[line:45] - fuc:__console- INFO: 开始执行用例test_workpack_mode_003
[2021-01-27 11:23:33,276] - Logger.py[line:45] - fuc:__console- INFO: 开始执行用例test_workpack_mode_004
[2021-01-27 11:23:43,329] - Logger.py[line:45] - fuc:__console- INFO: 开始执行用例test_workpack_mode_005
[2021-01-27 11:23:44,619] - Logger.py[line:45] - fuc:__console- INFO: 开始执行用例test_workpack_mode_006
[2021-01-27 11:27:26,760] - Logger.py[line:45] - fuc:__console- INFO: 开始执行用例test_workpack_mode_001
[2021-01-27 11:27:41,041] - Logger.py[line:45] - fuc:__console- INFO: 开始执行用例test_workpack_mode_002
[2021-01-27 11:27:50,031] - Logger.py[line:45] - fuc:__console- INFO: 开始执行用例test_workpack_mode_003
[2021-01-27 11:27:51,719] - Logger.py[line:45] - fuc:__console- INFO: 开始执行用例test_workpack_mode_004
[2021-01-27 11:29:06,016] - Logger.py[line:45] - fuc:__console- INFO: 开始执行用例test_workpack_mode_001
[2021-01-27 11:29:16,417] - Logger.py[line:45] - fuc:__console- INFO: 开始执行用例test_workpack_mode_002
[2021-01-27 11:29:26,375] - Logger.py[line:45] - fuc:__console- INFO: 开始执行用例test_workpack_mode_003
[2021-01-27 11:29:30,130] - Logger.py[line:45] - fuc:__console- INFO: 开始执行用例test_workpack_mode_004
[2021-01-27 11:29:39,370] - Logger.py[line:45] - fuc:__console- INFO: 开始执行用例test_workpack_mode_005
[2021-01-27 11:29:40,710] - Logger.py[line:45] - fuc:__console- INFO: 开始执行用例test_workpack_mode_006
[2021-01-27 11:39:34,721] - Logger.py[line:45] - fuc:__console- INFO: 开始执行用例test_Material_Set_001
[2021-01-27 11:39:37,496] - Logger.py[line:45] - fuc:__console- INFO: 开始执行用例test_Material_Set_002
[2021-01-27 11:39:39,844] - Logger.py[line:45] - fuc:__console- INFO: 开始执行用例test_Material_Set_002
[2021-01-27 11:39:42,027] - Logger.py[line:45] - fuc:__console- INFO: 开始执行用例test_Material_Set_002
[2021-01-27 11:39:44,214] - Logger.py[line:45] - fuc:__console- INFO: 开始执行用例test_Material_Set_003
[2021-01-27 11:39:46,889] - Logger.py[line:45] - fuc:__console- INFO: 开始执行用例test_Material_Set_004
[2021-01-27 13:48:28,715] - Logger.py[line:45] - fuc:__console- INFO: 开始执行用例test_add_wo
[2021-01-27 14:36:06,792] - Logger.py[line:45] - fuc:__console- INFO: 开始执行用例test_workpacking_001
[2021-01-27 14:36:13,974] - Logger.py[line:45] - fuc:__console- INFO: 开始执行用例test_workpacking_002
[2021-01-27 14:36:14,129] - Logger.py[line:45] - fuc:__console- INFO: 开始执行用例test_workpacking_003
[2021-01-27 14:36:34,568] - Logger.py[line:45] - fuc:__console- INFO: 开始执行用例test_workpacking_003
[2021-01-27 14:58:35,118] - Logger.py[line:45] - fuc:__console- INFO: 开始执行用例test_workpacking_001
[2021-01-27 14:58:58,617] - Logger.py[line:45] - fuc:__console- INFO: 开始执行用例test_workpacking_002
[2021-01-27 14:58:58,816] - Logger.py[line:45] - fuc:__console- INFO: 开始执行用例test_workpacking_003
[2021-01-27 14:59:19,093] - Logger.py[line:45] - fuc:__console- INFO: 开始执行用例test_workpacking_003
[2021-01-27 15:00:00,618] - Logger.py[line:45] - fuc:__console- INFO: 开始执行用例test_workpacking_003
[2021-01-27 15:01:06,120] - Logger.py[line:45] - fuc:__console- INFO: 开始执行用例test_workpacking_001
[2021-01-27 15:01:13,068] - Logger.py[line:45] - fuc:__console- INFO: 开始执行用例test_workpacking_002
[2021-01-27 15:02:04,435] - Logger.py[line:45] - fuc:__console- INFO: 开始执行用例test_workpacking_002
[2021-01-27 15:02:05,685] - Logger.py[line:45] - fuc:__console- INFO: 开始执行用例test_workpacking_003
[2021-01-27 15:02:34,083] - Logger.py[line:45] - fuc:__console- INFO: 开始执行用例test_workpacking_003
[2021-01-27 15:03:15,396] - Logger.py[line:45] - fuc:__console- INFO: 开始执行用例test_workpacking_003
[2021-01-27 15:03:56,619] - Logger.py[line:45] - fuc:__console- INFO: 开始执行用例test_workpacking_004
[2021-01-27 15:05:25,634] - Logger.py[line:45] - fuc:__console- INFO: 开始执行用例test_workpacking_001
[2021-01-27 15:05:51,564] - Logger.py[line:45] - fuc:__console- INFO: 开始执行用例test_workpacking_002
[2021-01-27 15:05:53,689] - Logger.py[line:45] - fuc:__console- INFO: 开始执行用例test_workpacking_003
[2021-01-27 15:06:13,941] - Logger.py[line:45] - fuc:__console- INFO: 开始执行用例test_workpacking_003
[2021-01-27 15:06:23,161] - Logger.py[line:45] - fuc:__console- INFO: 开始执行用例test_workpacking_003
[2021-01-27 15:06:29,064] - Logger.py[line:45] - fuc:__console- INFO: 开始执行用例test_workpacking_004
[2021-01-27 15:06:35,394] - Logger.py[line:45] - fuc:__console- INFO: 开始执行用例test_workpacking_004
[2021-01-27 15:06:42,622] - Logger.py[line:45] - fuc:__console- INFO: 开始执行用例test_worpacking_008
[2021-01-27 15:10:06,050] - Logger.py[line:45] - fuc:__console- INFO: 开始执行用例test_workpacking_001
[2021-01-27 15:10:12,450] - Logger.py[line:45] - fuc:__console- INFO: 开始执行用例test_workpacking_002
[2021-01-27 15:10:14,596] - Logger.py[line:45] - fuc:__console- INFO: 开始执行用例test_workpacking_003
[2021-01-27 15:10:35,041] - Logger.py[line:45] - fuc:__console- INFO: 开始执行用例test_workpacking_003
[2021-01-27 15:11:20,821] - Logger.py[line:45] - fuc:__console- INFO: 开始执行用例test_workpacking_001
[2021-01-27 15:11:52,810] - Logger.py[line:45] - fuc:__console- INFO: 开始执行用例test_workpacking_002
[2021-01-27 15:11:55,000] - Logger.py[line:45] - fuc:__console- INFO: 开始执行用例test_workpacking_003
[2021-01-27 15:12:15,642] - Logger.py[line:45] - fuc:__console- INFO: 开始执行用例test_workpacking_003
[2021-01-27 15:12:35,863] - Logger.py[line:45] - fuc:__console- INFO: 开始执行用例test_workpacking_003
[2021-01-27 15:12:56,540] - Logger.py[line:45] - fuc:__console- INFO: 开始执行用例test_workpacking_004
[2021-01-27 15:14:24,619] - Logger.py[line:45] - fuc:__console- INFO: 开始执行用例test_workpacking_001
[2021-01-27 15:14:56,710] - Logger.py[line:45] - fuc:__console- INFO: 开始执行用例test_workpacking_002
[2021-01-27 15:14:58,978] - Logger.py[line:45] - fuc:__console- INFO: 开始执行用例test_workpacking_003
[2021-01-27 15:15:19,414] - Logger.py[line:45] - fuc:__console- INFO: 开始执行用例test_workpacking_003
[2021-01-27 15:15:46,687] - Logger.py[line:45] - fuc:__console- INFO: 开始执行用例test_workpacking_001
[2021-01-27 15:16:18,708] - Logger.py[line:45] - fuc:__console- INFO: 开始执行用例test_workpacking_002
[2021-01-27 15:16:20,908] - Logger.py[line:45] - fuc:__console- INFO: 开始执行用例test_workpacking_003
[2021-01-27 15:16:41,056] - Logger.py[line:45] - fuc:__console- INFO: 开始执行用例test_workpacking_003
[2021-01-27 15:16:47,221] - Logger.py[line:45] - fuc:__console- INFO: 开始执行用例test_workpacking_003
[2021-01-27 15:16:53,212] - Logger.py[line:45] - fuc:__console- INFO: 开始执行用例test_workpacking_004
[2021-01-27 15:16:59,858] - Logger.py[line:45] - fuc:__console- INFO: 开始执行用例test_workpacking_004
[2021-01-27 15:17:06,561] - Logger.py[line:45] - fuc:__console- INFO: 开始执行用例test_workpacking_006
[2021-01-27 15:17:10,314] - Logger.py[line:45] - fuc:__console- INFO: 开始执行用例test_worpacking_008
[2021-01-27 15:21:03,153] - Logger.py[line:45] - fuc:__console- INFO: 开始执行用例test_workpacking_001
[2021-01-27 15:21:19,113] - Logger.py[line:45] - fuc:__console- INFO: 开始执行用例test_workpacking_002
[2021-01-27 15:21:22,337] - Logger.py[line:45] - fuc:__console- INFO: 开始执行用例test_workpacking_003
[2021-01-27 15:21:28,139] - Logger.py[line:45] - fuc:__console- INFO: 开始执行用例test_workpacking_003
[2021-01-27 15:21:33,965] - Logger.py[line:45] - fuc:__console- INFO: 开始执行用例test_workpacking_003
[2021-01-27 15:21:39,798] - Logger.py[line:45] - fuc:__console- INFO: 开始执行用例test_workpacking_004
[2021-01-27 15:21:46,193] - Logger.py[line:45] - fuc:__console- INFO: 开始执行用例test_workpacking_004
[2021-01-27 15:21:52,556] - Logger.py[line:45] - fuc:__console- INFO: 开始执行用例test_workpacking_006
[2021-01-27 15:21:56,247] - Logger.py[line:45] - fuc:__console- INFO: 开始执行用例test_worpacking_008
[2021-01-27 15:28:19,132] - Logger.py[line:45] - fuc:__console- INFO: 开始执行用例test_wo_search
[2021-01-27 15:28:21,762] - Logger.py[line:45] - fuc:__console- INFO: 开始执行用例test_Declaration
[2021-01-27 15:33:08,990] - Logger.py[line:45] - fuc:__console- INFO: 开始执行用例test_wo_search
[2021-01-27 15:33:11,643] - Logger.py[line:45] - fuc:__console- INFO: 开始执行用例test_Declaration
[2021-01-27 15:35:59,345] - Logger.py[line:45] - fuc:__console- INFO: 开始执行用例test_Compound_001
[2021-01-27 15:36:04,945] - Logger.py[line:45] - fuc:__console- INFO: 开始执行用例test_Compound_001
[2021-01-27 15:36:09,402] - Logger.py[line:45] - fuc:__console- INFO: 开始执行用例test_Compound_001
[2021-01-27 15:36:13,804] - Logger.py[line:45] - fuc:__console- INFO: 开始执行用例test_Compound_002
[2021-01-27 15:36:18,172] - Logger.py[line:45] - fuc:__console- INFO: 开始执行用例test_Compound_003
[2021-01-27 15:36:22,585] - Logger.py[line:45] - fuc:__console- INFO: 开始执行用例test_Compound_004
[2021-01-27 15:36:27,107] - Logger.py[line:45] - fuc:__console- INFO: 开始执行用例test_Compound_004
[2021-01-27 15:36:31,650] - Logger.py[line:45] - fuc:__console- INFO: 开始执行用例test_Compound_005
[2021-01-27 15:36:36,066] - Logger.py[line:45] - fuc:__console- INFO: 开始执行用例test_Compound_006
[2021-01-27 16:09:04,555] - Logger.py[line:45] - fuc:__console- INFO: 开始执行用例test_mimanage_import
[2021-01-27 16:10:21,520] - Logger.py[line:45] - fuc:__console- INFO: 开始执行用例test_mimanage_import
[2021-01-27 16:13:14,476] - Logger.py[line:45] - fuc:__console- INFO: 开始执行用例test_mimanage_import
[2021-01-27 16:20:09,884] - Logger.py[line:45] - fuc:__console- INFO: 开始执行用例test_mimanage_import
[2021-01-27 17:06:51,972] - Logger.py[line:45] - fuc:__console- INFO: 开始执行用例test_mimanage_import
[2021-01-27 17:09:31,027] - Logger.py[line:45] - fuc:__console- INFO: 开始执行用例test_mimanage_import
[2021-01-27 17:11:23,173] - Logger.py[line:45] - fuc:__console- INFO: 开始执行用例test_mimanage_import
[2021-01-27 17:12:53,063] - Logger.py[line:45] - fuc:__console- INFO: 开始执行用例test_mimanage_import
[2021-01-27 17:16:02,676] - Logger.py[line:45] - fuc:__console- INFO: 开始执行用例test_mimanage_import
